<?xml version="1.0" encoding="UTF-8"?>
<testsuites name="subscriber" time="365" tests="10" failures="15" errors="0">
   <testsuite name="subscriber" tests="10" failures="15" errors="0" time="365" timestamp="2019-04-22 14:33:59" hostname="cloudkibo - 10.0.2.15" id="Test Suites/subscriber">
      <properties>
         <property name="deviceName" value=""/>
         <property name="devicePlatform" value=""/>
         <property name="logFolder" value="C:\\Users\\cloudkibo\\Desktop\\KiboPush_Automated_Testing\\KiboPush Katalon\\Reports\\subscriber\\20190422_143353"/>
         <property name="logFiles" value="C:\\Users\\cloudkibo\\Desktop\\KiboPush_Automated_Testing\\KiboPush Katalon\\Reports\\subscriber\\20190422_143353\\execution0.log"/>
         <property name="attachments" value="C:\\Users\\cloudkibo\\Desktop\\KiboPush_Automated_Testing\\KiboPush Katalon\\Reports\\subscriber\\20190422_143353\\1555925736419.png, C:\\Users\\cloudkibo\\Desktop\\KiboPush_Automated_Testing\\KiboPush Katalon\\Reports\\subscriber\\20190422_143353\\1555925745183.png, C:\\Users\\cloudkibo\\Desktop\\KiboPush_Automated_Testing\\KiboPush Katalon\\Reports\\subscriber\\20190422_143353\\1555925754793.png, C:\\Users\\cloudkibo\\Desktop\\KiboPush_Automated_Testing\\KiboPush Katalon\\Reports\\subscriber\\20190422_143353\\1555925803729.png, C:\\Users\\cloudkibo\\Desktop\\KiboPush_Automated_Testing\\KiboPush Katalon\\Reports\\subscriber\\20190422_143353\\1555925842010.png, C:\\Users\\cloudkibo\\Desktop\\KiboPush_Automated_Testing\\KiboPush Katalon\\Reports\\subscriber\\20190422_143353\\1555925906694.png, C:\\Users\\cloudkibo\\Desktop\\KiboPush_Automated_Testing\\KiboPush Katalon\\Reports\\subscriber\\20190422_143353\\1555925951832.png, C:\\Users\\cloudkibo\\Desktop\\KiboPush_Automated_Testing\\KiboPush Katalon\\Reports\\subscriber\\20190422_143353\\1555925972175.png, C:\\Users\\cloudkibo\\Desktop\\KiboPush_Automated_Testing\\KiboPush Katalon\\Reports\\subscriber\\20190422_143353\\1555925983520.png, C:\\Users\\cloudkibo\\Desktop\\KiboPush_Automated_Testing\\KiboPush Katalon\\Reports\\subscriber\\20190422_143353\\1555925984468.png, C:\\Users\\cloudkibo\\Desktop\\KiboPush_Automated_Testing\\KiboPush Katalon\\Reports\\subscriber\\20190422_143353\\1555925987223.png, C:\\Users\\cloudkibo\\Desktop\\KiboPush_Automated_Testing\\KiboPush Katalon\\Reports\\subscriber\\20190422_143353\\1555925988825.png, C:\\Users\\cloudkibo\\Desktop\\KiboPush_Automated_Testing\\KiboPush Katalon\\Reports\\subscriber\\20190422_143353\\1555925990972.png, C:\\Users\\cloudkibo\\Desktop\\KiboPush_Automated_Testing\\KiboPush Katalon\\Reports\\subscriber\\20190422_143353\\1555925992304.png, C:\\Users\\cloudkibo\\Desktop\\KiboPush_Automated_Testing\\KiboPush Katalon\\Reports\\subscriber\\20190422_143353\\1555925993753.png"/>
         <property name="hostName" value="cloudkibo - 10.0.2.15"/>
         <property name="os" value="Windows 10 64bit"/>
         <property name="katalonVersion" value="5.6.0.1"/>
         <property name="browser" value="Chrome 73.0.3683.103"/>
         <property name="hostAddress" value="10.0.2.15"/>
         <property name="sessionId" value="5bbae61a4f1bc40632fe6b5b9b6d279d"/>
         <property name="seleniumVersion" value="3.7.1"/>
         <property name="proxyInformation" value="ProxyInformation{proxyOption=NO_PROXY, proxyServerType=HTTP, password=, proxyServerAddress=, proxyServerPort=0}"/>
         <property name="platform" value="Windows 10"/>
      </properties>
      <testcase name="Test Cases/s-sidebar_navigation/individualAccount/arveen_production_login_kiboengage" classname="Test Cases/s-sidebar_navigation/individualAccount/arveen_production_login_kiboengage" status="PASSED">
         <system-out><![CDATA[2019-04-22 14:34:00 - [TEST_CASE][PASSED] - Test Cases/s-sidebar_navigation/individualAccount/arveen_production_login_kiboengage: Test Cases/s-sidebar_navigation/individualAccount/arveen_production_login_kiboengage

2019-04-22 14:34:01 - [TEST_STEP][PASSED] - openBrowser: Browser is opened with url: ''

2019-04-22 14:34:08 - [MESSAGE][PASSED] - Browser is opened with url: ''

2019-04-22 14:34:08 - [TEST_STEP][PASSED] - maximizeWindow: Current window maximized

2019-04-22 14:34:09 - [MESSAGE][PASSED] - Current window maximized

2019-04-22 14:34:09 - [TEST_STEP][PASSED] - navigateToUrl: Navigate to 'https://kiboengage.cloudkibo.com/' successfully

2019-04-22 14:34:23 - [MESSAGE][PASSED] - Navigate to 'https://kiboengage.cloudkibo.com/' successfully

2019-04-22 14:34:23 - [TEST_STEP][PASSED] - navigateToUrl: Navigate to 'https://accounts.cloudkibo.com/?continue=https://kiboengage.cloudkibo.com' successfully

2019-04-22 14:34:24 - [MESSAGE][PASSED] - Navigate to 'https://accounts.cloudkibo.com/?continue=https://kiboengage.cloudkibo.com' successfully

2019-04-22 14:34:24 - [TEST_STEP][PASSED] - click: Object: 'Object Repository/Page_CloudKibo/a_Login (2) (1) (1)' is clicked on

2019-04-22 14:34:25 - [MESSAGE][PASSED] - Object: 'Object Repository/Page_CloudKibo/a_Login (2) (1) (1)' is clicked on

2019-04-22 14:34:25 - [TEST_STEP][PASSED] - setText: Text 'individual@cloudkibo.com' is set on object 'Object Repository/Page_KiboPush/input_email (10) (1) (1)'

2019-04-22 14:34:26 - [MESSAGE][PASSED] - Text 'individual@cloudkibo.com' is set on object 'Object Repository/Page_KiboPush/input_email (10) (1) (1)'

2019-04-22 14:34:26 - [TEST_STEP][PASSED] - setEncryptedText: Text ****** has been set on object 'Object Repository/Page_CloudKibo/input_Sign In_password (7)'

2019-04-22 14:34:26 - [MESSAGE][PASSED] - Text ****** has been set on object 'Object Repository/Page_CloudKibo/input_Sign In_password (7)'

2019-04-22 14:34:26 - [TEST_STEP][PASSED] - click: Object: 'Object Repository/Page_KiboPush/button_Sign In (10) (1) (2)' is clicked on

2019-04-22 14:34:26 - [MESSAGE][PASSED] - Object: 'Object Repository/Page_KiboPush/button_Sign In (10) (1) (2)' is clicked on

2019-04-22 14:34:26 - [TEST_STEP][PASSED] - click: Object: 'Object Repository/Page_KiboPush  Dashboard/h3_Dashboard (57)' is clicked on

2019-04-22 14:35:00 - [MESSAGE][PASSED] - Object: 'Object Repository/Page_KiboPush  Dashboard/h3_Dashboard (57)' is clicked on

2019-04-22 14:35:00 - [TEST_STEP][PASSED] - delay: Delayed 3 second(s)

2019-04-22 14:35:03 - [MESSAGE][PASSED] - Delayed 3 second(s)

2019-04-22 14:35:03 - [TEST_STEP][PASSED] - click: Object: 'Object Repository/Page_KiboEngage  Dashboard/a_SMS (2) (1) (1) (1) (3)' is clicked on

2019-04-22 14:35:03 - [MESSAGE][PASSED] - Object: 'Object Repository/Page_KiboEngage  Dashboard/a_SMS (2) (1) (1) (1) (3)' is clicked on

2019-04-22 14:35:03 - [TEST_STEP][PASSED] - delay: Delayed 2 second(s)

2019-04-22 14:35:05 - [MESSAGE][PASSED] - Delayed 2 second(s)

2019-04-22 14:35:05 - [TEST_STEP][PASSED] - click: Object: 'Object Repository/Page_KiboEngage  Dashboard/span_Messenger (1) (1) (1) (3)' is clicked on

2019-04-22 14:35:06 - [MESSAGE][PASSED] - Object: 'Object Repository/Page_KiboEngage  Dashboard/span_Messenger (1) (1) (1) (3)' is clicked on

2019-04-22 14:35:06 - [TEST_STEP][PASSED] - delay: Delayed 2 second(s)

2019-04-22 14:35:08 - [MESSAGE][PASSED] - Delayed 2 second(s)]]></system-out>
         <system-err><![CDATA[]]></system-err>
      </testcase>
      <testcase name="Test Cases/Subscriber TestCases/TC0649" classname="Test Cases/Subscriber TestCases/TC0649" status="PASSED">
         <system-out><![CDATA[2019-04-22 14:35:08 - [TEST_CASE][PASSED] - Test Cases/Subscriber TestCases/TC0649: Test Cases/Subscriber TestCases/TC0649

2019-04-22 14:35:09 - [TEST_STEP][PASSED] - callTestCase: Call Test Case 'Test Cases/s-sidebar_navigation/individualAccount/Subscriber' successfully

2019-04-22 14:35:09 - [TEST_CASE][PASSED] - Test Cases/s-sidebar_navigation/individualAccount/Subscriber: Test Cases/s-sidebar_navigation/individualAccount/Subscriber

2019-04-22 14:35:09 - [TEST_STEP][PASSED] - click: Object: 'Object Repository/Page_KiboPush  Dashboard/span_Dashboard' is clicked on

2019-04-22 14:35:10 - [MESSAGE][PASSED] - Object: 'Object Repository/Page_KiboPush  Dashboard/span_Dashboard' is clicked on

2019-04-22 14:35:10 - [TEST_STEP][PASSED] - delay: Delayed 2 second(s)

2019-04-22 14:35:12 - [MESSAGE][PASSED] - Delayed 2 second(s)

2019-04-22 14:35:12 - [TEST_STEP][PASSED] - click: Object: 'Object Repository/Page_KiboPush  Subscribers/span_Subscribers (5)' is clicked on

2019-04-22 14:35:12 - [MESSAGE][PASSED] - Object: 'Object Repository/Page_KiboPush  Subscribers/span_Subscribers (5)' is clicked on

2019-04-22 14:35:12 - [TEST_STEP][PASSED] - scrollToPosition: Browser is scrolled to position x = 0, y = 0

2019-04-22 14:35:12 - [MESSAGE][PASSED] - Browser is scrolled to position x = 0, y = 0

2019-04-22 14:35:12 - [TEST_STEP][PASSED] - click: Object: 'Object Repository/Page_KiboPush  Subscribers/h3_Manage Subscribers (1)' is clicked on

2019-04-22 14:35:12 - [MESSAGE][PASSED] - Object: 'Object Repository/Page_KiboPush  Subscribers/h3_Manage Subscribers (1)' is clicked on

2019-04-22 14:35:12 - [MESSAGE][PASSED] - Call Test Case 'Test Cases/s-sidebar_navigation/individualAccount/Subscriber' successfully

2019-04-22 14:35:12 - [TEST_STEP][PASSED] - delay: Delayed 2 second(s)

2019-04-22 14:35:14 - [MESSAGE][PASSED] - Delayed 2 second(s)

2019-04-22 14:35:14 - [TEST_STEP][PASSED] - click: Object: 'Object Repository/Page_KiboEngage  Subscribers/a_documentation' is clicked on

2019-04-22 14:35:15 - [MESSAGE][PASSED] - Object: 'Object Repository/Page_KiboEngage  Subscribers/a_documentation' is clicked on]]></system-out>
         <system-err><![CDATA[]]></system-err>
      </testcase>
      <testcase name="Test Cases/Subscriber TestCases/TC0650" classname="Test Cases/Subscriber TestCases/TC0650" status="PASSED">
         <system-out><![CDATA[2019-04-22 14:35:15 - [TEST_CASE][PASSED] - Test Cases/Subscriber TestCases/TC0650: Test Cases/Subscriber TestCases/TC0650

2019-04-22 14:35:16 - [TEST_STEP][PASSED] - callTestCase: Call Test Case 'Test Cases/s-sidebar_navigation/individualAccount/Subscriber' successfully

2019-04-22 14:35:16 - [TEST_CASE][PASSED] - Test Cases/s-sidebar_navigation/individualAccount/Subscriber: Test Cases/s-sidebar_navigation/individualAccount/Subscriber

2019-04-22 14:35:16 - [TEST_STEP][PASSED] - click: Object: 'Object Repository/Page_KiboPush  Dashboard/span_Dashboard' is clicked on

2019-04-22 14:35:16 - [MESSAGE][PASSED] - Object: 'Object Repository/Page_KiboPush  Dashboard/span_Dashboard' is clicked on

2019-04-22 14:35:16 - [TEST_STEP][PASSED] - delay: Delayed 2 second(s)

2019-04-22 14:35:18 - [MESSAGE][PASSED] - Delayed 2 second(s)

2019-04-22 14:35:18 - [TEST_STEP][PASSED] - click: Object: 'Object Repository/Page_KiboPush  Subscribers/span_Subscribers (5)' is clicked on

2019-04-22 14:35:21 - [MESSAGE][PASSED] - Object: 'Object Repository/Page_KiboPush  Subscribers/span_Subscribers (5)' is clicked on

2019-04-22 14:35:21 - [TEST_STEP][PASSED] - scrollToPosition: Browser is scrolled to position x = 0, y = 0

2019-04-22 14:35:22 - [MESSAGE][PASSED] - Browser is scrolled to position x = 0, y = 0

2019-04-22 14:35:22 - [TEST_STEP][PASSED] - click: Object: 'Object Repository/Page_KiboPush  Subscribers/h3_Manage Subscribers (1)' is clicked on

2019-04-22 14:35:23 - [MESSAGE][PASSED] - Object: 'Object Repository/Page_KiboPush  Subscribers/h3_Manage Subscribers (1)' is clicked on

2019-04-22 14:35:23 - [MESSAGE][PASSED] - Call Test Case 'Test Cases/s-sidebar_navigation/individualAccount/Subscriber' successfully

2019-04-22 14:35:23 - [TEST_STEP][PASSED] - delay: Delayed 5 second(s)

2019-04-22 14:35:28 - [MESSAGE][PASSED] - Delayed 5 second(s)

2019-04-22 14:35:28 - [TEST_STEP][PASSED] - Statement - driver = com.kms.katalon.core.webui.driver.DriverFactory.getWebDriver(): null

2019-04-22 14:35:28 - [TEST_STEP][PASSED] - Statement - Table = driver.findElement(org.openqa.selenium.By.xpath("//table/tbody")): null

2019-04-22 14:35:28 - [TEST_STEP][PASSED] - Statement - rows_table = Table.findElements(org.openqa.selenium.By.tagName("tr")): null

2019-04-22 14:35:28 - [TEST_STEP][PASSED] - Statement - size = rows_table.size(): null

2019-04-22 14:35:28 - [TEST_STEP][PASSED] - verifyGreaterThanOrEqual: Actual number '2' is greater than or equal to expected number '1'

2019-04-22 14:35:28 - [MESSAGE][PASSED] - Actual number '2' is greater than or equal to expected number '1']]></system-out>
         <system-err><![CDATA[]]></system-err>
      </testcase>
      <testcase name="Test Cases/Subscriber TestCases/TC0651" classname="Test Cases/Subscriber TestCases/TC0651" status="FAILED">
         <failure type="FAILED" message="Unable to click on object (Root cause: java.lang.IllegalArgumentException: Object is null)"/>
         <system-out><![CDATA[2019-04-22 14:35:28 - [TEST_CASE][FAILED] - Test Cases/Subscriber TestCases/TC0651: Test Cases/Subscriber TestCases/TC0651 FAILED because (of) Unable to click on object (Root cause: java.lang.IllegalArgumentException: Object is null)

2019-04-22 14:35:28 - [TEST_STEP][PASSED] - callTestCase: Call Test Case 'Test Cases/s-sidebar_navigation/individualAccount/Subscriber' successfully

2019-04-22 14:35:28 - [TEST_CASE][PASSED] - Test Cases/s-sidebar_navigation/individualAccount/Subscriber: Test Cases/s-sidebar_navigation/individualAccount/Subscriber

2019-04-22 14:35:29 - [TEST_STEP][PASSED] - click: Object: 'Object Repository/Page_KiboPush  Dashboard/span_Dashboard' is clicked on

2019-04-22 14:35:29 - [MESSAGE][PASSED] - Object: 'Object Repository/Page_KiboPush  Dashboard/span_Dashboard' is clicked on

2019-04-22 14:35:29 - [TEST_STEP][PASSED] - delay: Delayed 2 second(s)

2019-04-22 14:35:31 - [MESSAGE][PASSED] - Delayed 2 second(s)

2019-04-22 14:35:31 - [TEST_STEP][PASSED] - click: Object: 'Object Repository/Page_KiboPush  Subscribers/span_Subscribers (5)' is clicked on

2019-04-22 14:35:32 - [MESSAGE][PASSED] - Object: 'Object Repository/Page_KiboPush  Subscribers/span_Subscribers (5)' is clicked on

2019-04-22 14:35:32 - [TEST_STEP][PASSED] - scrollToPosition: Browser is scrolled to position x = 0, y = 0

2019-04-22 14:35:32 - [MESSAGE][PASSED] - Browser is scrolled to position x = 0, y = 0

2019-04-22 14:35:32 - [TEST_STEP][PASSED] - click: Object: 'Object Repository/Page_KiboPush  Subscribers/h3_Manage Subscribers (1)' is clicked on

2019-04-22 14:35:33 - [MESSAGE][PASSED] - Object: 'Object Repository/Page_KiboPush  Subscribers/h3_Manage Subscribers (1)' is clicked on

2019-04-22 14:35:33 - [MESSAGE][PASSED] - Call Test Case 'Test Cases/s-sidebar_navigation/individualAccount/Subscriber' successfully

2019-04-22 14:35:33 - [TEST_STEP][PASSED] - delay: Delayed 3 second(s)

2019-04-22 14:35:36 - [MESSAGE][PASSED] - Delayed 3 second(s)

2019-04-22 14:35:36 - [TEST_STEP][FAILED] - click: Unable to click on object (Root cause: java.lang.IllegalArgumentException: Object is null)

2019-04-22 14:35:36 - [MESSAGE][WARNING] - Test object with id 'Object Repository/Page_KiboPush  Subscribers/a_next' does not exist

2019-04-22 14:35:36 - [MESSAGE][WARNING] - Test object with id 'Object Repository/' does not exist

2019-04-22 14:35:37 - [MESSAGE][FAILED] - Unable to click on object (Root cause: java.lang.IllegalArgumentException: Object is null)
[[ATTACHMENT|C:\\Users\\cloudkibo\\Desktop\\KiboPush_Automated_Testing\\KiboPush Katalon\\Reports\\subscriber\\20190422_143353\\1555925736419.png]]]]></system-out>
         <system-err><![CDATA[2019-04-22 14:35:28 - [TEST_CASE][FAILED] - Test Cases/Subscriber TestCases/TC0651: Test Cases/Subscriber TestCases/TC0651 FAILED because (of) Unable to click on object (Root cause: java.lang.IllegalArgumentException: Object is null)]]></system-err>
      </testcase>
      <testcase name="Test Cases/Subscriber TestCases/TC0652" classname="Test Cases/Subscriber TestCases/TC0652" status="FAILED">
         <failure type="FAILED" message="Unable to click on object (Root cause: java.lang.IllegalArgumentException: Object is null)"/>
         <system-out><![CDATA[2019-04-22 14:35:37 - [TEST_CASE][FAILED] - Test Cases/Subscriber TestCases/TC0652: Test Cases/Subscriber TestCases/TC0652 FAILED because (of) Unable to click on object (Root cause: java.lang.IllegalArgumentException: Object is null)

2019-04-22 14:35:37 - [TEST_STEP][PASSED] - callTestCase: Call Test Case 'Test Cases/s-sidebar_navigation/individualAccount/Subscriber' successfully

2019-04-22 14:35:37 - [TEST_CASE][PASSED] - Test Cases/s-sidebar_navigation/individualAccount/Subscriber: Test Cases/s-sidebar_navigation/individualAccount/Subscriber

2019-04-22 14:35:37 - [TEST_STEP][PASSED] - click: Object: 'Object Repository/Page_KiboPush  Dashboard/span_Dashboard' is clicked on

2019-04-22 14:35:39 - [MESSAGE][PASSED] - Object: 'Object Repository/Page_KiboPush  Dashboard/span_Dashboard' is clicked on

2019-04-22 14:35:39 - [TEST_STEP][PASSED] - delay: Delayed 2 second(s)

2019-04-22 14:35:41 - [MESSAGE][PASSED] - Delayed 2 second(s)

2019-04-22 14:35:41 - [TEST_STEP][PASSED] - click: Object: 'Object Repository/Page_KiboPush  Subscribers/span_Subscribers (5)' is clicked on

2019-04-22 14:35:41 - [MESSAGE][PASSED] - Object: 'Object Repository/Page_KiboPush  Subscribers/span_Subscribers (5)' is clicked on

2019-04-22 14:35:41 - [TEST_STEP][PASSED] - scrollToPosition: Browser is scrolled to position x = 0, y = 0

2019-04-22 14:35:41 - [MESSAGE][PASSED] - Browser is scrolled to position x = 0, y = 0

2019-04-22 14:35:41 - [TEST_STEP][PASSED] - click: Object: 'Object Repository/Page_KiboPush  Subscribers/h3_Manage Subscribers (1)' is clicked on

2019-04-22 14:35:42 - [MESSAGE][PASSED] - Object: 'Object Repository/Page_KiboPush  Subscribers/h3_Manage Subscribers (1)' is clicked on

2019-04-22 14:35:42 - [MESSAGE][PASSED] - Call Test Case 'Test Cases/s-sidebar_navigation/individualAccount/Subscriber' successfully

2019-04-22 14:35:42 - [TEST_STEP][PASSED] - delay: Delayed 3 second(s)

2019-04-22 14:35:45 - [MESSAGE][PASSED] - Delayed 3 second(s)

2019-04-22 14:35:45 - [TEST_STEP][FAILED] - click: Unable to click on object (Root cause: java.lang.IllegalArgumentException: Object is null)

2019-04-22 14:35:45 - [MESSAGE][WARNING] - Test object with id 'Object Repository/Page_KiboPush  Subscribers/a_next' does not exist

2019-04-22 14:35:45 - [MESSAGE][WARNING] - Test object with id 'Object Repository/' does not exist

2019-04-22 14:35:45 - [MESSAGE][FAILED] - Unable to click on object (Root cause: java.lang.IllegalArgumentException: Object is null)
[[ATTACHMENT|C:\\Users\\cloudkibo\\Desktop\\KiboPush_Automated_Testing\\KiboPush Katalon\\Reports\\subscriber\\20190422_143353\\1555925745183.png]]]]></system-out>
         <system-err><![CDATA[2019-04-22 14:35:37 - [TEST_CASE][FAILED] - Test Cases/Subscriber TestCases/TC0652: Test Cases/Subscriber TestCases/TC0652 FAILED because (of) Unable to click on object (Root cause: java.lang.IllegalArgumentException: Object is null)]]></system-err>
      </testcase>
      <testcase name="Test Cases/Subscriber TestCases/TC0653" classname="Test Cases/Subscriber TestCases/TC0653" status="FAILED">
         <failure type="FAILED" message="Unable to click on object (Root cause: java.lang.IllegalArgumentException: Object is null)"/>
         <system-out><![CDATA[2019-04-22 14:35:45 - [TEST_CASE][FAILED] - Test Cases/Subscriber TestCases/TC0653: Test Cases/Subscriber TestCases/TC0653 FAILED because (of) Unable to click on object (Root cause: java.lang.IllegalArgumentException: Object is null)

2019-04-22 14:35:46 - [TEST_STEP][PASSED] - callTestCase: Call Test Case 'Test Cases/s-sidebar_navigation/individualAccount/Subscriber' successfully

2019-04-22 14:35:47 - [TEST_CASE][PASSED] - Test Cases/s-sidebar_navigation/individualAccount/Subscriber: Test Cases/s-sidebar_navigation/individualAccount/Subscriber

2019-04-22 14:35:47 - [TEST_STEP][PASSED] - click: Object: 'Object Repository/Page_KiboPush  Dashboard/span_Dashboard' is clicked on

2019-04-22 14:35:47 - [MESSAGE][PASSED] - Object: 'Object Repository/Page_KiboPush  Dashboard/span_Dashboard' is clicked on

2019-04-22 14:35:47 - [TEST_STEP][PASSED] - delay: Delayed 2 second(s)

2019-04-22 14:35:49 - [MESSAGE][PASSED] - Delayed 2 second(s)

2019-04-22 14:35:49 - [TEST_STEP][PASSED] - click: Object: 'Object Repository/Page_KiboPush  Subscribers/span_Subscribers (5)' is clicked on

2019-04-22 14:35:50 - [MESSAGE][PASSED] - Object: 'Object Repository/Page_KiboPush  Subscribers/span_Subscribers (5)' is clicked on

2019-04-22 14:35:50 - [TEST_STEP][PASSED] - scrollToPosition: Browser is scrolled to position x = 0, y = 0

2019-04-22 14:35:50 - [MESSAGE][PASSED] - Browser is scrolled to position x = 0, y = 0

2019-04-22 14:35:50 - [TEST_STEP][PASSED] - click: Object: 'Object Repository/Page_KiboPush  Subscribers/h3_Manage Subscribers (1)' is clicked on

2019-04-22 14:35:51 - [MESSAGE][PASSED] - Object: 'Object Repository/Page_KiboPush  Subscribers/h3_Manage Subscribers (1)' is clicked on

2019-04-22 14:35:51 - [MESSAGE][PASSED] - Call Test Case 'Test Cases/s-sidebar_navigation/individualAccount/Subscriber' successfully

2019-04-22 14:35:51 - [TEST_STEP][PASSED] - delay: Delayed 3 second(s)

2019-04-22 14:35:54 - [MESSAGE][PASSED] - Delayed 3 second(s)

2019-04-22 14:35:54 - [TEST_STEP][FAILED] - click: Unable to click on object (Root cause: java.lang.IllegalArgumentException: Object is null)

2019-04-22 14:35:54 - [MESSAGE][WARNING] - Test object with id 'Object Repository/Page_KiboPush  Subscribers/a_2' does not exist

2019-04-22 14:35:54 - [MESSAGE][WARNING] - Test object with id 'Object Repository/' does not exist

2019-04-22 14:35:55 - [MESSAGE][FAILED] - Unable to click on object (Root cause: java.lang.IllegalArgumentException: Object is null)
[[ATTACHMENT|C:\\Users\\cloudkibo\\Desktop\\KiboPush_Automated_Testing\\KiboPush Katalon\\Reports\\subscriber\\20190422_143353\\1555925754793.png]]]]></system-out>
         <system-err><![CDATA[2019-04-22 14:35:45 - [TEST_CASE][FAILED] - Test Cases/Subscriber TestCases/TC0653: Test Cases/Subscriber TestCases/TC0653 FAILED because (of) Unable to click on object (Root cause: java.lang.IllegalArgumentException: Object is null)]]></system-err>
      </testcase>
      <testcase name="Test Cases/Subscriber TestCases/TC0654" classname="Test Cases/Subscriber TestCases/TC0654" status="PASSED">
         <system-out><![CDATA[2019-04-22 14:35:55 - [TEST_CASE][PASSED] - Test Cases/Subscriber TestCases/TC0654: Test Cases/Subscriber TestCases/TC0654

2019-04-22 14:35:55 - [TEST_STEP][PASSED] - callTestCase: Call Test Case 'Test Cases/s-sidebar_navigation/individualAccount/Subscriber' successfully

2019-04-22 14:35:55 - [TEST_CASE][PASSED] - Test Cases/s-sidebar_navigation/individualAccount/Subscriber: Test Cases/s-sidebar_navigation/individualAccount/Subscriber

2019-04-22 14:35:55 - [TEST_STEP][PASSED] - click: Object: 'Object Repository/Page_KiboPush  Dashboard/span_Dashboard' is clicked on

2019-04-22 14:35:56 - [MESSAGE][PASSED] - Object: 'Object Repository/Page_KiboPush  Dashboard/span_Dashboard' is clicked on

2019-04-22 14:35:56 - [TEST_STEP][PASSED] - delay: Delayed 2 second(s)

2019-04-22 14:35:58 - [MESSAGE][PASSED] - Delayed 2 second(s)

2019-04-22 14:35:58 - [TEST_STEP][PASSED] - click: Object: 'Object Repository/Page_KiboPush  Subscribers/span_Subscribers (5)' is clicked on

2019-04-22 14:35:59 - [MESSAGE][PASSED] - Object: 'Object Repository/Page_KiboPush  Subscribers/span_Subscribers (5)' is clicked on

2019-04-22 14:35:59 - [TEST_STEP][PASSED] - scrollToPosition: Browser is scrolled to position x = 0, y = 0

2019-04-22 14:35:59 - [MESSAGE][PASSED] - Browser is scrolled to position x = 0, y = 0

2019-04-22 14:35:59 - [TEST_STEP][PASSED] - click: Object: 'Object Repository/Page_KiboPush  Subscribers/h3_Manage Subscribers (1)' is clicked on

2019-04-22 14:35:59 - [MESSAGE][PASSED] - Object: 'Object Repository/Page_KiboPush  Subscribers/h3_Manage Subscribers (1)' is clicked on

2019-04-22 14:35:59 - [MESSAGE][PASSED] - Call Test Case 'Test Cases/s-sidebar_navigation/individualAccount/Subscriber' successfully

2019-04-22 14:35:59 - [TEST_STEP][PASSED] - selectOptionByValue: All options with value 'male' are selected in object 'Object Repository/Page_KiboPush  Subscribers/select_Filter by Gender...AllM'  using regular expression

2019-04-22 14:36:00 - [MESSAGE][PASSED] - All options with value 'male' are selected in object 'Object Repository/Page_KiboPush  Subscribers/select_Filter by Gender...AllM'  using regular expression

2019-04-22 14:36:00 - [TEST_STEP][PASSED] - delay: Delayed 5 second(s)

2019-04-22 14:36:05 - [MESSAGE][PASSED] - Delayed 5 second(s)

2019-04-22 14:36:05 - [TEST_STEP][PASSED] - Statement - driver = com.kms.katalon.core.webui.driver.DriverFactory.getWebDriver(): null

2019-04-22 14:36:05 - [TEST_STEP][PASSED] - Statement - Table = driver.findElement(org.openqa.selenium.By.xpath("//table/tbody")): null

2019-04-22 14:36:06 - [TEST_STEP][PASSED] - Statement - rows_table = Table.findElements(org.openqa.selenium.By.tagName("tr")): null

2019-04-22 14:36:06 - [TEST_STEP][PASSED] - Statement - size = rows_table.size(): null

2019-04-22 14:36:06 - [TEST_STEP][PASSED] - verifyGreaterThanOrEqual: Actual number '2' is greater than or equal to expected number '1'

2019-04-22 14:36:06 - [MESSAGE][PASSED] - Actual number '2' is greater than or equal to expected number '1']]></system-out>
         <system-err><![CDATA[]]></system-err>
      </testcase>
      <testcase name="Test Cases/Subscriber TestCases/TC0655" classname="Test Cases/Subscriber TestCases/TC0655" status="FAILED">
         <failure type="FAILED" message="Unable to select option by value '5c090d111276ef481a715931' of object 'Object Repository/Page_KiboEngage  Subscribers/select_Filter by Page...ALLTes (4)'  using regular expression (Root cause: com.kms.katalon.core.webui.exception.WebElementNotFoundException: Web element with id: 'Object Repository/Page_KiboEngage  Subscribers/select_Filter by Page...ALLTes (4)' located by 'By.xpath: //select[@id = 'm_form_type' and (text() = 'Filter by Page...ALLTest5Education123Test4Test3Test1Test_kibo' or . = 'Filter by Page...ALLTest5Education123Test4Test3Test1Test_kibo')]' not found)"/>
         <system-out><![CDATA[2019-04-22 14:36:06 - [TEST_CASE][FAILED] - Test Cases/Subscriber TestCases/TC0655: Test Cases/Subscriber TestCases/TC0655 FAILED because (of) Unable to select option by value '5c090d111276ef481a715931' of object 'Object Repository/Page_KiboEngage  Subscribers/select_Filter by Page...ALLTes (4)'  using regular expression (Root cause: com.kms.katalon.core.webui.exception.WebElementNotFoundException: Web element with id: 'Object Repository/Page_KiboEngage  Subscribers/select_Filter by Page...ALLTes (4)' located by 'By.xpath: //select[@id = 'm_form_type' and (text() = 'Filter by Page...ALLTest5Education123Test4Test3Test1Test_kibo' or . = 'Filter by Page...ALLTest5Education123Test4Test3Test1Test_kibo')]' not found)

2019-04-22 14:36:06 - [TEST_STEP][PASSED] - callTestCase: Call Test Case 'Test Cases/s-sidebar_navigation/individualAccount/Subscriber' successfully

2019-04-22 14:36:07 - [TEST_CASE][PASSED] - Test Cases/s-sidebar_navigation/individualAccount/Subscriber: Test Cases/s-sidebar_navigation/individualAccount/Subscriber

2019-04-22 14:36:07 - [TEST_STEP][PASSED] - click: Object: 'Object Repository/Page_KiboPush  Dashboard/span_Dashboard' is clicked on

2019-04-22 14:36:07 - [MESSAGE][PASSED] - Object: 'Object Repository/Page_KiboPush  Dashboard/span_Dashboard' is clicked on

2019-04-22 14:36:07 - [TEST_STEP][PASSED] - delay: Delayed 2 second(s)

2019-04-22 14:36:09 - [MESSAGE][PASSED] - Delayed 2 second(s)

2019-04-22 14:36:09 - [TEST_STEP][PASSED] - click: Object: 'Object Repository/Page_KiboPush  Subscribers/span_Subscribers (5)' is clicked on

2019-04-22 14:36:10 - [MESSAGE][PASSED] - Object: 'Object Repository/Page_KiboPush  Subscribers/span_Subscribers (5)' is clicked on

2019-04-22 14:36:10 - [TEST_STEP][PASSED] - scrollToPosition: Browser is scrolled to position x = 0, y = 0

2019-04-22 14:36:10 - [MESSAGE][PASSED] - Browser is scrolled to position x = 0, y = 0

2019-04-22 14:36:10 - [TEST_STEP][PASSED] - click: Object: 'Object Repository/Page_KiboPush  Subscribers/h3_Manage Subscribers (1)' is clicked on

2019-04-22 14:36:10 - [MESSAGE][PASSED] - Object: 'Object Repository/Page_KiboPush  Subscribers/h3_Manage Subscribers (1)' is clicked on

2019-04-22 14:36:10 - [MESSAGE][PASSED] - Call Test Case 'Test Cases/s-sidebar_navigation/individualAccount/Subscriber' successfully

2019-04-22 14:36:10 - [TEST_STEP][PASSED] - click: Object: 'Object Repository/Page_KiboEngage  Subscribers/h3_Manage Subscribers (3)' is clicked on

2019-04-22 14:36:11 - [MESSAGE][PASSED] - Object: 'Object Repository/Page_KiboEngage  Subscribers/h3_Manage Subscribers (3)' is clicked on

2019-04-22 14:36:11 - [TEST_STEP][FAILED] - selectOptionByValue: Unable to select option by value '5c090d111276ef481a715931' of object 'Object Repository/Page_KiboEngage  Subscribers/select_Filter by Page...ALLTes (4)'  using regular expression (Root cause: com.kms.katalon.core.webui.exception.WebElementNotFoundException: Web element with id: 'Object Repository/Page_KiboEngage  Subscribers/select_Filter by Page...ALLTes (4)' located by 'By.xpath: //select[@id = 'm_form_type' and (text() = 'Filter by Page...ALLTest5Education123Test4Test3Test1Test_kibo' or . = 'Filter by Page...ALLTest5Education123Test4Test3Test1Test_kibo')]' not found)

2019-04-22 14:36:44 - [MESSAGE][FAILED] - Unable to select option by value '5c090d111276ef481a715931' of object 'Object Repository/Page_KiboEngage  Subscribers/select_Filter by Page...ALLTes (4)'  using regular expression (Root cause: com.kms.katalon.core.webui.exception.WebElementNotFoundException: Web element with id: 'Object Repository/Page_KiboEngage  Subscribers/select_Filter by Page...ALLTes (4)' located by 'By.xpath: //select[@id = 'm_form_type' and (text() = 'Filter by Page...ALLTest5Education123Test4Test3Test1Test_kibo' or . = 'Filter by Page...ALLTest5Education123Test4Test3Test1Test_kibo')]' not found)
[[ATTACHMENT|C:\\Users\\cloudkibo\\Desktop\\KiboPush_Automated_Testing\\KiboPush Katalon\\Reports\\subscriber\\20190422_143353\\1555925803729.png]]]]></system-out>
         <system-err><![CDATA[2019-04-22 14:36:06 - [TEST_CASE][FAILED] - Test Cases/Subscriber TestCases/TC0655: Test Cases/Subscriber TestCases/TC0655 FAILED because (of) Unable to select option by value '5c090d111276ef481a715931' of object 'Object Repository/Page_KiboEngage  Subscribers/select_Filter by Page...ALLTes (4)'  using regular expression (Root cause: com.kms.katalon.core.webui.exception.WebElementNotFoundException: Web element with id: 'Object Repository/Page_KiboEngage  Subscribers/select_Filter by Page...ALLTes (4)' located by 'By.xpath: //select[@id = 'm_form_type' and (text() = 'Filter by Page...ALLTest5Education123Test4Test3Test1Test_kibo' or . = 'Filter by Page...ALLTest5Education123Test4Test3Test1Test_kibo')]' not found)]]></system-err>
      </testcase>
      <testcase name="Test Cases/Subscriber TestCases/TC0656" classname="Test Cases/Subscriber TestCases/TC0656" status="FAILED">
         <failure type="FAILED" message="Unable to select option by value 'all' of object 'Object Repository/Page_KiboEngage  Subscribers/select_Filter by Page...ALLTes (5)'  using regular expression (Root cause: com.kms.katalon.core.webui.exception.WebElementNotFoundException: Web element with id: 'Object Repository/Page_KiboEngage  Subscribers/select_Filter by Page...ALLTes (5)' located by 'By.xpath: //select[@id = 'm_form_type' and (text() = 'Filter by Page...ALLTest5Education123Test4Test3Test1Test_kibo' or . = 'Filter by Page...ALLTest5Education123Test4Test3Test1Test_kibo')]' not found)"/>
         <system-out><![CDATA[2019-04-22 14:36:44 - [TEST_CASE][FAILED] - Test Cases/Subscriber TestCases/TC0656: Test Cases/Subscriber TestCases/TC0656 FAILED because (of) Unable to select option by value 'all' of object 'Object Repository/Page_KiboEngage  Subscribers/select_Filter by Page...ALLTes (5)'  using regular expression (Root cause: com.kms.katalon.core.webui.exception.WebElementNotFoundException: Web element with id: 'Object Repository/Page_KiboEngage  Subscribers/select_Filter by Page...ALLTes (5)' located by 'By.xpath: //select[@id = 'm_form_type' and (text() = 'Filter by Page...ALLTest5Education123Test4Test3Test1Test_kibo' or . = 'Filter by Page...ALLTest5Education123Test4Test3Test1Test_kibo')]' not found)

2019-04-22 14:36:44 - [TEST_STEP][PASSED] - callTestCase: Call Test Case 'Test Cases/s-sidebar_navigation/individualAccount/Subscriber' successfully

2019-04-22 14:36:44 - [TEST_CASE][PASSED] - Test Cases/s-sidebar_navigation/individualAccount/Subscriber: Test Cases/s-sidebar_navigation/individualAccount/Subscriber

2019-04-22 14:36:44 - [TEST_STEP][PASSED] - click: Object: 'Object Repository/Page_KiboPush  Dashboard/span_Dashboard' is clicked on

2019-04-22 14:36:45 - [MESSAGE][PASSED] - Object: 'Object Repository/Page_KiboPush  Dashboard/span_Dashboard' is clicked on

2019-04-22 14:36:45 - [TEST_STEP][PASSED] - delay: Delayed 2 second(s)

2019-04-22 14:36:47 - [MESSAGE][PASSED] - Delayed 2 second(s)

2019-04-22 14:36:47 - [TEST_STEP][PASSED] - click: Object: 'Object Repository/Page_KiboPush  Subscribers/span_Subscribers (5)' is clicked on

2019-04-22 14:36:48 - [MESSAGE][PASSED] - Object: 'Object Repository/Page_KiboPush  Subscribers/span_Subscribers (5)' is clicked on

2019-04-22 14:36:48 - [TEST_STEP][PASSED] - scrollToPosition: Browser is scrolled to position x = 0, y = 0

2019-04-22 14:36:48 - [MESSAGE][PASSED] - Browser is scrolled to position x = 0, y = 0

2019-04-22 14:36:48 - [TEST_STEP][PASSED] - click: Object: 'Object Repository/Page_KiboPush  Subscribers/h3_Manage Subscribers (1)' is clicked on

2019-04-22 14:36:49 - [MESSAGE][PASSED] - Object: 'Object Repository/Page_KiboPush  Subscribers/h3_Manage Subscribers (1)' is clicked on

2019-04-22 14:36:49 - [MESSAGE][PASSED] - Call Test Case 'Test Cases/s-sidebar_navigation/individualAccount/Subscriber' successfully

2019-04-22 14:36:49 - [TEST_STEP][PASSED] - click: Object: 'Object Repository/Page_KiboEngage  Subscribers/h3_Manage Subscribers (1)' is clicked on

2019-04-22 14:36:49 - [MESSAGE][PASSED] - Object: 'Object Repository/Page_KiboEngage  Subscribers/h3_Manage Subscribers (1)' is clicked on

2019-04-22 14:36:49 - [TEST_STEP][FAILED] - selectOptionByValue: Unable to select option by value 'all' of object 'Object Repository/Page_KiboEngage  Subscribers/select_Filter by Page...ALLTes (5)'  using regular expression (Root cause: com.kms.katalon.core.webui.exception.WebElementNotFoundException: Web element with id: 'Object Repository/Page_KiboEngage  Subscribers/select_Filter by Page...ALLTes (5)' located by 'By.xpath: //select[@id = 'm_form_type' and (text() = 'Filter by Page...ALLTest5Education123Test4Test3Test1Test_kibo' or . = 'Filter by Page...ALLTest5Education123Test4Test3Test1Test_kibo')]' not found)

2019-04-22 14:37:22 - [MESSAGE][FAILED] - Unable to select option by value 'all' of object 'Object Repository/Page_KiboEngage  Subscribers/select_Filter by Page...ALLTes (5)'  using regular expression (Root cause: com.kms.katalon.core.webui.exception.WebElementNotFoundException: Web element with id: 'Object Repository/Page_KiboEngage  Subscribers/select_Filter by Page...ALLTes (5)' located by 'By.xpath: //select[@id = 'm_form_type' and (text() = 'Filter by Page...ALLTest5Education123Test4Test3Test1Test_kibo' or . = 'Filter by Page...ALLTest5Education123Test4Test3Test1Test_kibo')]' not found)
[[ATTACHMENT|C:\\Users\\cloudkibo\\Desktop\\KiboPush_Automated_Testing\\KiboPush Katalon\\Reports\\subscriber\\20190422_143353\\1555925842010.png]]]]></system-out>
         <system-err><![CDATA[2019-04-22 14:36:44 - [TEST_CASE][FAILED] - Test Cases/Subscriber TestCases/TC0656: Test Cases/Subscriber TestCases/TC0656 FAILED because (of) Unable to select option by value 'all' of object 'Object Repository/Page_KiboEngage  Subscribers/select_Filter by Page...ALLTes (5)'  using regular expression (Root cause: com.kms.katalon.core.webui.exception.WebElementNotFoundException: Web element with id: 'Object Repository/Page_KiboEngage  Subscribers/select_Filter by Page...ALLTes (5)' located by 'By.xpath: //select[@id = 'm_form_type' and (text() = 'Filter by Page...ALLTest5Education123Test4Test3Test1Test_kibo' or . = 'Filter by Page...ALLTest5Education123Test4Test3Test1Test_kibo')]' not found)]]></system-err>
      </testcase>
      <testcase name="Test Cases/Subscriber TestCases/TC0657" classname="Test Cases/Subscriber TestCases/TC0657" status="PASSED">
         <system-out><![CDATA[2019-04-22 14:37:22 - [TEST_CASE][PASSED] - Test Cases/Subscriber TestCases/TC0657: Test Cases/Subscriber TestCases/TC0657

2019-04-22 14:37:22 - [TEST_STEP][PASSED] - callTestCase: Call Test Case 'Test Cases/s-sidebar_navigation/individualAccount/Subscriber' successfully

2019-04-22 14:37:22 - [TEST_CASE][PASSED] - Test Cases/s-sidebar_navigation/individualAccount/Subscriber: Test Cases/s-sidebar_navigation/individualAccount/Subscriber

2019-04-22 14:37:22 - [TEST_STEP][PASSED] - click: Object: 'Object Repository/Page_KiboPush  Dashboard/span_Dashboard' is clicked on

2019-04-22 14:37:23 - [MESSAGE][PASSED] - Object: 'Object Repository/Page_KiboPush  Dashboard/span_Dashboard' is clicked on

2019-04-22 14:37:23 - [TEST_STEP][PASSED] - delay: Delayed 2 second(s)

2019-04-22 14:37:25 - [MESSAGE][PASSED] - Delayed 2 second(s)

2019-04-22 14:37:25 - [TEST_STEP][PASSED] - click: Object: 'Object Repository/Page_KiboPush  Subscribers/span_Subscribers (5)' is clicked on

2019-04-22 14:37:26 - [MESSAGE][PASSED] - Object: 'Object Repository/Page_KiboPush  Subscribers/span_Subscribers (5)' is clicked on

2019-04-22 14:37:26 - [TEST_STEP][PASSED] - scrollToPosition: Browser is scrolled to position x = 0, y = 0

2019-04-22 14:37:26 - [MESSAGE][PASSED] - Browser is scrolled to position x = 0, y = 0

2019-04-22 14:37:26 - [TEST_STEP][PASSED] - click: Object: 'Object Repository/Page_KiboPush  Subscribers/h3_Manage Subscribers (1)' is clicked on

2019-04-22 14:37:27 - [MESSAGE][PASSED] - Object: 'Object Repository/Page_KiboPush  Subscribers/h3_Manage Subscribers (1)' is clicked on

2019-04-22 14:37:27 - [MESSAGE][PASSED] - Call Test Case 'Test Cases/s-sidebar_navigation/individualAccount/Subscriber' successfully

2019-04-22 14:37:27 - [TEST_STEP][PASSED] - delay: Delayed 2 second(s)

2019-04-22 14:37:29 - [MESSAGE][PASSED] - Delayed 2 second(s)

2019-04-22 14:37:29 - [TEST_STEP][PASSED] - selectOptionByValue: All options with value 'all' are selected in object 'Object Repository/Page_KiboPush  Subscribers/select_Filter by Tags...ALLhel'  using regular expression

2019-04-22 14:37:29 - [MESSAGE][PASSED] - All options with value 'all' are selected in object 'Object Repository/Page_KiboPush  Subscribers/select_Filter by Tags...ALLhel'  using regular expression

2019-04-22 14:37:29 - [TEST_STEP][PASSED] - delay: Delayed 2 second(s)

2019-04-22 14:37:31 - [MESSAGE][PASSED] - Delayed 2 second(s)

2019-04-22 14:37:31 - [TEST_STEP][PASSED] - Statement - driver = com.kms.katalon.core.webui.driver.DriverFactory.getWebDriver(): null

2019-04-22 14:37:31 - [TEST_STEP][PASSED] - Statement - Table = driver.findElement(org.openqa.selenium.By.xpath("//table/tbody")): null

2019-04-22 14:37:31 - [TEST_STEP][PASSED] - Statement - rows_table = Table.findElements(org.openqa.selenium.By.tagName("tr")): null

2019-04-22 14:37:31 - [TEST_STEP][PASSED] - Statement - size = rows_table.size(): null

2019-04-22 14:37:31 - [TEST_STEP][PASSED] - verifyGreaterThanOrEqual: Actual number '2' is greater than or equal to expected number '1'

2019-04-22 14:37:31 - [MESSAGE][PASSED] - Actual number '2' is greater than or equal to expected number '1']]></system-out>
         <system-err><![CDATA[]]></system-err>
      </testcase>
      <testcase name="Test Cases/Subscriber TestCases/TC0658" classname="Test Cases/Subscriber TestCases/TC0658" status="PASSED">
         <system-out><![CDATA[2019-04-22 14:37:31 - [TEST_CASE][PASSED] - Test Cases/Subscriber TestCases/TC0658: Test Cases/Subscriber TestCases/TC0658

2019-04-22 14:37:32 - [TEST_STEP][PASSED] - callTestCase: Call Test Case 'Test Cases/s-sidebar_navigation/individualAccount/Subscriber' successfully

2019-04-22 14:37:32 - [TEST_CASE][PASSED] - Test Cases/s-sidebar_navigation/individualAccount/Subscriber: Test Cases/s-sidebar_navigation/individualAccount/Subscriber

2019-04-22 14:37:32 - [TEST_STEP][PASSED] - click: Object: 'Object Repository/Page_KiboPush  Dashboard/span_Dashboard' is clicked on

2019-04-22 14:37:33 - [MESSAGE][PASSED] - Object: 'Object Repository/Page_KiboPush  Dashboard/span_Dashboard' is clicked on

2019-04-22 14:37:33 - [TEST_STEP][PASSED] - delay: Delayed 2 second(s)

2019-04-22 14:37:35 - [MESSAGE][PASSED] - Delayed 2 second(s)

2019-04-22 14:37:35 - [TEST_STEP][PASSED] - click: Object: 'Object Repository/Page_KiboPush  Subscribers/span_Subscribers (5)' is clicked on

2019-04-22 14:37:35 - [MESSAGE][PASSED] - Object: 'Object Repository/Page_KiboPush  Subscribers/span_Subscribers (5)' is clicked on

2019-04-22 14:37:35 - [TEST_STEP][PASSED] - scrollToPosition: Browser is scrolled to position x = 0, y = 0

2019-04-22 14:37:35 - [MESSAGE][PASSED] - Browser is scrolled to position x = 0, y = 0

2019-04-22 14:37:35 - [TEST_STEP][PASSED] - click: Object: 'Object Repository/Page_KiboPush  Subscribers/h3_Manage Subscribers (1)' is clicked on

2019-04-22 14:37:36 - [MESSAGE][PASSED] - Object: 'Object Repository/Page_KiboPush  Subscribers/h3_Manage Subscribers (1)' is clicked on

2019-04-22 14:37:36 - [MESSAGE][PASSED] - Call Test Case 'Test Cases/s-sidebar_navigation/individualAccount/Subscriber' successfully

2019-04-22 14:37:36 - [TEST_STEP][PASSED] - selectOptionByValue: All options with value 'subscribed' are selected in object 'Object Repository/Page_KiboPush  Subscribers/select_Filter by Status...ALLS'  using regular expression

2019-04-22 14:37:37 - [MESSAGE][PASSED] - All options with value 'subscribed' are selected in object 'Object Repository/Page_KiboPush  Subscribers/select_Filter by Status...ALLS'  using regular expression

2019-04-22 14:37:37 - [TEST_STEP][PASSED] - delay: Delayed 2 second(s)

2019-04-22 14:37:39 - [MESSAGE][PASSED] - Delayed 2 second(s)

2019-04-22 14:37:39 - [TEST_STEP][PASSED] - Statement - driver = com.kms.katalon.core.webui.driver.DriverFactory.getWebDriver(): null

2019-04-22 14:37:39 - [TEST_STEP][PASSED] - Statement - Table = driver.findElement(org.openqa.selenium.By.xpath("//table/tbody")): null

2019-04-22 14:37:39 - [TEST_STEP][PASSED] - Statement - rows_table = Table.findElements(org.openqa.selenium.By.tagName("tr")): null

2019-04-22 14:37:39 - [TEST_STEP][PASSED] - Statement - size = rows_table.size(): null

2019-04-22 14:37:39 - [TEST_STEP][PASSED] - verifyGreaterThanOrEqual: Actual number '2' is greater than or equal to expected number '1'

2019-04-22 14:37:39 - [MESSAGE][PASSED] - Actual number '2' is greater than or equal to expected number '1']]></system-out>
         <system-err><![CDATA[]]></system-err>
      </testcase>
      <testcase name="Test Cases/Subscriber TestCases/TC0659" classname="Test Cases/Subscriber TestCases/TC0659" status="PASSED">
         <system-out><![CDATA[2019-04-22 14:37:39 - [TEST_CASE][PASSED] - Test Cases/Subscriber TestCases/TC0659: Test Cases/Subscriber TestCases/TC0659

2019-04-22 14:37:39 - [TEST_STEP][PASSED] - callTestCase: Call Test Case 'Test Cases/s-sidebar_navigation/individualAccount/Subscriber' successfully

2019-04-22 14:37:39 - [TEST_CASE][PASSED] - Test Cases/s-sidebar_navigation/individualAccount/Subscriber: Test Cases/s-sidebar_navigation/individualAccount/Subscriber

2019-04-22 14:37:39 - [TEST_STEP][PASSED] - click: Object: 'Object Repository/Page_KiboPush  Dashboard/span_Dashboard' is clicked on

2019-04-22 14:37:40 - [MESSAGE][PASSED] - Object: 'Object Repository/Page_KiboPush  Dashboard/span_Dashboard' is clicked on

2019-04-22 14:37:40 - [TEST_STEP][PASSED] - delay: Delayed 2 second(s)

2019-04-22 14:37:42 - [MESSAGE][PASSED] - Delayed 2 second(s)

2019-04-22 14:37:42 - [TEST_STEP][PASSED] - click: Object: 'Object Repository/Page_KiboPush  Subscribers/span_Subscribers (5)' is clicked on

2019-04-22 14:37:43 - [MESSAGE][PASSED] - Object: 'Object Repository/Page_KiboPush  Subscribers/span_Subscribers (5)' is clicked on

2019-04-22 14:37:43 - [TEST_STEP][PASSED] - scrollToPosition: Browser is scrolled to position x = 0, y = 0

2019-04-22 14:37:43 - [MESSAGE][PASSED] - Browser is scrolled to position x = 0, y = 0

2019-04-22 14:37:43 - [TEST_STEP][PASSED] - click: Object: 'Object Repository/Page_KiboPush  Subscribers/h3_Manage Subscribers (1)' is clicked on

2019-04-22 14:37:43 - [MESSAGE][PASSED] - Object: 'Object Repository/Page_KiboPush  Subscribers/h3_Manage Subscribers (1)' is clicked on

2019-04-22 14:37:43 - [MESSAGE][PASSED] - Call Test Case 'Test Cases/s-sidebar_navigation/individualAccount/Subscriber' successfully

2019-04-22 14:37:43 - [TEST_STEP][PASSED] - selectOptionByValue: All options with value 'male' are selected in object 'Object Repository/Page_KiboPush  Subscribers/select_Filter by Gender...AllM'  using regular expression

2019-04-22 14:37:45 - [MESSAGE][PASSED] - All options with value 'male' are selected in object 'Object Repository/Page_KiboPush  Subscribers/select_Filter by Gender...AllM'  using regular expression

2019-04-22 14:37:45 - [TEST_STEP][PASSED] - selectOptionByValue: All options with value 'subscribed' are selected in object 'Object Repository/Page_KiboPush  Subscribers/select_Filter by Status...ALLS'  using regular expression

2019-04-22 14:37:45 - [MESSAGE][PASSED] - All options with value 'subscribed' are selected in object 'Object Repository/Page_KiboPush  Subscribers/select_Filter by Status...ALLS'  using regular expression

2019-04-22 14:37:45 - [TEST_STEP][PASSED] - delay: Delayed 5 second(s)

2019-04-22 14:37:50 - [MESSAGE][PASSED] - Delayed 5 second(s)

2019-04-22 14:37:50 - [TEST_STEP][PASSED] - Statement - driver = com.kms.katalon.core.webui.driver.DriverFactory.getWebDriver(): null

2019-04-22 14:37:50 - [TEST_STEP][PASSED] - Statement - Table = driver.findElement(org.openqa.selenium.By.xpath("//table/tbody")): null

2019-04-22 14:37:50 - [TEST_STEP][PASSED] - Statement - rows_table = Table.findElements(org.openqa.selenium.By.tagName("tr")): null

2019-04-22 14:37:50 - [TEST_STEP][PASSED] - Statement - size = rows_table.size(): null

2019-04-22 14:37:50 - [TEST_STEP][PASSED] - verifyGreaterThanOrEqual: Actual number '2' is greater than or equal to expected number '1'

2019-04-22 14:37:50 - [MESSAGE][PASSED] - Actual number '2' is greater than or equal to expected number '1']]></system-out>
         <system-err><![CDATA[]]></system-err>
      </testcase>
      <testcase name="Test Cases/Subscriber TestCases/TC0660" classname="Test Cases/Subscriber TestCases/TC0660" status="FAILED">
         <failure type="FAILED" message="Unable to select option by value '5c090d111276ef481a715931' of object 'Object Repository/Page_KiboEngage  Subscribers/select_Filter by Page...ALLTes (4)'  using regular expression (Root cause: com.kms.katalon.core.webui.exception.WebElementNotFoundException: Web element with id: 'Object Repository/Page_KiboEngage  Subscribers/select_Filter by Page...ALLTes (4)' located by 'By.xpath: //select[@id = 'm_form_type' and (text() = 'Filter by Page...ALLTest5Education123Test4Test3Test1Test_kibo' or . = 'Filter by Page...ALLTest5Education123Test4Test3Test1Test_kibo')]' not found)"/>
         <system-out><![CDATA[2019-04-22 14:37:50 - [TEST_CASE][FAILED] - Test Cases/Subscriber TestCases/TC0660: Test Cases/Subscriber TestCases/TC0660 FAILED because (of) Unable to select option by value '5c090d111276ef481a715931' of object 'Object Repository/Page_KiboEngage  Subscribers/select_Filter by Page...ALLTes (4)'  using regular expression (Root cause: com.kms.katalon.core.webui.exception.WebElementNotFoundException: Web element with id: 'Object Repository/Page_KiboEngage  Subscribers/select_Filter by Page...ALLTes (4)' located by 'By.xpath: //select[@id = 'm_form_type' and (text() = 'Filter by Page...ALLTest5Education123Test4Test3Test1Test_kibo' or . = 'Filter by Page...ALLTest5Education123Test4Test3Test1Test_kibo')]' not found)

2019-04-22 14:37:51 - [TEST_STEP][PASSED] - callTestCase: Call Test Case 'Test Cases/s-sidebar_navigation/individualAccount/Subscriber' successfully

2019-04-22 14:37:51 - [TEST_CASE][PASSED] - Test Cases/s-sidebar_navigation/individualAccount/Subscriber: Test Cases/s-sidebar_navigation/individualAccount/Subscriber

2019-04-22 14:37:51 - [TEST_STEP][PASSED] - click: Object: 'Object Repository/Page_KiboPush  Dashboard/span_Dashboard' is clicked on

2019-04-22 14:37:51 - [MESSAGE][PASSED] - Object: 'Object Repository/Page_KiboPush  Dashboard/span_Dashboard' is clicked on

2019-04-22 14:37:51 - [TEST_STEP][PASSED] - delay: Delayed 2 second(s)

2019-04-22 14:37:53 - [MESSAGE][PASSED] - Delayed 2 second(s)

2019-04-22 14:37:53 - [TEST_STEP][PASSED] - click: Object: 'Object Repository/Page_KiboPush  Subscribers/span_Subscribers (5)' is clicked on

2019-04-22 14:37:54 - [MESSAGE][PASSED] - Object: 'Object Repository/Page_KiboPush  Subscribers/span_Subscribers (5)' is clicked on

2019-04-22 14:37:54 - [TEST_STEP][PASSED] - scrollToPosition: Browser is scrolled to position x = 0, y = 0

2019-04-22 14:37:54 - [MESSAGE][PASSED] - Browser is scrolled to position x = 0, y = 0

2019-04-22 14:37:54 - [TEST_STEP][PASSED] - click: Object: 'Object Repository/Page_KiboPush  Subscribers/h3_Manage Subscribers (1)' is clicked on

2019-04-22 14:37:54 - [MESSAGE][PASSED] - Object: 'Object Repository/Page_KiboPush  Subscribers/h3_Manage Subscribers (1)' is clicked on

2019-04-22 14:37:54 - [MESSAGE][PASSED] - Call Test Case 'Test Cases/s-sidebar_navigation/individualAccount/Subscriber' successfully

2019-04-22 14:37:54 - [TEST_STEP][FAILED] - selectOptionByValue: Unable to select option by value '5c090d111276ef481a715931' of object 'Object Repository/Page_KiboEngage  Subscribers/select_Filter by Page...ALLTes (4)'  using regular expression (Root cause: com.kms.katalon.core.webui.exception.WebElementNotFoundException: Web element with id: 'Object Repository/Page_KiboEngage  Subscribers/select_Filter by Page...ALLTes (4)' located by 'By.xpath: //select[@id = 'm_form_type' and (text() = 'Filter by Page...ALLTest5Education123Test4Test3Test1Test_kibo' or . = 'Filter by Page...ALLTest5Education123Test4Test3Test1Test_kibo')]' not found)

2019-04-22 14:38:27 - [MESSAGE][FAILED] - Unable to select option by value '5c090d111276ef481a715931' of object 'Object Repository/Page_KiboEngage  Subscribers/select_Filter by Page...ALLTes (4)'  using regular expression (Root cause: com.kms.katalon.core.webui.exception.WebElementNotFoundException: Web element with id: 'Object Repository/Page_KiboEngage  Subscribers/select_Filter by Page...ALLTes (4)' located by 'By.xpath: //select[@id = 'm_form_type' and (text() = 'Filter by Page...ALLTest5Education123Test4Test3Test1Test_kibo' or . = 'Filter by Page...ALLTest5Education123Test4Test3Test1Test_kibo')]' not found)
[[ATTACHMENT|C:\\Users\\cloudkibo\\Desktop\\KiboPush_Automated_Testing\\KiboPush Katalon\\Reports\\subscriber\\20190422_143353\\1555925906694.png]]]]></system-out>
         <system-err><![CDATA[2019-04-22 14:37:50 - [TEST_CASE][FAILED] - Test Cases/Subscriber TestCases/TC0660: Test Cases/Subscriber TestCases/TC0660 FAILED because (of) Unable to select option by value '5c090d111276ef481a715931' of object 'Object Repository/Page_KiboEngage  Subscribers/select_Filter by Page...ALLTes (4)'  using regular expression (Root cause: com.kms.katalon.core.webui.exception.WebElementNotFoundException: Web element with id: 'Object Repository/Page_KiboEngage  Subscribers/select_Filter by Page...ALLTes (4)' located by 'By.xpath: //select[@id = 'm_form_type' and (text() = 'Filter by Page...ALLTest5Education123Test4Test3Test1Test_kibo' or . = 'Filter by Page...ALLTest5Education123Test4Test3Test1Test_kibo')]' not found)]]></system-err>
      </testcase>
      <testcase name="Test Cases/Subscriber TestCases/TC0666" classname="Test Cases/Subscriber TestCases/TC0666" status="FAILED">
         <failure type="FAILED" message="Unable to click on object 'Object Repository/Page_KiboPush  Subscribers/div_Tag has been changed' (Root cause: com.kms.katalon.core.webui.exception.WebElementNotFoundException: Web element with id: 'Object Repository/Page_KiboPush  Subscribers/div_Tag has been changed' located by 'By.xpath: //div[(text() = 'Tag has been changed' or . = 'Tag has been changed')]' not found)"/>
         <system-out><![CDATA[2019-04-22 14:38:27 - [TEST_CASE][FAILED] - Test Cases/Subscriber TestCases/TC0666: Test Cases/Subscriber TestCases/TC0666 FAILED because (of) Unable to click on object 'Object Repository/Page_KiboPush  Subscribers/div_Tag has been changed' (Root cause: com.kms.katalon.core.webui.exception.WebElementNotFoundException: Web element with id: 'Object Repository/Page_KiboPush  Subscribers/div_Tag has been changed' located by 'By.xpath: //div[(text() = 'Tag has been changed' or . = 'Tag has been changed')]' not found)

2019-04-22 14:38:27 - [TEST_STEP][PASSED] - callTestCase: Call Test Case 'Test Cases/s-sidebar_navigation/individualAccount/Subscriber' successfully

2019-04-22 14:38:27 - [TEST_CASE][PASSED] - Test Cases/s-sidebar_navigation/individualAccount/Subscriber: Test Cases/s-sidebar_navigation/individualAccount/Subscriber

2019-04-22 14:38:27 - [TEST_STEP][PASSED] - click: Object: 'Object Repository/Page_KiboPush  Dashboard/span_Dashboard' is clicked on

2019-04-22 14:38:28 - [MESSAGE][PASSED] - Object: 'Object Repository/Page_KiboPush  Dashboard/span_Dashboard' is clicked on

2019-04-22 14:38:28 - [TEST_STEP][PASSED] - delay: Delayed 2 second(s)

2019-04-22 14:38:30 - [MESSAGE][PASSED] - Delayed 2 second(s)

2019-04-22 14:38:30 - [TEST_STEP][PASSED] - click: Object: 'Object Repository/Page_KiboPush  Subscribers/span_Subscribers (5)' is clicked on

2019-04-22 14:38:31 - [MESSAGE][PASSED] - Object: 'Object Repository/Page_KiboPush  Subscribers/span_Subscribers (5)' is clicked on

2019-04-22 14:38:31 - [TEST_STEP][PASSED] - scrollToPosition: Browser is scrolled to position x = 0, y = 0

2019-04-22 14:38:31 - [MESSAGE][PASSED] - Browser is scrolled to position x = 0, y = 0

2019-04-22 14:38:31 - [TEST_STEP][PASSED] - click: Object: 'Object Repository/Page_KiboPush  Subscribers/h3_Manage Subscribers (1)' is clicked on

2019-04-22 14:38:32 - [MESSAGE][PASSED] - Object: 'Object Repository/Page_KiboPush  Subscribers/h3_Manage Subscribers (1)' is clicked on

2019-04-22 14:38:32 - [MESSAGE][PASSED] - Call Test Case 'Test Cases/s-sidebar_navigation/individualAccount/Subscriber' successfully

2019-04-22 14:38:32 - [TEST_STEP][PASSED] - click: Object: 'Object Repository/Page_KiboPush  Subscribers/a_Edit Tags (1)' is clicked on

2019-04-22 14:38:32 - [MESSAGE][PASSED] - Object: 'Object Repository/Page_KiboPush  Subscribers/a_Edit Tags (1)' is clicked on

2019-04-22 14:38:32 - [TEST_STEP][PASSED] - click: Object: 'Object Repository/Page_KiboPush  Subscribers/button_Edit' is clicked on

2019-04-22 14:38:33 - [MESSAGE][PASSED] - Object: 'Object Repository/Page_KiboPush  Subscribers/button_Edit' is clicked on

2019-04-22 14:38:33 - [TEST_STEP][PASSED] - setText: Text 'hello' is set on object 'Object Repository/Page_KiboPush  Subscribers/input_tagName'

2019-04-22 14:38:34 - [MESSAGE][PASSED] - Text 'hello' is set on object 'Object Repository/Page_KiboPush  Subscribers/input_tagName'

2019-04-22 14:38:34 - [TEST_STEP][PASSED] - click: Object: 'Object Repository/Page_KiboPush  Subscribers/button_Save (1)' is clicked on

2019-04-22 14:38:34 - [MESSAGE][PASSED] - Object: 'Object Repository/Page_KiboPush  Subscribers/button_Save (1)' is clicked on

2019-04-22 14:38:34 - [TEST_STEP][FAILED] - click: Unable to click on object 'Object Repository/Page_KiboPush  Subscribers/div_Tag has been changed' (Root cause: com.kms.katalon.core.webui.exception.WebElementNotFoundException: Web element with id: 'Object Repository/Page_KiboPush  Subscribers/div_Tag has been changed' located by 'By.xpath: //div[(text() = 'Tag has been changed' or . = 'Tag has been changed')]' not found)

2019-04-22 14:39:12 - [MESSAGE][FAILED] - Unable to click on object 'Object Repository/Page_KiboPush  Subscribers/div_Tag has been changed' (Root cause: com.kms.katalon.core.webui.exception.WebElementNotFoundException: Web element with id: 'Object Repository/Page_KiboPush  Subscribers/div_Tag has been changed' located by 'By.xpath: //div[(text() = 'Tag has been changed' or . = 'Tag has been changed')]' not found)
[[ATTACHMENT|C:\\Users\\cloudkibo\\Desktop\\KiboPush_Automated_Testing\\KiboPush Katalon\\Reports\\subscriber\\20190422_143353\\1555925951832.png]]]]></system-out>
         <system-err><![CDATA[2019-04-22 14:38:27 - [TEST_CASE][FAILED] - Test Cases/Subscriber TestCases/TC0666: Test Cases/Subscriber TestCases/TC0666 FAILED because (of) Unable to click on object 'Object Repository/Page_KiboPush  Subscribers/div_Tag has been changed' (Root cause: com.kms.katalon.core.webui.exception.WebElementNotFoundException: Web element with id: 'Object Repository/Page_KiboPush  Subscribers/div_Tag has been changed' located by 'By.xpath: //div[(text() = 'Tag has been changed' or . = 'Tag has been changed')]' not found)]]></system-err>
      </testcase>
      <testcase name="Test Cases/Subscriber TestCases/TC0667" classname="Test Cases/Subscriber TestCases/TC0667" status="PASSED">
         <system-out><![CDATA[2019-04-22 14:39:12 - [TEST_CASE][PASSED] - Test Cases/Subscriber TestCases/TC0667: Test Cases/Subscriber TestCases/TC0667

2019-04-22 14:39:12 - [TEST_STEP][PASSED] - callTestCase: Call Test Case 'Test Cases/s-sidebar_navigation/individualAccount/Subscriber' successfully

2019-04-22 14:39:12 - [TEST_CASE][PASSED] - Test Cases/s-sidebar_navigation/individualAccount/Subscriber: Test Cases/s-sidebar_navigation/individualAccount/Subscriber

2019-04-22 14:39:12 - [TEST_STEP][PASSED] - click: Object: 'Object Repository/Page_KiboPush  Dashboard/span_Dashboard' is clicked on

2019-04-22 14:39:14 - [MESSAGE][PASSED] - Object: 'Object Repository/Page_KiboPush  Dashboard/span_Dashboard' is clicked on

2019-04-22 14:39:14 - [TEST_STEP][PASSED] - delay: Delayed 2 second(s)

2019-04-22 14:39:16 - [MESSAGE][PASSED] - Delayed 2 second(s)

2019-04-22 14:39:16 - [TEST_STEP][PASSED] - click: Object: 'Object Repository/Page_KiboPush  Subscribers/span_Subscribers (5)' is clicked on

2019-04-22 14:39:16 - [MESSAGE][PASSED] - Object: 'Object Repository/Page_KiboPush  Subscribers/span_Subscribers (5)' is clicked on

2019-04-22 14:39:16 - [TEST_STEP][PASSED] - scrollToPosition: Browser is scrolled to position x = 0, y = 0

2019-04-22 14:39:16 - [MESSAGE][PASSED] - Browser is scrolled to position x = 0, y = 0

2019-04-22 14:39:16 - [TEST_STEP][PASSED] - click: Object: 'Object Repository/Page_KiboPush  Subscribers/h3_Manage Subscribers (1)' is clicked on

2019-04-22 14:39:17 - [MESSAGE][PASSED] - Object: 'Object Repository/Page_KiboPush  Subscribers/h3_Manage Subscribers (1)' is clicked on

2019-04-22 14:39:17 - [MESSAGE][PASSED] - Call Test Case 'Test Cases/s-sidebar_navigation/individualAccount/Subscriber' successfully

2019-04-22 14:39:17 - [TEST_STEP][PASSED] - click: Object: 'Object Repository/Page_KiboPush  Subscribers/a_Edit Tags (4)' is clicked on

2019-04-22 14:39:17 - [MESSAGE][PASSED] - Object: 'Object Repository/Page_KiboPush  Subscribers/a_Edit Tags (4)' is clicked on

2019-04-22 14:39:17 - [TEST_STEP][PASSED] - click: Object: 'Object Repository/Page_KiboPush  Subscribers/span_hello (2)' is clicked on

2019-04-22 14:39:18 - [MESSAGE][PASSED] - Object: 'Object Repository/Page_KiboPush  Subscribers/span_hello (2)' is clicked on

2019-04-22 14:39:18 - [TEST_STEP][PASSED] - click: Object: 'Object Repository/Page_KiboPush  Subscribers/button_Edit (1)' is clicked on

2019-04-22 14:39:18 - [MESSAGE][PASSED] - Object: 'Object Repository/Page_KiboPush  Subscribers/button_Edit (1)' is clicked on

2019-04-22 14:39:18 - [TEST_STEP][PASSED] - click: Object: 'Object Repository/Page_KiboEngage  Subscribers/button_Cancel' is clicked on

2019-04-22 14:39:18 - [MESSAGE][PASSED] - Object: 'Object Repository/Page_KiboEngage  Subscribers/button_Cancel' is clicked on

2019-04-22 14:39:18 - [TEST_STEP][PASSED] - click: Object: 'Object Repository/Page_KiboEngage  Subscribers/span_hello (1)' is clicked on

2019-04-22 14:39:19 - [MESSAGE][PASSED] - Object: 'Object Repository/Page_KiboEngage  Subscribers/span_hello (1)' is clicked on]]></system-out>
         <system-err><![CDATA[]]></system-err>
      </testcase>
      <testcase name="Test Cases/Subscriber TestCases/TC0668" classname="Test Cases/Subscriber TestCases/TC0668" status="PASSED">
         <system-out><![CDATA[2019-04-22 14:39:19 - [TEST_CASE][PASSED] - Test Cases/Subscriber TestCases/TC0668: Test Cases/Subscriber TestCases/TC0668

2019-04-22 14:39:19 - [TEST_STEP][PASSED] - callTestCase: Call Test Case 'Test Cases/s-sidebar_navigation/individualAccount/Subscriber' successfully

2019-04-22 14:39:19 - [TEST_CASE][PASSED] - Test Cases/s-sidebar_navigation/individualAccount/Subscriber: Test Cases/s-sidebar_navigation/individualAccount/Subscriber

2019-04-22 14:39:19 - [TEST_STEP][PASSED] - click: Object: 'Object Repository/Page_KiboPush  Dashboard/span_Dashboard' is clicked on

2019-04-22 14:39:20 - [MESSAGE][PASSED] - Object: 'Object Repository/Page_KiboPush  Dashboard/span_Dashboard' is clicked on

2019-04-22 14:39:20 - [TEST_STEP][PASSED] - delay: Delayed 2 second(s)

2019-04-22 14:39:22 - [MESSAGE][PASSED] - Delayed 2 second(s)

2019-04-22 14:39:22 - [TEST_STEP][PASSED] - click: Object: 'Object Repository/Page_KiboPush  Subscribers/span_Subscribers (5)' is clicked on

2019-04-22 14:39:23 - [MESSAGE][PASSED] - Object: 'Object Repository/Page_KiboPush  Subscribers/span_Subscribers (5)' is clicked on

2019-04-22 14:39:23 - [TEST_STEP][PASSED] - scrollToPosition: Browser is scrolled to position x = 0, y = 0

2019-04-22 14:39:23 - [MESSAGE][PASSED] - Browser is scrolled to position x = 0, y = 0

2019-04-22 14:39:23 - [TEST_STEP][PASSED] - click: Object: 'Object Repository/Page_KiboPush  Subscribers/h3_Manage Subscribers (1)' is clicked on

2019-04-22 14:39:23 - [MESSAGE][PASSED] - Object: 'Object Repository/Page_KiboPush  Subscribers/h3_Manage Subscribers (1)' is clicked on

2019-04-22 14:39:23 - [MESSAGE][PASSED] - Call Test Case 'Test Cases/s-sidebar_navigation/individualAccount/Subscriber' successfully

2019-04-22 14:39:23 - [TEST_STEP][PASSED] - click: Object: 'Object Repository/Page_KiboPush  Subscribers/a_Edit Tags (2)' is clicked on

2019-04-22 14:39:23 - [MESSAGE][PASSED] - Object: 'Object Repository/Page_KiboPush  Subscribers/a_Edit Tags (2)' is clicked on

2019-04-22 14:39:23 - [TEST_STEP][PASSED] - click: Object: 'Object Repository/Page_KiboPush  Subscribers/button_Delete (1)' is clicked on

2019-04-22 14:39:24 - [MESSAGE][PASSED] - Object: 'Object Repository/Page_KiboPush  Subscribers/button_Delete (1)' is clicked on]]></system-out>
         <system-err><![CDATA[]]></system-err>
      </testcase>
      <testcase name="Test Cases/Subscriber TestCases/TC0669" classname="Test Cases/Subscriber TestCases/TC0669" status="FAILED">
         <failure type="FAILED" message="Unable to click on object 'Object Repository/Page_KiboPush  Subscribers/button_Cancel (1)' (Root cause: org.openqa.selenium.ElementNotVisibleException: element not visible
  (Session info: chrome=73.0.3683.103)
  (Driver info: chromedriver=2.35.528161 (5b82f2d2aae0ca24b877009200ced9065a772e73),platform=Windows NT 10.0.17134 x86_64) (WARNING: The server did not provide any stacktrace information)
Command duration or timeout: 0 milliseconds
Build info: version: '3.7.1', revision: '8a0099a', time: '2017-11-06T21:07:36.161Z'
System info: host: 'DESKTOP-4M6R1V0', ip: '10.0.2.15', os.name: 'Windows 10', os.arch: 'amd64', os.version: '10.0', java.version: '1.8.0_181'
Driver info: com.kms.katalon.selenium.driver.CChromeDriver
Capabilities {acceptInsecureCerts: false, acceptSslCerts: false, applicationCacheEnabled: false, browserConnectionEnabled: false, browserName: chrome, chrome: {chromedriverVersion: 2.35.528161 (5b82f2d2aae0ca..., userDataDir: C:\Users\CLOUDK~1\AppData\L...}, cssSelectorsEnabled: true, databaseEnabled: false, handlesAlerts: true, hasTouchScreen: false, javascriptEnabled: true, locationContextEnabled: true, mobileEmulationEnabled: false, nativeEvents: true, networkConnectionEnabled: false, pageLoadStrategy: normal, platform: XP, platformName: XP, rotatable: false, setWindowRect: true, takesHeapSnapshot: true, takesScreenshot: true, unexpectedAlertBehaviour: , unhandledPromptBehavior: , version: 73.0.3683.103, webStorageEnabled: true}
Session ID: 5bbae61a4f1bc40632fe6b5b9b6d279d)"/>
         <system-out><![CDATA[2019-04-22 14:39:24 - [TEST_CASE][FAILED] - Test Cases/Subscriber TestCases/TC0669: Test Cases/Subscriber TestCases/TC0669 FAILED because (of) Unable to click on object 'Object Repository/Page_KiboPush  Subscribers/button_Cancel (1)' (Root cause: org.openqa.selenium.ElementNotVisibleException: element not visible
  (Session info: chrome=73.0.3683.103)
  (Driver info: chromedriver=2.35.528161 (5b82f2d2aae0ca24b877009200ced9065a772e73),platform=Windows NT 10.0.17134 x86_64) (WARNING: The server did not provide any stacktrace information)
Command duration or timeout: 0 milliseconds
Build info: version: '3.7.1', revision: '8a0099a', time: '2017-11-06T21:07:36.161Z'
System info: host: 'DESKTOP-4M6R1V0', ip: '10.0.2.15', os.name: 'Windows 10', os.arch: 'amd64', os.version: '10.0', java.version: '1.8.0_181'
Driver info: com.kms.katalon.selenium.driver.CChromeDriver
Capabilities {acceptInsecureCerts: false, acceptSslCerts: false, applicationCacheEnabled: false, browserConnectionEnabled: false, browserName: chrome, chrome: {chromedriverVersion: 2.35.528161 (5b82f2d2aae0ca..., userDataDir: C:\Users\CLOUDK~1\AppData\L...}, cssSelectorsEnabled: true, databaseEnabled: false, handlesAlerts: true, hasTouchScreen: false, javascriptEnabled: true, locationContextEnabled: true, mobileEmulationEnabled: false, nativeEvents: true, networkConnectionEnabled: false, pageLoadStrategy: normal, platform: XP, platformName: XP, rotatable: false, setWindowRect: true, takesHeapSnapshot: true, takesScreenshot: true, unexpectedAlertBehaviour: , unhandledPromptBehavior: , version: 73.0.3683.103, webStorageEnabled: true}
Session ID: 5bbae61a4f1bc40632fe6b5b9b6d279d)

2019-04-22 14:39:24 - [TEST_STEP][PASSED] - callTestCase: Call Test Case 'Test Cases/s-sidebar_navigation/individualAccount/Subscriber' successfully

2019-04-22 14:39:24 - [TEST_CASE][PASSED] - Test Cases/s-sidebar_navigation/individualAccount/Subscriber: Test Cases/s-sidebar_navigation/individualAccount/Subscriber

2019-04-22 14:39:24 - [TEST_STEP][PASSED] - click: Object: 'Object Repository/Page_KiboPush  Dashboard/span_Dashboard' is clicked on

2019-04-22 14:39:25 - [MESSAGE][PASSED] - Object: 'Object Repository/Page_KiboPush  Dashboard/span_Dashboard' is clicked on

2019-04-22 14:39:25 - [TEST_STEP][PASSED] - delay: Delayed 2 second(s)

2019-04-22 14:39:27 - [MESSAGE][PASSED] - Delayed 2 second(s)

2019-04-22 14:39:27 - [TEST_STEP][PASSED] - click: Object: 'Object Repository/Page_KiboPush  Subscribers/span_Subscribers (5)' is clicked on

2019-04-22 14:39:28 - [MESSAGE][PASSED] - Object: 'Object Repository/Page_KiboPush  Subscribers/span_Subscribers (5)' is clicked on

2019-04-22 14:39:28 - [TEST_STEP][PASSED] - scrollToPosition: Browser is scrolled to position x = 0, y = 0

2019-04-22 14:39:28 - [MESSAGE][PASSED] - Browser is scrolled to position x = 0, y = 0

2019-04-22 14:39:28 - [TEST_STEP][PASSED] - click: Object: 'Object Repository/Page_KiboPush  Subscribers/h3_Manage Subscribers (1)' is clicked on

2019-04-22 14:39:29 - [MESSAGE][PASSED] - Object: 'Object Repository/Page_KiboPush  Subscribers/h3_Manage Subscribers (1)' is clicked on

2019-04-22 14:39:29 - [MESSAGE][PASSED] - Call Test Case 'Test Cases/s-sidebar_navigation/individualAccount/Subscriber' successfully

2019-04-22 14:39:29 - [TEST_STEP][PASSED] - click: Object: 'Object Repository/Page_KiboPush  Subscribers/a_Edit Tags (3)' is clicked on

2019-04-22 14:39:30 - [MESSAGE][PASSED] - Object: 'Object Repository/Page_KiboPush  Subscribers/a_Edit Tags (3)' is clicked on

2019-04-22 14:39:30 - [TEST_STEP][PASSED] - click: Object: 'Object Repository/Page_KiboPush  Subscribers/span_hello (1)' is clicked on

2019-04-22 14:39:30 - [MESSAGE][PASSED] - Object: 'Object Repository/Page_KiboPush  Subscribers/span_hello (1)' is clicked on

2019-04-22 14:39:30 - [TEST_STEP][PASSED] - click: Object: 'Object Repository/Page_KiboPush  Subscribers/button_Delete (2)' is clicked on

2019-04-22 14:39:30 - [MESSAGE][PASSED] - Object: 'Object Repository/Page_KiboPush  Subscribers/button_Delete (2)' is clicked on

2019-04-22 14:39:30 - [TEST_STEP][PASSED] - delay: Delayed 1 second(s)

2019-04-22 14:39:31 - [MESSAGE][PASSED] - Delayed 1 second(s)

2019-04-22 14:39:31 - [TEST_STEP][FAILED] - click: Unable to click on object 'Object Repository/Page_KiboPush  Subscribers/button_Cancel (1)' (Root cause: org.openqa.selenium.ElementNotVisibleException: element not visible
  (Session info: chrome=73.0.3683.103)
  (Driver info: chromedriver=2.35.528161 (5b82f2d2aae0ca24b877009200ced9065a772e73),platform=Windows NT 10.0.17134 x86_64) (WARNING: The server did not provide any stacktrace information)
Command duration or timeout: 0 milliseconds
Build info: version: '3.7.1', revision: '8a0099a', time: '2017-11-06T21:07:36.161Z'
System info: host: 'DESKTOP-4M6R1V0', ip: '10.0.2.15', os.name: 'Windows 10', os.arch: 'amd64', os.version: '10.0', java.version: '1.8.0_181'
Driver info: com.kms.katalon.selenium.driver.CChromeDriver
Capabilities {acceptInsecureCerts: false, acceptSslCerts: false, applicationCacheEnabled: false, browserConnectionEnabled: false, browserName: chrome, chrome: {chromedriverVersion: 2.35.528161 (5b82f2d2aae0ca..., userDataDir: C:\Users\CLOUDK~1\AppData\L...}, cssSelectorsEnabled: true, databaseEnabled: false, handlesAlerts: true, hasTouchScreen: false, javascriptEnabled: true, locationContextEnabled: true, mobileEmulationEnabled: false, nativeEvents: true, networkConnectionEnabled: false, pageLoadStrategy: normal, platform: XP, platformName: XP, rotatable: false, setWindowRect: true, takesHeapSnapshot: true, takesScreenshot: true, unexpectedAlertBehaviour: , unhandledPromptBehavior: , version: 73.0.3683.103, webStorageEnabled: true}
Session ID: 5bbae61a4f1bc40632fe6b5b9b6d279d)

2019-04-22 14:39:32 - [MESSAGE][FAILED] - Unable to click on object 'Object Repository/Page_KiboPush  Subscribers/button_Cancel (1)' (Root cause: org.openqa.selenium.ElementNotVisibleException: element not visible
  (Session info: chrome=73.0.3683.103)
  (Driver info: chromedriver=2.35.528161 (5b82f2d2aae0ca24b877009200ced9065a772e73),platform=Windows NT 10.0.17134 x86_64) (WARNING: The server did not provide any stacktrace information)
Command duration or timeout: 0 milliseconds
Build info: version: '3.7.1', revision: '8a0099a', time: '2017-11-06T21:07:36.161Z'
System info: host: 'DESKTOP-4M6R1V0', ip: '10.0.2.15', os.name: 'Windows 10', os.arch: 'amd64', os.version: '10.0', java.version: '1.8.0_181'
Driver info: com.kms.katalon.selenium.driver.CChromeDriver
Capabilities {acceptInsecureCerts: false, acceptSslCerts: false, applicationCacheEnabled: false, browserConnectionEnabled: false, browserName: chrome, chrome: {chromedriverVersion: 2.35.528161 (5b82f2d2aae0ca..., userDataDir: C:\Users\CLOUDK~1\AppData\L...}, cssSelectorsEnabled: true, databaseEnabled: false, handlesAlerts: true, hasTouchScreen: false, javascriptEnabled: true, locationContextEnabled: true, mobileEmulationEnabled: false, nativeEvents: true, networkConnectionEnabled: false, pageLoadStrategy: normal, platform: XP, platformName: XP, rotatable: false, setWindowRect: true, takesHeapSnapshot: true, takesScreenshot: true, unexpectedAlertBehaviour: , unhandledPromptBehavior: , version: 73.0.3683.103, webStorageEnabled: true}
Session ID: 5bbae61a4f1bc40632fe6b5b9b6d279d)
[[ATTACHMENT|C:\\Users\\cloudkibo\\Desktop\\KiboPush_Automated_Testing\\KiboPush Katalon\\Reports\\subscriber\\20190422_143353\\1555925972175.png]]]]></system-out>
         <system-err><![CDATA[2019-04-22 14:39:24 - [TEST_CASE][FAILED] - Test Cases/Subscriber TestCases/TC0669: Test Cases/Subscriber TestCases/TC0669 FAILED because (of) Unable to click on object 'Object Repository/Page_KiboPush  Subscribers/button_Cancel (1)' (Root cause: org.openqa.selenium.ElementNotVisibleException: element not visible
  (Session info: chrome=73.0.3683.103)
  (Driver info: chromedriver=2.35.528161 (5b82f2d2aae0ca24b877009200ced9065a772e73),platform=Windows NT 10.0.17134 x86_64) (WARNING: The server did not provide any stacktrace information)
Command duration or timeout: 0 milliseconds
Build info: version: '3.7.1', revision: '8a0099a', time: '2017-11-06T21:07:36.161Z'
System info: host: 'DESKTOP-4M6R1V0', ip: '10.0.2.15', os.name: 'Windows 10', os.arch: 'amd64', os.version: '10.0', java.version: '1.8.0_181'
Driver info: com.kms.katalon.selenium.driver.CChromeDriver
Capabilities {acceptInsecureCerts: false, acceptSslCerts: false, applicationCacheEnabled: false, browserConnectionEnabled: false, browserName: chrome, chrome: {chromedriverVersion: 2.35.528161 (5b82f2d2aae0ca..., userDataDir: C:\Users\CLOUDK~1\AppData\L...}, cssSelectorsEnabled: true, databaseEnabled: false, handlesAlerts: true, hasTouchScreen: false, javascriptEnabled: true, locationContextEnabled: true, mobileEmulationEnabled: false, nativeEvents: true, networkConnectionEnabled: false, pageLoadStrategy: normal, platform: XP, platformName: XP, rotatable: false, setWindowRect: true, takesHeapSnapshot: true, takesScreenshot: true, unexpectedAlertBehaviour: , unhandledPromptBehavior: , version: 73.0.3683.103, webStorageEnabled: true}
Session ID: 5bbae61a4f1bc40632fe6b5b9b6d279d)]]></system-err>
      </testcase>
      <testcase name="Test Cases/Subscriber TestCases/TC0670" classname="Test Cases/Subscriber TestCases/TC0670" status="PASSED">
         <system-out><![CDATA[2019-04-22 14:39:32 - [TEST_CASE][PASSED] - Test Cases/Subscriber TestCases/TC0670: Test Cases/Subscriber TestCases/TC0670

2019-04-22 14:39:32 - [TEST_STEP][PASSED] - callTestCase: Call Test Case 'Test Cases/s-sidebar_navigation/individualAccount/Subscriber' successfully

2019-04-22 14:39:33 - [TEST_CASE][PASSED] - Test Cases/s-sidebar_navigation/individualAccount/Subscriber: Test Cases/s-sidebar_navigation/individualAccount/Subscriber

2019-04-22 14:39:33 - [TEST_STEP][PASSED] - click: Object: 'Object Repository/Page_KiboPush  Dashboard/span_Dashboard' is clicked on

2019-04-22 14:39:34 - [MESSAGE][PASSED] - Object: 'Object Repository/Page_KiboPush  Dashboard/span_Dashboard' is clicked on

2019-04-22 14:39:34 - [TEST_STEP][PASSED] - delay: Delayed 2 second(s)

2019-04-22 14:39:36 - [MESSAGE][PASSED] - Delayed 2 second(s)

2019-04-22 14:39:36 - [TEST_STEP][PASSED] - click: Object: 'Object Repository/Page_KiboPush  Subscribers/span_Subscribers (5)' is clicked on

2019-04-22 14:39:36 - [MESSAGE][PASSED] - Object: 'Object Repository/Page_KiboPush  Subscribers/span_Subscribers (5)' is clicked on

2019-04-22 14:39:36 - [TEST_STEP][PASSED] - scrollToPosition: Browser is scrolled to position x = 0, y = 0

2019-04-22 14:39:37 - [MESSAGE][PASSED] - Browser is scrolled to position x = 0, y = 0

2019-04-22 14:39:37 - [TEST_STEP][PASSED] - click: Object: 'Object Repository/Page_KiboPush  Subscribers/h3_Manage Subscribers (1)' is clicked on

2019-04-22 14:39:38 - [MESSAGE][PASSED] - Object: 'Object Repository/Page_KiboPush  Subscribers/h3_Manage Subscribers (1)' is clicked on

2019-04-22 14:39:38 - [MESSAGE][PASSED] - Call Test Case 'Test Cases/s-sidebar_navigation/individualAccount/Subscriber' successfully

2019-04-22 14:39:38 - [TEST_STEP][PASSED] - click: Object: 'Object Repository/Page_KiboPush  Subscribers/span_Arveen Maheshwari' is clicked on

2019-04-22 14:39:39 - [MESSAGE][PASSED] - Object: 'Object Repository/Page_KiboPush  Subscribers/span_Arveen Maheshwari' is clicked on

2019-04-22 14:39:39 - [TEST_STEP][PASSED] - delay: Delayed 3 second(s)

2019-04-22 14:39:42 - [MESSAGE][PASSED] - Delayed 3 second(s)

2019-04-22 14:39:42 - [TEST_STEP][PASSED] - click: Object: 'Object Repository/Page_KiboPush  Subscribers/span_Subscribed At' is clicked on

2019-04-22 14:39:42 - [MESSAGE][PASSED] - Object: 'Object Repository/Page_KiboPush  Subscribers/span_Subscribed At' is clicked on

2019-04-22 14:39:42 - [TEST_STEP][PASSED] - click: Object: 'Object Repository/Page_KiboPush  Subscribers/span_Facebook Page' is clicked on

2019-04-22 14:39:42 - [MESSAGE][PASSED] - Object: 'Object Repository/Page_KiboPush  Subscribers/span_Facebook Page' is clicked on

2019-04-22 14:39:42 - [TEST_STEP][PASSED] - click: Object: 'Object Repository/Page_KiboPush  Subscribers/span_Source' is clicked on

2019-04-22 14:39:42 - [MESSAGE][PASSED] - Object: 'Object Repository/Page_KiboPush  Subscribers/span_Source' is clicked on]]></system-out>
         <system-err><![CDATA[]]></system-err>
      </testcase>
      <testcase name="Test Cases/Subscriber TestCases/TC0672" classname="Test Cases/Subscriber TestCases/TC0672" status="FAILED">
         <failure type="FAILED" message="Unable to click on object 'Object Repository/Page_KiboPush  Dashboard/span_Dashboard' (Root cause: org.openqa.selenium.WebDriverException: unknown error: Element &lt;span class=&quot;m-menu__link-text&quot;>...&lt;/span> is not clickable at point (145, 182). Other element would receive the click: &lt;div class=&quot;modal fade show&quot; id=&quot;m_modal_1_2&quot; role=&quot;dialog&quot; aria-labelledby=&quot;exampleModalLabel&quot; style=&quot;background: rgba(33, 37, 41, 0.6); display: block;&quot;>...&lt;/div>
  (Session info: chrome=73.0.3683.103)
  (Driver info: chromedriver=2.35.528161 (5b82f2d2aae0ca24b877009200ced9065a772e73),platform=Windows NT 10.0.17134 x86_64) (WARNING: The server did not provide any stacktrace information)
Command duration or timeout: 0 milliseconds
Build info: version: '3.7.1', revision: '8a0099a', time: '2017-11-06T21:07:36.161Z'
System info: host: 'DESKTOP-4M6R1V0', ip: '10.0.2.15', os.name: 'Windows 10', os.arch: 'amd64', os.version: '10.0', java.version: '1.8.0_181'
Driver info: com.kms.katalon.selenium.driver.CChromeDriver
Capabilities {acceptInsecureCerts: false, acceptSslCerts: false, applicationCacheEnabled: false, browserConnectionEnabled: false, browserName: chrome, chrome: {chromedriverVersion: 2.35.528161 (5b82f2d2aae0ca..., userDataDir: C:\Users\CLOUDK~1\AppData\L...}, cssSelectorsEnabled: true, databaseEnabled: false, handlesAlerts: true, hasTouchScreen: false, javascriptEnabled: true, locationContextEnabled: true, mobileEmulationEnabled: false, nativeEvents: true, networkConnectionEnabled: false, pageLoadStrategy: normal, platform: XP, platformName: XP, rotatable: false, setWindowRect: true, takesHeapSnapshot: true, takesScreenshot: true, unexpectedAlertBehaviour: , unhandledPromptBehavior: , version: 73.0.3683.103, webStorageEnabled: true}
Session ID: 5bbae61a4f1bc40632fe6b5b9b6d279d)"/>
         <system-out><![CDATA[2019-04-22 14:39:42 - [TEST_CASE][FAILED] - Test Cases/Subscriber TestCases/TC0672: Test Cases/Subscriber TestCases/TC0672 FAILED because (of) Unable to click on object 'Object Repository/Page_KiboPush  Dashboard/span_Dashboard' (Root cause: org.openqa.selenium.WebDriverException: unknown error: Element <span class="m-menu__link-text">...</span> is not clickable at point (145, 182). Other element would receive the click: <div class="modal fade show" id="m_modal_1_2" role="dialog" aria-labelledby="exampleModalLabel" style="background: rgba(33, 37, 41, 0.6); display: block;">...</div>
  (Session info: chrome=73.0.3683.103)
  (Driver info: chromedriver=2.35.528161 (5b82f2d2aae0ca24b877009200ced9065a772e73),platform=Windows NT 10.0.17134 x86_64) (WARNING: The server did not provide any stacktrace information)
Command duration or timeout: 0 milliseconds
Build info: version: '3.7.1', revision: '8a0099a', time: '2017-11-06T21:07:36.161Z'
System info: host: 'DESKTOP-4M6R1V0', ip: '10.0.2.15', os.name: 'Windows 10', os.arch: 'amd64', os.version: '10.0', java.version: '1.8.0_181'
Driver info: com.kms.katalon.selenium.driver.CChromeDriver
Capabilities {acceptInsecureCerts: false, acceptSslCerts: false, applicationCacheEnabled: false, browserConnectionEnabled: false, browserName: chrome, chrome: {chromedriverVersion: 2.35.528161 (5b82f2d2aae0ca..., userDataDir: C:\Users\CLOUDK~1\AppData\L...}, cssSelectorsEnabled: true, databaseEnabled: false, handlesAlerts: true, hasTouchScreen: false, javascriptEnabled: true, locationContextEnabled: true, mobileEmulationEnabled: false, nativeEvents: true, networkConnectionEnabled: false, pageLoadStrategy: normal, platform: XP, platformName: XP, rotatable: false, setWindowRect: true, takesHeapSnapshot: true, takesScreenshot: true, unexpectedAlertBehaviour: , unhandledPromptBehavior: , version: 73.0.3683.103, webStorageEnabled: true}
Session ID: 5bbae61a4f1bc40632fe6b5b9b6d279d)

2019-04-22 14:39:42 - [TEST_STEP][FAILED] - callTestCase: Unable to call Test Case with id 'Test Cases/s-sidebar_navigation/individualAccount/Subscriber' (Root cause: Call Test Case 'Test Cases/s-sidebar_navigation/individualAccount/Subscriber' failed)

2019-04-22 14:39:42 - [TEST_CASE][FAILED] - Test Cases/s-sidebar_navigation/individualAccount/Subscriber: Test Cases/s-sidebar_navigation/individualAccount/Subscriber FAILED because (of) Unable to click on object 'Object Repository/Page_KiboPush  Dashboard/span_Dashboard' (Root cause: org.openqa.selenium.WebDriverException: unknown error: Element <span class="m-menu__link-text">...</span> is not clickable at point (145, 182). Other element would receive the click: <div class="modal fade show" id="m_modal_1_2" role="dialog" aria-labelledby="exampleModalLabel" style="background: rgba(33, 37, 41, 0.6); display: block;">...</div>
  (Session info: chrome=73.0.3683.103)
  (Driver info: chromedriver=2.35.528161 (5b82f2d2aae0ca24b877009200ced9065a772e73),platform=Windows NT 10.0.17134 x86_64) (WARNING: The server did not provide any stacktrace information)
Command duration or timeout: 0 milliseconds
Build info: version: '3.7.1', revision: '8a0099a', time: '2017-11-06T21:07:36.161Z'
System info: host: 'DESKTOP-4M6R1V0', ip: '10.0.2.15', os.name: 'Windows 10', os.arch: 'amd64', os.version: '10.0', java.version: '1.8.0_181'
Driver info: com.kms.katalon.selenium.driver.CChromeDriver
Capabilities {acceptInsecureCerts: false, acceptSslCerts: false, applicationCacheEnabled: false, browserConnectionEnabled: false, browserName: chrome, chrome: {chromedriverVersion: 2.35.528161 (5b82f2d2aae0ca..., userDataDir: C:\Users\CLOUDK~1\AppData\L...}, cssSelectorsEnabled: true, databaseEnabled: false, handlesAlerts: true, hasTouchScreen: false, javascriptEnabled: true, locationContextEnabled: true, mobileEmulationEnabled: false, nativeEvents: true, networkConnectionEnabled: false, pageLoadStrategy: normal, platform: XP, platformName: XP, rotatable: false, setWindowRect: true, takesHeapSnapshot: true, takesScreenshot: true, unexpectedAlertBehaviour: , unhandledPromptBehavior: , version: 73.0.3683.103, webStorageEnabled: true}
Session ID: 5bbae61a4f1bc40632fe6b5b9b6d279d)

2019-04-22 14:39:42 - [TEST_STEP][FAILED] - click: Unable to click on object 'Object Repository/Page_KiboPush  Dashboard/span_Dashboard' (Root cause: org.openqa.selenium.WebDriverException: unknown error: Element <span class="m-menu__link-text">...</span> is not clickable at point (145, 182). Other element would receive the click: <div class="modal fade show" id="m_modal_1_2" role="dialog" aria-labelledby="exampleModalLabel" style="background: rgba(33, 37, 41, 0.6); display: block;">...</div>
  (Session info: chrome=73.0.3683.103)
  (Driver info: chromedriver=2.35.528161 (5b82f2d2aae0ca24b877009200ced9065a772e73),platform=Windows NT 10.0.17134 x86_64) (WARNING: The server did not provide any stacktrace information)
Command duration or timeout: 0 milliseconds
Build info: version: '3.7.1', revision: '8a0099a', time: '2017-11-06T21:07:36.161Z'
System info: host: 'DESKTOP-4M6R1V0', ip: '10.0.2.15', os.name: 'Windows 10', os.arch: 'amd64', os.version: '10.0', java.version: '1.8.0_181'
Driver info: com.kms.katalon.selenium.driver.CChromeDriver
Capabilities {acceptInsecureCerts: false, acceptSslCerts: false, applicationCacheEnabled: false, browserConnectionEnabled: false, browserName: chrome, chrome: {chromedriverVersion: 2.35.528161 (5b82f2d2aae0ca..., userDataDir: C:\Users\CLOUDK~1\AppData\L...}, cssSelectorsEnabled: true, databaseEnabled: false, handlesAlerts: true, hasTouchScreen: false, javascriptEnabled: true, locationContextEnabled: true, mobileEmulationEnabled: false, nativeEvents: true, networkConnectionEnabled: false, pageLoadStrategy: normal, platform: XP, platformName: XP, rotatable: false, setWindowRect: true, takesHeapSnapshot: true, takesScreenshot: true, unexpectedAlertBehaviour: , unhandledPromptBehavior: , version: 73.0.3683.103, webStorageEnabled: true}
Session ID: 5bbae61a4f1bc40632fe6b5b9b6d279d)

2019-04-22 14:39:44 - [MESSAGE][FAILED] - Unable to click on object 'Object Repository/Page_KiboPush  Dashboard/span_Dashboard' (Root cause: org.openqa.selenium.WebDriverException: unknown error: Element <span class="m-menu__link-text">...</span> is not clickable at point (145, 182). Other element would receive the click: <div class="modal fade show" id="m_modal_1_2" role="dialog" aria-labelledby="exampleModalLabel" style="background: rgba(33, 37, 41, 0.6); display: block;">...</div>
  (Session info: chrome=73.0.3683.103)
  (Driver info: chromedriver=2.35.528161 (5b82f2d2aae0ca24b877009200ced9065a772e73),platform=Windows NT 10.0.17134 x86_64) (WARNING: The server did not provide any stacktrace information)
Command duration or timeout: 0 milliseconds
Build info: version: '3.7.1', revision: '8a0099a', time: '2017-11-06T21:07:36.161Z'
System info: host: 'DESKTOP-4M6R1V0', ip: '10.0.2.15', os.name: 'Windows 10', os.arch: 'amd64', os.version: '10.0', java.version: '1.8.0_181'
Driver info: com.kms.katalon.selenium.driver.CChromeDriver
Capabilities {acceptInsecureCerts: false, acceptSslCerts: false, applicationCacheEnabled: false, browserConnectionEnabled: false, browserName: chrome, chrome: {chromedriverVersion: 2.35.528161 (5b82f2d2aae0ca..., userDataDir: C:\Users\CLOUDK~1\AppData\L...}, cssSelectorsEnabled: true, databaseEnabled: false, handlesAlerts: true, hasTouchScreen: false, javascriptEnabled: true, locationContextEnabled: true, mobileEmulationEnabled: false, nativeEvents: true, networkConnectionEnabled: false, pageLoadStrategy: normal, platform: XP, platformName: XP, rotatable: false, setWindowRect: true, takesHeapSnapshot: true, takesScreenshot: true, unexpectedAlertBehaviour: , unhandledPromptBehavior: , version: 73.0.3683.103, webStorageEnabled: true}
Session ID: 5bbae61a4f1bc40632fe6b5b9b6d279d)
[[ATTACHMENT|C:\\Users\\cloudkibo\\Desktop\\KiboPush_Automated_Testing\\KiboPush Katalon\\Reports\\subscriber\\20190422_143353\\1555925983520.png]]

2019-04-22 14:39:44 - [MESSAGE][FAILED] - Unable to call Test Case with id 'Test Cases/s-sidebar_navigation/individualAccount/Subscriber' (Root cause: Call Test Case 'Test Cases/s-sidebar_navigation/individualAccount/Subscriber' failed)]]></system-out>
         <system-err><![CDATA[2019-04-22 14:39:42 - [TEST_CASE][FAILED] - Test Cases/Subscriber TestCases/TC0672: Test Cases/Subscriber TestCases/TC0672 FAILED because (of) Unable to click on object 'Object Repository/Page_KiboPush  Dashboard/span_Dashboard' (Root cause: org.openqa.selenium.WebDriverException: unknown error: Element <span class="m-menu__link-text">...</span> is not clickable at point (145, 182). Other element would receive the click: <div class="modal fade show" id="m_modal_1_2" role="dialog" aria-labelledby="exampleModalLabel" style="background: rgba(33, 37, 41, 0.6); display: block;">...</div>
  (Session info: chrome=73.0.3683.103)
  (Driver info: chromedriver=2.35.528161 (5b82f2d2aae0ca24b877009200ced9065a772e73),platform=Windows NT 10.0.17134 x86_64) (WARNING: The server did not provide any stacktrace information)
Command duration or timeout: 0 milliseconds
Build info: version: '3.7.1', revision: '8a0099a', time: '2017-11-06T21:07:36.161Z'
System info: host: 'DESKTOP-4M6R1V0', ip: '10.0.2.15', os.name: 'Windows 10', os.arch: 'amd64', os.version: '10.0', java.version: '1.8.0_181'
Driver info: com.kms.katalon.selenium.driver.CChromeDriver
Capabilities {acceptInsecureCerts: false, acceptSslCerts: false, applicationCacheEnabled: false, browserConnectionEnabled: false, browserName: chrome, chrome: {chromedriverVersion: 2.35.528161 (5b82f2d2aae0ca..., userDataDir: C:\Users\CLOUDK~1\AppData\L...}, cssSelectorsEnabled: true, databaseEnabled: false, handlesAlerts: true, hasTouchScreen: false, javascriptEnabled: true, locationContextEnabled: true, mobileEmulationEnabled: false, nativeEvents: true, networkConnectionEnabled: false, pageLoadStrategy: normal, platform: XP, platformName: XP, rotatable: false, setWindowRect: true, takesHeapSnapshot: true, takesScreenshot: true, unexpectedAlertBehaviour: , unhandledPromptBehavior: , version: 73.0.3683.103, webStorageEnabled: true}
Session ID: 5bbae61a4f1bc40632fe6b5b9b6d279d)]]></system-err>
      </testcase>
      <testcase name="Test Cases/Subscriber TestCases/TC0676" classname="Test Cases/Subscriber TestCases/TC0676" status="FAILED">
         <failure type="FAILED" message="Unable to click on object 'Object Repository/Page_KiboPush  Dashboard/span_Dashboard' (Root cause: org.openqa.selenium.WebDriverException: unknown error: Element &lt;span class=&quot;m-menu__link-text&quot;>...&lt;/span> is not clickable at point (145, 182). Other element would receive the click: &lt;div class=&quot;modal fade show&quot; id=&quot;m_modal_1_2&quot; role=&quot;dialog&quot; aria-labelledby=&quot;exampleModalLabel&quot; style=&quot;background: rgba(33, 37, 41, 0.6); display: block;&quot;>...&lt;/div>
  (Session info: chrome=73.0.3683.103)
  (Driver info: chromedriver=2.35.528161 (5b82f2d2aae0ca24b877009200ced9065a772e73),platform=Windows NT 10.0.17134 x86_64) (WARNING: The server did not provide any stacktrace information)
Command duration or timeout: 0 milliseconds
Build info: version: '3.7.1', revision: '8a0099a', time: '2017-11-06T21:07:36.161Z'
System info: host: 'DESKTOP-4M6R1V0', ip: '10.0.2.15', os.name: 'Windows 10', os.arch: 'amd64', os.version: '10.0', java.version: '1.8.0_181'
Driver info: com.kms.katalon.selenium.driver.CChromeDriver
Capabilities {acceptInsecureCerts: false, acceptSslCerts: false, applicationCacheEnabled: false, browserConnectionEnabled: false, browserName: chrome, chrome: {chromedriverVersion: 2.35.528161 (5b82f2d2aae0ca..., userDataDir: C:\Users\CLOUDK~1\AppData\L...}, cssSelectorsEnabled: true, databaseEnabled: false, handlesAlerts: true, hasTouchScreen: false, javascriptEnabled: true, locationContextEnabled: true, mobileEmulationEnabled: false, nativeEvents: true, networkConnectionEnabled: false, pageLoadStrategy: normal, platform: XP, platformName: XP, rotatable: false, setWindowRect: true, takesHeapSnapshot: true, takesScreenshot: true, unexpectedAlertBehaviour: , unhandledPromptBehavior: , version: 73.0.3683.103, webStorageEnabled: true}
Session ID: 5bbae61a4f1bc40632fe6b5b9b6d279d)"/>
         <system-out><![CDATA[2019-04-22 14:39:44 - [TEST_CASE][FAILED] - Test Cases/Subscriber TestCases/TC0676: Test Cases/Subscriber TestCases/TC0676 FAILED because (of) Unable to click on object 'Object Repository/Page_KiboPush  Dashboard/span_Dashboard' (Root cause: org.openqa.selenium.WebDriverException: unknown error: Element <span class="m-menu__link-text">...</span> is not clickable at point (145, 182). Other element would receive the click: <div class="modal fade show" id="m_modal_1_2" role="dialog" aria-labelledby="exampleModalLabel" style="background: rgba(33, 37, 41, 0.6); display: block;">...</div>
  (Session info: chrome=73.0.3683.103)
  (Driver info: chromedriver=2.35.528161 (5b82f2d2aae0ca24b877009200ced9065a772e73),platform=Windows NT 10.0.17134 x86_64) (WARNING: The server did not provide any stacktrace information)
Command duration or timeout: 0 milliseconds
Build info: version: '3.7.1', revision: '8a0099a', time: '2017-11-06T21:07:36.161Z'
System info: host: 'DESKTOP-4M6R1V0', ip: '10.0.2.15', os.name: 'Windows 10', os.arch: 'amd64', os.version: '10.0', java.version: '1.8.0_181'
Driver info: com.kms.katalon.selenium.driver.CChromeDriver
Capabilities {acceptInsecureCerts: false, acceptSslCerts: false, applicationCacheEnabled: false, browserConnectionEnabled: false, browserName: chrome, chrome: {chromedriverVersion: 2.35.528161 (5b82f2d2aae0ca..., userDataDir: C:\Users\CLOUDK~1\AppData\L...}, cssSelectorsEnabled: true, databaseEnabled: false, handlesAlerts: true, hasTouchScreen: false, javascriptEnabled: true, locationContextEnabled: true, mobileEmulationEnabled: false, nativeEvents: true, networkConnectionEnabled: false, pageLoadStrategy: normal, platform: XP, platformName: XP, rotatable: false, setWindowRect: true, takesHeapSnapshot: true, takesScreenshot: true, unexpectedAlertBehaviour: , unhandledPromptBehavior: , version: 73.0.3683.103, webStorageEnabled: true}
Session ID: 5bbae61a4f1bc40632fe6b5b9b6d279d)

2019-04-22 14:39:44 - [TEST_STEP][FAILED] - callTestCase: Unable to call Test Case with id 'Test Cases/s-sidebar_navigation/individualAccount/Subscriber' (Root cause: Call Test Case 'Test Cases/s-sidebar_navigation/individualAccount/Subscriber' failed)

2019-04-22 14:39:44 - [TEST_CASE][FAILED] - Test Cases/s-sidebar_navigation/individualAccount/Subscriber: Test Cases/s-sidebar_navigation/individualAccount/Subscriber FAILED because (of) Unable to click on object 'Object Repository/Page_KiboPush  Dashboard/span_Dashboard' (Root cause: org.openqa.selenium.WebDriverException: unknown error: Element <span class="m-menu__link-text">...</span> is not clickable at point (145, 182). Other element would receive the click: <div class="modal fade show" id="m_modal_1_2" role="dialog" aria-labelledby="exampleModalLabel" style="background: rgba(33, 37, 41, 0.6); display: block;">...</div>
  (Session info: chrome=73.0.3683.103)
  (Driver info: chromedriver=2.35.528161 (5b82f2d2aae0ca24b877009200ced9065a772e73),platform=Windows NT 10.0.17134 x86_64) (WARNING: The server did not provide any stacktrace information)
Command duration or timeout: 0 milliseconds
Build info: version: '3.7.1', revision: '8a0099a', time: '2017-11-06T21:07:36.161Z'
System info: host: 'DESKTOP-4M6R1V0', ip: '10.0.2.15', os.name: 'Windows 10', os.arch: 'amd64', os.version: '10.0', java.version: '1.8.0_181'
Driver info: com.kms.katalon.selenium.driver.CChromeDriver
Capabilities {acceptInsecureCerts: false, acceptSslCerts: false, applicationCacheEnabled: false, browserConnectionEnabled: false, browserName: chrome, chrome: {chromedriverVersion: 2.35.528161 (5b82f2d2aae0ca..., userDataDir: C:\Users\CLOUDK~1\AppData\L...}, cssSelectorsEnabled: true, databaseEnabled: false, handlesAlerts: true, hasTouchScreen: false, javascriptEnabled: true, locationContextEnabled: true, mobileEmulationEnabled: false, nativeEvents: true, networkConnectionEnabled: false, pageLoadStrategy: normal, platform: XP, platformName: XP, rotatable: false, setWindowRect: true, takesHeapSnapshot: true, takesScreenshot: true, unexpectedAlertBehaviour: , unhandledPromptBehavior: , version: 73.0.3683.103, webStorageEnabled: true}
Session ID: 5bbae61a4f1bc40632fe6b5b9b6d279d)

2019-04-22 14:39:44 - [TEST_STEP][FAILED] - click: Unable to click on object 'Object Repository/Page_KiboPush  Dashboard/span_Dashboard' (Root cause: org.openqa.selenium.WebDriverException: unknown error: Element <span class="m-menu__link-text">...</span> is not clickable at point (145, 182). Other element would receive the click: <div class="modal fade show" id="m_modal_1_2" role="dialog" aria-labelledby="exampleModalLabel" style="background: rgba(33, 37, 41, 0.6); display: block;">...</div>
  (Session info: chrome=73.0.3683.103)
  (Driver info: chromedriver=2.35.528161 (5b82f2d2aae0ca24b877009200ced9065a772e73),platform=Windows NT 10.0.17134 x86_64) (WARNING: The server did not provide any stacktrace information)
Command duration or timeout: 0 milliseconds
Build info: version: '3.7.1', revision: '8a0099a', time: '2017-11-06T21:07:36.161Z'
System info: host: 'DESKTOP-4M6R1V0', ip: '10.0.2.15', os.name: 'Windows 10', os.arch: 'amd64', os.version: '10.0', java.version: '1.8.0_181'
Driver info: com.kms.katalon.selenium.driver.CChromeDriver
Capabilities {acceptInsecureCerts: false, acceptSslCerts: false, applicationCacheEnabled: false, browserConnectionEnabled: false, browserName: chrome, chrome: {chromedriverVersion: 2.35.528161 (5b82f2d2aae0ca..., userDataDir: C:\Users\CLOUDK~1\AppData\L...}, cssSelectorsEnabled: true, databaseEnabled: false, handlesAlerts: true, hasTouchScreen: false, javascriptEnabled: true, locationContextEnabled: true, mobileEmulationEnabled: false, nativeEvents: true, networkConnectionEnabled: false, pageLoadStrategy: normal, platform: XP, platformName: XP, rotatable: false, setWindowRect: true, takesHeapSnapshot: true, takesScreenshot: true, unexpectedAlertBehaviour: , unhandledPromptBehavior: , version: 73.0.3683.103, webStorageEnabled: true}
Session ID: 5bbae61a4f1bc40632fe6b5b9b6d279d)

2019-04-22 14:39:46 - [MESSAGE][FAILED] - Unable to click on object 'Object Repository/Page_KiboPush  Dashboard/span_Dashboard' (Root cause: org.openqa.selenium.WebDriverException: unknown error: Element <span class="m-menu__link-text">...</span> is not clickable at point (145, 182). Other element would receive the click: <div class="modal fade show" id="m_modal_1_2" role="dialog" aria-labelledby="exampleModalLabel" style="background: rgba(33, 37, 41, 0.6); display: block;">...</div>
  (Session info: chrome=73.0.3683.103)
  (Driver info: chromedriver=2.35.528161 (5b82f2d2aae0ca24b877009200ced9065a772e73),platform=Windows NT 10.0.17134 x86_64) (WARNING: The server did not provide any stacktrace information)
Command duration or timeout: 0 milliseconds
Build info: version: '3.7.1', revision: '8a0099a', time: '2017-11-06T21:07:36.161Z'
System info: host: 'DESKTOP-4M6R1V0', ip: '10.0.2.15', os.name: 'Windows 10', os.arch: 'amd64', os.version: '10.0', java.version: '1.8.0_181'
Driver info: com.kms.katalon.selenium.driver.CChromeDriver
Capabilities {acceptInsecureCerts: false, acceptSslCerts: false, applicationCacheEnabled: false, browserConnectionEnabled: false, browserName: chrome, chrome: {chromedriverVersion: 2.35.528161 (5b82f2d2aae0ca..., userDataDir: C:\Users\CLOUDK~1\AppData\L...}, cssSelectorsEnabled: true, databaseEnabled: false, handlesAlerts: true, hasTouchScreen: false, javascriptEnabled: true, locationContextEnabled: true, mobileEmulationEnabled: false, nativeEvents: true, networkConnectionEnabled: false, pageLoadStrategy: normal, platform: XP, platformName: XP, rotatable: false, setWindowRect: true, takesHeapSnapshot: true, takesScreenshot: true, unexpectedAlertBehaviour: , unhandledPromptBehavior: , version: 73.0.3683.103, webStorageEnabled: true}
Session ID: 5bbae61a4f1bc40632fe6b5b9b6d279d)
[[ATTACHMENT|C:\\Users\\cloudkibo\\Desktop\\KiboPush_Automated_Testing\\KiboPush Katalon\\Reports\\subscriber\\20190422_143353\\1555925984468.png]]

2019-04-22 14:39:46 - [MESSAGE][FAILED] - Unable to call Test Case with id 'Test Cases/s-sidebar_navigation/individualAccount/Subscriber' (Root cause: Call Test Case 'Test Cases/s-sidebar_navigation/individualAccount/Subscriber' failed)]]></system-out>
         <system-err><![CDATA[2019-04-22 14:39:44 - [TEST_CASE][FAILED] - Test Cases/Subscriber TestCases/TC0676: Test Cases/Subscriber TestCases/TC0676 FAILED because (of) Unable to click on object 'Object Repository/Page_KiboPush  Dashboard/span_Dashboard' (Root cause: org.openqa.selenium.WebDriverException: unknown error: Element <span class="m-menu__link-text">...</span> is not clickable at point (145, 182). Other element would receive the click: <div class="modal fade show" id="m_modal_1_2" role="dialog" aria-labelledby="exampleModalLabel" style="background: rgba(33, 37, 41, 0.6); display: block;">...</div>
  (Session info: chrome=73.0.3683.103)
  (Driver info: chromedriver=2.35.528161 (5b82f2d2aae0ca24b877009200ced9065a772e73),platform=Windows NT 10.0.17134 x86_64) (WARNING: The server did not provide any stacktrace information)
Command duration or timeout: 0 milliseconds
Build info: version: '3.7.1', revision: '8a0099a', time: '2017-11-06T21:07:36.161Z'
System info: host: 'DESKTOP-4M6R1V0', ip: '10.0.2.15', os.name: 'Windows 10', os.arch: 'amd64', os.version: '10.0', java.version: '1.8.0_181'
Driver info: com.kms.katalon.selenium.driver.CChromeDriver
Capabilities {acceptInsecureCerts: false, acceptSslCerts: false, applicationCacheEnabled: false, browserConnectionEnabled: false, browserName: chrome, chrome: {chromedriverVersion: 2.35.528161 (5b82f2d2aae0ca..., userDataDir: C:\Users\CLOUDK~1\AppData\L...}, cssSelectorsEnabled: true, databaseEnabled: false, handlesAlerts: true, hasTouchScreen: false, javascriptEnabled: true, locationContextEnabled: true, mobileEmulationEnabled: false, nativeEvents: true, networkConnectionEnabled: false, pageLoadStrategy: normal, platform: XP, platformName: XP, rotatable: false, setWindowRect: true, takesHeapSnapshot: true, takesScreenshot: true, unexpectedAlertBehaviour: , unhandledPromptBehavior: , version: 73.0.3683.103, webStorageEnabled: true}
Session ID: 5bbae61a4f1bc40632fe6b5b9b6d279d)]]></system-err>
      </testcase>
      <testcase name="Test Cases/Subscriber TestCases/TC0678" classname="Test Cases/Subscriber TestCases/TC0678" status="FAILED">
         <failure type="FAILED" message="Unable to click on object 'Object Repository/Page_KiboPush  Dashboard/span_Dashboard' (Root cause: org.openqa.selenium.WebDriverException: unknown error: Element &lt;span class=&quot;m-menu__link-text&quot;>...&lt;/span> is not clickable at point (145, 182). Other element would receive the click: &lt;div class=&quot;modal fade show&quot; id=&quot;m_modal_1_2&quot; role=&quot;dialog&quot; aria-labelledby=&quot;exampleModalLabel&quot; style=&quot;background: rgba(33, 37, 41, 0.6); display: block;&quot;>...&lt;/div>
  (Session info: chrome=73.0.3683.103)
  (Driver info: chromedriver=2.35.528161 (5b82f2d2aae0ca24b877009200ced9065a772e73),platform=Windows NT 10.0.17134 x86_64) (WARNING: The server did not provide any stacktrace information)
Command duration or timeout: 0 milliseconds
Build info: version: '3.7.1', revision: '8a0099a', time: '2017-11-06T21:07:36.161Z'
System info: host: 'DESKTOP-4M6R1V0', ip: '10.0.2.15', os.name: 'Windows 10', os.arch: 'amd64', os.version: '10.0', java.version: '1.8.0_181'
Driver info: com.kms.katalon.selenium.driver.CChromeDriver
Capabilities {acceptInsecureCerts: false, acceptSslCerts: false, applicationCacheEnabled: false, browserConnectionEnabled: false, browserName: chrome, chrome: {chromedriverVersion: 2.35.528161 (5b82f2d2aae0ca..., userDataDir: C:\Users\CLOUDK~1\AppData\L...}, cssSelectorsEnabled: true, databaseEnabled: false, handlesAlerts: true, hasTouchScreen: false, javascriptEnabled: true, locationContextEnabled: true, mobileEmulationEnabled: false, nativeEvents: true, networkConnectionEnabled: false, pageLoadStrategy: normal, platform: XP, platformName: XP, rotatable: false, setWindowRect: true, takesHeapSnapshot: true, takesScreenshot: true, unexpectedAlertBehaviour: , unhandledPromptBehavior: , version: 73.0.3683.103, webStorageEnabled: true}
Session ID: 5bbae61a4f1bc40632fe6b5b9b6d279d)"/>
         <system-out><![CDATA[2019-04-22 14:39:46 - [TEST_CASE][FAILED] - Test Cases/Subscriber TestCases/TC0678: Test Cases/Subscriber TestCases/TC0678 FAILED because (of) Unable to click on object 'Object Repository/Page_KiboPush  Dashboard/span_Dashboard' (Root cause: org.openqa.selenium.WebDriverException: unknown error: Element <span class="m-menu__link-text">...</span> is not clickable at point (145, 182). Other element would receive the click: <div class="modal fade show" id="m_modal_1_2" role="dialog" aria-labelledby="exampleModalLabel" style="background: rgba(33, 37, 41, 0.6); display: block;">...</div>
  (Session info: chrome=73.0.3683.103)
  (Driver info: chromedriver=2.35.528161 (5b82f2d2aae0ca24b877009200ced9065a772e73),platform=Windows NT 10.0.17134 x86_64) (WARNING: The server did not provide any stacktrace information)
Command duration or timeout: 0 milliseconds
Build info: version: '3.7.1', revision: '8a0099a', time: '2017-11-06T21:07:36.161Z'
System info: host: 'DESKTOP-4M6R1V0', ip: '10.0.2.15', os.name: 'Windows 10', os.arch: 'amd64', os.version: '10.0', java.version: '1.8.0_181'
Driver info: com.kms.katalon.selenium.driver.CChromeDriver
Capabilities {acceptInsecureCerts: false, acceptSslCerts: false, applicationCacheEnabled: false, browserConnectionEnabled: false, browserName: chrome, chrome: {chromedriverVersion: 2.35.528161 (5b82f2d2aae0ca..., userDataDir: C:\Users\CLOUDK~1\AppData\L...}, cssSelectorsEnabled: true, databaseEnabled: false, handlesAlerts: true, hasTouchScreen: false, javascriptEnabled: true, locationContextEnabled: true, mobileEmulationEnabled: false, nativeEvents: true, networkConnectionEnabled: false, pageLoadStrategy: normal, platform: XP, platformName: XP, rotatable: false, setWindowRect: true, takesHeapSnapshot: true, takesScreenshot: true, unexpectedAlertBehaviour: , unhandledPromptBehavior: , version: 73.0.3683.103, webStorageEnabled: true}
Session ID: 5bbae61a4f1bc40632fe6b5b9b6d279d)

2019-04-22 14:39:46 - [TEST_STEP][FAILED] - callTestCase: Unable to call Test Case with id 'Test Cases/s-sidebar_navigation/individualAccount/Subscriber' (Root cause: Call Test Case 'Test Cases/s-sidebar_navigation/individualAccount/Subscriber' failed)

2019-04-22 14:39:46 - [TEST_CASE][FAILED] - Test Cases/s-sidebar_navigation/individualAccount/Subscriber: Test Cases/s-sidebar_navigation/individualAccount/Subscriber FAILED because (of) Unable to click on object 'Object Repository/Page_KiboPush  Dashboard/span_Dashboard' (Root cause: org.openqa.selenium.WebDriverException: unknown error: Element <span class="m-menu__link-text">...</span> is not clickable at point (145, 182). Other element would receive the click: <div class="modal fade show" id="m_modal_1_2" role="dialog" aria-labelledby="exampleModalLabel" style="background: rgba(33, 37, 41, 0.6); display: block;">...</div>
  (Session info: chrome=73.0.3683.103)
  (Driver info: chromedriver=2.35.528161 (5b82f2d2aae0ca24b877009200ced9065a772e73),platform=Windows NT 10.0.17134 x86_64) (WARNING: The server did not provide any stacktrace information)
Command duration or timeout: 0 milliseconds
Build info: version: '3.7.1', revision: '8a0099a', time: '2017-11-06T21:07:36.161Z'
System info: host: 'DESKTOP-4M6R1V0', ip: '10.0.2.15', os.name: 'Windows 10', os.arch: 'amd64', os.version: '10.0', java.version: '1.8.0_181'
Driver info: com.kms.katalon.selenium.driver.CChromeDriver
Capabilities {acceptInsecureCerts: false, acceptSslCerts: false, applicationCacheEnabled: false, browserConnectionEnabled: false, browserName: chrome, chrome: {chromedriverVersion: 2.35.528161 (5b82f2d2aae0ca..., userDataDir: C:\Users\CLOUDK~1\AppData\L...}, cssSelectorsEnabled: true, databaseEnabled: false, handlesAlerts: true, hasTouchScreen: false, javascriptEnabled: true, locationContextEnabled: true, mobileEmulationEnabled: false, nativeEvents: true, networkConnectionEnabled: false, pageLoadStrategy: normal, platform: XP, platformName: XP, rotatable: false, setWindowRect: true, takesHeapSnapshot: true, takesScreenshot: true, unexpectedAlertBehaviour: , unhandledPromptBehavior: , version: 73.0.3683.103, webStorageEnabled: true}
Session ID: 5bbae61a4f1bc40632fe6b5b9b6d279d)

2019-04-22 14:39:46 - [TEST_STEP][FAILED] - click: Unable to click on object 'Object Repository/Page_KiboPush  Dashboard/span_Dashboard' (Root cause: org.openqa.selenium.WebDriverException: unknown error: Element <span class="m-menu__link-text">...</span> is not clickable at point (145, 182). Other element would receive the click: <div class="modal fade show" id="m_modal_1_2" role="dialog" aria-labelledby="exampleModalLabel" style="background: rgba(33, 37, 41, 0.6); display: block;">...</div>
  (Session info: chrome=73.0.3683.103)
  (Driver info: chromedriver=2.35.528161 (5b82f2d2aae0ca24b877009200ced9065a772e73),platform=Windows NT 10.0.17134 x86_64) (WARNING: The server did not provide any stacktrace information)
Command duration or timeout: 0 milliseconds
Build info: version: '3.7.1', revision: '8a0099a', time: '2017-11-06T21:07:36.161Z'
System info: host: 'DESKTOP-4M6R1V0', ip: '10.0.2.15', os.name: 'Windows 10', os.arch: 'amd64', os.version: '10.0', java.version: '1.8.0_181'
Driver info: com.kms.katalon.selenium.driver.CChromeDriver
Capabilities {acceptInsecureCerts: false, acceptSslCerts: false, applicationCacheEnabled: false, browserConnectionEnabled: false, browserName: chrome, chrome: {chromedriverVersion: 2.35.528161 (5b82f2d2aae0ca..., userDataDir: C:\Users\CLOUDK~1\AppData\L...}, cssSelectorsEnabled: true, databaseEnabled: false, handlesAlerts: true, hasTouchScreen: false, javascriptEnabled: true, locationContextEnabled: true, mobileEmulationEnabled: false, nativeEvents: true, networkConnectionEnabled: false, pageLoadStrategy: normal, platform: XP, platformName: XP, rotatable: false, setWindowRect: true, takesHeapSnapshot: true, takesScreenshot: true, unexpectedAlertBehaviour: , unhandledPromptBehavior: , version: 73.0.3683.103, webStorageEnabled: true}
Session ID: 5bbae61a4f1bc40632fe6b5b9b6d279d)

2019-04-22 14:39:48 - [MESSAGE][FAILED] - Unable to click on object 'Object Repository/Page_KiboPush  Dashboard/span_Dashboard' (Root cause: org.openqa.selenium.WebDriverException: unknown error: Element <span class="m-menu__link-text">...</span> is not clickable at point (145, 182). Other element would receive the click: <div class="modal fade show" id="m_modal_1_2" role="dialog" aria-labelledby="exampleModalLabel" style="background: rgba(33, 37, 41, 0.6); display: block;">...</div>
  (Session info: chrome=73.0.3683.103)
  (Driver info: chromedriver=2.35.528161 (5b82f2d2aae0ca24b877009200ced9065a772e73),platform=Windows NT 10.0.17134 x86_64) (WARNING: The server did not provide any stacktrace information)
Command duration or timeout: 0 milliseconds
Build info: version: '3.7.1', revision: '8a0099a', time: '2017-11-06T21:07:36.161Z'
System info: host: 'DESKTOP-4M6R1V0', ip: '10.0.2.15', os.name: 'Windows 10', os.arch: 'amd64', os.version: '10.0', java.version: '1.8.0_181'
Driver info: com.kms.katalon.selenium.driver.CChromeDriver
Capabilities {acceptInsecureCerts: false, acceptSslCerts: false, applicationCacheEnabled: false, browserConnectionEnabled: false, browserName: chrome, chrome: {chromedriverVersion: 2.35.528161 (5b82f2d2aae0ca..., userDataDir: C:\Users\CLOUDK~1\AppData\L...}, cssSelectorsEnabled: true, databaseEnabled: false, handlesAlerts: true, hasTouchScreen: false, javascriptEnabled: true, locationContextEnabled: true, mobileEmulationEnabled: false, nativeEvents: true, networkConnectionEnabled: false, pageLoadStrategy: normal, platform: XP, platformName: XP, rotatable: false, setWindowRect: true, takesHeapSnapshot: true, takesScreenshot: true, unexpectedAlertBehaviour: , unhandledPromptBehavior: , version: 73.0.3683.103, webStorageEnabled: true}
Session ID: 5bbae61a4f1bc40632fe6b5b9b6d279d)
[[ATTACHMENT|C:\\Users\\cloudkibo\\Desktop\\KiboPush_Automated_Testing\\KiboPush Katalon\\Reports\\subscriber\\20190422_143353\\1555925987223.png]]

2019-04-22 14:39:48 - [MESSAGE][FAILED] - Unable to call Test Case with id 'Test Cases/s-sidebar_navigation/individualAccount/Subscriber' (Root cause: Call Test Case 'Test Cases/s-sidebar_navigation/individualAccount/Subscriber' failed)]]></system-out>
         <system-err><![CDATA[2019-04-22 14:39:46 - [TEST_CASE][FAILED] - Test Cases/Subscriber TestCases/TC0678: Test Cases/Subscriber TestCases/TC0678 FAILED because (of) Unable to click on object 'Object Repository/Page_KiboPush  Dashboard/span_Dashboard' (Root cause: org.openqa.selenium.WebDriverException: unknown error: Element <span class="m-menu__link-text">...</span> is not clickable at point (145, 182). Other element would receive the click: <div class="modal fade show" id="m_modal_1_2" role="dialog" aria-labelledby="exampleModalLabel" style="background: rgba(33, 37, 41, 0.6); display: block;">...</div>
  (Session info: chrome=73.0.3683.103)
  (Driver info: chromedriver=2.35.528161 (5b82f2d2aae0ca24b877009200ced9065a772e73),platform=Windows NT 10.0.17134 x86_64) (WARNING: The server did not provide any stacktrace information)
Command duration or timeout: 0 milliseconds
Build info: version: '3.7.1', revision: '8a0099a', time: '2017-11-06T21:07:36.161Z'
System info: host: 'DESKTOP-4M6R1V0', ip: '10.0.2.15', os.name: 'Windows 10', os.arch: 'amd64', os.version: '10.0', java.version: '1.8.0_181'
Driver info: com.kms.katalon.selenium.driver.CChromeDriver
Capabilities {acceptInsecureCerts: false, acceptSslCerts: false, applicationCacheEnabled: false, browserConnectionEnabled: false, browserName: chrome, chrome: {chromedriverVersion: 2.35.528161 (5b82f2d2aae0ca..., userDataDir: C:\Users\CLOUDK~1\AppData\L...}, cssSelectorsEnabled: true, databaseEnabled: false, handlesAlerts: true, hasTouchScreen: false, javascriptEnabled: true, locationContextEnabled: true, mobileEmulationEnabled: false, nativeEvents: true, networkConnectionEnabled: false, pageLoadStrategy: normal, platform: XP, platformName: XP, rotatable: false, setWindowRect: true, takesHeapSnapshot: true, takesScreenshot: true, unexpectedAlertBehaviour: , unhandledPromptBehavior: , version: 73.0.3683.103, webStorageEnabled: true}
Session ID: 5bbae61a4f1bc40632fe6b5b9b6d279d)]]></system-err>
      </testcase>
      <testcase name="Test Cases/Subscriber TestCases/TC0679" classname="Test Cases/Subscriber TestCases/TC0679" status="FAILED">
         <failure type="FAILED" message="Unable to click on object 'Object Repository/Page_KiboPush  Dashboard/span_Dashboard' (Root cause: org.openqa.selenium.WebDriverException: unknown error: Element &lt;span class=&quot;m-menu__link-text&quot;>...&lt;/span> is not clickable at point (145, 182). Other element would receive the click: &lt;div class=&quot;modal fade show&quot; id=&quot;m_modal_1_2&quot; role=&quot;dialog&quot; aria-labelledby=&quot;exampleModalLabel&quot; style=&quot;background: rgba(33, 37, 41, 0.6); display: block;&quot;>...&lt;/div>
  (Session info: chrome=73.0.3683.103)
  (Driver info: chromedriver=2.35.528161 (5b82f2d2aae0ca24b877009200ced9065a772e73),platform=Windows NT 10.0.17134 x86_64) (WARNING: The server did not provide any stacktrace information)
Command duration or timeout: 0 milliseconds
Build info: version: '3.7.1', revision: '8a0099a', time: '2017-11-06T21:07:36.161Z'
System info: host: 'DESKTOP-4M6R1V0', ip: '10.0.2.15', os.name: 'Windows 10', os.arch: 'amd64', os.version: '10.0', java.version: '1.8.0_181'
Driver info: com.kms.katalon.selenium.driver.CChromeDriver
Capabilities {acceptInsecureCerts: false, acceptSslCerts: false, applicationCacheEnabled: false, browserConnectionEnabled: false, browserName: chrome, chrome: {chromedriverVersion: 2.35.528161 (5b82f2d2aae0ca..., userDataDir: C:\Users\CLOUDK~1\AppData\L...}, cssSelectorsEnabled: true, databaseEnabled: false, handlesAlerts: true, hasTouchScreen: false, javascriptEnabled: true, locationContextEnabled: true, mobileEmulationEnabled: false, nativeEvents: true, networkConnectionEnabled: false, pageLoadStrategy: normal, platform: XP, platformName: XP, rotatable: false, setWindowRect: true, takesHeapSnapshot: true, takesScreenshot: true, unexpectedAlertBehaviour: , unhandledPromptBehavior: , version: 73.0.3683.103, webStorageEnabled: true}
Session ID: 5bbae61a4f1bc40632fe6b5b9b6d279d)"/>
         <system-out><![CDATA[2019-04-22 14:39:48 - [TEST_CASE][FAILED] - Test Cases/Subscriber TestCases/TC0679: Test Cases/Subscriber TestCases/TC0679 FAILED because (of) Unable to click on object 'Object Repository/Page_KiboPush  Dashboard/span_Dashboard' (Root cause: org.openqa.selenium.WebDriverException: unknown error: Element <span class="m-menu__link-text">...</span> is not clickable at point (145, 182). Other element would receive the click: <div class="modal fade show" id="m_modal_1_2" role="dialog" aria-labelledby="exampleModalLabel" style="background: rgba(33, 37, 41, 0.6); display: block;">...</div>
  (Session info: chrome=73.0.3683.103)
  (Driver info: chromedriver=2.35.528161 (5b82f2d2aae0ca24b877009200ced9065a772e73),platform=Windows NT 10.0.17134 x86_64) (WARNING: The server did not provide any stacktrace information)
Command duration or timeout: 0 milliseconds
Build info: version: '3.7.1', revision: '8a0099a', time: '2017-11-06T21:07:36.161Z'
System info: host: 'DESKTOP-4M6R1V0', ip: '10.0.2.15', os.name: 'Windows 10', os.arch: 'amd64', os.version: '10.0', java.version: '1.8.0_181'
Driver info: com.kms.katalon.selenium.driver.CChromeDriver
Capabilities {acceptInsecureCerts: false, acceptSslCerts: false, applicationCacheEnabled: false, browserConnectionEnabled: false, browserName: chrome, chrome: {chromedriverVersion: 2.35.528161 (5b82f2d2aae0ca..., userDataDir: C:\Users\CLOUDK~1\AppData\L...}, cssSelectorsEnabled: true, databaseEnabled: false, handlesAlerts: true, hasTouchScreen: false, javascriptEnabled: true, locationContextEnabled: true, mobileEmulationEnabled: false, nativeEvents: true, networkConnectionEnabled: false, pageLoadStrategy: normal, platform: XP, platformName: XP, rotatable: false, setWindowRect: true, takesHeapSnapshot: true, takesScreenshot: true, unexpectedAlertBehaviour: , unhandledPromptBehavior: , version: 73.0.3683.103, webStorageEnabled: true}
Session ID: 5bbae61a4f1bc40632fe6b5b9b6d279d)

2019-04-22 14:39:48 - [TEST_STEP][FAILED] - callTestCase: Unable to call Test Case with id 'Test Cases/Subscriber TestCases/TC0678' (Root cause: Call Test Case 'Test Cases/Subscriber TestCases/TC0678' failed)

2019-04-22 14:39:48 - [TEST_CASE][FAILED] - Test Cases/Subscriber TestCases/TC0678: Test Cases/Subscriber TestCases/TC0678 FAILED because (of) Unable to click on object 'Object Repository/Page_KiboPush  Dashboard/span_Dashboard' (Root cause: org.openqa.selenium.WebDriverException: unknown error: Element <span class="m-menu__link-text">...</span> is not clickable at point (145, 182). Other element would receive the click: <div class="modal fade show" id="m_modal_1_2" role="dialog" aria-labelledby="exampleModalLabel" style="background: rgba(33, 37, 41, 0.6); display: block;">...</div>
  (Session info: chrome=73.0.3683.103)
  (Driver info: chromedriver=2.35.528161 (5b82f2d2aae0ca24b877009200ced9065a772e73),platform=Windows NT 10.0.17134 x86_64) (WARNING: The server did not provide any stacktrace information)
Command duration or timeout: 0 milliseconds
Build info: version: '3.7.1', revision: '8a0099a', time: '2017-11-06T21:07:36.161Z'
System info: host: 'DESKTOP-4M6R1V0', ip: '10.0.2.15', os.name: 'Windows 10', os.arch: 'amd64', os.version: '10.0', java.version: '1.8.0_181'
Driver info: com.kms.katalon.selenium.driver.CChromeDriver
Capabilities {acceptInsecureCerts: false, acceptSslCerts: false, applicationCacheEnabled: false, browserConnectionEnabled: false, browserName: chrome, chrome: {chromedriverVersion: 2.35.528161 (5b82f2d2aae0ca..., userDataDir: C:\Users\CLOUDK~1\AppData\L...}, cssSelectorsEnabled: true, databaseEnabled: false, handlesAlerts: true, hasTouchScreen: false, javascriptEnabled: true, locationContextEnabled: true, mobileEmulationEnabled: false, nativeEvents: true, networkConnectionEnabled: false, pageLoadStrategy: normal, platform: XP, platformName: XP, rotatable: false, setWindowRect: true, takesHeapSnapshot: true, takesScreenshot: true, unexpectedAlertBehaviour: , unhandledPromptBehavior: , version: 73.0.3683.103, webStorageEnabled: true}
Session ID: 5bbae61a4f1bc40632fe6b5b9b6d279d)

2019-04-22 14:39:48 - [TEST_STEP][FAILED] - callTestCase: Unable to call Test Case with id 'Test Cases/s-sidebar_navigation/individualAccount/Subscriber' (Root cause: Call Test Case 'Test Cases/s-sidebar_navigation/individualAccount/Subscriber' failed)

2019-04-22 14:39:48 - [TEST_CASE][FAILED] - Test Cases/s-sidebar_navigation/individualAccount/Subscriber: Test Cases/s-sidebar_navigation/individualAccount/Subscriber FAILED because (of) Unable to click on object 'Object Repository/Page_KiboPush  Dashboard/span_Dashboard' (Root cause: org.openqa.selenium.WebDriverException: unknown error: Element <span class="m-menu__link-text">...</span> is not clickable at point (145, 182). Other element would receive the click: <div class="modal fade show" id="m_modal_1_2" role="dialog" aria-labelledby="exampleModalLabel" style="background: rgba(33, 37, 41, 0.6); display: block;">...</div>
  (Session info: chrome=73.0.3683.103)
  (Driver info: chromedriver=2.35.528161 (5b82f2d2aae0ca24b877009200ced9065a772e73),platform=Windows NT 10.0.17134 x86_64) (WARNING: The server did not provide any stacktrace information)
Command duration or timeout: 0 milliseconds
Build info: version: '3.7.1', revision: '8a0099a', time: '2017-11-06T21:07:36.161Z'
System info: host: 'DESKTOP-4M6R1V0', ip: '10.0.2.15', os.name: 'Windows 10', os.arch: 'amd64', os.version: '10.0', java.version: '1.8.0_181'
Driver info: com.kms.katalon.selenium.driver.CChromeDriver
Capabilities {acceptInsecureCerts: false, acceptSslCerts: false, applicationCacheEnabled: false, browserConnectionEnabled: false, browserName: chrome, chrome: {chromedriverVersion: 2.35.528161 (5b82f2d2aae0ca..., userDataDir: C:\Users\CLOUDK~1\AppData\L...}, cssSelectorsEnabled: true, databaseEnabled: false, handlesAlerts: true, hasTouchScreen: false, javascriptEnabled: true, locationContextEnabled: true, mobileEmulationEnabled: false, nativeEvents: true, networkConnectionEnabled: false, pageLoadStrategy: normal, platform: XP, platformName: XP, rotatable: false, setWindowRect: true, takesHeapSnapshot: true, takesScreenshot: true, unexpectedAlertBehaviour: , unhandledPromptBehavior: , version: 73.0.3683.103, webStorageEnabled: true}
Session ID: 5bbae61a4f1bc40632fe6b5b9b6d279d)

2019-04-22 14:39:48 - [TEST_STEP][FAILED] - click: Unable to click on object 'Object Repository/Page_KiboPush  Dashboard/span_Dashboard' (Root cause: org.openqa.selenium.WebDriverException: unknown error: Element <span class="m-menu__link-text">...</span> is not clickable at point (145, 182). Other element would receive the click: <div class="modal fade show" id="m_modal_1_2" role="dialog" aria-labelledby="exampleModalLabel" style="background: rgba(33, 37, 41, 0.6); display: block;">...</div>
  (Session info: chrome=73.0.3683.103)
  (Driver info: chromedriver=2.35.528161 (5b82f2d2aae0ca24b877009200ced9065a772e73),platform=Windows NT 10.0.17134 x86_64) (WARNING: The server did not provide any stacktrace information)
Command duration or timeout: 0 milliseconds
Build info: version: '3.7.1', revision: '8a0099a', time: '2017-11-06T21:07:36.161Z'
System info: host: 'DESKTOP-4M6R1V0', ip: '10.0.2.15', os.name: 'Windows 10', os.arch: 'amd64', os.version: '10.0', java.version: '1.8.0_181'
Driver info: com.kms.katalon.selenium.driver.CChromeDriver
Capabilities {acceptInsecureCerts: false, acceptSslCerts: false, applicationCacheEnabled: false, browserConnectionEnabled: false, browserName: chrome, chrome: {chromedriverVersion: 2.35.528161 (5b82f2d2aae0ca..., userDataDir: C:\Users\CLOUDK~1\AppData\L...}, cssSelectorsEnabled: true, databaseEnabled: false, handlesAlerts: true, hasTouchScreen: false, javascriptEnabled: true, locationContextEnabled: true, mobileEmulationEnabled: false, nativeEvents: true, networkConnectionEnabled: false, pageLoadStrategy: normal, platform: XP, platformName: XP, rotatable: false, setWindowRect: true, takesHeapSnapshot: true, takesScreenshot: true, unexpectedAlertBehaviour: , unhandledPromptBehavior: , version: 73.0.3683.103, webStorageEnabled: true}
Session ID: 5bbae61a4f1bc40632fe6b5b9b6d279d)

2019-04-22 14:39:49 - [MESSAGE][FAILED] - Unable to click on object 'Object Repository/Page_KiboPush  Dashboard/span_Dashboard' (Root cause: org.openqa.selenium.WebDriverException: unknown error: Element <span class="m-menu__link-text">...</span> is not clickable at point (145, 182). Other element would receive the click: <div class="modal fade show" id="m_modal_1_2" role="dialog" aria-labelledby="exampleModalLabel" style="background: rgba(33, 37, 41, 0.6); display: block;">...</div>
  (Session info: chrome=73.0.3683.103)
  (Driver info: chromedriver=2.35.528161 (5b82f2d2aae0ca24b877009200ced9065a772e73),platform=Windows NT 10.0.17134 x86_64) (WARNING: The server did not provide any stacktrace information)
Command duration or timeout: 0 milliseconds
Build info: version: '3.7.1', revision: '8a0099a', time: '2017-11-06T21:07:36.161Z'
System info: host: 'DESKTOP-4M6R1V0', ip: '10.0.2.15', os.name: 'Windows 10', os.arch: 'amd64', os.version: '10.0', java.version: '1.8.0_181'
Driver info: com.kms.katalon.selenium.driver.CChromeDriver
Capabilities {acceptInsecureCerts: false, acceptSslCerts: false, applicationCacheEnabled: false, browserConnectionEnabled: false, browserName: chrome, chrome: {chromedriverVersion: 2.35.528161 (5b82f2d2aae0ca..., userDataDir: C:\Users\CLOUDK~1\AppData\L...}, cssSelectorsEnabled: true, databaseEnabled: false, handlesAlerts: true, hasTouchScreen: false, javascriptEnabled: true, locationContextEnabled: true, mobileEmulationEnabled: false, nativeEvents: true, networkConnectionEnabled: false, pageLoadStrategy: normal, platform: XP, platformName: XP, rotatable: false, setWindowRect: true, takesHeapSnapshot: true, takesScreenshot: true, unexpectedAlertBehaviour: , unhandledPromptBehavior: , version: 73.0.3683.103, webStorageEnabled: true}
Session ID: 5bbae61a4f1bc40632fe6b5b9b6d279d)
[[ATTACHMENT|C:\\Users\\cloudkibo\\Desktop\\KiboPush_Automated_Testing\\KiboPush Katalon\\Reports\\subscriber\\20190422_143353\\1555925988825.png]]

2019-04-22 14:39:49 - [MESSAGE][FAILED] - Unable to call Test Case with id 'Test Cases/s-sidebar_navigation/individualAccount/Subscriber' (Root cause: Call Test Case 'Test Cases/s-sidebar_navigation/individualAccount/Subscriber' failed)

2019-04-22 14:39:49 - [MESSAGE][FAILED] - Unable to call Test Case with id 'Test Cases/Subscriber TestCases/TC0678' (Root cause: Call Test Case 'Test Cases/Subscriber TestCases/TC0678' failed)]]></system-out>
         <system-err><![CDATA[2019-04-22 14:39:48 - [TEST_CASE][FAILED] - Test Cases/Subscriber TestCases/TC0679: Test Cases/Subscriber TestCases/TC0679 FAILED because (of) Unable to click on object 'Object Repository/Page_KiboPush  Dashboard/span_Dashboard' (Root cause: org.openqa.selenium.WebDriverException: unknown error: Element <span class="m-menu__link-text">...</span> is not clickable at point (145, 182). Other element would receive the click: <div class="modal fade show" id="m_modal_1_2" role="dialog" aria-labelledby="exampleModalLabel" style="background: rgba(33, 37, 41, 0.6); display: block;">...</div>
  (Session info: chrome=73.0.3683.103)
  (Driver info: chromedriver=2.35.528161 (5b82f2d2aae0ca24b877009200ced9065a772e73),platform=Windows NT 10.0.17134 x86_64) (WARNING: The server did not provide any stacktrace information)
Command duration or timeout: 0 milliseconds
Build info: version: '3.7.1', revision: '8a0099a', time: '2017-11-06T21:07:36.161Z'
System info: host: 'DESKTOP-4M6R1V0', ip: '10.0.2.15', os.name: 'Windows 10', os.arch: 'amd64', os.version: '10.0', java.version: '1.8.0_181'
Driver info: com.kms.katalon.selenium.driver.CChromeDriver
Capabilities {acceptInsecureCerts: false, acceptSslCerts: false, applicationCacheEnabled: false, browserConnectionEnabled: false, browserName: chrome, chrome: {chromedriverVersion: 2.35.528161 (5b82f2d2aae0ca..., userDataDir: C:\Users\CLOUDK~1\AppData\L...}, cssSelectorsEnabled: true, databaseEnabled: false, handlesAlerts: true, hasTouchScreen: false, javascriptEnabled: true, locationContextEnabled: true, mobileEmulationEnabled: false, nativeEvents: true, networkConnectionEnabled: false, pageLoadStrategy: normal, platform: XP, platformName: XP, rotatable: false, setWindowRect: true, takesHeapSnapshot: true, takesScreenshot: true, unexpectedAlertBehaviour: , unhandledPromptBehavior: , version: 73.0.3683.103, webStorageEnabled: true}
Session ID: 5bbae61a4f1bc40632fe6b5b9b6d279d)]]></system-err>
      </testcase>
      <testcase name="Test Cases/Subscriber TestCases/TC0680" classname="Test Cases/Subscriber TestCases/TC0680" status="FAILED">
         <failure type="FAILED" message="Unable to click on object 'Object Repository/Page_KiboPush  Dashboard/span_Dashboard' (Root cause: org.openqa.selenium.WebDriverException: unknown error: Element &lt;span class=&quot;m-menu__link-text&quot;>...&lt;/span> is not clickable at point (145, 182). Other element would receive the click: &lt;div class=&quot;modal fade show&quot; id=&quot;m_modal_1_2&quot; role=&quot;dialog&quot; aria-labelledby=&quot;exampleModalLabel&quot; style=&quot;background: rgba(33, 37, 41, 0.6); display: block;&quot;>...&lt;/div>
  (Session info: chrome=73.0.3683.103)
  (Driver info: chromedriver=2.35.528161 (5b82f2d2aae0ca24b877009200ced9065a772e73),platform=Windows NT 10.0.17134 x86_64) (WARNING: The server did not provide any stacktrace information)
Command duration or timeout: 0 milliseconds
Build info: version: '3.7.1', revision: '8a0099a', time: '2017-11-06T21:07:36.161Z'
System info: host: 'DESKTOP-4M6R1V0', ip: '10.0.2.15', os.name: 'Windows 10', os.arch: 'amd64', os.version: '10.0', java.version: '1.8.0_181'
Driver info: com.kms.katalon.selenium.driver.CChromeDriver
Capabilities {acceptInsecureCerts: false, acceptSslCerts: false, applicationCacheEnabled: false, browserConnectionEnabled: false, browserName: chrome, chrome: {chromedriverVersion: 2.35.528161 (5b82f2d2aae0ca..., userDataDir: C:\Users\CLOUDK~1\AppData\L...}, cssSelectorsEnabled: true, databaseEnabled: false, handlesAlerts: true, hasTouchScreen: false, javascriptEnabled: true, locationContextEnabled: true, mobileEmulationEnabled: false, nativeEvents: true, networkConnectionEnabled: false, pageLoadStrategy: normal, platform: XP, platformName: XP, rotatable: false, setWindowRect: true, takesHeapSnapshot: true, takesScreenshot: true, unexpectedAlertBehaviour: , unhandledPromptBehavior: , version: 73.0.3683.103, webStorageEnabled: true}
Session ID: 5bbae61a4f1bc40632fe6b5b9b6d279d)"/>
         <system-out><![CDATA[2019-04-22 14:39:49 - [TEST_CASE][FAILED] - Test Cases/Subscriber TestCases/TC0680: Test Cases/Subscriber TestCases/TC0680 FAILED because (of) Unable to click on object 'Object Repository/Page_KiboPush  Dashboard/span_Dashboard' (Root cause: org.openqa.selenium.WebDriverException: unknown error: Element <span class="m-menu__link-text">...</span> is not clickable at point (145, 182). Other element would receive the click: <div class="modal fade show" id="m_modal_1_2" role="dialog" aria-labelledby="exampleModalLabel" style="background: rgba(33, 37, 41, 0.6); display: block;">...</div>
  (Session info: chrome=73.0.3683.103)
  (Driver info: chromedriver=2.35.528161 (5b82f2d2aae0ca24b877009200ced9065a772e73),platform=Windows NT 10.0.17134 x86_64) (WARNING: The server did not provide any stacktrace information)
Command duration or timeout: 0 milliseconds
Build info: version: '3.7.1', revision: '8a0099a', time: '2017-11-06T21:07:36.161Z'
System info: host: 'DESKTOP-4M6R1V0', ip: '10.0.2.15', os.name: 'Windows 10', os.arch: 'amd64', os.version: '10.0', java.version: '1.8.0_181'
Driver info: com.kms.katalon.selenium.driver.CChromeDriver
Capabilities {acceptInsecureCerts: false, acceptSslCerts: false, applicationCacheEnabled: false, browserConnectionEnabled: false, browserName: chrome, chrome: {chromedriverVersion: 2.35.528161 (5b82f2d2aae0ca..., userDataDir: C:\Users\CLOUDK~1\AppData\L...}, cssSelectorsEnabled: true, databaseEnabled: false, handlesAlerts: true, hasTouchScreen: false, javascriptEnabled: true, locationContextEnabled: true, mobileEmulationEnabled: false, nativeEvents: true, networkConnectionEnabled: false, pageLoadStrategy: normal, platform: XP, platformName: XP, rotatable: false, setWindowRect: true, takesHeapSnapshot: true, takesScreenshot: true, unexpectedAlertBehaviour: , unhandledPromptBehavior: , version: 73.0.3683.103, webStorageEnabled: true}
Session ID: 5bbae61a4f1bc40632fe6b5b9b6d279d)

2019-04-22 14:39:50 - [TEST_STEP][FAILED] - callTestCase: Unable to call Test Case with id 'Test Cases/Subscriber TestCases/TC0678' (Root cause: Call Test Case 'Test Cases/Subscriber TestCases/TC0678' failed)

2019-04-22 14:39:50 - [TEST_CASE][FAILED] - Test Cases/Subscriber TestCases/TC0678: Test Cases/Subscriber TestCases/TC0678 FAILED because (of) Unable to click on object 'Object Repository/Page_KiboPush  Dashboard/span_Dashboard' (Root cause: org.openqa.selenium.WebDriverException: unknown error: Element <span class="m-menu__link-text">...</span> is not clickable at point (145, 182). Other element would receive the click: <div class="modal fade show" id="m_modal_1_2" role="dialog" aria-labelledby="exampleModalLabel" style="background: rgba(33, 37, 41, 0.6); display: block;">...</div>
  (Session info: chrome=73.0.3683.103)
  (Driver info: chromedriver=2.35.528161 (5b82f2d2aae0ca24b877009200ced9065a772e73),platform=Windows NT 10.0.17134 x86_64) (WARNING: The server did not provide any stacktrace information)
Command duration or timeout: 0 milliseconds
Build info: version: '3.7.1', revision: '8a0099a', time: '2017-11-06T21:07:36.161Z'
System info: host: 'DESKTOP-4M6R1V0', ip: '10.0.2.15', os.name: 'Windows 10', os.arch: 'amd64', os.version: '10.0', java.version: '1.8.0_181'
Driver info: com.kms.katalon.selenium.driver.CChromeDriver
Capabilities {acceptInsecureCerts: false, acceptSslCerts: false, applicationCacheEnabled: false, browserConnectionEnabled: false, browserName: chrome, chrome: {chromedriverVersion: 2.35.528161 (5b82f2d2aae0ca..., userDataDir: C:\Users\CLOUDK~1\AppData\L...}, cssSelectorsEnabled: true, databaseEnabled: false, handlesAlerts: true, hasTouchScreen: false, javascriptEnabled: true, locationContextEnabled: true, mobileEmulationEnabled: false, nativeEvents: true, networkConnectionEnabled: false, pageLoadStrategy: normal, platform: XP, platformName: XP, rotatable: false, setWindowRect: true, takesHeapSnapshot: true, takesScreenshot: true, unexpectedAlertBehaviour: , unhandledPromptBehavior: , version: 73.0.3683.103, webStorageEnabled: true}
Session ID: 5bbae61a4f1bc40632fe6b5b9b6d279d)

2019-04-22 14:39:50 - [TEST_STEP][FAILED] - callTestCase: Unable to call Test Case with id 'Test Cases/s-sidebar_navigation/individualAccount/Subscriber' (Root cause: Call Test Case 'Test Cases/s-sidebar_navigation/individualAccount/Subscriber' failed)

2019-04-22 14:39:50 - [TEST_CASE][FAILED] - Test Cases/s-sidebar_navigation/individualAccount/Subscriber: Test Cases/s-sidebar_navigation/individualAccount/Subscriber FAILED because (of) Unable to click on object 'Object Repository/Page_KiboPush  Dashboard/span_Dashboard' (Root cause: org.openqa.selenium.WebDriverException: unknown error: Element <span class="m-menu__link-text">...</span> is not clickable at point (145, 182). Other element would receive the click: <div class="modal fade show" id="m_modal_1_2" role="dialog" aria-labelledby="exampleModalLabel" style="background: rgba(33, 37, 41, 0.6); display: block;">...</div>
  (Session info: chrome=73.0.3683.103)
  (Driver info: chromedriver=2.35.528161 (5b82f2d2aae0ca24b877009200ced9065a772e73),platform=Windows NT 10.0.17134 x86_64) (WARNING: The server did not provide any stacktrace information)
Command duration or timeout: 0 milliseconds
Build info: version: '3.7.1', revision: '8a0099a', time: '2017-11-06T21:07:36.161Z'
System info: host: 'DESKTOP-4M6R1V0', ip: '10.0.2.15', os.name: 'Windows 10', os.arch: 'amd64', os.version: '10.0', java.version: '1.8.0_181'
Driver info: com.kms.katalon.selenium.driver.CChromeDriver
Capabilities {acceptInsecureCerts: false, acceptSslCerts: false, applicationCacheEnabled: false, browserConnectionEnabled: false, browserName: chrome, chrome: {chromedriverVersion: 2.35.528161 (5b82f2d2aae0ca..., userDataDir: C:\Users\CLOUDK~1\AppData\L...}, cssSelectorsEnabled: true, databaseEnabled: false, handlesAlerts: true, hasTouchScreen: false, javascriptEnabled: true, locationContextEnabled: true, mobileEmulationEnabled: false, nativeEvents: true, networkConnectionEnabled: false, pageLoadStrategy: normal, platform: XP, platformName: XP, rotatable: false, setWindowRect: true, takesHeapSnapshot: true, takesScreenshot: true, unexpectedAlertBehaviour: , unhandledPromptBehavior: , version: 73.0.3683.103, webStorageEnabled: true}
Session ID: 5bbae61a4f1bc40632fe6b5b9b6d279d)

2019-04-22 14:39:50 - [TEST_STEP][FAILED] - click: Unable to click on object 'Object Repository/Page_KiboPush  Dashboard/span_Dashboard' (Root cause: org.openqa.selenium.WebDriverException: unknown error: Element <span class="m-menu__link-text">...</span> is not clickable at point (145, 182). Other element would receive the click: <div class="modal fade show" id="m_modal_1_2" role="dialog" aria-labelledby="exampleModalLabel" style="background: rgba(33, 37, 41, 0.6); display: block;">...</div>
  (Session info: chrome=73.0.3683.103)
  (Driver info: chromedriver=2.35.528161 (5b82f2d2aae0ca24b877009200ced9065a772e73),platform=Windows NT 10.0.17134 x86_64) (WARNING: The server did not provide any stacktrace information)
Command duration or timeout: 0 milliseconds
Build info: version: '3.7.1', revision: '8a0099a', time: '2017-11-06T21:07:36.161Z'
System info: host: 'DESKTOP-4M6R1V0', ip: '10.0.2.15', os.name: 'Windows 10', os.arch: 'amd64', os.version: '10.0', java.version: '1.8.0_181'
Driver info: com.kms.katalon.selenium.driver.CChromeDriver
Capabilities {acceptInsecureCerts: false, acceptSslCerts: false, applicationCacheEnabled: false, browserConnectionEnabled: false, browserName: chrome, chrome: {chromedriverVersion: 2.35.528161 (5b82f2d2aae0ca..., userDataDir: C:\Users\CLOUDK~1\AppData\L...}, cssSelectorsEnabled: true, databaseEnabled: false, handlesAlerts: true, hasTouchScreen: false, javascriptEnabled: true, locationContextEnabled: true, mobileEmulationEnabled: false, nativeEvents: true, networkConnectionEnabled: false, pageLoadStrategy: normal, platform: XP, platformName: XP, rotatable: false, setWindowRect: true, takesHeapSnapshot: true, takesScreenshot: true, unexpectedAlertBehaviour: , unhandledPromptBehavior: , version: 73.0.3683.103, webStorageEnabled: true}
Session ID: 5bbae61a4f1bc40632fe6b5b9b6d279d)

2019-04-22 14:39:51 - [MESSAGE][FAILED] - Unable to click on object 'Object Repository/Page_KiboPush  Dashboard/span_Dashboard' (Root cause: org.openqa.selenium.WebDriverException: unknown error: Element <span class="m-menu__link-text">...</span> is not clickable at point (145, 182). Other element would receive the click: <div class="modal fade show" id="m_modal_1_2" role="dialog" aria-labelledby="exampleModalLabel" style="background: rgba(33, 37, 41, 0.6); display: block;">...</div>
  (Session info: chrome=73.0.3683.103)
  (Driver info: chromedriver=2.35.528161 (5b82f2d2aae0ca24b877009200ced9065a772e73),platform=Windows NT 10.0.17134 x86_64) (WARNING: The server did not provide any stacktrace information)
Command duration or timeout: 0 milliseconds
Build info: version: '3.7.1', revision: '8a0099a', time: '2017-11-06T21:07:36.161Z'
System info: host: 'DESKTOP-4M6R1V0', ip: '10.0.2.15', os.name: 'Windows 10', os.arch: 'amd64', os.version: '10.0', java.version: '1.8.0_181'
Driver info: com.kms.katalon.selenium.driver.CChromeDriver
Capabilities {acceptInsecureCerts: false, acceptSslCerts: false, applicationCacheEnabled: false, browserConnectionEnabled: false, browserName: chrome, chrome: {chromedriverVersion: 2.35.528161 (5b82f2d2aae0ca..., userDataDir: C:\Users\CLOUDK~1\AppData\L...}, cssSelectorsEnabled: true, databaseEnabled: false, handlesAlerts: true, hasTouchScreen: false, javascriptEnabled: true, locationContextEnabled: true, mobileEmulationEnabled: false, nativeEvents: true, networkConnectionEnabled: false, pageLoadStrategy: normal, platform: XP, platformName: XP, rotatable: false, setWindowRect: true, takesHeapSnapshot: true, takesScreenshot: true, unexpectedAlertBehaviour: , unhandledPromptBehavior: , version: 73.0.3683.103, webStorageEnabled: true}
Session ID: 5bbae61a4f1bc40632fe6b5b9b6d279d)
[[ATTACHMENT|C:\\Users\\cloudkibo\\Desktop\\KiboPush_Automated_Testing\\KiboPush Katalon\\Reports\\subscriber\\20190422_143353\\1555925990972.png]]

2019-04-22 14:39:51 - [MESSAGE][FAILED] - Unable to call Test Case with id 'Test Cases/s-sidebar_navigation/individualAccount/Subscriber' (Root cause: Call Test Case 'Test Cases/s-sidebar_navigation/individualAccount/Subscriber' failed)

2019-04-22 14:39:51 - [MESSAGE][FAILED] - Unable to call Test Case with id 'Test Cases/Subscriber TestCases/TC0678' (Root cause: Call Test Case 'Test Cases/Subscriber TestCases/TC0678' failed)]]></system-out>
         <system-err><![CDATA[2019-04-22 14:39:49 - [TEST_CASE][FAILED] - Test Cases/Subscriber TestCases/TC0680: Test Cases/Subscriber TestCases/TC0680 FAILED because (of) Unable to click on object 'Object Repository/Page_KiboPush  Dashboard/span_Dashboard' (Root cause: org.openqa.selenium.WebDriverException: unknown error: Element <span class="m-menu__link-text">...</span> is not clickable at point (145, 182). Other element would receive the click: <div class="modal fade show" id="m_modal_1_2" role="dialog" aria-labelledby="exampleModalLabel" style="background: rgba(33, 37, 41, 0.6); display: block;">...</div>
  (Session info: chrome=73.0.3683.103)
  (Driver info: chromedriver=2.35.528161 (5b82f2d2aae0ca24b877009200ced9065a772e73),platform=Windows NT 10.0.17134 x86_64) (WARNING: The server did not provide any stacktrace information)
Command duration or timeout: 0 milliseconds
Build info: version: '3.7.1', revision: '8a0099a', time: '2017-11-06T21:07:36.161Z'
System info: host: 'DESKTOP-4M6R1V0', ip: '10.0.2.15', os.name: 'Windows 10', os.arch: 'amd64', os.version: '10.0', java.version: '1.8.0_181'
Driver info: com.kms.katalon.selenium.driver.CChromeDriver
Capabilities {acceptInsecureCerts: false, acceptSslCerts: false, applicationCacheEnabled: false, browserConnectionEnabled: false, browserName: chrome, chrome: {chromedriverVersion: 2.35.528161 (5b82f2d2aae0ca..., userDataDir: C:\Users\CLOUDK~1\AppData\L...}, cssSelectorsEnabled: true, databaseEnabled: false, handlesAlerts: true, hasTouchScreen: false, javascriptEnabled: true, locationContextEnabled: true, mobileEmulationEnabled: false, nativeEvents: true, networkConnectionEnabled: false, pageLoadStrategy: normal, platform: XP, platformName: XP, rotatable: false, setWindowRect: true, takesHeapSnapshot: true, takesScreenshot: true, unexpectedAlertBehaviour: , unhandledPromptBehavior: , version: 73.0.3683.103, webStorageEnabled: true}
Session ID: 5bbae61a4f1bc40632fe6b5b9b6d279d)]]></system-err>
      </testcase>
      <testcase name="Test Cases/Subscriber TestCases/TC0681" classname="Test Cases/Subscriber TestCases/TC0681" status="FAILED">
         <failure type="FAILED" message="Unable to click on object 'Object Repository/Page_KiboPush  Dashboard/span_Dashboard' (Root cause: org.openqa.selenium.WebDriverException: unknown error: Element &lt;span class=&quot;m-menu__link-text&quot;>...&lt;/span> is not clickable at point (145, 182). Other element would receive the click: &lt;div class=&quot;modal fade show&quot; id=&quot;m_modal_1_2&quot; role=&quot;dialog&quot; aria-labelledby=&quot;exampleModalLabel&quot; style=&quot;background: rgba(33, 37, 41, 0.6); display: block;&quot;>...&lt;/div>
  (Session info: chrome=73.0.3683.103)
  (Driver info: chromedriver=2.35.528161 (5b82f2d2aae0ca24b877009200ced9065a772e73),platform=Windows NT 10.0.17134 x86_64) (WARNING: The server did not provide any stacktrace information)
Command duration or timeout: 0 milliseconds
Build info: version: '3.7.1', revision: '8a0099a', time: '2017-11-06T21:07:36.161Z'
System info: host: 'DESKTOP-4M6R1V0', ip: '10.0.2.15', os.name: 'Windows 10', os.arch: 'amd64', os.version: '10.0', java.version: '1.8.0_181'
Driver info: com.kms.katalon.selenium.driver.CChromeDriver
Capabilities {acceptInsecureCerts: false, acceptSslCerts: false, applicationCacheEnabled: false, browserConnectionEnabled: false, browserName: chrome, chrome: {chromedriverVersion: 2.35.528161 (5b82f2d2aae0ca..., userDataDir: C:\Users\CLOUDK~1\AppData\L...}, cssSelectorsEnabled: true, databaseEnabled: false, handlesAlerts: true, hasTouchScreen: false, javascriptEnabled: true, locationContextEnabled: true, mobileEmulationEnabled: false, nativeEvents: true, networkConnectionEnabled: false, pageLoadStrategy: normal, platform: XP, platformName: XP, rotatable: false, setWindowRect: true, takesHeapSnapshot: true, takesScreenshot: true, unexpectedAlertBehaviour: , unhandledPromptBehavior: , version: 73.0.3683.103, webStorageEnabled: true}
Session ID: 5bbae61a4f1bc40632fe6b5b9b6d279d)"/>
         <system-out><![CDATA[2019-04-22 14:39:51 - [TEST_CASE][FAILED] - Test Cases/Subscriber TestCases/TC0681: Test Cases/Subscriber TestCases/TC0681 FAILED because (of) Unable to click on object 'Object Repository/Page_KiboPush  Dashboard/span_Dashboard' (Root cause: org.openqa.selenium.WebDriverException: unknown error: Element <span class="m-menu__link-text">...</span> is not clickable at point (145, 182). Other element would receive the click: <div class="modal fade show" id="m_modal_1_2" role="dialog" aria-labelledby="exampleModalLabel" style="background: rgba(33, 37, 41, 0.6); display: block;">...</div>
  (Session info: chrome=73.0.3683.103)
  (Driver info: chromedriver=2.35.528161 (5b82f2d2aae0ca24b877009200ced9065a772e73),platform=Windows NT 10.0.17134 x86_64) (WARNING: The server did not provide any stacktrace information)
Command duration or timeout: 0 milliseconds
Build info: version: '3.7.1', revision: '8a0099a', time: '2017-11-06T21:07:36.161Z'
System info: host: 'DESKTOP-4M6R1V0', ip: '10.0.2.15', os.name: 'Windows 10', os.arch: 'amd64', os.version: '10.0', java.version: '1.8.0_181'
Driver info: com.kms.katalon.selenium.driver.CChromeDriver
Capabilities {acceptInsecureCerts: false, acceptSslCerts: false, applicationCacheEnabled: false, browserConnectionEnabled: false, browserName: chrome, chrome: {chromedriverVersion: 2.35.528161 (5b82f2d2aae0ca..., userDataDir: C:\Users\CLOUDK~1\AppData\L...}, cssSelectorsEnabled: true, databaseEnabled: false, handlesAlerts: true, hasTouchScreen: false, javascriptEnabled: true, locationContextEnabled: true, mobileEmulationEnabled: false, nativeEvents: true, networkConnectionEnabled: false, pageLoadStrategy: normal, platform: XP, platformName: XP, rotatable: false, setWindowRect: true, takesHeapSnapshot: true, takesScreenshot: true, unexpectedAlertBehaviour: , unhandledPromptBehavior: , version: 73.0.3683.103, webStorageEnabled: true}
Session ID: 5bbae61a4f1bc40632fe6b5b9b6d279d)

2019-04-22 14:39:51 - [TEST_STEP][FAILED] - callTestCase: Unable to call Test Case with id 'Test Cases/Subscriber TestCases/TC0678' (Root cause: Call Test Case 'Test Cases/Subscriber TestCases/TC0678' failed)

2019-04-22 14:39:51 - [TEST_CASE][FAILED] - Test Cases/Subscriber TestCases/TC0678: Test Cases/Subscriber TestCases/TC0678 FAILED because (of) Unable to click on object 'Object Repository/Page_KiboPush  Dashboard/span_Dashboard' (Root cause: org.openqa.selenium.WebDriverException: unknown error: Element <span class="m-menu__link-text">...</span> is not clickable at point (145, 182). Other element would receive the click: <div class="modal fade show" id="m_modal_1_2" role="dialog" aria-labelledby="exampleModalLabel" style="background: rgba(33, 37, 41, 0.6); display: block;">...</div>
  (Session info: chrome=73.0.3683.103)
  (Driver info: chromedriver=2.35.528161 (5b82f2d2aae0ca24b877009200ced9065a772e73),platform=Windows NT 10.0.17134 x86_64) (WARNING: The server did not provide any stacktrace information)
Command duration or timeout: 0 milliseconds
Build info: version: '3.7.1', revision: '8a0099a', time: '2017-11-06T21:07:36.161Z'
System info: host: 'DESKTOP-4M6R1V0', ip: '10.0.2.15', os.name: 'Windows 10', os.arch: 'amd64', os.version: '10.0', java.version: '1.8.0_181'
Driver info: com.kms.katalon.selenium.driver.CChromeDriver
Capabilities {acceptInsecureCerts: false, acceptSslCerts: false, applicationCacheEnabled: false, browserConnectionEnabled: false, browserName: chrome, chrome: {chromedriverVersion: 2.35.528161 (5b82f2d2aae0ca..., userDataDir: C:\Users\CLOUDK~1\AppData\L...}, cssSelectorsEnabled: true, databaseEnabled: false, handlesAlerts: true, hasTouchScreen: false, javascriptEnabled: true, locationContextEnabled: true, mobileEmulationEnabled: false, nativeEvents: true, networkConnectionEnabled: false, pageLoadStrategy: normal, platform: XP, platformName: XP, rotatable: false, setWindowRect: true, takesHeapSnapshot: true, takesScreenshot: true, unexpectedAlertBehaviour: , unhandledPromptBehavior: , version: 73.0.3683.103, webStorageEnabled: true}
Session ID: 5bbae61a4f1bc40632fe6b5b9b6d279d)

2019-04-22 14:39:52 - [TEST_STEP][FAILED] - callTestCase: Unable to call Test Case with id 'Test Cases/s-sidebar_navigation/individualAccount/Subscriber' (Root cause: Call Test Case 'Test Cases/s-sidebar_navigation/individualAccount/Subscriber' failed)

2019-04-22 14:39:52 - [TEST_CASE][FAILED] - Test Cases/s-sidebar_navigation/individualAccount/Subscriber: Test Cases/s-sidebar_navigation/individualAccount/Subscriber FAILED because (of) Unable to click on object 'Object Repository/Page_KiboPush  Dashboard/span_Dashboard' (Root cause: org.openqa.selenium.WebDriverException: unknown error: Element <span class="m-menu__link-text">...</span> is not clickable at point (145, 182). Other element would receive the click: <div class="modal fade show" id="m_modal_1_2" role="dialog" aria-labelledby="exampleModalLabel" style="background: rgba(33, 37, 41, 0.6); display: block;">...</div>
  (Session info: chrome=73.0.3683.103)
  (Driver info: chromedriver=2.35.528161 (5b82f2d2aae0ca24b877009200ced9065a772e73),platform=Windows NT 10.0.17134 x86_64) (WARNING: The server did not provide any stacktrace information)
Command duration or timeout: 0 milliseconds
Build info: version: '3.7.1', revision: '8a0099a', time: '2017-11-06T21:07:36.161Z'
System info: host: 'DESKTOP-4M6R1V0', ip: '10.0.2.15', os.name: 'Windows 10', os.arch: 'amd64', os.version: '10.0', java.version: '1.8.0_181'
Driver info: com.kms.katalon.selenium.driver.CChromeDriver
Capabilities {acceptInsecureCerts: false, acceptSslCerts: false, applicationCacheEnabled: false, browserConnectionEnabled: false, browserName: chrome, chrome: {chromedriverVersion: 2.35.528161 (5b82f2d2aae0ca..., userDataDir: C:\Users\CLOUDK~1\AppData\L...}, cssSelectorsEnabled: true, databaseEnabled: false, handlesAlerts: true, hasTouchScreen: false, javascriptEnabled: true, locationContextEnabled: true, mobileEmulationEnabled: false, nativeEvents: true, networkConnectionEnabled: false, pageLoadStrategy: normal, platform: XP, platformName: XP, rotatable: false, setWindowRect: true, takesHeapSnapshot: true, takesScreenshot: true, unexpectedAlertBehaviour: , unhandledPromptBehavior: , version: 73.0.3683.103, webStorageEnabled: true}
Session ID: 5bbae61a4f1bc40632fe6b5b9b6d279d)

2019-04-22 14:39:52 - [TEST_STEP][FAILED] - click: Unable to click on object 'Object Repository/Page_KiboPush  Dashboard/span_Dashboard' (Root cause: org.openqa.selenium.WebDriverException: unknown error: Element <span class="m-menu__link-text">...</span> is not clickable at point (145, 182). Other element would receive the click: <div class="modal fade show" id="m_modal_1_2" role="dialog" aria-labelledby="exampleModalLabel" style="background: rgba(33, 37, 41, 0.6); display: block;">...</div>
  (Session info: chrome=73.0.3683.103)
  (Driver info: chromedriver=2.35.528161 (5b82f2d2aae0ca24b877009200ced9065a772e73),platform=Windows NT 10.0.17134 x86_64) (WARNING: The server did not provide any stacktrace information)
Command duration or timeout: 0 milliseconds
Build info: version: '3.7.1', revision: '8a0099a', time: '2017-11-06T21:07:36.161Z'
System info: host: 'DESKTOP-4M6R1V0', ip: '10.0.2.15', os.name: 'Windows 10', os.arch: 'amd64', os.version: '10.0', java.version: '1.8.0_181'
Driver info: com.kms.katalon.selenium.driver.CChromeDriver
Capabilities {acceptInsecureCerts: false, acceptSslCerts: false, applicationCacheEnabled: false, browserConnectionEnabled: false, browserName: chrome, chrome: {chromedriverVersion: 2.35.528161 (5b82f2d2aae0ca..., userDataDir: C:\Users\CLOUDK~1\AppData\L...}, cssSelectorsEnabled: true, databaseEnabled: false, handlesAlerts: true, hasTouchScreen: false, javascriptEnabled: true, locationContextEnabled: true, mobileEmulationEnabled: false, nativeEvents: true, networkConnectionEnabled: false, pageLoadStrategy: normal, platform: XP, platformName: XP, rotatable: false, setWindowRect: true, takesHeapSnapshot: true, takesScreenshot: true, unexpectedAlertBehaviour: , unhandledPromptBehavior: , version: 73.0.3683.103, webStorageEnabled: true}
Session ID: 5bbae61a4f1bc40632fe6b5b9b6d279d)

2019-04-22 14:39:53 - [MESSAGE][FAILED] - Unable to click on object 'Object Repository/Page_KiboPush  Dashboard/span_Dashboard' (Root cause: org.openqa.selenium.WebDriverException: unknown error: Element <span class="m-menu__link-text">...</span> is not clickable at point (145, 182). Other element would receive the click: <div class="modal fade show" id="m_modal_1_2" role="dialog" aria-labelledby="exampleModalLabel" style="background: rgba(33, 37, 41, 0.6); display: block;">...</div>
  (Session info: chrome=73.0.3683.103)
  (Driver info: chromedriver=2.35.528161 (5b82f2d2aae0ca24b877009200ced9065a772e73),platform=Windows NT 10.0.17134 x86_64) (WARNING: The server did not provide any stacktrace information)
Command duration or timeout: 0 milliseconds
Build info: version: '3.7.1', revision: '8a0099a', time: '2017-11-06T21:07:36.161Z'
System info: host: 'DESKTOP-4M6R1V0', ip: '10.0.2.15', os.name: 'Windows 10', os.arch: 'amd64', os.version: '10.0', java.version: '1.8.0_181'
Driver info: com.kms.katalon.selenium.driver.CChromeDriver
Capabilities {acceptInsecureCerts: false, acceptSslCerts: false, applicationCacheEnabled: false, browserConnectionEnabled: false, browserName: chrome, chrome: {chromedriverVersion: 2.35.528161 (5b82f2d2aae0ca..., userDataDir: C:\Users\CLOUDK~1\AppData\L...}, cssSelectorsEnabled: true, databaseEnabled: false, handlesAlerts: true, hasTouchScreen: false, javascriptEnabled: true, locationContextEnabled: true, mobileEmulationEnabled: false, nativeEvents: true, networkConnectionEnabled: false, pageLoadStrategy: normal, platform: XP, platformName: XP, rotatable: false, setWindowRect: true, takesHeapSnapshot: true, takesScreenshot: true, unexpectedAlertBehaviour: , unhandledPromptBehavior: , version: 73.0.3683.103, webStorageEnabled: true}
Session ID: 5bbae61a4f1bc40632fe6b5b9b6d279d)
[[ATTACHMENT|C:\\Users\\cloudkibo\\Desktop\\KiboPush_Automated_Testing\\KiboPush Katalon\\Reports\\subscriber\\20190422_143353\\1555925992304.png]]

2019-04-22 14:39:53 - [MESSAGE][FAILED] - Unable to call Test Case with id 'Test Cases/s-sidebar_navigation/individualAccount/Subscriber' (Root cause: Call Test Case 'Test Cases/s-sidebar_navigation/individualAccount/Subscriber' failed)

2019-04-22 14:39:53 - [MESSAGE][FAILED] - Unable to call Test Case with id 'Test Cases/Subscriber TestCases/TC0678' (Root cause: Call Test Case 'Test Cases/Subscriber TestCases/TC0678' failed)]]></system-out>
         <system-err><![CDATA[2019-04-22 14:39:51 - [TEST_CASE][FAILED] - Test Cases/Subscriber TestCases/TC0681: Test Cases/Subscriber TestCases/TC0681 FAILED because (of) Unable to click on object 'Object Repository/Page_KiboPush  Dashboard/span_Dashboard' (Root cause: org.openqa.selenium.WebDriverException: unknown error: Element <span class="m-menu__link-text">...</span> is not clickable at point (145, 182). Other element would receive the click: <div class="modal fade show" id="m_modal_1_2" role="dialog" aria-labelledby="exampleModalLabel" style="background: rgba(33, 37, 41, 0.6); display: block;">...</div>
  (Session info: chrome=73.0.3683.103)
  (Driver info: chromedriver=2.35.528161 (5b82f2d2aae0ca24b877009200ced9065a772e73),platform=Windows NT 10.0.17134 x86_64) (WARNING: The server did not provide any stacktrace information)
Command duration or timeout: 0 milliseconds
Build info: version: '3.7.1', revision: '8a0099a', time: '2017-11-06T21:07:36.161Z'
System info: host: 'DESKTOP-4M6R1V0', ip: '10.0.2.15', os.name: 'Windows 10', os.arch: 'amd64', os.version: '10.0', java.version: '1.8.0_181'
Driver info: com.kms.katalon.selenium.driver.CChromeDriver
Capabilities {acceptInsecureCerts: false, acceptSslCerts: false, applicationCacheEnabled: false, browserConnectionEnabled: false, browserName: chrome, chrome: {chromedriverVersion: 2.35.528161 (5b82f2d2aae0ca..., userDataDir: C:\Users\CLOUDK~1\AppData\L...}, cssSelectorsEnabled: true, databaseEnabled: false, handlesAlerts: true, hasTouchScreen: false, javascriptEnabled: true, locationContextEnabled: true, mobileEmulationEnabled: false, nativeEvents: true, networkConnectionEnabled: false, pageLoadStrategy: normal, platform: XP, platformName: XP, rotatable: false, setWindowRect: true, takesHeapSnapshot: true, takesScreenshot: true, unexpectedAlertBehaviour: , unhandledPromptBehavior: , version: 73.0.3683.103, webStorageEnabled: true}
Session ID: 5bbae61a4f1bc40632fe6b5b9b6d279d)]]></system-err>
      </testcase>
      <testcase name="Test Cases/Subscriber TestCases/TC0682" classname="Test Cases/Subscriber TestCases/TC0682" status="FAILED">
         <failure type="FAILED" message="Unable to click on object 'Object Repository/Page_KiboPush  Dashboard/span_Dashboard' (Root cause: org.openqa.selenium.WebDriverException: unknown error: Element &lt;span class=&quot;m-menu__link-text&quot;>...&lt;/span> is not clickable at point (145, 182). Other element would receive the click: &lt;div class=&quot;modal fade show&quot; id=&quot;m_modal_1_2&quot; role=&quot;dialog&quot; aria-labelledby=&quot;exampleModalLabel&quot; style=&quot;background: rgba(33, 37, 41, 0.6); display: block;&quot;>...&lt;/div>
  (Session info: chrome=73.0.3683.103)
  (Driver info: chromedriver=2.35.528161 (5b82f2d2aae0ca24b877009200ced9065a772e73),platform=Windows NT 10.0.17134 x86_64) (WARNING: The server did not provide any stacktrace information)
Command duration or timeout: 0 milliseconds
Build info: version: '3.7.1', revision: '8a0099a', time: '2017-11-06T21:07:36.161Z'
System info: host: 'DESKTOP-4M6R1V0', ip: '10.0.2.15', os.name: 'Windows 10', os.arch: 'amd64', os.version: '10.0', java.version: '1.8.0_181'
Driver info: com.kms.katalon.selenium.driver.CChromeDriver
Capabilities {acceptInsecureCerts: false, acceptSslCerts: false, applicationCacheEnabled: false, browserConnectionEnabled: false, browserName: chrome, chrome: {chromedriverVersion: 2.35.528161 (5b82f2d2aae0ca..., userDataDir: C:\Users\CLOUDK~1\AppData\L...}, cssSelectorsEnabled: true, databaseEnabled: false, handlesAlerts: true, hasTouchScreen: false, javascriptEnabled: true, locationContextEnabled: true, mobileEmulationEnabled: false, nativeEvents: true, networkConnectionEnabled: false, pageLoadStrategy: normal, platform: XP, platformName: XP, rotatable: false, setWindowRect: true, takesHeapSnapshot: true, takesScreenshot: true, unexpectedAlertBehaviour: , unhandledPromptBehavior: , version: 73.0.3683.103, webStorageEnabled: true}
Session ID: 5bbae61a4f1bc40632fe6b5b9b6d279d)"/>
         <system-out><![CDATA[2019-04-22 14:39:53 - [TEST_CASE][FAILED] - Test Cases/Subscriber TestCases/TC0682: Test Cases/Subscriber TestCases/TC0682 FAILED because (of) Unable to click on object 'Object Repository/Page_KiboPush  Dashboard/span_Dashboard' (Root cause: org.openqa.selenium.WebDriverException: unknown error: Element <span class="m-menu__link-text">...</span> is not clickable at point (145, 182). Other element would receive the click: <div class="modal fade show" id="m_modal_1_2" role="dialog" aria-labelledby="exampleModalLabel" style="background: rgba(33, 37, 41, 0.6); display: block;">...</div>
  (Session info: chrome=73.0.3683.103)
  (Driver info: chromedriver=2.35.528161 (5b82f2d2aae0ca24b877009200ced9065a772e73),platform=Windows NT 10.0.17134 x86_64) (WARNING: The server did not provide any stacktrace information)
Command duration or timeout: 0 milliseconds
Build info: version: '3.7.1', revision: '8a0099a', time: '2017-11-06T21:07:36.161Z'
System info: host: 'DESKTOP-4M6R1V0', ip: '10.0.2.15', os.name: 'Windows 10', os.arch: 'amd64', os.version: '10.0', java.version: '1.8.0_181'
Driver info: com.kms.katalon.selenium.driver.CChromeDriver
Capabilities {acceptInsecureCerts: false, acceptSslCerts: false, applicationCacheEnabled: false, browserConnectionEnabled: false, browserName: chrome, chrome: {chromedriverVersion: 2.35.528161 (5b82f2d2aae0ca..., userDataDir: C:\Users\CLOUDK~1\AppData\L...}, cssSelectorsEnabled: true, databaseEnabled: false, handlesAlerts: true, hasTouchScreen: false, javascriptEnabled: true, locationContextEnabled: true, mobileEmulationEnabled: false, nativeEvents: true, networkConnectionEnabled: false, pageLoadStrategy: normal, platform: XP, platformName: XP, rotatable: false, setWindowRect: true, takesHeapSnapshot: true, takesScreenshot: true, unexpectedAlertBehaviour: , unhandledPromptBehavior: , version: 73.0.3683.103, webStorageEnabled: true}
Session ID: 5bbae61a4f1bc40632fe6b5b9b6d279d)

2019-04-22 14:39:53 - [TEST_STEP][FAILED] - callTestCase: Unable to call Test Case with id 'Test Cases/Subscriber TestCases/TC0678' (Root cause: Call Test Case 'Test Cases/Subscriber TestCases/TC0678' failed)

2019-04-22 14:39:53 - [TEST_CASE][FAILED] - Test Cases/Subscriber TestCases/TC0678: Test Cases/Subscriber TestCases/TC0678 FAILED because (of) Unable to click on object 'Object Repository/Page_KiboPush  Dashboard/span_Dashboard' (Root cause: org.openqa.selenium.WebDriverException: unknown error: Element <span class="m-menu__link-text">...</span> is not clickable at point (145, 182). Other element would receive the click: <div class="modal fade show" id="m_modal_1_2" role="dialog" aria-labelledby="exampleModalLabel" style="background: rgba(33, 37, 41, 0.6); display: block;">...</div>
  (Session info: chrome=73.0.3683.103)
  (Driver info: chromedriver=2.35.528161 (5b82f2d2aae0ca24b877009200ced9065a772e73),platform=Windows NT 10.0.17134 x86_64) (WARNING: The server did not provide any stacktrace information)
Command duration or timeout: 0 milliseconds
Build info: version: '3.7.1', revision: '8a0099a', time: '2017-11-06T21:07:36.161Z'
System info: host: 'DESKTOP-4M6R1V0', ip: '10.0.2.15', os.name: 'Windows 10', os.arch: 'amd64', os.version: '10.0', java.version: '1.8.0_181'
Driver info: com.kms.katalon.selenium.driver.CChromeDriver
Capabilities {acceptInsecureCerts: false, acceptSslCerts: false, applicationCacheEnabled: false, browserConnectionEnabled: false, browserName: chrome, chrome: {chromedriverVersion: 2.35.528161 (5b82f2d2aae0ca..., userDataDir: C:\Users\CLOUDK~1\AppData\L...}, cssSelectorsEnabled: true, databaseEnabled: false, handlesAlerts: true, hasTouchScreen: false, javascriptEnabled: true, locationContextEnabled: true, mobileEmulationEnabled: false, nativeEvents: true, networkConnectionEnabled: false, pageLoadStrategy: normal, platform: XP, platformName: XP, rotatable: false, setWindowRect: true, takesHeapSnapshot: true, takesScreenshot: true, unexpectedAlertBehaviour: , unhandledPromptBehavior: , version: 73.0.3683.103, webStorageEnabled: true}
Session ID: 5bbae61a4f1bc40632fe6b5b9b6d279d)

2019-04-22 14:39:53 - [TEST_STEP][FAILED] - callTestCase: Unable to call Test Case with id 'Test Cases/s-sidebar_navigation/individualAccount/Subscriber' (Root cause: Call Test Case 'Test Cases/s-sidebar_navigation/individualAccount/Subscriber' failed)

2019-04-22 14:39:53 - [TEST_CASE][FAILED] - Test Cases/s-sidebar_navigation/individualAccount/Subscriber: Test Cases/s-sidebar_navigation/individualAccount/Subscriber FAILED because (of) Unable to click on object 'Object Repository/Page_KiboPush  Dashboard/span_Dashboard' (Root cause: org.openqa.selenium.WebDriverException: unknown error: Element <span class="m-menu__link-text">...</span> is not clickable at point (145, 182). Other element would receive the click: <div class="modal fade show" id="m_modal_1_2" role="dialog" aria-labelledby="exampleModalLabel" style="background: rgba(33, 37, 41, 0.6); display: block;">...</div>
  (Session info: chrome=73.0.3683.103)
  (Driver info: chromedriver=2.35.528161 (5b82f2d2aae0ca24b877009200ced9065a772e73),platform=Windows NT 10.0.17134 x86_64) (WARNING: The server did not provide any stacktrace information)
Command duration or timeout: 0 milliseconds
Build info: version: '3.7.1', revision: '8a0099a', time: '2017-11-06T21:07:36.161Z'
System info: host: 'DESKTOP-4M6R1V0', ip: '10.0.2.15', os.name: 'Windows 10', os.arch: 'amd64', os.version: '10.0', java.version: '1.8.0_181'
Driver info: com.kms.katalon.selenium.driver.CChromeDriver
Capabilities {acceptInsecureCerts: false, acceptSslCerts: false, applicationCacheEnabled: false, browserConnectionEnabled: false, browserName: chrome, chrome: {chromedriverVersion: 2.35.528161 (5b82f2d2aae0ca..., userDataDir: C:\Users\CLOUDK~1\AppData\L...}, cssSelectorsEnabled: true, databaseEnabled: false, handlesAlerts: true, hasTouchScreen: false, javascriptEnabled: true, locationContextEnabled: true, mobileEmulationEnabled: false, nativeEvents: true, networkConnectionEnabled: false, pageLoadStrategy: normal, platform: XP, platformName: XP, rotatable: false, setWindowRect: true, takesHeapSnapshot: true, takesScreenshot: true, unexpectedAlertBehaviour: , unhandledPromptBehavior: , version: 73.0.3683.103, webStorageEnabled: true}
Session ID: 5bbae61a4f1bc40632fe6b5b9b6d279d)

2019-04-22 14:39:53 - [TEST_STEP][FAILED] - click: Unable to click on object 'Object Repository/Page_KiboPush  Dashboard/span_Dashboard' (Root cause: org.openqa.selenium.WebDriverException: unknown error: Element <span class="m-menu__link-text">...</span> is not clickable at point (145, 182). Other element would receive the click: <div class="modal fade show" id="m_modal_1_2" role="dialog" aria-labelledby="exampleModalLabel" style="background: rgba(33, 37, 41, 0.6); display: block;">...</div>
  (Session info: chrome=73.0.3683.103)
  (Driver info: chromedriver=2.35.528161 (5b82f2d2aae0ca24b877009200ced9065a772e73),platform=Windows NT 10.0.17134 x86_64) (WARNING: The server did not provide any stacktrace information)
Command duration or timeout: 0 milliseconds
Build info: version: '3.7.1', revision: '8a0099a', time: '2017-11-06T21:07:36.161Z'
System info: host: 'DESKTOP-4M6R1V0', ip: '10.0.2.15', os.name: 'Windows 10', os.arch: 'amd64', os.version: '10.0', java.version: '1.8.0_181'
Driver info: com.kms.katalon.selenium.driver.CChromeDriver
Capabilities {acceptInsecureCerts: false, acceptSslCerts: false, applicationCacheEnabled: false, browserConnectionEnabled: false, browserName: chrome, chrome: {chromedriverVersion: 2.35.528161 (5b82f2d2aae0ca..., userDataDir: C:\Users\CLOUDK~1\AppData\L...}, cssSelectorsEnabled: true, databaseEnabled: false, handlesAlerts: true, hasTouchScreen: false, javascriptEnabled: true, locationContextEnabled: true, mobileEmulationEnabled: false, nativeEvents: true, networkConnectionEnabled: false, pageLoadStrategy: normal, platform: XP, platformName: XP, rotatable: false, setWindowRect: true, takesHeapSnapshot: true, takesScreenshot: true, unexpectedAlertBehaviour: , unhandledPromptBehavior: , version: 73.0.3683.103, webStorageEnabled: true}
Session ID: 5bbae61a4f1bc40632fe6b5b9b6d279d)

2019-04-22 14:39:54 - [MESSAGE][FAILED] - Unable to click on object 'Object Repository/Page_KiboPush  Dashboard/span_Dashboard' (Root cause: org.openqa.selenium.WebDriverException: unknown error: Element <span class="m-menu__link-text">...</span> is not clickable at point (145, 182). Other element would receive the click: <div class="modal fade show" id="m_modal_1_2" role="dialog" aria-labelledby="exampleModalLabel" style="background: rgba(33, 37, 41, 0.6); display: block;">...</div>
  (Session info: chrome=73.0.3683.103)
  (Driver info: chromedriver=2.35.528161 (5b82f2d2aae0ca24b877009200ced9065a772e73),platform=Windows NT 10.0.17134 x86_64) (WARNING: The server did not provide any stacktrace information)
Command duration or timeout: 0 milliseconds
Build info: version: '3.7.1', revision: '8a0099a', time: '2017-11-06T21:07:36.161Z'
System info: host: 'DESKTOP-4M6R1V0', ip: '10.0.2.15', os.name: 'Windows 10', os.arch: 'amd64', os.version: '10.0', java.version: '1.8.0_181'
Driver info: com.kms.katalon.selenium.driver.CChromeDriver
Capabilities {acceptInsecureCerts: false, acceptSslCerts: false, applicationCacheEnabled: false, browserConnectionEnabled: false, browserName: chrome, chrome: {chromedriverVersion: 2.35.528161 (5b82f2d2aae0ca..., userDataDir: C:\Users\CLOUDK~1\AppData\L...}, cssSelectorsEnabled: true, databaseEnabled: false, handlesAlerts: true, hasTouchScreen: false, javascriptEnabled: true, locationContextEnabled: true, mobileEmulationEnabled: false, nativeEvents: true, networkConnectionEnabled: false, pageLoadStrategy: normal, platform: XP, platformName: XP, rotatable: false, setWindowRect: true, takesHeapSnapshot: true, takesScreenshot: true, unexpectedAlertBehaviour: , unhandledPromptBehavior: , version: 73.0.3683.103, webStorageEnabled: true}
Session ID: 5bbae61a4f1bc40632fe6b5b9b6d279d)
[[ATTACHMENT|C:\\Users\\cloudkibo\\Desktop\\KiboPush_Automated_Testing\\KiboPush Katalon\\Reports\\subscriber\\20190422_143353\\1555925993753.png]]

2019-04-22 14:39:54 - [MESSAGE][FAILED] - Unable to call Test Case with id 'Test Cases/s-sidebar_navigation/individualAccount/Subscriber' (Root cause: Call Test Case 'Test Cases/s-sidebar_navigation/individualAccount/Subscriber' failed)

2019-04-22 14:39:54 - [MESSAGE][FAILED] - Unable to call Test Case with id 'Test Cases/Subscriber TestCases/TC0678' (Root cause: Call Test Case 'Test Cases/Subscriber TestCases/TC0678' failed)]]></system-out>
         <system-err><![CDATA[2019-04-22 14:39:53 - [TEST_CASE][FAILED] - Test Cases/Subscriber TestCases/TC0682: Test Cases/Subscriber TestCases/TC0682 FAILED because (of) Unable to click on object 'Object Repository/Page_KiboPush  Dashboard/span_Dashboard' (Root cause: org.openqa.selenium.WebDriverException: unknown error: Element <span class="m-menu__link-text">...</span> is not clickable at point (145, 182). Other element would receive the click: <div class="modal fade show" id="m_modal_1_2" role="dialog" aria-labelledby="exampleModalLabel" style="background: rgba(33, 37, 41, 0.6); display: block;">...</div>
  (Session info: chrome=73.0.3683.103)
  (Driver info: chromedriver=2.35.528161 (5b82f2d2aae0ca24b877009200ced9065a772e73),platform=Windows NT 10.0.17134 x86_64) (WARNING: The server did not provide any stacktrace information)
Command duration or timeout: 0 milliseconds
Build info: version: '3.7.1', revision: '8a0099a', time: '2017-11-06T21:07:36.161Z'
System info: host: 'DESKTOP-4M6R1V0', ip: '10.0.2.15', os.name: 'Windows 10', os.arch: 'amd64', os.version: '10.0', java.version: '1.8.0_181'
Driver info: com.kms.katalon.selenium.driver.CChromeDriver
Capabilities {acceptInsecureCerts: false, acceptSslCerts: false, applicationCacheEnabled: false, browserConnectionEnabled: false, browserName: chrome, chrome: {chromedriverVersion: 2.35.528161 (5b82f2d2aae0ca..., userDataDir: C:\Users\CLOUDK~1\AppData\L...}, cssSelectorsEnabled: true, databaseEnabled: false, handlesAlerts: true, hasTouchScreen: false, javascriptEnabled: true, locationContextEnabled: true, mobileEmulationEnabled: false, nativeEvents: true, networkConnectionEnabled: false, pageLoadStrategy: normal, platform: XP, platformName: XP, rotatable: false, setWindowRect: true, takesHeapSnapshot: true, takesScreenshot: true, unexpectedAlertBehaviour: , unhandledPromptBehavior: , version: 73.0.3683.103, webStorageEnabled: true}
Session ID: 5bbae61a4f1bc40632fe6b5b9b6d279d)]]></system-err>
      </testcase>
      <system-out><![CDATA[2019-04-22 14:33:59 - [TEST_SUITE][FAILED] - subscriber: Test Cases/Subscriber TestCases/TC0651 FAILED because (of) Unable to click on object (Root cause: java.lang.IllegalArgumentException: Object is null)]]></system-out>
      <system-err><![CDATA[2019-04-22 14:33:59 - [TEST_SUITE][FAILED] - subscriber: Test Cases/Subscriber TestCases/TC0651 FAILED because (of) Unable to click on object (Root cause: java.lang.IllegalArgumentException: Object is null)]]></system-err>
   </testsuite>
</testsuites>
