<?xml version="1.0" encoding="UTF-8"?>
<testsuites name="Discover Tabs" time="76" tests="7" failures="0" errors="0">
   <testsuite name="Discover Tabs" tests="7" failures="0" errors="0" time="76" timestamp="2019-04-20 18:11:00" hostname="faizan - faizan-HP-EliteBook-850-G2" id="Test Suites/Faizan Suits/Discover Tabs">
      <properties>
         <property name="deviceName" value=""/>
         <property name="devicePlatform" value=""/>
         <property name="logFolder" value="/home/faizan/Drive/KiboPush_Automated_Testing/KiboPush Katalon/Reports/Faizan Suits/Discover Tabs/20190420_181054"/>
         <property name="logFiles" value="/home/faizan/Drive/KiboPush_Automated_Testing/KiboPush Katalon/Reports/Faizan Suits/Discover Tabs/20190420_181054/execution0.log"/>
         <property name="attachments" value=""/>
         <property name="hostName" value="faizan - faizan-HP-EliteBook-850-G2"/>
         <property name="os" value="Linux 64bit"/>
         <property name="katalonVersion" value="6.1.2.2"/>
         <property name="browser" value="Chrome 73.0.3683.103"/>
         <property name="hostAddress" value="127.0.1.1"/>
         <property name="sessionId" value="e90f6b1e7013e0d839a493d2a349412f"/>
         <property name="seleniumVersion" value="3.7.1"/>
         <property name="proxyInformation" value="ProxyInformation{proxyOption=NO_PROXY, proxyServerType=HTTP, password=, proxyServerAddress=, proxyServerPort=0}"/>
         <property name="platform" value="Linux"/>
      </properties>
      <testcase name="Test Cases/s-sidebar_navigation/individualAccount/Faizan_production_login_kiboengage" classname="Test Cases/s-sidebar_navigation/individualAccount/Faizan_production_login_kiboengage" status="PASSED">
         <system-out><![CDATA[2019-04-20 18:11:01 - [TEST_CASE][PASSED] - Test Cases/s-sidebar_navigation/individualAccount/Faizan_production_login_kiboengage: Test Cases/s-sidebar_navigation/individualAccount/Faizan_production_login_kiboengage

2019-04-20 18:11:01 - [TEST_STEP][PASSED] - openBrowser(""): Browser is opened with url: ''

2019-04-20 18:11:02 - [MESSAGE][INFO] - Starting 'Chrome' driver

2019-04-20 18:11:02 - [MESSAGE][INFO] - User set preference: ['args', '[--no-sandbox]']

2019-04-20 18:11:02 - [MESSAGE][INFO] - Action delay is set to 0 seconds

2019-04-20 18:11:16 - [MESSAGE][PASSED] - Browser is opened with url: ''

2019-04-20 18:11:16 - [TEST_STEP][PASSED] - maximizeWindow(): Current window maximized

2019-04-20 18:11:16 - [MESSAGE][PASSED] - Current window maximized

2019-04-20 18:11:16 - [TEST_STEP][PASSED] - navigateToUrl("https://kiboengage.cloudkibo.com/"): Navigate to 'https://kiboengage.cloudkibo.com/' successfully

2019-04-20 18:11:28 - [MESSAGE][PASSED] - Navigate to 'https://kiboengage.cloudkibo.com/' successfully

2019-04-20 18:11:28 - [TEST_STEP][PASSED] - navigateToUrl("https://accounts.cloudkibo.com/?continue=https://kiboengage.cloudkibo.com"): Navigate to 'https://accounts.cloudkibo.com/?continue=https://kiboengage.cloudkibo.com' successfully

2019-04-20 18:11:29 - [MESSAGE][PASSED] - Navigate to 'https://accounts.cloudkibo.com/?continue=https://kiboengage.cloudkibo.com' successfully

2019-04-20 18:11:29 - [TEST_STEP][PASSED] - click(findTestObject("Page_CloudKibo/a_Login (2) (1) (1)")): Object: 'Object Repository/Page_CloudKibo/a_Login (2) (1) (1)' is clicked on

2019-04-20 18:11:30 - [MESSAGE][PASSED] - Object: 'Object Repository/Page_CloudKibo/a_Login (2) (1) (1)' is clicked on

2019-04-20 18:11:30 - [TEST_STEP][PASSED] - setText(findTestObject("Page_KiboPush/input_email (10) (1) (1)"), "faizan@cloudkibo.com"): Text 'faizan@cloudkibo.com' is set on object 'Object Repository/Page_KiboPush/input_email (10) (1) (1)'

2019-04-20 18:11:31 - [MESSAGE][PASSED] - Text 'faizan@cloudkibo.com' is set on object 'Object Repository/Page_KiboPush/input_email (10) (1) (1)'

2019-04-20 18:11:31 - [TEST_STEP][PASSED] - setEncryptedText(findTestObject("Page_CloudKibo/input_Sign In_password (7)"), "qeJ0sjJnwEs="): Text ****** has been set on object 'Object Repository/Page_CloudKibo/input_Sign In_password (7)'

2019-04-20 18:11:31 - [MESSAGE][PASSED] - Text ****** has been set on object 'Object Repository/Page_CloudKibo/input_Sign In_password (7)'

2019-04-20 18:11:31 - [TEST_STEP][PASSED] - click(findTestObject("Page_KiboPush/button_Sign In (10) (1) (2)")): Object: 'Object Repository/Page_KiboPush/button_Sign In (10) (1) (2)' is clicked on

2019-04-20 18:11:31 - [MESSAGE][PASSED] - Object: 'Object Repository/Page_KiboPush/button_Sign In (10) (1) (2)' is clicked on

2019-04-20 18:11:31 - [TEST_STEP][PASSED] - navigateToUrl("https://kiboengage.cloudkibo.com/dashboard"): Navigate to 'https://kiboengage.cloudkibo.com/dashboard' successfully

2019-04-20 18:11:53 - [MESSAGE][PASSED] - Navigate to 'https://kiboengage.cloudkibo.com/dashboard' successfully

2019-04-20 18:11:53 - [TEST_STEP][PASSED] - click(findTestObject("Page_KiboPush  Dashboard/h3_Dashboard (57)")): Object: 'Object Repository/Page_KiboPush  Dashboard/h3_Dashboard (57)' is clicked on

2019-04-20 18:11:54 - [MESSAGE][PASSED] - Object: 'Object Repository/Page_KiboPush  Dashboard/h3_Dashboard (57)' is clicked on

2019-04-20 18:11:54 - [TEST_STEP][PASSED] - delay(3): Delayed 3 second(s)

2019-04-20 18:11:57 - [MESSAGE][PASSED] - Delayed 3 second(s)

2019-04-20 18:11:57 - [TEST_STEP][PASSED] - click(findTestObject("Page_KiboEngage  Dashboard/a_SMS (2) (1) (1) (1) (3)")): Object: 'Object Repository/Page_KiboEngage  Dashboard/a_SMS (2) (1) (1) (1) (3)' is clicked on

2019-04-20 18:11:57 - [MESSAGE][PASSED] - Object: 'Object Repository/Page_KiboEngage  Dashboard/a_SMS (2) (1) (1) (1) (3)' is clicked on

2019-04-20 18:11:57 - [TEST_STEP][PASSED] - click(findTestObject("Page_KiboEngage  Dashboard/span_Messenger (1) (1) (1) (3)")): Object: 'Object Repository/Page_KiboEngage  Dashboard/span_Messenger (1) (1) (1) (3)' is clicked on

2019-04-20 18:11:57 - [MESSAGE][PASSED] - Object: 'Object Repository/Page_KiboEngage  Dashboard/span_Messenger (1) (1) (1) (3)' is clicked on]]></system-out>
         <system-err><![CDATA[]]></system-err>
      </testcase>
      <testcase name="Test Cases/Invite subscribers/open growth tools" classname="Test Cases/Invite subscribers/open growth tools" status="PASSED">
         <system-out><![CDATA[2019-04-20 18:11:57 - [TEST_CASE][PASSED] - Test Cases/Invite subscribers/open growth tools: Test Cases/Invite subscribers/open growth tools

2019-04-20 18:11:58 - [TEST_STEP][PASSED] - click(findTestObject("Object Repository/Page_KiboPush  Dashboard/span_Growth Tools (3)")): Object: 'Object Repository/Page_KiboPush  Dashboard/span_Growth Tools (3)' is clicked on

2019-04-20 18:11:58 - [MESSAGE][PASSED] - Object: 'Object Repository/Page_KiboPush  Dashboard/span_Growth Tools (3)' is clicked on

2019-04-20 18:11:58 - [TEST_STEP][PASSED] - delay(1): Delayed 1 second(s)

2019-04-20 18:11:59 - [MESSAGE][PASSED] - Delayed 1 second(s)]]></system-out>
         <system-err><![CDATA[]]></system-err>
      </testcase>
      <testcase name="Test Cases/Discover Tabs/TC1077" classname="Test Cases/Discover Tabs/TC1077" status="PASSED">
         <system-out><![CDATA[2019-04-20 18:11:59 - [TEST_CASE][PASSED] - Test Cases/Discover Tabs/TC1077: Test Cases/Discover Tabs/TC1077

2019-04-20 18:11:59 - [TEST_STEP][PASSED] - callTestCase(findTestCase("s-sidebar_navigation/individualAccount/Discover Tabs"), [:], STOP_ON_FAILURE): Call Test Case 'Test Cases/s-sidebar_navigation/individualAccount/Discover Tabs' successfully

2019-04-20 18:11:59 - [TEST_CASE][PASSED] - Test Cases/s-sidebar_navigation/individualAccount/Discover Tabs: Test Cases/s-sidebar_navigation/individualAccount/Discover Tabs

2019-04-20 18:11:59 - [TEST_STEP][PASSED] - click(findTestObject("Object Repository/Page_KiboPush  Dashboard/span_Invite Subscribers")): Object: 'Object Repository/Page_KiboPush  Dashboard/span_Invite Subscribers' is clicked on

2019-04-20 18:11:59 - [MESSAGE][PASSED] - Object: 'Object Repository/Page_KiboPush  Dashboard/span_Invite Subscribers' is clicked on

2019-04-20 18:11:59 - [TEST_STEP][PASSED] - delay(1): Delayed 1 second(s)

2019-04-20 18:12:00 - [MESSAGE][PASSED] - Delayed 1 second(s)

2019-04-20 18:12:00 - [TEST_STEP][PASSED] - click(findTestObject("Object Repository/Page_KiboEngage  Dashboard/span_Messenger Code")): Object: 'Object Repository/Page_KiboEngage  Dashboard/span_Messenger Code' is clicked on

2019-04-20 18:12:01 - [MESSAGE][PASSED] - Object: 'Object Repository/Page_KiboEngage  Dashboard/span_Messenger Code' is clicked on

2019-04-20 18:12:01 - [TEST_STEP][PASSED] - delay(1): Delayed 1 second(s)

2019-04-20 18:12:02 - [MESSAGE][PASSED] - Delayed 1 second(s)

2019-04-20 18:12:02 - [MESSAGE][PASSED] - Call Test Case 'Test Cases/s-sidebar_navigation/individualAccount/Discover Tabs' successfully

2019-04-20 18:12:02 - [TEST_STEP][PASSED] - click(findTestObject("Object Repository/Page_KiboEngage  Messenger Code/a_documentation")): Object: 'Object Repository/Page_KiboEngage  Messenger Code/a_documentation' is clicked on

2019-04-20 18:12:02 - [MESSAGE][PASSED] - Object: 'Object Repository/Page_KiboEngage  Messenger Code/a_documentation' is clicked on]]></system-out>
         <system-err><![CDATA[]]></system-err>
      </testcase>
      <testcase name="Test Cases/Discover Tabs/TC1078" classname="Test Cases/Discover Tabs/TC1078" status="PASSED">
         <system-out><![CDATA[2019-04-20 18:12:02 - [TEST_CASE][PASSED] - Test Cases/Discover Tabs/TC1078: Test Cases/Discover Tabs/TC1078

2019-04-20 18:12:02 - [TEST_STEP][PASSED] - callTestCase(findTestCase("s-sidebar_navigation/individualAccount/Discover Tabs"), [:], STOP_ON_FAILURE): Call Test Case 'Test Cases/s-sidebar_navigation/individualAccount/Discover Tabs' successfully

2019-04-20 18:12:02 - [TEST_CASE][PASSED] - Test Cases/s-sidebar_navigation/individualAccount/Discover Tabs: Test Cases/s-sidebar_navigation/individualAccount/Discover Tabs

2019-04-20 18:12:02 - [TEST_STEP][PASSED] - click(findTestObject("Object Repository/Page_KiboPush  Dashboard/span_Invite Subscribers")): Object: 'Object Repository/Page_KiboPush  Dashboard/span_Invite Subscribers' is clicked on

2019-04-20 18:12:02 - [MESSAGE][PASSED] - Object: 'Object Repository/Page_KiboPush  Dashboard/span_Invite Subscribers' is clicked on

2019-04-20 18:12:02 - [TEST_STEP][PASSED] - delay(1): Delayed 1 second(s)

2019-04-20 18:12:03 - [MESSAGE][PASSED] - Delayed 1 second(s)

2019-04-20 18:12:03 - [TEST_STEP][PASSED] - click(findTestObject("Object Repository/Page_KiboEngage  Dashboard/span_Messenger Code")): Object: 'Object Repository/Page_KiboEngage  Dashboard/span_Messenger Code' is clicked on

2019-04-20 18:12:04 - [MESSAGE][PASSED] - Object: 'Object Repository/Page_KiboEngage  Dashboard/span_Messenger Code' is clicked on

2019-04-20 18:12:04 - [TEST_STEP][PASSED] - delay(1): Delayed 1 second(s)

2019-04-20 18:12:05 - [MESSAGE][PASSED] - Delayed 1 second(s)

2019-04-20 18:12:05 - [MESSAGE][PASSED] - Call Test Case 'Test Cases/s-sidebar_navigation/individualAccount/Discover Tabs' successfully

2019-04-20 18:12:05 - [TEST_STEP][PASSED] - click(findTestObject("Object Repository/Page_KiboEngage  Messenger Code/a_documentation")): Object: 'Object Repository/Page_KiboEngage  Messenger Code/a_documentation' is clicked on

2019-04-20 18:12:05 - [MESSAGE][PASSED] - Object: 'Object Repository/Page_KiboEngage  Messenger Code/a_documentation' is clicked on]]></system-out>
         <system-err><![CDATA[]]></system-err>
      </testcase>
      <testcase name="Test Cases/Discover Tabs/TC1079" classname="Test Cases/Discover Tabs/TC1079" status="PASSED">
         <system-out><![CDATA[2019-04-20 18:12:05 - [TEST_CASE][PASSED] - Test Cases/Discover Tabs/TC1079: Test Cases/Discover Tabs/TC1079

2019-04-20 18:12:05 - [TEST_STEP][PASSED] - callTestCase(findTestCase("s-sidebar_navigation/individualAccount/Discover Tabs"), [:], STOP_ON_FAILURE): Call Test Case 'Test Cases/s-sidebar_navigation/individualAccount/Discover Tabs' successfully

2019-04-20 18:12:05 - [TEST_CASE][PASSED] - Test Cases/s-sidebar_navigation/individualAccount/Discover Tabs: Test Cases/s-sidebar_navigation/individualAccount/Discover Tabs

2019-04-20 18:12:05 - [TEST_STEP][PASSED] - click(findTestObject("Object Repository/Page_KiboPush  Dashboard/span_Invite Subscribers")): Object: 'Object Repository/Page_KiboPush  Dashboard/span_Invite Subscribers' is clicked on

2019-04-20 18:12:06 - [MESSAGE][PASSED] - Object: 'Object Repository/Page_KiboPush  Dashboard/span_Invite Subscribers' is clicked on

2019-04-20 18:12:06 - [TEST_STEP][PASSED] - delay(1): Delayed 1 second(s)

2019-04-20 18:12:07 - [MESSAGE][PASSED] - Delayed 1 second(s)

2019-04-20 18:12:07 - [TEST_STEP][PASSED] - click(findTestObject("Object Repository/Page_KiboEngage  Dashboard/span_Messenger Code")): Object: 'Object Repository/Page_KiboEngage  Dashboard/span_Messenger Code' is clicked on

2019-04-20 18:12:07 - [MESSAGE][PASSED] - Object: 'Object Repository/Page_KiboEngage  Dashboard/span_Messenger Code' is clicked on

2019-04-20 18:12:07 - [TEST_STEP][PASSED] - delay(1): Delayed 1 second(s)

2019-04-20 18:12:08 - [MESSAGE][PASSED] - Delayed 1 second(s)

2019-04-20 18:12:08 - [MESSAGE][PASSED] - Call Test Case 'Test Cases/s-sidebar_navigation/individualAccount/Discover Tabs' successfully

2019-04-20 18:12:08 - [TEST_STEP][PASSED] - click(findTestObject("Object Repository/Page_KiboEngage  Messenger Code/a_documentation")): Object: 'Object Repository/Page_KiboEngage  Messenger Code/a_documentation' is clicked on

2019-04-20 18:12:08 - [MESSAGE][PASSED] - Object: 'Object Repository/Page_KiboEngage  Messenger Code/a_documentation' is clicked on]]></system-out>
         <system-err><![CDATA[]]></system-err>
      </testcase>
      <testcase name="Test Cases/Discover Tabs/TC1080" classname="Test Cases/Discover Tabs/TC1080" status="PASSED">
         <system-out><![CDATA[2019-04-20 18:12:08 - [TEST_CASE][PASSED] - Test Cases/Discover Tabs/TC1080: Test Cases/Discover Tabs/TC1080

2019-04-20 18:12:08 - [TEST_STEP][PASSED] - callTestCase(findTestCase("s-sidebar_navigation/individualAccount/Discover Tabs"), [:], STOP_ON_FAILURE): Call Test Case 'Test Cases/s-sidebar_navigation/individualAccount/Discover Tabs' successfully

2019-04-20 18:12:08 - [TEST_CASE][PASSED] - Test Cases/s-sidebar_navigation/individualAccount/Discover Tabs: Test Cases/s-sidebar_navigation/individualAccount/Discover Tabs

2019-04-20 18:12:08 - [TEST_STEP][PASSED] - click(findTestObject("Object Repository/Page_KiboPush  Dashboard/span_Invite Subscribers")): Object: 'Object Repository/Page_KiboPush  Dashboard/span_Invite Subscribers' is clicked on

2019-04-20 18:12:09 - [MESSAGE][PASSED] - Object: 'Object Repository/Page_KiboPush  Dashboard/span_Invite Subscribers' is clicked on

2019-04-20 18:12:09 - [TEST_STEP][PASSED] - delay(1): Delayed 1 second(s)

2019-04-20 18:12:10 - [MESSAGE][PASSED] - Delayed 1 second(s)

2019-04-20 18:12:10 - [TEST_STEP][PASSED] - click(findTestObject("Object Repository/Page_KiboEngage  Dashboard/span_Messenger Code")): Object: 'Object Repository/Page_KiboEngage  Dashboard/span_Messenger Code' is clicked on

2019-04-20 18:12:11 - [MESSAGE][PASSED] - Object: 'Object Repository/Page_KiboEngage  Dashboard/span_Messenger Code' is clicked on

2019-04-20 18:12:11 - [TEST_STEP][PASSED] - delay(1): Delayed 1 second(s)

2019-04-20 18:12:12 - [MESSAGE][PASSED] - Delayed 1 second(s)

2019-04-20 18:12:12 - [MESSAGE][PASSED] - Call Test Case 'Test Cases/s-sidebar_navigation/individualAccount/Discover Tabs' successfully

2019-04-20 18:12:12 - [TEST_STEP][PASSED] - click(findTestObject("Object Repository/Page_KiboEngage  Messenger Code/a_documentation")): Object: 'Object Repository/Page_KiboEngage  Messenger Code/a_documentation' is clicked on

2019-04-20 18:12:12 - [MESSAGE][PASSED] - Object: 'Object Repository/Page_KiboEngage  Messenger Code/a_documentation' is clicked on]]></system-out>
         <system-err><![CDATA[]]></system-err>
      </testcase>
      <testcase name="Test Cases/Discover Tabs/TC1081" classname="Test Cases/Discover Tabs/TC1081" status="PASSED">
         <system-out><![CDATA[2019-04-20 18:12:12 - [TEST_CASE][PASSED] - Test Cases/Discover Tabs/TC1081: Test Cases/Discover Tabs/TC1081

2019-04-20 18:12:12 - [TEST_STEP][PASSED] - callTestCase(findTestCase("s-sidebar_navigation/individualAccount/Discover Tabs"), [:], STOP_ON_FAILURE): Call Test Case 'Test Cases/s-sidebar_navigation/individualAccount/Discover Tabs' successfully

2019-04-20 18:12:12 - [TEST_CASE][PASSED] - Test Cases/s-sidebar_navigation/individualAccount/Discover Tabs: Test Cases/s-sidebar_navigation/individualAccount/Discover Tabs

2019-04-20 18:12:12 - [TEST_STEP][PASSED] - click(findTestObject("Object Repository/Page_KiboPush  Dashboard/span_Invite Subscribers")): Object: 'Object Repository/Page_KiboPush  Dashboard/span_Invite Subscribers' is clicked on

2019-04-20 18:12:13 - [MESSAGE][PASSED] - Object: 'Object Repository/Page_KiboPush  Dashboard/span_Invite Subscribers' is clicked on

2019-04-20 18:12:13 - [TEST_STEP][PASSED] - delay(1): Delayed 1 second(s)

2019-04-20 18:12:14 - [MESSAGE][PASSED] - Delayed 1 second(s)

2019-04-20 18:12:14 - [TEST_STEP][PASSED] - click(findTestObject("Object Repository/Page_KiboEngage  Dashboard/span_Messenger Code")): Object: 'Object Repository/Page_KiboEngage  Dashboard/span_Messenger Code' is clicked on

2019-04-20 18:12:14 - [MESSAGE][PASSED] - Object: 'Object Repository/Page_KiboEngage  Dashboard/span_Messenger Code' is clicked on

2019-04-20 18:12:14 - [TEST_STEP][PASSED] - delay(1): Delayed 1 second(s)

2019-04-20 18:12:15 - [MESSAGE][PASSED] - Delayed 1 second(s)

2019-04-20 18:12:15 - [MESSAGE][PASSED] - Call Test Case 'Test Cases/s-sidebar_navigation/individualAccount/Discover Tabs' successfully

2019-04-20 18:12:15 - [TEST_STEP][PASSED] - click(findTestObject("Object Repository/Page_KiboEngage  Messenger Code/a_documentation")): Object: 'Object Repository/Page_KiboEngage  Messenger Code/a_documentation' is clicked on

2019-04-20 18:12:15 - [MESSAGE][PASSED] - Object: 'Object Repository/Page_KiboEngage  Messenger Code/a_documentation' is clicked on]]></system-out>
         <system-err><![CDATA[]]></system-err>
      </testcase>
      <system-out><![CDATA[2019-04-20 18:11:00 - [TEST_SUITE][PASSED] - Discover Tabs: Test Cases/Discover Tabs/TC1081]]></system-out>
      <system-err><![CDATA[]]></system-err>
   </testsuite>
</testsuites>
