<?xml version="1.0" encoding="UTF-8"?>
<testsuites name="inviteUsingPhoneNumber" time="370" tests="9" failures="1" errors="0">
   <testsuite name="inviteUsingPhoneNumber" tests="9" failures="1" errors="0" time="370" timestamp="2019-03-22 14:41:44" hostname="cloudkibo-faizan - cloudkibo-faizan" id="Test Suites/inviteUsingPhoneNumber">
      <properties>
         <property name="deviceName" value=""/>
         <property name="devicePlatform" value=""/>
         <property name="logFolder" value="/home/cloudkibo-faizan/Drive/Katalon/production/KiboPush/Reports/inviteUsingPhoneNumber/20190322_144142"/>
         <property name="logFiles" value="/home/cloudkibo-faizan/Drive/Katalon/production/KiboPush/Reports/inviteUsingPhoneNumber/20190322_144142/execution0.log"/>
         <property name="attachments" value="/home/cloudkibo-faizan/Drive/Katalon/production/KiboPush/Reports/inviteUsingPhoneNumber/20190322_144142/1553248004286.png"/>
         <property name="hostName" value="cloudkibo-faizan - cloudkibo-faizan"/>
         <property name="os" value="Linux 64bit"/>
         <property name="katalonVersion" value="6.0.6.4"/>
         <property name="browser" value="Chrome 73.0.3683.75"/>
         <property name="hostAddress" value="127.0.1.1"/>
         <property name="sessionId" value="ce63416b8939c69a03260cfb89f39544"/>
         <property name="seleniumVersion" value="3.7.1"/>
         <property name="proxyInformation" value="ProxyInformation{proxyOption=NO_PROXY, proxyServerType=HTTP, password=, proxyServerAddress=, proxyServerPort=0}"/>
         <property name="platform" value="Linux"/>
      </properties>
      <testcase name="Test Cases/Invite Using Phone Number/TC0919" classname="Test Cases/Invite Using Phone Number/TC0919" status="PASSED">
         <system-out><![CDATA[2019-03-22 14:41:44 - [TEST_CASE][PASSED] - Test Cases/Invite Using Phone Number/TC0919: Test Cases/Invite Using Phone Number/TC0919

2019-03-22 14:41:44 - [TEST_STEP][PASSED] - callTestCase(findTestCase("s-sidebar_navigation/individualAccount/Invite using Phone Number"), [:], STOP_ON_FAILURE): Call Test Case 'Test Cases/s-sidebar_navigation/individualAccount/Invite using Phone Number' successfully

2019-03-22 14:41:44 - [TEST_CASE][PASSED] - Test Cases/s-sidebar_navigation/individualAccount/Invite using Phone Number: Test Cases/s-sidebar_navigation/individualAccount/Invite using Phone Number

2019-03-22 14:41:44 - [TEST_STEP][PASSED] - callTestCase(findTestCase("s-sidebar_navigation/individualAccount/Login-KiboEngage"), [:], STOP_ON_FAILURE): Call Test Case 'Test Cases/s-sidebar_navigation/individualAccount/Login-KiboEngage' successfully

2019-03-22 14:41:44 - [TEST_CASE][PASSED] - Test Cases/s-sidebar_navigation/individualAccount/Login-KiboEngage: Test Cases/s-sidebar_navigation/individualAccount/Login-KiboEngage

2019-03-22 14:41:45 - [TEST_STEP][PASSED] - openBrowser(""): Browser is opened with url: ''

2019-03-22 14:41:45 - [MESSAGE][INFO] - Starting 'Chrome' driver

2019-03-22 14:41:45 - [MESSAGE][INFO] - Action delay is set to 0 seconds

2019-03-22 14:41:45 - [MESSAGE][PASSED] - Browser is opened with url: ''

2019-03-22 14:41:45 - [TEST_STEP][PASSED] - maximizeWindow(): Current window maximized

2019-03-22 14:41:46 - [MESSAGE][PASSED] - Current window maximized

2019-03-22 14:41:46 - [TEST_STEP][PASSED] - navigateToUrl("https://kiboengage.cloudkibo.com/"): Navigate to 'https://kiboengage.cloudkibo.com/' successfully

2019-03-22 14:41:59 - [MESSAGE][PASSED] - Navigate to 'https://kiboengage.cloudkibo.com/' successfully

2019-03-22 14:41:59 - [TEST_STEP][PASSED] - navigateToUrl("https://accounts.cloudkibo.com/?continue=https://kiboengage.cloudkibo.com"): Navigate to 'https://accounts.cloudkibo.com/?continue=https://kiboengage.cloudkibo.com' successfully

2019-03-22 14:42:00 - [MESSAGE][PASSED] - Navigate to 'https://accounts.cloudkibo.com/?continue=https://kiboengage.cloudkibo.com' successfully

2019-03-22 14:42:00 - [TEST_STEP][PASSED] - click(findTestObject("Page_KiboPush/a_Login (9) (1)")): Object: 'Object Repository/Page_KiboPush/a_Login (9) (1)' is clicked on

2019-03-22 14:42:00 - [MESSAGE][PASSED] - Object: 'Object Repository/Page_KiboPush/a_Login (9) (1)' is clicked on

2019-03-22 14:42:00 - [TEST_STEP][PASSED] - setText(findTestObject("Page_KiboPush/input_email (10) (1)"), "individual@cloudkibo.com"): Text 'individual@cloudkibo.com' is set on object 'Object Repository/Page_KiboPush/input_email (10) (1)'

2019-03-22 14:42:01 - [MESSAGE][PASSED] - Text 'individual@cloudkibo.com' is set on object 'Object Repository/Page_KiboPush/input_email (10) (1)'

2019-03-22 14:42:01 - [TEST_STEP][PASSED] - setEncryptedText(findTestObject("Page_KiboPush/input_password (9) (1)"), "RigbBhfdqOBGNlJIWM1ClA=="): Text ****** has been set on object 'Object Repository/Page_KiboPush/input_password (9) (1)'

2019-03-22 14:42:01 - [MESSAGE][PASSED] - Text ****** has been set on object 'Object Repository/Page_KiboPush/input_password (9) (1)'

2019-03-22 14:42:01 - [TEST_STEP][PASSED] - click(findTestObject("Page_KiboPush/button_Sign In (10) (1)")): Object: 'Object Repository/Page_KiboPush/button_Sign In (10) (1)' is clicked on

2019-03-22 14:42:01 - [MESSAGE][PASSED] - Object: 'Object Repository/Page_KiboPush/button_Sign In (10) (1)' is clicked on

2019-03-22 14:42:01 - [TEST_STEP][PASSED] - navigateToUrl("https://kiboengage.cloudkibo.com/dashboard"): Navigate to 'https://kiboengage.cloudkibo.com/dashboard' successfully

2019-03-22 14:42:14 - [MESSAGE][PASSED] - Navigate to 'https://kiboengage.cloudkibo.com/dashboard' successfully

2019-03-22 14:42:14 - [TEST_STEP][PASSED] - click(findTestObject("Object Repository/Page_KiboPush  Dashboard/h3_Dashboard (57)")): Object: 'Object Repository/Page_KiboPush  Dashboard/h3_Dashboard (57)' is clicked on

2019-03-22 14:42:14 - [MESSAGE][PASSED] - Object: 'Object Repository/Page_KiboPush  Dashboard/h3_Dashboard (57)' is clicked on

2019-03-22 14:42:14 - [TEST_STEP][PASSED] - delay(3): Delayed 3 second(s)

2019-03-22 14:42:17 - [MESSAGE][PASSED] - Delayed 3 second(s)

2019-03-22 14:42:17 - [MESSAGE][PASSED] - Call Test Case 'Test Cases/s-sidebar_navigation/individualAccount/Login-KiboEngage' successfully

2019-03-22 14:42:17 - [TEST_STEP][PASSED] - click(findTestObject("Page_KiboPush  Dashboard/span_Growth Tools")): Object: 'Object Repository/Page_KiboPush  Dashboard/span_Growth Tools' is clicked on

2019-03-22 14:42:17 - [MESSAGE][PASSED] - Object: 'Object Repository/Page_KiboPush  Dashboard/span_Growth Tools' is clicked on

2019-03-22 14:42:17 - [TEST_STEP][PASSED] - delay(1): Delayed 1 second(s)

2019-03-22 14:42:18 - [MESSAGE][PASSED] - Delayed 1 second(s)

2019-03-22 14:42:18 - [TEST_STEP][PASSED] - click(findTestObject("Page_KiboPush  Dashboard/span_Invite Using Phone Number")): Object: 'Object Repository/Page_KiboPush  Dashboard/span_Invite Using Phone Number' is clicked on

2019-03-22 14:42:18 - [MESSAGE][PASSED] - Object: 'Object Repository/Page_KiboPush  Dashboard/span_Invite Using Phone Number' is clicked on

2019-03-22 14:42:18 - [MESSAGE][PASSED] - Call Test Case 'Test Cases/s-sidebar_navigation/individualAccount/Invite using Phone Number' successfully

2019-03-22 14:42:18 - [TEST_STEP][PASSED] - click(findTestObject("Page_KiboPush  Dashboard/a_documentation (3)")): Object: 'Object Repository/Page_KiboPush  Dashboard/a_documentation (3)' is clicked on

2019-03-22 14:42:18 - [MESSAGE][PASSED] - Object: 'Object Repository/Page_KiboPush  Dashboard/a_documentation (3)' is clicked on]]></system-out>
         <system-err><![CDATA[]]></system-err>
      </testcase>
      <testcase name="Test Cases/Invite Using Phone Number/TC0920" classname="Test Cases/Invite Using Phone Number/TC0920" status="PASSED">
         <system-out><![CDATA[2019-03-22 14:42:18 - [TEST_CASE][PASSED] - Test Cases/Invite Using Phone Number/TC0920: Test Cases/Invite Using Phone Number/TC0920

2019-03-22 14:42:18 - [TEST_STEP][PASSED] - callTestCase(findTestCase("s-sidebar_navigation/individualAccount/Invite using Phone Number"), [:], STOP_ON_FAILURE): Call Test Case 'Test Cases/s-sidebar_navigation/individualAccount/Invite using Phone Number' successfully

2019-03-22 14:42:18 - [TEST_CASE][PASSED] - Test Cases/s-sidebar_navigation/individualAccount/Invite using Phone Number: Test Cases/s-sidebar_navigation/individualAccount/Invite using Phone Number

2019-03-22 14:42:18 - [TEST_STEP][PASSED] - callTestCase(findTestCase("s-sidebar_navigation/individualAccount/Login-KiboEngage"), [:], STOP_ON_FAILURE): Call Test Case 'Test Cases/s-sidebar_navigation/individualAccount/Login-KiboEngage' successfully

2019-03-22 14:42:18 - [TEST_CASE][PASSED] - Test Cases/s-sidebar_navigation/individualAccount/Login-KiboEngage: Test Cases/s-sidebar_navigation/individualAccount/Login-KiboEngage

2019-03-22 14:42:18 - [TEST_STEP][PASSED] - openBrowser(""): Browser is opened with url: ''

2019-03-22 14:42:18 - [MESSAGE][WARNING] - A browser is already opened. Closing browser and opening a new one

2019-03-22 14:42:18 - [MESSAGE][INFO] - Starting 'Chrome' driver

2019-03-22 14:42:19 - [MESSAGE][PASSED] - Browser is opened with url: ''

2019-03-22 14:42:19 - [TEST_STEP][PASSED] - maximizeWindow(): Current window maximized

2019-03-22 14:42:19 - [MESSAGE][PASSED] - Current window maximized

2019-03-22 14:42:19 - [TEST_STEP][PASSED] - navigateToUrl("https://kiboengage.cloudkibo.com/"): Navigate to 'https://kiboengage.cloudkibo.com/' successfully

2019-03-22 14:42:29 - [MESSAGE][PASSED] - Navigate to 'https://kiboengage.cloudkibo.com/' successfully

2019-03-22 14:42:29 - [TEST_STEP][PASSED] - navigateToUrl("https://accounts.cloudkibo.com/?continue=https://kiboengage.cloudkibo.com"): Navigate to 'https://accounts.cloudkibo.com/?continue=https://kiboengage.cloudkibo.com' successfully

2019-03-22 14:42:30 - [MESSAGE][PASSED] - Navigate to 'https://accounts.cloudkibo.com/?continue=https://kiboengage.cloudkibo.com' successfully

2019-03-22 14:42:30 - [TEST_STEP][PASSED] - click(findTestObject("Page_KiboPush/a_Login (9) (1)")): Object: 'Object Repository/Page_KiboPush/a_Login (9) (1)' is clicked on

2019-03-22 14:42:30 - [MESSAGE][PASSED] - Object: 'Object Repository/Page_KiboPush/a_Login (9) (1)' is clicked on

2019-03-22 14:42:30 - [TEST_STEP][PASSED] - setText(findTestObject("Page_KiboPush/input_email (10) (1)"), "individual@cloudkibo.com"): Text 'individual@cloudkibo.com' is set on object 'Object Repository/Page_KiboPush/input_email (10) (1)'

2019-03-22 14:42:31 - [MESSAGE][PASSED] - Text 'individual@cloudkibo.com' is set on object 'Object Repository/Page_KiboPush/input_email (10) (1)'

2019-03-22 14:42:31 - [TEST_STEP][PASSED] - setEncryptedText(findTestObject("Page_KiboPush/input_password (9) (1)"), "RigbBhfdqOBGNlJIWM1ClA=="): Text ****** has been set on object 'Object Repository/Page_KiboPush/input_password (9) (1)'

2019-03-22 14:42:31 - [MESSAGE][PASSED] - Text ****** has been set on object 'Object Repository/Page_KiboPush/input_password (9) (1)'

2019-03-22 14:42:31 - [TEST_STEP][PASSED] - click(findTestObject("Page_KiboPush/button_Sign In (10) (1)")): Object: 'Object Repository/Page_KiboPush/button_Sign In (10) (1)' is clicked on

2019-03-22 14:42:31 - [MESSAGE][PASSED] - Object: 'Object Repository/Page_KiboPush/button_Sign In (10) (1)' is clicked on

2019-03-22 14:42:31 - [TEST_STEP][PASSED] - navigateToUrl("https://kiboengage.cloudkibo.com/dashboard"): Navigate to 'https://kiboengage.cloudkibo.com/dashboard' successfully

2019-03-22 14:42:51 - [MESSAGE][PASSED] - Navigate to 'https://kiboengage.cloudkibo.com/dashboard' successfully

2019-03-22 14:42:51 - [TEST_STEP][PASSED] - click(findTestObject("Object Repository/Page_KiboPush  Dashboard/h3_Dashboard (57)")): Object: 'Object Repository/Page_KiboPush  Dashboard/h3_Dashboard (57)' is clicked on

2019-03-22 14:42:51 - [MESSAGE][PASSED] - Object: 'Object Repository/Page_KiboPush  Dashboard/h3_Dashboard (57)' is clicked on

2019-03-22 14:42:51 - [TEST_STEP][PASSED] - delay(3): Delayed 3 second(s)

2019-03-22 14:42:54 - [MESSAGE][PASSED] - Delayed 3 second(s)

2019-03-22 14:42:54 - [MESSAGE][PASSED] - Call Test Case 'Test Cases/s-sidebar_navigation/individualAccount/Login-KiboEngage' successfully

2019-03-22 14:42:54 - [TEST_STEP][PASSED] - click(findTestObject("Page_KiboPush  Dashboard/span_Growth Tools")): Object: 'Object Repository/Page_KiboPush  Dashboard/span_Growth Tools' is clicked on

2019-03-22 14:42:55 - [MESSAGE][PASSED] - Object: 'Object Repository/Page_KiboPush  Dashboard/span_Growth Tools' is clicked on

2019-03-22 14:42:55 - [TEST_STEP][PASSED] - delay(1): Delayed 1 second(s)

2019-03-22 14:42:56 - [MESSAGE][PASSED] - Delayed 1 second(s)

2019-03-22 14:42:56 - [TEST_STEP][PASSED] - click(findTestObject("Page_KiboPush  Dashboard/span_Invite Using Phone Number")): Object: 'Object Repository/Page_KiboPush  Dashboard/span_Invite Using Phone Number' is clicked on

2019-03-22 14:42:56 - [MESSAGE][PASSED] - Object: 'Object Repository/Page_KiboPush  Dashboard/span_Invite Using Phone Number' is clicked on

2019-03-22 14:42:56 - [MESSAGE][PASSED] - Call Test Case 'Test Cases/s-sidebar_navigation/individualAccount/Invite using Phone Number' successfully

2019-03-22 14:42:56 - [TEST_STEP][PASSED] - delay(1): Delayed 1 second(s)

2019-03-22 14:42:57 - [MESSAGE][PASSED] - Delayed 1 second(s)

2019-03-22 14:42:57 - [TEST_STEP][PASSED] - click(findTestObject("Page_KiboPush  Dashboard/a_video tutorial")): Object: 'Object Repository/Page_KiboPush  Dashboard/a_video tutorial' is clicked on

2019-03-22 14:42:57 - [MESSAGE][PASSED] - Object: 'Object Repository/Page_KiboPush  Dashboard/a_video tutorial' is clicked on]]></system-out>
         <system-err><![CDATA[]]></system-err>
      </testcase>
      <testcase name="Test Cases/Invite Using Phone Number/TC0921" classname="Test Cases/Invite Using Phone Number/TC0921" status="PASSED">
         <system-out><![CDATA[2019-03-22 14:42:57 - [TEST_CASE][PASSED] - Test Cases/Invite Using Phone Number/TC0921: Test Cases/Invite Using Phone Number/TC0921

2019-03-22 14:42:57 - [TEST_STEP][PASSED] - callTestCase(findTestCase("s-sidebar_navigation/individualAccount/Invite using Phone Number"), [:], STOP_ON_FAILURE): Call Test Case 'Test Cases/s-sidebar_navigation/individualAccount/Invite using Phone Number' successfully

2019-03-22 14:42:57 - [TEST_CASE][PASSED] - Test Cases/s-sidebar_navigation/individualAccount/Invite using Phone Number: Test Cases/s-sidebar_navigation/individualAccount/Invite using Phone Number

2019-03-22 14:42:57 - [TEST_STEP][PASSED] - callTestCase(findTestCase("s-sidebar_navigation/individualAccount/Login-KiboEngage"), [:], STOP_ON_FAILURE): Call Test Case 'Test Cases/s-sidebar_navigation/individualAccount/Login-KiboEngage' successfully

2019-03-22 14:42:57 - [TEST_CASE][PASSED] - Test Cases/s-sidebar_navigation/individualAccount/Login-KiboEngage: Test Cases/s-sidebar_navigation/individualAccount/Login-KiboEngage

2019-03-22 14:42:57 - [TEST_STEP][PASSED] - openBrowser(""): Browser is opened with url: ''

2019-03-22 14:42:57 - [MESSAGE][WARNING] - A browser is already opened. Closing browser and opening a new one

2019-03-22 14:42:57 - [MESSAGE][INFO] - Starting 'Chrome' driver

2019-03-22 14:42:58 - [MESSAGE][PASSED] - Browser is opened with url: ''

2019-03-22 14:42:58 - [TEST_STEP][PASSED] - maximizeWindow(): Current window maximized

2019-03-22 14:42:58 - [MESSAGE][PASSED] - Current window maximized

2019-03-22 14:42:58 - [TEST_STEP][PASSED] - navigateToUrl("https://kiboengage.cloudkibo.com/"): Navigate to 'https://kiboengage.cloudkibo.com/' successfully

2019-03-22 14:43:10 - [MESSAGE][PASSED] - Navigate to 'https://kiboengage.cloudkibo.com/' successfully

2019-03-22 14:43:10 - [TEST_STEP][PASSED] - navigateToUrl("https://accounts.cloudkibo.com/?continue=https://kiboengage.cloudkibo.com"): Navigate to 'https://accounts.cloudkibo.com/?continue=https://kiboengage.cloudkibo.com' successfully

2019-03-22 14:43:10 - [MESSAGE][PASSED] - Navigate to 'https://accounts.cloudkibo.com/?continue=https://kiboengage.cloudkibo.com' successfully

2019-03-22 14:43:10 - [TEST_STEP][PASSED] - click(findTestObject("Page_KiboPush/a_Login (9) (1)")): Object: 'Object Repository/Page_KiboPush/a_Login (9) (1)' is clicked on

2019-03-22 14:43:11 - [MESSAGE][PASSED] - Object: 'Object Repository/Page_KiboPush/a_Login (9) (1)' is clicked on

2019-03-22 14:43:11 - [TEST_STEP][PASSED] - setText(findTestObject("Page_KiboPush/input_email (10) (1)"), "individual@cloudkibo.com"): Text 'individual@cloudkibo.com' is set on object 'Object Repository/Page_KiboPush/input_email (10) (1)'

2019-03-22 14:43:11 - [MESSAGE][PASSED] - Text 'individual@cloudkibo.com' is set on object 'Object Repository/Page_KiboPush/input_email (10) (1)'

2019-03-22 14:43:11 - [TEST_STEP][PASSED] - setEncryptedText(findTestObject("Page_KiboPush/input_password (9) (1)"), "RigbBhfdqOBGNlJIWM1ClA=="): Text ****** has been set on object 'Object Repository/Page_KiboPush/input_password (9) (1)'

2019-03-22 14:43:11 - [MESSAGE][PASSED] - Text ****** has been set on object 'Object Repository/Page_KiboPush/input_password (9) (1)'

2019-03-22 14:43:11 - [TEST_STEP][PASSED] - click(findTestObject("Page_KiboPush/button_Sign In (10) (1)")): Object: 'Object Repository/Page_KiboPush/button_Sign In (10) (1)' is clicked on

2019-03-22 14:43:12 - [MESSAGE][PASSED] - Object: 'Object Repository/Page_KiboPush/button_Sign In (10) (1)' is clicked on

2019-03-22 14:43:12 - [TEST_STEP][PASSED] - navigateToUrl("https://kiboengage.cloudkibo.com/dashboard"): Navigate to 'https://kiboengage.cloudkibo.com/dashboard' successfully

2019-03-22 14:43:23 - [MESSAGE][PASSED] - Navigate to 'https://kiboengage.cloudkibo.com/dashboard' successfully

2019-03-22 14:43:23 - [TEST_STEP][PASSED] - click(findTestObject("Object Repository/Page_KiboPush  Dashboard/h3_Dashboard (57)")): Object: 'Object Repository/Page_KiboPush  Dashboard/h3_Dashboard (57)' is clicked on

2019-03-22 14:43:24 - [MESSAGE][PASSED] - Object: 'Object Repository/Page_KiboPush  Dashboard/h3_Dashboard (57)' is clicked on

2019-03-22 14:43:24 - [TEST_STEP][PASSED] - delay(3): Delayed 3 second(s)

2019-03-22 14:43:27 - [MESSAGE][PASSED] - Delayed 3 second(s)

2019-03-22 14:43:27 - [MESSAGE][PASSED] - Call Test Case 'Test Cases/s-sidebar_navigation/individualAccount/Login-KiboEngage' successfully

2019-03-22 14:43:27 - [TEST_STEP][PASSED] - click(findTestObject("Page_KiboPush  Dashboard/span_Growth Tools")): Object: 'Object Repository/Page_KiboPush  Dashboard/span_Growth Tools' is clicked on

2019-03-22 14:43:27 - [MESSAGE][PASSED] - Object: 'Object Repository/Page_KiboPush  Dashboard/span_Growth Tools' is clicked on

2019-03-22 14:43:27 - [TEST_STEP][PASSED] - delay(1): Delayed 1 second(s)

2019-03-22 14:43:28 - [MESSAGE][PASSED] - Delayed 1 second(s)

2019-03-22 14:43:28 - [TEST_STEP][PASSED] - click(findTestObject("Page_KiboPush  Dashboard/span_Invite Using Phone Number")): Object: 'Object Repository/Page_KiboPush  Dashboard/span_Invite Using Phone Number' is clicked on

2019-03-22 14:43:28 - [MESSAGE][PASSED] - Object: 'Object Repository/Page_KiboPush  Dashboard/span_Invite Using Phone Number' is clicked on

2019-03-22 14:43:28 - [MESSAGE][PASSED] - Call Test Case 'Test Cases/s-sidebar_navigation/individualAccount/Invite using Phone Number' successfully

2019-03-22 14:43:28 - [TEST_STEP][PASSED] - delay(2): Delayed 2 second(s)

2019-03-22 14:43:30 - [MESSAGE][PASSED] - Delayed 2 second(s)

2019-03-22 14:43:30 - [TEST_STEP][PASSED] - click(findTestObject("Page_KiboPush  Dashboard/button_Enter phone numbers man (3)")): Object: 'Object Repository/Page_KiboPush  Dashboard/button_Enter phone numbers man (3)' is clicked on

2019-03-22 14:43:30 - [MESSAGE][PASSED] - Object: 'Object Repository/Page_KiboPush  Dashboard/button_Enter phone numbers man (3)' is clicked on

2019-03-22 14:43:30 - [TEST_STEP][PASSED] - setText(findTestObject("Page_KiboPush  Dashboard/input_form-control m-input m-i (4)"), "+923340226849"): Text '+923340226849' is set on object 'Object Repository/Page_KiboPush  Dashboard/input_form-control m-input m-i (4)'

2019-03-22 14:43:30 - [MESSAGE][PASSED] - Text '+923340226849' is set on object 'Object Repository/Page_KiboPush  Dashboard/input_form-control m-input m-i (4)'

2019-03-22 14:43:30 - [TEST_STEP][PASSED] - click(findTestObject("Page_KiboPush  Dashboard/button_Submit (1)")): Object: 'Object Repository/Page_KiboPush  Dashboard/button_Submit (1)' is clicked on

2019-03-22 14:43:30 - [MESSAGE][PASSED] - Object: 'Object Repository/Page_KiboPush  Dashboard/button_Submit (1)' is clicked on

2019-03-22 14:43:30 - [TEST_STEP][PASSED] - click(findTestObject("Page_KiboPush  Dashboard/div_Contacts were invited to y (1)")): Object: 'Object Repository/Page_KiboPush  Dashboard/div_Contacts were invited to y (1)' is clicked on

2019-03-22 14:43:31 - [MESSAGE][PASSED] - Object: 'Object Repository/Page_KiboPush  Dashboard/div_Contacts were invited to y (1)' is clicked on]]></system-out>
         <system-err><![CDATA[]]></system-err>
      </testcase>
      <testcase name="Test Cases/Invite Using Phone Number/TC0926" classname="Test Cases/Invite Using Phone Number/TC0926" status="PASSED">
         <system-out><![CDATA[2019-03-22 14:43:31 - [TEST_CASE][PASSED] - Test Cases/Invite Using Phone Number/TC0926: Test Cases/Invite Using Phone Number/TC0926

2019-03-22 14:43:31 - [TEST_STEP][PASSED] - callTestCase(findTestCase("s-sidebar_navigation/individualAccount/Invite using Phone Number"), [:], STOP_ON_FAILURE): Call Test Case 'Test Cases/s-sidebar_navigation/individualAccount/Invite using Phone Number' successfully

2019-03-22 14:43:31 - [TEST_CASE][PASSED] - Test Cases/s-sidebar_navigation/individualAccount/Invite using Phone Number: Test Cases/s-sidebar_navigation/individualAccount/Invite using Phone Number

2019-03-22 14:43:31 - [TEST_STEP][PASSED] - callTestCase(findTestCase("s-sidebar_navigation/individualAccount/Login-KiboEngage"), [:], STOP_ON_FAILURE): Call Test Case 'Test Cases/s-sidebar_navigation/individualAccount/Login-KiboEngage' successfully

2019-03-22 14:43:31 - [TEST_CASE][PASSED] - Test Cases/s-sidebar_navigation/individualAccount/Login-KiboEngage: Test Cases/s-sidebar_navigation/individualAccount/Login-KiboEngage

2019-03-22 14:43:31 - [TEST_STEP][PASSED] - openBrowser(""): Browser is opened with url: ''

2019-03-22 14:43:31 - [MESSAGE][WARNING] - A browser is already opened. Closing browser and opening a new one

2019-03-22 14:43:31 - [MESSAGE][INFO] - Starting 'Chrome' driver

2019-03-22 14:43:31 - [MESSAGE][PASSED] - Browser is opened with url: ''

2019-03-22 14:43:31 - [TEST_STEP][PASSED] - maximizeWindow(): Current window maximized

2019-03-22 14:43:31 - [MESSAGE][PASSED] - Current window maximized

2019-03-22 14:43:31 - [TEST_STEP][PASSED] - navigateToUrl("https://kiboengage.cloudkibo.com/"): Navigate to 'https://kiboengage.cloudkibo.com/' successfully

2019-03-22 14:43:49 - [MESSAGE][PASSED] - Navigate to 'https://kiboengage.cloudkibo.com/' successfully

2019-03-22 14:43:49 - [TEST_STEP][PASSED] - navigateToUrl("https://accounts.cloudkibo.com/?continue=https://kiboengage.cloudkibo.com"): Navigate to 'https://accounts.cloudkibo.com/?continue=https://kiboengage.cloudkibo.com' successfully

2019-03-22 14:43:50 - [MESSAGE][PASSED] - Navigate to 'https://accounts.cloudkibo.com/?continue=https://kiboengage.cloudkibo.com' successfully

2019-03-22 14:43:50 - [TEST_STEP][PASSED] - click(findTestObject("Page_KiboPush/a_Login (9) (1)")): Object: 'Object Repository/Page_KiboPush/a_Login (9) (1)' is clicked on

2019-03-22 14:43:51 - [MESSAGE][PASSED] - Object: 'Object Repository/Page_KiboPush/a_Login (9) (1)' is clicked on

2019-03-22 14:43:51 - [TEST_STEP][PASSED] - setText(findTestObject("Page_KiboPush/input_email (10) (1)"), "individual@cloudkibo.com"): Text 'individual@cloudkibo.com' is set on object 'Object Repository/Page_KiboPush/input_email (10) (1)'

2019-03-22 14:43:51 - [MESSAGE][PASSED] - Text 'individual@cloudkibo.com' is set on object 'Object Repository/Page_KiboPush/input_email (10) (1)'

2019-03-22 14:43:51 - [TEST_STEP][PASSED] - setEncryptedText(findTestObject("Page_KiboPush/input_password (9) (1)"), "RigbBhfdqOBGNlJIWM1ClA=="): Text ****** has been set on object 'Object Repository/Page_KiboPush/input_password (9) (1)'

2019-03-22 14:43:51 - [MESSAGE][PASSED] - Text ****** has been set on object 'Object Repository/Page_KiboPush/input_password (9) (1)'

2019-03-22 14:43:51 - [TEST_STEP][PASSED] - click(findTestObject("Page_KiboPush/button_Sign In (10) (1)")): Object: 'Object Repository/Page_KiboPush/button_Sign In (10) (1)' is clicked on

2019-03-22 14:43:51 - [MESSAGE][PASSED] - Object: 'Object Repository/Page_KiboPush/button_Sign In (10) (1)' is clicked on

2019-03-22 14:43:51 - [TEST_STEP][PASSED] - navigateToUrl("https://kiboengage.cloudkibo.com/dashboard"): Navigate to 'https://kiboengage.cloudkibo.com/dashboard' successfully

2019-03-22 14:44:06 - [MESSAGE][PASSED] - Navigate to 'https://kiboengage.cloudkibo.com/dashboard' successfully

2019-03-22 14:44:06 - [TEST_STEP][PASSED] - click(findTestObject("Object Repository/Page_KiboPush  Dashboard/h3_Dashboard (57)")): Object: 'Object Repository/Page_KiboPush  Dashboard/h3_Dashboard (57)' is clicked on

2019-03-22 14:44:07 - [MESSAGE][PASSED] - Object: 'Object Repository/Page_KiboPush  Dashboard/h3_Dashboard (57)' is clicked on

2019-03-22 14:44:07 - [TEST_STEP][PASSED] - delay(3): Delayed 3 second(s)

2019-03-22 14:44:10 - [MESSAGE][PASSED] - Delayed 3 second(s)

2019-03-22 14:44:10 - [MESSAGE][PASSED] - Call Test Case 'Test Cases/s-sidebar_navigation/individualAccount/Login-KiboEngage' successfully

2019-03-22 14:44:10 - [TEST_STEP][PASSED] - click(findTestObject("Page_KiboPush  Dashboard/span_Growth Tools")): Object: 'Object Repository/Page_KiboPush  Dashboard/span_Growth Tools' is clicked on

2019-03-22 14:44:10 - [MESSAGE][PASSED] - Object: 'Object Repository/Page_KiboPush  Dashboard/span_Growth Tools' is clicked on

2019-03-22 14:44:10 - [TEST_STEP][PASSED] - delay(1): Delayed 1 second(s)

2019-03-22 14:44:11 - [MESSAGE][PASSED] - Delayed 1 second(s)

2019-03-22 14:44:11 - [TEST_STEP][PASSED] - click(findTestObject("Page_KiboPush  Dashboard/span_Invite Using Phone Number")): Object: 'Object Repository/Page_KiboPush  Dashboard/span_Invite Using Phone Number' is clicked on

2019-03-22 14:44:11 - [MESSAGE][PASSED] - Object: 'Object Repository/Page_KiboPush  Dashboard/span_Invite Using Phone Number' is clicked on

2019-03-22 14:44:11 - [MESSAGE][PASSED] - Call Test Case 'Test Cases/s-sidebar_navigation/individualAccount/Invite using Phone Number' successfully

2019-03-22 14:44:11 - [TEST_STEP][PASSED] - delay(1): Delayed 1 second(s)

2019-03-22 14:44:12 - [MESSAGE][PASSED] - Delayed 1 second(s)

2019-03-22 14:44:12 - [TEST_STEP][PASSED] - click(findTestObject("Page_KiboPush  Dashboard/button_Enter phone numbers man (1) (1) (1)")): Object: 'Object Repository/Page_KiboPush  Dashboard/button_Enter phone numbers man (1) (1) (1)' is clicked on

2019-03-22 14:44:12 - [MESSAGE][PASSED] - Object: 'Object Repository/Page_KiboPush  Dashboard/button_Enter phone numbers man (1) (1) (1)' is clicked on

2019-03-22 14:44:12 - [TEST_STEP][PASSED] - setText(findTestObject("Page_KiboPush  Dashboard/input_form-control m-input m-i (4) (1) (1)"), "+923340226849"): Text '+923340226849' is set on object 'Object Repository/Page_KiboPush  Dashboard/input_form-control m-input m-i (4) (1) (1)'

2019-03-22 14:44:12 - [MESSAGE][PASSED] - Text '+923340226849' is set on object 'Object Repository/Page_KiboPush  Dashboard/input_form-control m-input m-i (4) (1) (1)'

2019-03-22 14:44:12 - [TEST_STEP][PASSED] - setText(findTestObject("Page_KiboPush  Dashboard/textarea_exampleTextarea (1)"), ""): Text '' is set on object 'Object Repository/Page_KiboPush  Dashboard/textarea_exampleTextarea (1)'

2019-03-22 14:44:12 - [MESSAGE][PASSED] - Text '' is set on object 'Object Repository/Page_KiboPush  Dashboard/textarea_exampleTextarea (1)'

2019-03-22 14:44:12 - [TEST_STEP][PASSED] - delay(1): Delayed 1 second(s)

2019-03-22 14:44:13 - [MESSAGE][PASSED] - Delayed 1 second(s)]]></system-out>
         <system-err><![CDATA[]]></system-err>
      </testcase>
      <testcase name="Test Cases/Invite Using Phone Number/TC0927" classname="Test Cases/Invite Using Phone Number/TC0927" status="PASSED">
         <system-out><![CDATA[2019-03-22 14:44:13 - [TEST_CASE][PASSED] - Test Cases/Invite Using Phone Number/TC0927: Test Cases/Invite Using Phone Number/TC0927

2019-03-22 14:44:13 - [TEST_STEP][PASSED] - callTestCase(findTestCase("s-sidebar_navigation/individualAccount/Invite using Phone Number"), [:], STOP_ON_FAILURE): Call Test Case 'Test Cases/s-sidebar_navigation/individualAccount/Invite using Phone Number' successfully

2019-03-22 14:44:13 - [TEST_CASE][PASSED] - Test Cases/s-sidebar_navigation/individualAccount/Invite using Phone Number: Test Cases/s-sidebar_navigation/individualAccount/Invite using Phone Number

2019-03-22 14:44:13 - [TEST_STEP][PASSED] - callTestCase(findTestCase("s-sidebar_navigation/individualAccount/Login-KiboEngage"), [:], STOP_ON_FAILURE): Call Test Case 'Test Cases/s-sidebar_navigation/individualAccount/Login-KiboEngage' successfully

2019-03-22 14:44:13 - [TEST_CASE][PASSED] - Test Cases/s-sidebar_navigation/individualAccount/Login-KiboEngage: Test Cases/s-sidebar_navigation/individualAccount/Login-KiboEngage

2019-03-22 14:44:13 - [TEST_STEP][PASSED] - openBrowser(""): Browser is opened with url: ''

2019-03-22 14:44:13 - [MESSAGE][WARNING] - A browser is already opened. Closing browser and opening a new one

2019-03-22 14:44:13 - [MESSAGE][INFO] - Starting 'Chrome' driver

2019-03-22 14:44:14 - [MESSAGE][PASSED] - Browser is opened with url: ''

2019-03-22 14:44:14 - [TEST_STEP][PASSED] - maximizeWindow(): Current window maximized

2019-03-22 14:44:14 - [MESSAGE][PASSED] - Current window maximized

2019-03-22 14:44:14 - [TEST_STEP][PASSED] - navigateToUrl("https://kiboengage.cloudkibo.com/"): Navigate to 'https://kiboengage.cloudkibo.com/' successfully

2019-03-22 14:44:23 - [MESSAGE][PASSED] - Navigate to 'https://kiboengage.cloudkibo.com/' successfully

2019-03-22 14:44:23 - [TEST_STEP][PASSED] - navigateToUrl("https://accounts.cloudkibo.com/?continue=https://kiboengage.cloudkibo.com"): Navigate to 'https://accounts.cloudkibo.com/?continue=https://kiboengage.cloudkibo.com' successfully

2019-03-22 14:44:24 - [MESSAGE][PASSED] - Navigate to 'https://accounts.cloudkibo.com/?continue=https://kiboengage.cloudkibo.com' successfully

2019-03-22 14:44:24 - [TEST_STEP][PASSED] - click(findTestObject("Page_KiboPush/a_Login (9) (1)")): Object: 'Object Repository/Page_KiboPush/a_Login (9) (1)' is clicked on

2019-03-22 14:44:25 - [MESSAGE][PASSED] - Object: 'Object Repository/Page_KiboPush/a_Login (9) (1)' is clicked on

2019-03-22 14:44:25 - [TEST_STEP][PASSED] - setText(findTestObject("Page_KiboPush/input_email (10) (1)"), "individual@cloudkibo.com"): Text 'individual@cloudkibo.com' is set on object 'Object Repository/Page_KiboPush/input_email (10) (1)'

2019-03-22 14:44:25 - [MESSAGE][PASSED] - Text 'individual@cloudkibo.com' is set on object 'Object Repository/Page_KiboPush/input_email (10) (1)'

2019-03-22 14:44:25 - [TEST_STEP][PASSED] - setEncryptedText(findTestObject("Page_KiboPush/input_password (9) (1)"), "RigbBhfdqOBGNlJIWM1ClA=="): Text ****** has been set on object 'Object Repository/Page_KiboPush/input_password (9) (1)'

2019-03-22 14:44:25 - [MESSAGE][PASSED] - Text ****** has been set on object 'Object Repository/Page_KiboPush/input_password (9) (1)'

2019-03-22 14:44:25 - [TEST_STEP][PASSED] - click(findTestObject("Page_KiboPush/button_Sign In (10) (1)")): Object: 'Object Repository/Page_KiboPush/button_Sign In (10) (1)' is clicked on

2019-03-22 14:44:25 - [MESSAGE][PASSED] - Object: 'Object Repository/Page_KiboPush/button_Sign In (10) (1)' is clicked on

2019-03-22 14:44:25 - [TEST_STEP][PASSED] - navigateToUrl("https://kiboengage.cloudkibo.com/dashboard"): Navigate to 'https://kiboengage.cloudkibo.com/dashboard' successfully

2019-03-22 14:44:41 - [MESSAGE][PASSED] - Navigate to 'https://kiboengage.cloudkibo.com/dashboard' successfully

2019-03-22 14:44:41 - [TEST_STEP][PASSED] - click(findTestObject("Object Repository/Page_KiboPush  Dashboard/h3_Dashboard (57)")): Object: 'Object Repository/Page_KiboPush  Dashboard/h3_Dashboard (57)' is clicked on

2019-03-22 14:44:41 - [MESSAGE][PASSED] - Object: 'Object Repository/Page_KiboPush  Dashboard/h3_Dashboard (57)' is clicked on

2019-03-22 14:44:41 - [TEST_STEP][PASSED] - delay(3): Delayed 3 second(s)

2019-03-22 14:44:44 - [MESSAGE][PASSED] - Delayed 3 second(s)

2019-03-22 14:44:44 - [MESSAGE][PASSED] - Call Test Case 'Test Cases/s-sidebar_navigation/individualAccount/Login-KiboEngage' successfully

2019-03-22 14:44:44 - [TEST_STEP][PASSED] - click(findTestObject("Page_KiboPush  Dashboard/span_Growth Tools")): Object: 'Object Repository/Page_KiboPush  Dashboard/span_Growth Tools' is clicked on

2019-03-22 14:44:44 - [MESSAGE][PASSED] - Object: 'Object Repository/Page_KiboPush  Dashboard/span_Growth Tools' is clicked on

2019-03-22 14:44:44 - [TEST_STEP][PASSED] - delay(1): Delayed 1 second(s)

2019-03-22 14:44:45 - [MESSAGE][PASSED] - Delayed 1 second(s)

2019-03-22 14:44:45 - [TEST_STEP][PASSED] - click(findTestObject("Page_KiboPush  Dashboard/span_Invite Using Phone Number")): Object: 'Object Repository/Page_KiboPush  Dashboard/span_Invite Using Phone Number' is clicked on

2019-03-22 14:44:46 - [MESSAGE][PASSED] - Object: 'Object Repository/Page_KiboPush  Dashboard/span_Invite Using Phone Number' is clicked on

2019-03-22 14:44:46 - [MESSAGE][PASSED] - Call Test Case 'Test Cases/s-sidebar_navigation/individualAccount/Invite using Phone Number' successfully

2019-03-22 14:44:46 - [TEST_STEP][PASSED] - delay(1): Delayed 1 second(s)

2019-03-22 14:44:47 - [MESSAGE][PASSED] - Delayed 1 second(s)

2019-03-22 14:44:47 - [TEST_STEP][PASSED] - click(findTestObject("Object Repository/Page_KiboPush  Dashboard/button_Enter phone numbers man (2)")): Object: 'Object Repository/Page_KiboPush  Dashboard/button_Enter phone numbers man (2)' is clicked on

2019-03-22 14:44:47 - [MESSAGE][PASSED] - Object: 'Object Repository/Page_KiboPush  Dashboard/button_Enter phone numbers man (2)' is clicked on

2019-03-22 14:44:47 - [TEST_STEP][PASSED] - setText(findTestObject("Object Repository/Page_KiboPush  Dashboard/input_form-control m-input m-i (2)"), "+923403630780"): Text '+923403630780' is set on object 'Object Repository/Page_KiboPush  Dashboard/input_form-control m-input m-i (2)'

2019-03-22 14:44:47 - [MESSAGE][PASSED] - Text '+923403630780' is set on object 'Object Repository/Page_KiboPush  Dashboard/input_form-control m-input m-i (2)'

2019-03-22 14:44:47 - [TEST_STEP][PASSED] - click(findTestObject("Object Repository/Page_KiboPush  Dashboard/button_Reset")): Object: 'Object Repository/Page_KiboPush  Dashboard/button_Reset' is clicked on

2019-03-22 14:44:47 - [MESSAGE][PASSED] - Object: 'Object Repository/Page_KiboPush  Dashboard/button_Reset' is clicked on

2019-03-22 14:44:47 - [TEST_STEP][PASSED] - delay(2): Delayed 2 second(s)

2019-03-22 14:44:49 - [MESSAGE][PASSED] - Delayed 2 second(s)

2019-03-22 14:44:49 - [TEST_STEP][PASSED] - driver = getWebDriver(): null

2019-03-22 14:44:49 - [TEST_STEP][PASSED] - button = driver.findElement(By.xpath("//*[@id="content"]/div/div/div/div[2]/div[4]/div[3]/div/div/div[2]/div[4]/div/div/div/button[2]")): null

2019-03-22 14:44:49 - [TEST_STEP][PASSED] - if (button.isEnabled()): null

2019-03-22 14:44:49 - [TEST_STEP][PASSED] - else: Actual object '0' and expected object '0' are equal

2019-03-22 14:44:49 - [TEST_STEP][PASSED] - verifyEqual("0", "0"): Actual object '0' and expected object '0' are equal

2019-03-22 14:44:49 - [MESSAGE][PASSED] - Actual object '0' and expected object '0' are equal]]></system-out>
         <system-err><![CDATA[]]></system-err>
      </testcase>
      <testcase name="Test Cases/Invite Using Phone Number/TC0928-viewCustomers" classname="Test Cases/Invite Using Phone Number/TC0928-viewCustomers" status="PASSED">
         <system-out><![CDATA[2019-03-22 14:44:49 - [TEST_CASE][PASSED] - Test Cases/Invite Using Phone Number/TC0928-viewCustomers: Test Cases/Invite Using Phone Number/TC0928-viewCustomers

2019-03-22 14:44:49 - [TEST_STEP][PASSED] - callTestCase(findTestCase("s-sidebar_navigation/individualAccount/Invite using Phone Number"), [:], STOP_ON_FAILURE): Call Test Case 'Test Cases/s-sidebar_navigation/individualAccount/Invite using Phone Number' successfully

2019-03-22 14:44:49 - [TEST_CASE][PASSED] - Test Cases/s-sidebar_navigation/individualAccount/Invite using Phone Number: Test Cases/s-sidebar_navigation/individualAccount/Invite using Phone Number

2019-03-22 14:44:49 - [TEST_STEP][PASSED] - callTestCase(findTestCase("s-sidebar_navigation/individualAccount/Login-KiboEngage"), [:], STOP_ON_FAILURE): Call Test Case 'Test Cases/s-sidebar_navigation/individualAccount/Login-KiboEngage' successfully

2019-03-22 14:44:49 - [TEST_CASE][PASSED] - Test Cases/s-sidebar_navigation/individualAccount/Login-KiboEngage: Test Cases/s-sidebar_navigation/individualAccount/Login-KiboEngage

2019-03-22 14:44:49 - [TEST_STEP][PASSED] - openBrowser(""): Browser is opened with url: ''

2019-03-22 14:44:49 - [MESSAGE][WARNING] - A browser is already opened. Closing browser and opening a new one

2019-03-22 14:44:49 - [MESSAGE][INFO] - Starting 'Chrome' driver

2019-03-22 14:44:50 - [MESSAGE][PASSED] - Browser is opened with url: ''

2019-03-22 14:44:50 - [TEST_STEP][PASSED] - maximizeWindow(): Current window maximized

2019-03-22 14:44:50 - [MESSAGE][PASSED] - Current window maximized

2019-03-22 14:44:50 - [TEST_STEP][PASSED] - navigateToUrl("https://kiboengage.cloudkibo.com/"): Navigate to 'https://kiboengage.cloudkibo.com/' successfully

2019-03-22 14:44:59 - [MESSAGE][PASSED] - Navigate to 'https://kiboengage.cloudkibo.com/' successfully

2019-03-22 14:44:59 - [TEST_STEP][PASSED] - navigateToUrl("https://accounts.cloudkibo.com/?continue=https://kiboengage.cloudkibo.com"): Navigate to 'https://accounts.cloudkibo.com/?continue=https://kiboengage.cloudkibo.com' successfully

2019-03-22 14:44:59 - [MESSAGE][PASSED] - Navigate to 'https://accounts.cloudkibo.com/?continue=https://kiboengage.cloudkibo.com' successfully

2019-03-22 14:44:59 - [TEST_STEP][PASSED] - click(findTestObject("Page_KiboPush/a_Login (9) (1)")): Object: 'Object Repository/Page_KiboPush/a_Login (9) (1)' is clicked on

2019-03-22 14:45:00 - [MESSAGE][PASSED] - Object: 'Object Repository/Page_KiboPush/a_Login (9) (1)' is clicked on

2019-03-22 14:45:00 - [TEST_STEP][PASSED] - setText(findTestObject("Page_KiboPush/input_email (10) (1)"), "individual@cloudkibo.com"): Text 'individual@cloudkibo.com' is set on object 'Object Repository/Page_KiboPush/input_email (10) (1)'

2019-03-22 14:45:00 - [MESSAGE][PASSED] - Text 'individual@cloudkibo.com' is set on object 'Object Repository/Page_KiboPush/input_email (10) (1)'

2019-03-22 14:45:00 - [TEST_STEP][PASSED] - setEncryptedText(findTestObject("Page_KiboPush/input_password (9) (1)"), "RigbBhfdqOBGNlJIWM1ClA=="): Text ****** has been set on object 'Object Repository/Page_KiboPush/input_password (9) (1)'

2019-03-22 14:45:00 - [MESSAGE][PASSED] - Text ****** has been set on object 'Object Repository/Page_KiboPush/input_password (9) (1)'

2019-03-22 14:45:00 - [TEST_STEP][PASSED] - click(findTestObject("Page_KiboPush/button_Sign In (10) (1)")): Object: 'Object Repository/Page_KiboPush/button_Sign In (10) (1)' is clicked on

2019-03-22 14:45:00 - [MESSAGE][PASSED] - Object: 'Object Repository/Page_KiboPush/button_Sign In (10) (1)' is clicked on

2019-03-22 14:45:00 - [TEST_STEP][PASSED] - navigateToUrl("https://kiboengage.cloudkibo.com/dashboard"): Navigate to 'https://kiboengage.cloudkibo.com/dashboard' successfully

2019-03-22 14:45:19 - [MESSAGE][PASSED] - Navigate to 'https://kiboengage.cloudkibo.com/dashboard' successfully

2019-03-22 14:45:19 - [TEST_STEP][PASSED] - click(findTestObject("Object Repository/Page_KiboPush  Dashboard/h3_Dashboard (57)")): Object: 'Object Repository/Page_KiboPush  Dashboard/h3_Dashboard (57)' is clicked on

2019-03-22 14:45:19 - [MESSAGE][PASSED] - Object: 'Object Repository/Page_KiboPush  Dashboard/h3_Dashboard (57)' is clicked on

2019-03-22 14:45:19 - [TEST_STEP][PASSED] - delay(3): Delayed 3 second(s)

2019-03-22 14:45:22 - [MESSAGE][PASSED] - Delayed 3 second(s)

2019-03-22 14:45:22 - [MESSAGE][PASSED] - Call Test Case 'Test Cases/s-sidebar_navigation/individualAccount/Login-KiboEngage' successfully

2019-03-22 14:45:22 - [TEST_STEP][PASSED] - click(findTestObject("Page_KiboPush  Dashboard/span_Growth Tools")): Object: 'Object Repository/Page_KiboPush  Dashboard/span_Growth Tools' is clicked on

2019-03-22 14:45:22 - [MESSAGE][PASSED] - Object: 'Object Repository/Page_KiboPush  Dashboard/span_Growth Tools' is clicked on

2019-03-22 14:45:22 - [TEST_STEP][PASSED] - delay(1): Delayed 1 second(s)

2019-03-22 14:45:23 - [MESSAGE][PASSED] - Delayed 1 second(s)

2019-03-22 14:45:23 - [TEST_STEP][PASSED] - click(findTestObject("Page_KiboPush  Dashboard/span_Invite Using Phone Number")): Object: 'Object Repository/Page_KiboPush  Dashboard/span_Invite Using Phone Number' is clicked on

2019-03-22 14:45:23 - [MESSAGE][PASSED] - Object: 'Object Repository/Page_KiboPush  Dashboard/span_Invite Using Phone Number' is clicked on

2019-03-22 14:45:23 - [MESSAGE][PASSED] - Call Test Case 'Test Cases/s-sidebar_navigation/individualAccount/Invite using Phone Number' successfully

2019-03-22 14:45:23 - [TEST_STEP][PASSED] - delay(1): Delayed 1 second(s)

2019-03-22 14:45:24 - [MESSAGE][PASSED] - Delayed 1 second(s)

2019-03-22 14:45:24 - [TEST_STEP][PASSED] - click(findTestObject("Page_KiboPush  Dashboard/a_View Customers Lists")): Object: 'Object Repository/Page_KiboPush  Dashboard/a_View Customers Lists' is clicked on

2019-03-22 14:45:24 - [MESSAGE][PASSED] - Object: 'Object Repository/Page_KiboPush  Dashboard/a_View Customers Lists' is clicked on

2019-03-22 14:45:24 - [TEST_STEP][PASSED] - delay(2): Delayed 2 second(s)

2019-03-22 14:45:26 - [MESSAGE][PASSED] - Delayed 2 second(s)

2019-03-22 14:45:26 - [TEST_STEP][PASSED] - scrollToPosition(0, 0): Browser is scrolled to position x = 0, y = 0

2019-03-22 14:45:26 - [MESSAGE][PASSED] - Browser is scrolled to position x = 0, y = 0

2019-03-22 14:45:26 - [TEST_STEP][PASSED] - click(findTestObject("Object Repository/Page_KiboEngage  Customer Lists/h3_Customer Lists")): Object: 'Object Repository/Page_KiboEngage  Customer Lists/h3_Customer Lists' is clicked on

2019-03-22 14:45:26 - [MESSAGE][PASSED] - Object: 'Object Repository/Page_KiboEngage  Customer Lists/h3_Customer Lists' is clicked on]]></system-out>
         <system-err><![CDATA[]]></system-err>
      </testcase>
      <testcase name="Test Cases/Invite Using Phone Number/TC0928" classname="Test Cases/Invite Using Phone Number/TC0928" status="PASSED">
         <system-out><![CDATA[2019-03-22 14:45:26 - [TEST_CASE][PASSED] - Test Cases/Invite Using Phone Number/TC0928: Test Cases/Invite Using Phone Number/TC0928

2019-03-22 14:45:27 - [TEST_STEP][PASSED] - callTestCase(findTestCase("s-sidebar_navigation/individualAccount/Invite using Phone Number"), [:], STOP_ON_FAILURE): Call Test Case 'Test Cases/s-sidebar_navigation/individualAccount/Invite using Phone Number' successfully

2019-03-22 14:45:27 - [TEST_CASE][PASSED] - Test Cases/s-sidebar_navigation/individualAccount/Invite using Phone Number: Test Cases/s-sidebar_navigation/individualAccount/Invite using Phone Number

2019-03-22 14:45:27 - [TEST_STEP][PASSED] - callTestCase(findTestCase("s-sidebar_navigation/individualAccount/Login-KiboEngage"), [:], STOP_ON_FAILURE): Call Test Case 'Test Cases/s-sidebar_navigation/individualAccount/Login-KiboEngage' successfully

2019-03-22 14:45:27 - [TEST_CASE][PASSED] - Test Cases/s-sidebar_navigation/individualAccount/Login-KiboEngage: Test Cases/s-sidebar_navigation/individualAccount/Login-KiboEngage

2019-03-22 14:45:27 - [TEST_STEP][PASSED] - openBrowser(""): Browser is opened with url: ''

2019-03-22 14:45:27 - [MESSAGE][WARNING] - A browser is already opened. Closing browser and opening a new one

2019-03-22 14:45:27 - [MESSAGE][INFO] - Starting 'Chrome' driver

2019-03-22 14:45:27 - [MESSAGE][PASSED] - Browser is opened with url: ''

2019-03-22 14:45:27 - [TEST_STEP][PASSED] - maximizeWindow(): Current window maximized

2019-03-22 14:45:27 - [MESSAGE][PASSED] - Current window maximized

2019-03-22 14:45:27 - [TEST_STEP][PASSED] - navigateToUrl("https://kiboengage.cloudkibo.com/"): Navigate to 'https://kiboengage.cloudkibo.com/' successfully

2019-03-22 14:45:38 - [MESSAGE][PASSED] - Navigate to 'https://kiboengage.cloudkibo.com/' successfully

2019-03-22 14:45:38 - [TEST_STEP][PASSED] - navigateToUrl("https://accounts.cloudkibo.com/?continue=https://kiboengage.cloudkibo.com"): Navigate to 'https://accounts.cloudkibo.com/?continue=https://kiboengage.cloudkibo.com' successfully

2019-03-22 14:45:38 - [MESSAGE][PASSED] - Navigate to 'https://accounts.cloudkibo.com/?continue=https://kiboengage.cloudkibo.com' successfully

2019-03-22 14:45:38 - [TEST_STEP][PASSED] - click(findTestObject("Page_KiboPush/a_Login (9) (1)")): Object: 'Object Repository/Page_KiboPush/a_Login (9) (1)' is clicked on

2019-03-22 14:45:39 - [MESSAGE][PASSED] - Object: 'Object Repository/Page_KiboPush/a_Login (9) (1)' is clicked on

2019-03-22 14:45:39 - [TEST_STEP][PASSED] - setText(findTestObject("Page_KiboPush/input_email (10) (1)"), "individual@cloudkibo.com"): Text 'individual@cloudkibo.com' is set on object 'Object Repository/Page_KiboPush/input_email (10) (1)'

2019-03-22 14:45:39 - [MESSAGE][PASSED] - Text 'individual@cloudkibo.com' is set on object 'Object Repository/Page_KiboPush/input_email (10) (1)'

2019-03-22 14:45:39 - [TEST_STEP][PASSED] - setEncryptedText(findTestObject("Page_KiboPush/input_password (9) (1)"), "RigbBhfdqOBGNlJIWM1ClA=="): Text ****** has been set on object 'Object Repository/Page_KiboPush/input_password (9) (1)'

2019-03-22 14:45:39 - [MESSAGE][PASSED] - Text ****** has been set on object 'Object Repository/Page_KiboPush/input_password (9) (1)'

2019-03-22 14:45:39 - [TEST_STEP][PASSED] - click(findTestObject("Page_KiboPush/button_Sign In (10) (1)")): Object: 'Object Repository/Page_KiboPush/button_Sign In (10) (1)' is clicked on

2019-03-22 14:45:39 - [MESSAGE][PASSED] - Object: 'Object Repository/Page_KiboPush/button_Sign In (10) (1)' is clicked on

2019-03-22 14:45:39 - [TEST_STEP][PASSED] - navigateToUrl("https://kiboengage.cloudkibo.com/dashboard"): Navigate to 'https://kiboengage.cloudkibo.com/dashboard' successfully

2019-03-22 14:46:05 - [MESSAGE][PASSED] - Navigate to 'https://kiboengage.cloudkibo.com/dashboard' successfully

2019-03-22 14:46:05 - [TEST_STEP][PASSED] - click(findTestObject("Object Repository/Page_KiboPush  Dashboard/h3_Dashboard (57)")): Object: 'Object Repository/Page_KiboPush  Dashboard/h3_Dashboard (57)' is clicked on

2019-03-22 14:46:05 - [MESSAGE][PASSED] - Object: 'Object Repository/Page_KiboPush  Dashboard/h3_Dashboard (57)' is clicked on

2019-03-22 14:46:05 - [TEST_STEP][PASSED] - delay(3): Delayed 3 second(s)

2019-03-22 14:46:08 - [MESSAGE][PASSED] - Delayed 3 second(s)

2019-03-22 14:46:08 - [MESSAGE][PASSED] - Call Test Case 'Test Cases/s-sidebar_navigation/individualAccount/Login-KiboEngage' successfully

2019-03-22 14:46:08 - [TEST_STEP][PASSED] - click(findTestObject("Page_KiboPush  Dashboard/span_Growth Tools")): Object: 'Object Repository/Page_KiboPush  Dashboard/span_Growth Tools' is clicked on

2019-03-22 14:46:08 - [MESSAGE][PASSED] - Object: 'Object Repository/Page_KiboPush  Dashboard/span_Growth Tools' is clicked on

2019-03-22 14:46:08 - [TEST_STEP][PASSED] - delay(1): Delayed 1 second(s)

2019-03-22 14:46:09 - [MESSAGE][PASSED] - Delayed 1 second(s)

2019-03-22 14:46:09 - [TEST_STEP][PASSED] - click(findTestObject("Page_KiboPush  Dashboard/span_Invite Using Phone Number")): Object: 'Object Repository/Page_KiboPush  Dashboard/span_Invite Using Phone Number' is clicked on

2019-03-22 14:46:09 - [MESSAGE][PASSED] - Object: 'Object Repository/Page_KiboPush  Dashboard/span_Invite Using Phone Number' is clicked on

2019-03-22 14:46:09 - [MESSAGE][PASSED] - Call Test Case 'Test Cases/s-sidebar_navigation/individualAccount/Invite using Phone Number' successfully

2019-03-22 14:46:09 - [TEST_STEP][PASSED] - delay(1): Delayed 1 second(s)

2019-03-22 14:46:10 - [MESSAGE][PASSED] - Delayed 1 second(s)

2019-03-22 14:46:10 - [TEST_STEP][PASSED] - click(findTestObject("Object Repository/Page_KiboPush  Dashboard/button_Download Sample CSV fil")): Object: 'Object Repository/Page_KiboPush  Dashboard/button_Download Sample CSV fil' is clicked on

2019-03-22 14:46:10 - [MESSAGE][PASSED] - Object: 'Object Repository/Page_KiboPush  Dashboard/button_Download Sample CSV fil' is clicked on]]></system-out>
         <system-err><![CDATA[]]></system-err>
      </testcase>
      <testcase name="Test Cases/Invite Using Phone Number/TC0929" classname="Test Cases/Invite Using Phone Number/TC0929" status="FAILED">
         <failure type="FAILED" message="Test Cases/Invite Using Phone Number/TC0929 FAILED.
Reason:
com.kms.katalon.core.exception.StepFailedException: Unable to click on object 'Object Repository/Page_KiboPush  Dashboard/h3_Customer Lists (1)'
	at com.kms.katalon.core.webui.keyword.internal.WebUIKeywordMain.stepFailed(WebUIKeywordMain.groovy:64)
	at com.kms.katalon.core.webui.keyword.internal.WebUIKeywordMain.runKeyword(WebUIKeywordMain.groovy:26)
	at com.kms.katalon.core.webui.keyword.builtin.ClickKeyword.click(ClickKeyword.groovy:86)
	at com.kms.katalon.core.webui.keyword.builtin.ClickKeyword.execute(ClickKeyword.groovy:67)
	at com.kms.katalon.core.keyword.internal.KeywordExecutor.executeKeywordForPlatform(KeywordExecutor.groovy:56)
	at com.kms.katalon.core.webui.keyword.WebUiBuiltInKeywords.click(WebUiBuiltInKeywords.groovy:616)
	at com.kms.katalon.core.webui.keyword.WebUiBuiltInKeywords$click$2.call(Unknown Source)
	at TC0929.run(TC0929:26)
	at com.kms.katalon.core.main.ScriptEngine.run(ScriptEngine.java:194)
	at com.kms.katalon.core.main.ScriptEngine.runScriptAsRawText(ScriptEngine.java:119)
	at com.kms.katalon.core.main.TestCaseExecutor.runScript(TestCaseExecutor.java:331)
	at com.kms.katalon.core.main.TestCaseExecutor.doExecute(TestCaseExecutor.java:322)
	at com.kms.katalon.core.main.TestCaseExecutor.processExecutionPhase(TestCaseExecutor.java:301)
	at com.kms.katalon.core.main.TestCaseExecutor.accessMainPhase(TestCaseExecutor.java:293)
	at com.kms.katalon.core.main.TestCaseExecutor.execute(TestCaseExecutor.java:227)
	at com.kms.katalon.core.main.TestSuiteExecutor.accessTestCaseMainPhase(TestSuiteExecutor.java:129)
	at com.kms.katalon.core.main.TestSuiteExecutor.accessTestSuiteMainPhase(TestSuiteExecutor.java:112)
	at com.kms.katalon.core.main.TestSuiteExecutor.execute(TestSuiteExecutor.java:81)
	at com.kms.katalon.core.main.TestCaseMain.startTestSuite(TestCaseMain.java:157)
	at com.kms.katalon.core.main.TestCaseMain$startTestSuite$0.call(Unknown Source)
	at TempTestSuite1553247702988.run(TempTestSuite1553247702988.groovy:35)
Caused by: org.openqa.selenium.WebDriverException: unknown error: Element &lt;h3 class=&quot;m-portlet__head-text&quot;>...&lt;/h3> is not clickable at point (377, 65). Other element would receive the click: &lt;li class=&quot;m-menu__item  m-menu__item--submenu m-menu__item--relm-portlet__nav-item m-dropdown m-dropdown--inline m-dropdown--arrow m-dropdown--align-right m-dropdown--align-push&quot; data-dropdown-toggle=&quot;click&quot;>...&lt;/li>
  (Session info: chrome=73.0.3683.75)
  (Driver info: chromedriver=2.43.600233 (523efee95e3d68b8719b3a1c83051aa63aa6b10d),platform=Linux 4.18.0-16-generic x86_64) (WARNING: The server did not provide any stacktrace information)
Command duration or timeout: 0 milliseconds
Build info: version: '3.7.1', revision: '8a0099a', time: '2017-11-06T21:07:36.161Z'
System info: host: 'cloudkibo-faizan', ip: '127.0.1.1', os.name: 'Linux', os.arch: 'amd64', os.version: '4.18.0-16-generic', java.version: '1.8.0_191'
Driver info: com.kms.katalon.selenium.driver.CChromeDriver
Capabilities {acceptInsecureCerts: false, acceptSslCerts: false, applicationCacheEnabled: false, browserConnectionEnabled: false, browserName: chrome, chrome: {chromedriverVersion: 2.43.600233 (523efee95e3d68..., userDataDir: /tmp/.org.chromium.Chromium...}, cssSelectorsEnabled: true, databaseEnabled: false, goog:chromeOptions: {debuggerAddress: localhost:33745}, handlesAlerts: true, hasTouchScreen: false, javascriptEnabled: true, locationContextEnabled: true, mobileEmulationEnabled: false, nativeEvents: true, networkConnectionEnabled: false, pageLoadStrategy: normal, platform: LINUX, platformName: LINUX, rotatable: false, setWindowRect: true, takesHeapSnapshot: true, takesScreenshot: true, unexpectedAlertBehaviour: , unhandledPromptBehavior: , version: 73.0.3683.75, webStorageEnabled: true}
Session ID: 305045541548fc8415c28dec6bfa4e08
	at org.openqa.selenium.remote.ErrorHandler.createThrowable(ErrorHandler.java:214)
	at org.openqa.selenium.remote.ErrorHandler.throwIfResponseFailed(ErrorHandler.java:166)
	at org.openqa.selenium.remote.http.JsonHttpResponseCodec.reconstructValue(JsonHttpResponseCodec.java:40)
	at org.openqa.selenium.remote.http.AbstractHttpResponseCodec.decode(AbstractHttpResponseCodec.java:80)
	at org.openqa.selenium.remote.http.AbstractHttpResponseCodec.decode(AbstractHttpResponseCodec.java:44)
	at org.openqa.selenium.remote.HttpCommandExecutor.execute(HttpCommandExecutor.java:164)
	at org.openqa.selenium.remote.service.DriverCommandExecutor.execute(DriverCommandExecutor.java:83)
	at org.openqa.selenium.remote.RemoteWebDriver.execute(RemoteWebDriver.java:600)
	at com.kms.katalon.selenium.driver.CChromeDriver.execute(CChromeDriver.java:20)
	at org.openqa.selenium.remote.RemoteWebElement.execute(RemoteWebElement.java:279)
	at org.openqa.selenium.remote.RemoteWebElement.click(RemoteWebElement.java:83)
	at com.kms.katalon.core.webui.keyword.builtin.ClickKeyword$_click_closure1.doCall(ClickKeyword.groovy:79)
	at com.kms.katalon.core.webui.keyword.builtin.ClickKeyword$_click_closure1.call(ClickKeyword.groovy)
	at com.kms.katalon.core.webui.keyword.internal.WebUIKeywordMain.runKeyword(WebUIKeywordMain.groovy:20)
	at com.kms.katalon.core.webui.keyword.builtin.ClickKeyword.click(ClickKeyword.groovy:86)
	at com.kms.katalon.core.webui.keyword.builtin.ClickKeyword.execute(ClickKeyword.groovy:67)
	at com.kms.katalon.core.keyword.internal.KeywordExecutor.executeKeywordForPlatform(KeywordExecutor.groovy:56)
	at com.kms.katalon.core.webui.keyword.WebUiBuiltInKeywords.click(WebUiBuiltInKeywords.groovy:616)
	at com.kms.katalon.core.webui.keyword.WebUiBuiltInKeywords$click$2.call(Unknown Source)
	at Script1537269123534.run(Script1537269123534.groovy:26)
	... 13 more
"/>
         <system-out><![CDATA[2019-03-22 14:46:10 - [TEST_CASE][FAILED] - Test Cases/Invite Using Phone Number/TC0929: Test Cases/Invite Using Phone Number/TC0929 FAILED.
Reason:
com.kms.katalon.core.exception.StepFailedException: Unable to click on object 'Object Repository/Page_KiboPush  Dashboard/h3_Customer Lists (1)'
	at com.kms.katalon.core.webui.keyword.internal.WebUIKeywordMain.stepFailed(WebUIKeywordMain.groovy:64)
	at com.kms.katalon.core.webui.keyword.internal.WebUIKeywordMain.runKeyword(WebUIKeywordMain.groovy:26)
	at com.kms.katalon.core.webui.keyword.builtin.ClickKeyword.click(ClickKeyword.groovy:86)
	at com.kms.katalon.core.webui.keyword.builtin.ClickKeyword.execute(ClickKeyword.groovy:67)
	at com.kms.katalon.core.keyword.internal.KeywordExecutor.executeKeywordForPlatform(KeywordExecutor.groovy:56)
	at com.kms.katalon.core.webui.keyword.WebUiBuiltInKeywords.click(WebUiBuiltInKeywords.groovy:616)
	at com.kms.katalon.core.webui.keyword.WebUiBuiltInKeywords$click$2.call(Unknown Source)
	at TC0929.run(TC0929:26)
	at com.kms.katalon.core.main.ScriptEngine.run(ScriptEngine.java:194)
	at com.kms.katalon.core.main.ScriptEngine.runScriptAsRawText(ScriptEngine.java:119)
	at com.kms.katalon.core.main.TestCaseExecutor.runScript(TestCaseExecutor.java:331)
	at com.kms.katalon.core.main.TestCaseExecutor.doExecute(TestCaseExecutor.java:322)
	at com.kms.katalon.core.main.TestCaseExecutor.processExecutionPhase(TestCaseExecutor.java:301)
	at com.kms.katalon.core.main.TestCaseExecutor.accessMainPhase(TestCaseExecutor.java:293)
	at com.kms.katalon.core.main.TestCaseExecutor.execute(TestCaseExecutor.java:227)
	at com.kms.katalon.core.main.TestSuiteExecutor.accessTestCaseMainPhase(TestSuiteExecutor.java:129)
	at com.kms.katalon.core.main.TestSuiteExecutor.accessTestSuiteMainPhase(TestSuiteExecutor.java:112)
	at com.kms.katalon.core.main.TestSuiteExecutor.execute(TestSuiteExecutor.java:81)
	at com.kms.katalon.core.main.TestCaseMain.startTestSuite(TestCaseMain.java:157)
	at com.kms.katalon.core.main.TestCaseMain$startTestSuite$0.call(Unknown Source)
	at TempTestSuite1553247702988.run(TempTestSuite1553247702988.groovy:35)
Caused by: org.openqa.selenium.WebDriverException: unknown error: Element <h3 class="m-portlet__head-text">...</h3> is not clickable at point (377, 65). Other element would receive the click: <li class="m-menu__item  m-menu__item--submenu m-menu__item--relm-portlet__nav-item m-dropdown m-dropdown--inline m-dropdown--arrow m-dropdown--align-right m-dropdown--align-push" data-dropdown-toggle="click">...</li>
  (Session info: chrome=73.0.3683.75)
  (Driver info: chromedriver=2.43.600233 (523efee95e3d68b8719b3a1c83051aa63aa6b10d),platform=Linux 4.18.0-16-generic x86_64) (WARNING: The server did not provide any stacktrace information)
Command duration or timeout: 0 milliseconds
Build info: version: '3.7.1', revision: '8a0099a', time: '2017-11-06T21:07:36.161Z'
System info: host: 'cloudkibo-faizan', ip: '127.0.1.1', os.name: 'Linux', os.arch: 'amd64', os.version: '4.18.0-16-generic', java.version: '1.8.0_191'
Driver info: com.kms.katalon.selenium.driver.CChromeDriver
Capabilities {acceptInsecureCerts: false, acceptSslCerts: false, applicationCacheEnabled: false, browserConnectionEnabled: false, browserName: chrome, chrome: {chromedriverVersion: 2.43.600233 (523efee95e3d68..., userDataDir: /tmp/.org.chromium.Chromium...}, cssSelectorsEnabled: true, databaseEnabled: false, goog:chromeOptions: {debuggerAddress: localhost:33745}, handlesAlerts: true, hasTouchScreen: false, javascriptEnabled: true, locationContextEnabled: true, mobileEmulationEnabled: false, nativeEvents: true, networkConnectionEnabled: false, pageLoadStrategy: normal, platform: LINUX, platformName: LINUX, rotatable: false, setWindowRect: true, takesHeapSnapshot: true, takesScreenshot: true, unexpectedAlertBehaviour: , unhandledPromptBehavior: , version: 73.0.3683.75, webStorageEnabled: true}
Session ID: 305045541548fc8415c28dec6bfa4e08
	at org.openqa.selenium.remote.ErrorHandler.createThrowable(ErrorHandler.java:214)
	at org.openqa.selenium.remote.ErrorHandler.throwIfResponseFailed(ErrorHandler.java:166)
	at org.openqa.selenium.remote.http.JsonHttpResponseCodec.reconstructValue(JsonHttpResponseCodec.java:40)
	at org.openqa.selenium.remote.http.AbstractHttpResponseCodec.decode(AbstractHttpResponseCodec.java:80)
	at org.openqa.selenium.remote.http.AbstractHttpResponseCodec.decode(AbstractHttpResponseCodec.java:44)
	at org.openqa.selenium.remote.HttpCommandExecutor.execute(HttpCommandExecutor.java:164)
	at org.openqa.selenium.remote.service.DriverCommandExecutor.execute(DriverCommandExecutor.java:83)
	at org.openqa.selenium.remote.RemoteWebDriver.execute(RemoteWebDriver.java:600)
	at com.kms.katalon.selenium.driver.CChromeDriver.execute(CChromeDriver.java:20)
	at org.openqa.selenium.remote.RemoteWebElement.execute(RemoteWebElement.java:279)
	at org.openqa.selenium.remote.RemoteWebElement.click(RemoteWebElement.java:83)
	at com.kms.katalon.core.webui.keyword.builtin.ClickKeyword$_click_closure1.doCall(ClickKeyword.groovy:79)
	at com.kms.katalon.core.webui.keyword.builtin.ClickKeyword$_click_closure1.call(ClickKeyword.groovy)
	at com.kms.katalon.core.webui.keyword.internal.WebUIKeywordMain.runKeyword(WebUIKeywordMain.groovy:20)
	at com.kms.katalon.core.webui.keyword.builtin.ClickKeyword.click(ClickKeyword.groovy:86)
	at com.kms.katalon.core.webui.keyword.builtin.ClickKeyword.execute(ClickKeyword.groovy:67)
	at com.kms.katalon.core.keyword.internal.KeywordExecutor.executeKeywordForPlatform(KeywordExecutor.groovy:56)
	at com.kms.katalon.core.webui.keyword.WebUiBuiltInKeywords.click(WebUiBuiltInKeywords.groovy:616)
	at com.kms.katalon.core.webui.keyword.WebUiBuiltInKeywords$click$2.call(Unknown Source)
	at Script1537269123534.run(Script1537269123534.groovy:26)
	... 13 more


2019-03-22 14:46:10 - [TEST_STEP][PASSED] - callTestCase(findTestCase("s-sidebar_navigation/individualAccount/Invite using Phone Number"), [:], STOP_ON_FAILURE): Call Test Case 'Test Cases/s-sidebar_navigation/individualAccount/Invite using Phone Number' successfully

2019-03-22 14:46:10 - [TEST_CASE][PASSED] - Test Cases/s-sidebar_navigation/individualAccount/Invite using Phone Number: Test Cases/s-sidebar_navigation/individualAccount/Invite using Phone Number

2019-03-22 14:46:10 - [TEST_STEP][PASSED] - callTestCase(findTestCase("s-sidebar_navigation/individualAccount/Login-KiboEngage"), [:], STOP_ON_FAILURE): Call Test Case 'Test Cases/s-sidebar_navigation/individualAccount/Login-KiboEngage' successfully

2019-03-22 14:46:10 - [TEST_CASE][PASSED] - Test Cases/s-sidebar_navigation/individualAccount/Login-KiboEngage: Test Cases/s-sidebar_navigation/individualAccount/Login-KiboEngage

2019-03-22 14:46:10 - [TEST_STEP][PASSED] - openBrowser(""): Browser is opened with url: ''

2019-03-22 14:46:10 - [MESSAGE][WARNING] - A browser is already opened. Closing browser and opening a new one

2019-03-22 14:46:11 - [MESSAGE][INFO] - Starting 'Chrome' driver

2019-03-22 14:46:11 - [MESSAGE][PASSED] - Browser is opened with url: ''

2019-03-22 14:46:11 - [TEST_STEP][PASSED] - maximizeWindow(): Current window maximized

2019-03-22 14:46:11 - [MESSAGE][PASSED] - Current window maximized

2019-03-22 14:46:11 - [TEST_STEP][PASSED] - navigateToUrl("https://kiboengage.cloudkibo.com/"): Navigate to 'https://kiboengage.cloudkibo.com/' successfully

2019-03-22 14:46:20 - [MESSAGE][PASSED] - Navigate to 'https://kiboengage.cloudkibo.com/' successfully

2019-03-22 14:46:20 - [TEST_STEP][PASSED] - navigateToUrl("https://accounts.cloudkibo.com/?continue=https://kiboengage.cloudkibo.com"): Navigate to 'https://accounts.cloudkibo.com/?continue=https://kiboengage.cloudkibo.com' successfully

2019-03-22 14:46:20 - [MESSAGE][PASSED] - Navigate to 'https://accounts.cloudkibo.com/?continue=https://kiboengage.cloudkibo.com' successfully

2019-03-22 14:46:20 - [TEST_STEP][PASSED] - click(findTestObject("Page_KiboPush/a_Login (9) (1)")): Object: 'Object Repository/Page_KiboPush/a_Login (9) (1)' is clicked on

2019-03-22 14:46:21 - [MESSAGE][PASSED] - Object: 'Object Repository/Page_KiboPush/a_Login (9) (1)' is clicked on

2019-03-22 14:46:21 - [TEST_STEP][PASSED] - setText(findTestObject("Page_KiboPush/input_email (10) (1)"), "individual@cloudkibo.com"): Text 'individual@cloudkibo.com' is set on object 'Object Repository/Page_KiboPush/input_email (10) (1)'

2019-03-22 14:46:21 - [MESSAGE][PASSED] - Text 'individual@cloudkibo.com' is set on object 'Object Repository/Page_KiboPush/input_email (10) (1)'

2019-03-22 14:46:21 - [TEST_STEP][PASSED] - setEncryptedText(findTestObject("Page_KiboPush/input_password (9) (1)"), "RigbBhfdqOBGNlJIWM1ClA=="): Text ****** has been set on object 'Object Repository/Page_KiboPush/input_password (9) (1)'

2019-03-22 14:46:21 - [MESSAGE][PASSED] - Text ****** has been set on object 'Object Repository/Page_KiboPush/input_password (9) (1)'

2019-03-22 14:46:21 - [TEST_STEP][PASSED] - click(findTestObject("Page_KiboPush/button_Sign In (10) (1)")): Object: 'Object Repository/Page_KiboPush/button_Sign In (10) (1)' is clicked on

2019-03-22 14:46:21 - [MESSAGE][PASSED] - Object: 'Object Repository/Page_KiboPush/button_Sign In (10) (1)' is clicked on

2019-03-22 14:46:21 - [TEST_STEP][PASSED] - navigateToUrl("https://kiboengage.cloudkibo.com/dashboard"): Navigate to 'https://kiboengage.cloudkibo.com/dashboard' successfully

2019-03-22 14:46:38 - [MESSAGE][PASSED] - Navigate to 'https://kiboengage.cloudkibo.com/dashboard' successfully

2019-03-22 14:46:38 - [TEST_STEP][PASSED] - click(findTestObject("Object Repository/Page_KiboPush  Dashboard/h3_Dashboard (57)")): Object: 'Object Repository/Page_KiboPush  Dashboard/h3_Dashboard (57)' is clicked on

2019-03-22 14:46:38 - [MESSAGE][PASSED] - Object: 'Object Repository/Page_KiboPush  Dashboard/h3_Dashboard (57)' is clicked on

2019-03-22 14:46:38 - [TEST_STEP][PASSED] - delay(3): Delayed 3 second(s)

2019-03-22 14:46:41 - [MESSAGE][PASSED] - Delayed 3 second(s)

2019-03-22 14:46:41 - [MESSAGE][PASSED] - Call Test Case 'Test Cases/s-sidebar_navigation/individualAccount/Login-KiboEngage' successfully

2019-03-22 14:46:41 - [TEST_STEP][PASSED] - click(findTestObject("Page_KiboPush  Dashboard/span_Growth Tools")): Object: 'Object Repository/Page_KiboPush  Dashboard/span_Growth Tools' is clicked on

2019-03-22 14:46:41 - [MESSAGE][PASSED] - Object: 'Object Repository/Page_KiboPush  Dashboard/span_Growth Tools' is clicked on

2019-03-22 14:46:41 - [TEST_STEP][PASSED] - delay(1): Delayed 1 second(s)

2019-03-22 14:46:42 - [MESSAGE][PASSED] - Delayed 1 second(s)

2019-03-22 14:46:42 - [TEST_STEP][PASSED] - click(findTestObject("Page_KiboPush  Dashboard/span_Invite Using Phone Number")): Object: 'Object Repository/Page_KiboPush  Dashboard/span_Invite Using Phone Number' is clicked on

2019-03-22 14:46:43 - [MESSAGE][PASSED] - Object: 'Object Repository/Page_KiboPush  Dashboard/span_Invite Using Phone Number' is clicked on

2019-03-22 14:46:43 - [MESSAGE][PASSED] - Call Test Case 'Test Cases/s-sidebar_navigation/individualAccount/Invite using Phone Number' successfully

2019-03-22 14:46:43 - [TEST_STEP][PASSED] - click(findTestObject("Page_KiboPush  Dashboard/a_View Customers Lists (1)")): Object: 'Object Repository/Page_KiboPush  Dashboard/a_View Customers Lists (1)' is clicked on

2019-03-22 14:46:44 - [MESSAGE][PASSED] - Object: 'Object Repository/Page_KiboPush  Dashboard/a_View Customers Lists (1)' is clicked on

2019-03-22 14:46:44 - [TEST_STEP][FAILED] - click(findTestObject("Page_KiboPush  Dashboard/h3_Customer Lists (1)")): click(findTestObject("Page_KiboPush  Dashboard/h3_Customer Lists (1)")) FAILED.
Reason:
com.kms.katalon.core.exception.StepFailedException: Unable to click on object 'Object Repository/Page_KiboPush  Dashboard/h3_Customer Lists (1)'
	at com.kms.katalon.core.webui.keyword.internal.WebUIKeywordMain.stepFailed(WebUIKeywordMain.groovy:64)
	at com.kms.katalon.core.webui.keyword.internal.WebUIKeywordMain.runKeyword(WebUIKeywordMain.groovy:26)
	at com.kms.katalon.core.webui.keyword.builtin.ClickKeyword.click(ClickKeyword.groovy:86)
	at com.kms.katalon.core.webui.keyword.builtin.ClickKeyword.execute(ClickKeyword.groovy:67)
	at com.kms.katalon.core.keyword.internal.KeywordExecutor.executeKeywordForPlatform(KeywordExecutor.groovy:56)
	at com.kms.katalon.core.webui.keyword.WebUiBuiltInKeywords.click(WebUiBuiltInKeywords.groovy:616)
	at com.kms.katalon.core.webui.keyword.WebUiBuiltInKeywords$click$2.call(Unknown Source)
	at TC0929.run(TC0929:26)
	at com.kms.katalon.core.main.ScriptEngine.run(ScriptEngine.java:194)
	at com.kms.katalon.core.main.ScriptEngine.runScriptAsRawText(ScriptEngine.java:119)
	at com.kms.katalon.core.main.TestCaseExecutor.runScript(TestCaseExecutor.java:331)
	at com.kms.katalon.core.main.TestCaseExecutor.doExecute(TestCaseExecutor.java:322)
	at com.kms.katalon.core.main.TestCaseExecutor.processExecutionPhase(TestCaseExecutor.java:301)
	at com.kms.katalon.core.main.TestCaseExecutor.accessMainPhase(TestCaseExecutor.java:293)
	at com.kms.katalon.core.main.TestCaseExecutor.execute(TestCaseExecutor.java:227)
	at com.kms.katalon.core.main.TestSuiteExecutor.accessTestCaseMainPhase(TestSuiteExecutor.java:129)
	at com.kms.katalon.core.main.TestSuiteExecutor.accessTestSuiteMainPhase(TestSuiteExecutor.java:112)
	at com.kms.katalon.core.main.TestSuiteExecutor.execute(TestSuiteExecutor.java:81)
	at com.kms.katalon.core.main.TestCaseMain.startTestSuite(TestCaseMain.java:157)
	at com.kms.katalon.core.main.TestCaseMain$startTestSuite$0.call(Unknown Source)
	at TempTestSuite1553247702988.run(TempTestSuite1553247702988.groovy:35)
Caused by: org.openqa.selenium.WebDriverException: unknown error: Element <h3 class="m-portlet__head-text">...</h3> is not clickable at point (377, 65). Other element would receive the click: <li class="m-menu__item  m-menu__item--submenu m-menu__item--relm-portlet__nav-item m-dropdown m-dropdown--inline m-dropdown--arrow m-dropdown--align-right m-dropdown--align-push" data-dropdown-toggle="click">...</li>
  (Session info: chrome=73.0.3683.75)
  (Driver info: chromedriver=2.43.600233 (523efee95e3d68b8719b3a1c83051aa63aa6b10d),platform=Linux 4.18.0-16-generic x86_64) (WARNING: The server did not provide any stacktrace information)
Command duration or timeout: 0 milliseconds
Build info: version: '3.7.1', revision: '8a0099a', time: '2017-11-06T21:07:36.161Z'
System info: host: 'cloudkibo-faizan', ip: '127.0.1.1', os.name: 'Linux', os.arch: 'amd64', os.version: '4.18.0-16-generic', java.version: '1.8.0_191'
Driver info: com.kms.katalon.selenium.driver.CChromeDriver
Capabilities {acceptInsecureCerts: false, acceptSslCerts: false, applicationCacheEnabled: false, browserConnectionEnabled: false, browserName: chrome, chrome: {chromedriverVersion: 2.43.600233 (523efee95e3d68..., userDataDir: /tmp/.org.chromium.Chromium...}, cssSelectorsEnabled: true, databaseEnabled: false, goog:chromeOptions: {debuggerAddress: localhost:33745}, handlesAlerts: true, hasTouchScreen: false, javascriptEnabled: true, locationContextEnabled: true, mobileEmulationEnabled: false, nativeEvents: true, networkConnectionEnabled: false, pageLoadStrategy: normal, platform: LINUX, platformName: LINUX, rotatable: false, setWindowRect: true, takesHeapSnapshot: true, takesScreenshot: true, unexpectedAlertBehaviour: , unhandledPromptBehavior: , version: 73.0.3683.75, webStorageEnabled: true}
Session ID: 305045541548fc8415c28dec6bfa4e08
	at org.openqa.selenium.remote.ErrorHandler.createThrowable(ErrorHandler.java:214)
	at org.openqa.selenium.remote.ErrorHandler.throwIfResponseFailed(ErrorHandler.java:166)
	at org.openqa.selenium.remote.http.JsonHttpResponseCodec.reconstructValue(JsonHttpResponseCodec.java:40)
	at org.openqa.selenium.remote.http.AbstractHttpResponseCodec.decode(AbstractHttpResponseCodec.java:80)
	at org.openqa.selenium.remote.http.AbstractHttpResponseCodec.decode(AbstractHttpResponseCodec.java:44)
	at org.openqa.selenium.remote.HttpCommandExecutor.execute(HttpCommandExecutor.java:164)
	at org.openqa.selenium.remote.service.DriverCommandExecutor.execute(DriverCommandExecutor.java:83)
	at org.openqa.selenium.remote.RemoteWebDriver.execute(RemoteWebDriver.java:600)
	at com.kms.katalon.selenium.driver.CChromeDriver.execute(CChromeDriver.java:20)
	at org.openqa.selenium.remote.RemoteWebElement.execute(RemoteWebElement.java:279)
	at org.openqa.selenium.remote.RemoteWebElement.click(RemoteWebElement.java:83)
	at com.kms.katalon.core.webui.keyword.builtin.ClickKeyword$_click_closure1.doCall(ClickKeyword.groovy:79)
	at com.kms.katalon.core.webui.keyword.builtin.ClickKeyword$_click_closure1.call(ClickKeyword.groovy)
	at com.kms.katalon.core.webui.keyword.internal.WebUIKeywordMain.runKeyword(WebUIKeywordMain.groovy:20)
	at com.kms.katalon.core.webui.keyword.builtin.ClickKeyword.click(ClickKeyword.groovy:86)
	at com.kms.katalon.core.webui.keyword.builtin.ClickKeyword.execute(ClickKeyword.groovy:67)
	at com.kms.katalon.core.keyword.internal.KeywordExecutor.executeKeywordForPlatform(KeywordExecutor.groovy:56)
	at com.kms.katalon.core.webui.keyword.WebUiBuiltInKeywords.click(WebUiBuiltInKeywords.groovy:616)
	at com.kms.katalon.core.webui.keyword.WebUiBuiltInKeywords$click$2.call(Unknown Source)
	at Script1537269123534.run(Script1537269123534.groovy:26)
	... 13 more


2019-03-22 14:46:44 - [MESSAGE][FAILED] - Unable to click on object 'Object Repository/Page_KiboPush  Dashboard/h3_Customer Lists (1)' (Root cause: com.kms.katalon.core.exception.StepFailedException: Unable to click on object 'Object Repository/Page_KiboPush  Dashboard/h3_Customer Lists (1)'
	at com.kms.katalon.core.webui.keyword.internal.WebUIKeywordMain.stepFailed(WebUIKeywordMain.groovy:64)
	at com.kms.katalon.core.webui.keyword.internal.WebUIKeywordMain.runKeyword(WebUIKeywordMain.groovy:26)
	at com.kms.katalon.core.webui.keyword.builtin.ClickKeyword.click(ClickKeyword.groovy:86)
	at com.kms.katalon.core.webui.keyword.builtin.ClickKeyword.execute(ClickKeyword.groovy:67)
	at com.kms.katalon.core.keyword.internal.KeywordExecutor.executeKeywordForPlatform(KeywordExecutor.groovy:56)
	at com.kms.katalon.core.webui.keyword.WebUiBuiltInKeywords.click(WebUiBuiltInKeywords.groovy:616)
	at com.kms.katalon.core.webui.keyword.WebUiBuiltInKeywords$click$2.call(Unknown Source)
	at TC0929.run(TC0929:26)
	at com.kms.katalon.core.main.ScriptEngine.run(ScriptEngine.java:194)
	at com.kms.katalon.core.main.ScriptEngine.runScriptAsRawText(ScriptEngine.java:119)
	at com.kms.katalon.core.main.TestCaseExecutor.runScript(TestCaseExecutor.java:331)
	at com.kms.katalon.core.main.TestCaseExecutor.doExecute(TestCaseExecutor.java:322)
	at com.kms.katalon.core.main.TestCaseExecutor.processExecutionPhase(TestCaseExecutor.java:301)
	at com.kms.katalon.core.main.TestCaseExecutor.accessMainPhase(TestCaseExecutor.java:293)
	at com.kms.katalon.core.main.TestCaseExecutor.execute(TestCaseExecutor.java:227)
	at com.kms.katalon.core.main.TestSuiteExecutor.accessTestCaseMainPhase(TestSuiteExecutor.java:129)
	at com.kms.katalon.core.main.TestSuiteExecutor.accessTestSuiteMainPhase(TestSuiteExecutor.java:112)
	at com.kms.katalon.core.main.TestSuiteExecutor.execute(TestSuiteExecutor.java:81)
	at com.kms.katalon.core.main.TestCaseMain.startTestSuite(TestCaseMain.java:157)
	at com.kms.katalon.core.main.TestCaseMain$startTestSuite$0.call(Unknown Source)
	at TempTestSuite1553247702988.run(TempTestSuite1553247702988.groovy:35)
Caused by: org.openqa.selenium.WebDriverException: unknown error: Element <h3 class="m-portlet__head-text">...</h3> is not clickable at point (377, 65). Other element would receive the click: <li class="m-menu__item  m-menu__item--submenu m-menu__item--relm-portlet__nav-item m-dropdown m-dropdown--inline m-dropdown--arrow m-dropdown--align-right m-dropdown--align-push" data-dropdown-toggle="click">...</li>
  (Session info: chrome=73.0.3683.75)
  (Driver info: chromedriver=2.43.600233 (523efee95e3d68b8719b3a1c83051aa63aa6b10d),platform=Linux 4.18.0-16-generic x86_64) (WARNING: The server did not provide any stacktrace information)
Command duration or timeout: 0 milliseconds
Build info: version: '3.7.1', revision: '8a0099a', time: '2017-11-06T21:07:36.161Z'
System info: host: 'cloudkibo-faizan', ip: '127.0.1.1', os.name: 'Linux', os.arch: 'amd64', os.version: '4.18.0-16-generic', java.version: '1.8.0_191'
Driver info: com.kms.katalon.selenium.driver.CChromeDriver
Capabilities {acceptInsecureCerts: false, acceptSslCerts: false, applicationCacheEnabled: false, browserConnectionEnabled: false, browserName: chrome, chrome: {chromedriverVersion: 2.43.600233 (523efee95e3d68..., userDataDir: /tmp/.org.chromium.Chromium...}, cssSelectorsEnabled: true, databaseEnabled: false, goog:chromeOptions: {debuggerAddress: localhost:33745}, handlesAlerts: true, hasTouchScreen: false, javascriptEnabled: true, locationContextEnabled: true, mobileEmulationEnabled: false, nativeEvents: true, networkConnectionEnabled: false, pageLoadStrategy: normal, platform: LINUX, platformName: LINUX, rotatable: false, setWindowRect: true, takesHeapSnapshot: true, takesScreenshot: true, unexpectedAlertBehaviour: , unhandledPromptBehavior: , version: 73.0.3683.75, webStorageEnabled: true}
Session ID: 305045541548fc8415c28dec6bfa4e08
	at org.openqa.selenium.remote.ErrorHandler.createThrowable(ErrorHandler.java:214)
	at org.openqa.selenium.remote.ErrorHandler.throwIfResponseFailed(ErrorHandler.java:166)
	at org.openqa.selenium.remote.http.JsonHttpResponseCodec.reconstructValue(JsonHttpResponseCodec.java:40)
	at org.openqa.selenium.remote.http.AbstractHttpResponseCodec.decode(AbstractHttpResponseCodec.java:80)
	at org.openqa.selenium.remote.http.AbstractHttpResponseCodec.decode(AbstractHttpResponseCodec.java:44)
	at org.openqa.selenium.remote.HttpCommandExecutor.execute(HttpCommandExecutor.java:164)
	at org.openqa.selenium.remote.service.DriverCommandExecutor.execute(DriverCommandExecutor.java:83)
	at org.openqa.selenium.remote.RemoteWebDriver.execute(RemoteWebDriver.java:600)
	at com.kms.katalon.selenium.driver.CChromeDriver.execute(CChromeDriver.java:20)
	at org.openqa.selenium.remote.RemoteWebElement.execute(RemoteWebElement.java:279)
	at org.openqa.selenium.remote.RemoteWebElement.click(RemoteWebElement.java:83)
	at com.kms.katalon.core.webui.keyword.builtin.ClickKeyword$_click_closure1.doCall(ClickKeyword.groovy:79)
	at com.kms.katalon.core.webui.keyword.builtin.ClickKeyword$_click_closure1.call(ClickKeyword.groovy)
	at com.kms.katalon.core.webui.keyword.internal.WebUIKeywordMain.runKeyword(WebUIKeywordMain.groovy:20)
	at com.kms.katalon.core.webui.keyword.builtin.ClickKeyword.click(ClickKeyword.groovy:86)
	at com.kms.katalon.core.webui.keyword.builtin.ClickKeyword.execute(ClickKeyword.groovy:67)
	at com.kms.katalon.core.keyword.internal.KeywordExecutor.executeKeywordForPlatform(KeywordExecutor.groovy:56)
	at com.kms.katalon.core.webui.keyword.WebUiBuiltInKeywords.click(WebUiBuiltInKeywords.groovy:616)
	at com.kms.katalon.core.webui.keyword.WebUiBuiltInKeywords$click$2.call(Unknown Source)
	at Script1537269123534.run(Script1537269123534.groovy:26)
	... 13 more
)
[[ATTACHMENT|/home/cloudkibo-faizan/Drive/Katalon/production/KiboPush/Reports/inviteUsingPhoneNumber/20190322_144142/1553248004286.png]]

2019-03-22 14:46:44 - [MESSAGE][FAILED] - click(findTestObject("Page_KiboPush  Dashboard/h3_Customer Lists (1)")) FAILED.
Reason:
com.kms.katalon.core.exception.StepFailedException: Unable to click on object 'Object Repository/Page_KiboPush  Dashboard/h3_Customer Lists (1)'
	at com.kms.katalon.core.webui.keyword.internal.WebUIKeywordMain.stepFailed(WebUIKeywordMain.groovy:64)
	at com.kms.katalon.core.webui.keyword.internal.WebUIKeywordMain.runKeyword(WebUIKeywordMain.groovy:26)
	at com.kms.katalon.core.webui.keyword.builtin.ClickKeyword.click(ClickKeyword.groovy:86)
	at com.kms.katalon.core.webui.keyword.builtin.ClickKeyword.execute(ClickKeyword.groovy:67)
	at com.kms.katalon.core.keyword.internal.KeywordExecutor.executeKeywordForPlatform(KeywordExecutor.groovy:56)
	at com.kms.katalon.core.webui.keyword.WebUiBuiltInKeywords.click(WebUiBuiltInKeywords.groovy:616)
	at com.kms.katalon.core.webui.keyword.WebUiBuiltInKeywords$click$2.call(Unknown Source)
	at TC0929.run(TC0929:26)
	at com.kms.katalon.core.main.ScriptEngine.run(ScriptEngine.java:194)
	at com.kms.katalon.core.main.ScriptEngine.runScriptAsRawText(ScriptEngine.java:119)
	at com.kms.katalon.core.main.TestCaseExecutor.runScript(TestCaseExecutor.java:331)
	at com.kms.katalon.core.main.TestCaseExecutor.doExecute(TestCaseExecutor.java:322)
	at com.kms.katalon.core.main.TestCaseExecutor.processExecutionPhase(TestCaseExecutor.java:301)
	at com.kms.katalon.core.main.TestCaseExecutor.accessMainPhase(TestCaseExecutor.java:293)
	at com.kms.katalon.core.main.TestCaseExecutor.execute(TestCaseExecutor.java:227)
	at com.kms.katalon.core.main.TestSuiteExecutor.accessTestCaseMainPhase(TestSuiteExecutor.java:129)
	at com.kms.katalon.core.main.TestSuiteExecutor.accessTestSuiteMainPhase(TestSuiteExecutor.java:112)
	at com.kms.katalon.core.main.TestSuiteExecutor.execute(TestSuiteExecutor.java:81)
	at com.kms.katalon.core.main.TestCaseMain.startTestSuite(TestCaseMain.java:157)
	at com.kms.katalon.core.main.TestCaseMain$startTestSuite$0.call(Unknown Source)
	at TempTestSuite1553247702988.run(TempTestSuite1553247702988.groovy:35)
Caused by: org.openqa.selenium.WebDriverException: unknown error: Element <h3 class="m-portlet__head-text">...</h3> is not clickable at point (377, 65). Other element would receive the click: <li class="m-menu__item  m-menu__item--submenu m-menu__item--relm-portlet__nav-item m-dropdown m-dropdown--inline m-dropdown--arrow m-dropdown--align-right m-dropdown--align-push" data-dropdown-toggle="click">...</li>
  (Session info: chrome=73.0.3683.75)
  (Driver info: chromedriver=2.43.600233 (523efee95e3d68b8719b3a1c83051aa63aa6b10d),platform=Linux 4.18.0-16-generic x86_64) (WARNING: The server did not provide any stacktrace information)
Command duration or timeout: 0 milliseconds
Build info: version: '3.7.1', revision: '8a0099a', time: '2017-11-06T21:07:36.161Z'
System info: host: 'cloudkibo-faizan', ip: '127.0.1.1', os.name: 'Linux', os.arch: 'amd64', os.version: '4.18.0-16-generic', java.version: '1.8.0_191'
Driver info: com.kms.katalon.selenium.driver.CChromeDriver
Capabilities {acceptInsecureCerts: false, acceptSslCerts: false, applicationCacheEnabled: false, browserConnectionEnabled: false, browserName: chrome, chrome: {chromedriverVersion: 2.43.600233 (523efee95e3d68..., userDataDir: /tmp/.org.chromium.Chromium...}, cssSelectorsEnabled: true, databaseEnabled: false, goog:chromeOptions: {debuggerAddress: localhost:33745}, handlesAlerts: true, hasTouchScreen: false, javascriptEnabled: true, locationContextEnabled: true, mobileEmulationEnabled: false, nativeEvents: true, networkConnectionEnabled: false, pageLoadStrategy: normal, platform: LINUX, platformName: LINUX, rotatable: false, setWindowRect: true, takesHeapSnapshot: true, takesScreenshot: true, unexpectedAlertBehaviour: , unhandledPromptBehavior: , version: 73.0.3683.75, webStorageEnabled: true}
Session ID: 305045541548fc8415c28dec6bfa4e08
	at org.openqa.selenium.remote.ErrorHandler.createThrowable(ErrorHandler.java:214)
	at org.openqa.selenium.remote.ErrorHandler.throwIfResponseFailed(ErrorHandler.java:166)
	at org.openqa.selenium.remote.http.JsonHttpResponseCodec.reconstructValue(JsonHttpResponseCodec.java:40)
	at org.openqa.selenium.remote.http.AbstractHttpResponseCodec.decode(AbstractHttpResponseCodec.java:80)
	at org.openqa.selenium.remote.http.AbstractHttpResponseCodec.decode(AbstractHttpResponseCodec.java:44)
	at org.openqa.selenium.remote.HttpCommandExecutor.execute(HttpCommandExecutor.java:164)
	at org.openqa.selenium.remote.service.DriverCommandExecutor.execute(DriverCommandExecutor.java:83)
	at org.openqa.selenium.remote.RemoteWebDriver.execute(RemoteWebDriver.java:600)
	at com.kms.katalon.selenium.driver.CChromeDriver.execute(CChromeDriver.java:20)
	at org.openqa.selenium.remote.RemoteWebElement.execute(RemoteWebElement.java:279)
	at org.openqa.selenium.remote.RemoteWebElement.click(RemoteWebElement.java:83)
	at com.kms.katalon.core.webui.keyword.builtin.ClickKeyword$_click_closure1.doCall(ClickKeyword.groovy:79)
	at com.kms.katalon.core.webui.keyword.builtin.ClickKeyword$_click_closure1.call(ClickKeyword.groovy)
	at com.kms.katalon.core.webui.keyword.internal.WebUIKeywordMain.runKeyword(WebUIKeywordMain.groovy:20)
	at com.kms.katalon.core.webui.keyword.builtin.ClickKeyword.click(ClickKeyword.groovy:86)
	at com.kms.katalon.core.webui.keyword.builtin.ClickKeyword.execute(ClickKeyword.groovy:67)
	at com.kms.katalon.core.keyword.internal.KeywordExecutor.executeKeywordForPlatform(KeywordExecutor.groovy:56)
	at com.kms.katalon.core.webui.keyword.WebUiBuiltInKeywords.click(WebUiBuiltInKeywords.groovy:616)
	at com.kms.katalon.core.webui.keyword.WebUiBuiltInKeywords$click$2.call(Unknown Source)
	at Script1537269123534.run(Script1537269123534.groovy:26)
	... 13 more]]></system-out>
         <system-err><![CDATA[2019-03-22 14:46:10 - [TEST_CASE][FAILED] - Test Cases/Invite Using Phone Number/TC0929: Test Cases/Invite Using Phone Number/TC0929 FAILED.
Reason:
com.kms.katalon.core.exception.StepFailedException: Unable to click on object 'Object Repository/Page_KiboPush  Dashboard/h3_Customer Lists (1)'
	at com.kms.katalon.core.webui.keyword.internal.WebUIKeywordMain.stepFailed(WebUIKeywordMain.groovy:64)
	at com.kms.katalon.core.webui.keyword.internal.WebUIKeywordMain.runKeyword(WebUIKeywordMain.groovy:26)
	at com.kms.katalon.core.webui.keyword.builtin.ClickKeyword.click(ClickKeyword.groovy:86)
	at com.kms.katalon.core.webui.keyword.builtin.ClickKeyword.execute(ClickKeyword.groovy:67)
	at com.kms.katalon.core.keyword.internal.KeywordExecutor.executeKeywordForPlatform(KeywordExecutor.groovy:56)
	at com.kms.katalon.core.webui.keyword.WebUiBuiltInKeywords.click(WebUiBuiltInKeywords.groovy:616)
	at com.kms.katalon.core.webui.keyword.WebUiBuiltInKeywords$click$2.call(Unknown Source)
	at TC0929.run(TC0929:26)
	at com.kms.katalon.core.main.ScriptEngine.run(ScriptEngine.java:194)
	at com.kms.katalon.core.main.ScriptEngine.runScriptAsRawText(ScriptEngine.java:119)
	at com.kms.katalon.core.main.TestCaseExecutor.runScript(TestCaseExecutor.java:331)
	at com.kms.katalon.core.main.TestCaseExecutor.doExecute(TestCaseExecutor.java:322)
	at com.kms.katalon.core.main.TestCaseExecutor.processExecutionPhase(TestCaseExecutor.java:301)
	at com.kms.katalon.core.main.TestCaseExecutor.accessMainPhase(TestCaseExecutor.java:293)
	at com.kms.katalon.core.main.TestCaseExecutor.execute(TestCaseExecutor.java:227)
	at com.kms.katalon.core.main.TestSuiteExecutor.accessTestCaseMainPhase(TestSuiteExecutor.java:129)
	at com.kms.katalon.core.main.TestSuiteExecutor.accessTestSuiteMainPhase(TestSuiteExecutor.java:112)
	at com.kms.katalon.core.main.TestSuiteExecutor.execute(TestSuiteExecutor.java:81)
	at com.kms.katalon.core.main.TestCaseMain.startTestSuite(TestCaseMain.java:157)
	at com.kms.katalon.core.main.TestCaseMain$startTestSuite$0.call(Unknown Source)
	at TempTestSuite1553247702988.run(TempTestSuite1553247702988.groovy:35)
Caused by: org.openqa.selenium.WebDriverException: unknown error: Element <h3 class="m-portlet__head-text">...</h3> is not clickable at point (377, 65). Other element would receive the click: <li class="m-menu__item  m-menu__item--submenu m-menu__item--relm-portlet__nav-item m-dropdown m-dropdown--inline m-dropdown--arrow m-dropdown--align-right m-dropdown--align-push" data-dropdown-toggle="click">...</li>
  (Session info: chrome=73.0.3683.75)
  (Driver info: chromedriver=2.43.600233 (523efee95e3d68b8719b3a1c83051aa63aa6b10d),platform=Linux 4.18.0-16-generic x86_64) (WARNING: The server did not provide any stacktrace information)
Command duration or timeout: 0 milliseconds
Build info: version: '3.7.1', revision: '8a0099a', time: '2017-11-06T21:07:36.161Z'
System info: host: 'cloudkibo-faizan', ip: '127.0.1.1', os.name: 'Linux', os.arch: 'amd64', os.version: '4.18.0-16-generic', java.version: '1.8.0_191'
Driver info: com.kms.katalon.selenium.driver.CChromeDriver
Capabilities {acceptInsecureCerts: false, acceptSslCerts: false, applicationCacheEnabled: false, browserConnectionEnabled: false, browserName: chrome, chrome: {chromedriverVersion: 2.43.600233 (523efee95e3d68..., userDataDir: /tmp/.org.chromium.Chromium...}, cssSelectorsEnabled: true, databaseEnabled: false, goog:chromeOptions: {debuggerAddress: localhost:33745}, handlesAlerts: true, hasTouchScreen: false, javascriptEnabled: true, locationContextEnabled: true, mobileEmulationEnabled: false, nativeEvents: true, networkConnectionEnabled: false, pageLoadStrategy: normal, platform: LINUX, platformName: LINUX, rotatable: false, setWindowRect: true, takesHeapSnapshot: true, takesScreenshot: true, unexpectedAlertBehaviour: , unhandledPromptBehavior: , version: 73.0.3683.75, webStorageEnabled: true}
Session ID: 305045541548fc8415c28dec6bfa4e08
	at org.openqa.selenium.remote.ErrorHandler.createThrowable(ErrorHandler.java:214)
	at org.openqa.selenium.remote.ErrorHandler.throwIfResponseFailed(ErrorHandler.java:166)
	at org.openqa.selenium.remote.http.JsonHttpResponseCodec.reconstructValue(JsonHttpResponseCodec.java:40)
	at org.openqa.selenium.remote.http.AbstractHttpResponseCodec.decode(AbstractHttpResponseCodec.java:80)
	at org.openqa.selenium.remote.http.AbstractHttpResponseCodec.decode(AbstractHttpResponseCodec.java:44)
	at org.openqa.selenium.remote.HttpCommandExecutor.execute(HttpCommandExecutor.java:164)
	at org.openqa.selenium.remote.service.DriverCommandExecutor.execute(DriverCommandExecutor.java:83)
	at org.openqa.selenium.remote.RemoteWebDriver.execute(RemoteWebDriver.java:600)
	at com.kms.katalon.selenium.driver.CChromeDriver.execute(CChromeDriver.java:20)
	at org.openqa.selenium.remote.RemoteWebElement.execute(RemoteWebElement.java:279)
	at org.openqa.selenium.remote.RemoteWebElement.click(RemoteWebElement.java:83)
	at com.kms.katalon.core.webui.keyword.builtin.ClickKeyword$_click_closure1.doCall(ClickKeyword.groovy:79)
	at com.kms.katalon.core.webui.keyword.builtin.ClickKeyword$_click_closure1.call(ClickKeyword.groovy)
	at com.kms.katalon.core.webui.keyword.internal.WebUIKeywordMain.runKeyword(WebUIKeywordMain.groovy:20)
	at com.kms.katalon.core.webui.keyword.builtin.ClickKeyword.click(ClickKeyword.groovy:86)
	at com.kms.katalon.core.webui.keyword.builtin.ClickKeyword.execute(ClickKeyword.groovy:67)
	at com.kms.katalon.core.keyword.internal.KeywordExecutor.executeKeywordForPlatform(KeywordExecutor.groovy:56)
	at com.kms.katalon.core.webui.keyword.WebUiBuiltInKeywords.click(WebUiBuiltInKeywords.groovy:616)
	at com.kms.katalon.core.webui.keyword.WebUiBuiltInKeywords$click$2.call(Unknown Source)
	at Script1537269123534.run(Script1537269123534.groovy:26)
	... 13 more]]></system-err>
      </testcase>
      <testcase name="Test Cases/Invite Using Phone Number/TC0930" classname="Test Cases/Invite Using Phone Number/TC0930" status="PASSED">
         <system-out><![CDATA[2019-03-22 14:46:44 - [TEST_CASE][PASSED] - Test Cases/Invite Using Phone Number/TC0930: Test Cases/Invite Using Phone Number/TC0930

2019-03-22 14:46:44 - [TEST_STEP][PASSED] - callTestCase(findTestCase("Invite Using Phone Number/TC0928-viewCustomers"), [:], STOP_ON_FAILURE): Call Test Case 'Test Cases/Invite Using Phone Number/TC0928-viewCustomers' successfully

2019-03-22 14:46:44 - [TEST_CASE][PASSED] - Test Cases/Invite Using Phone Number/TC0928-viewCustomers: Test Cases/Invite Using Phone Number/TC0928-viewCustomers

2019-03-22 14:46:44 - [TEST_STEP][PASSED] - callTestCase(findTestCase("s-sidebar_navigation/individualAccount/Invite using Phone Number"), [:], STOP_ON_FAILURE): Call Test Case 'Test Cases/s-sidebar_navigation/individualAccount/Invite using Phone Number' successfully

2019-03-22 14:46:44 - [TEST_CASE][PASSED] - Test Cases/s-sidebar_navigation/individualAccount/Invite using Phone Number: Test Cases/s-sidebar_navigation/individualAccount/Invite using Phone Number

2019-03-22 14:46:44 - [TEST_STEP][PASSED] - callTestCase(findTestCase("s-sidebar_navigation/individualAccount/Login-KiboEngage"), [:], STOP_ON_FAILURE): Call Test Case 'Test Cases/s-sidebar_navigation/individualAccount/Login-KiboEngage' successfully

2019-03-22 14:46:44 - [TEST_CASE][PASSED] - Test Cases/s-sidebar_navigation/individualAccount/Login-KiboEngage: Test Cases/s-sidebar_navigation/individualAccount/Login-KiboEngage

2019-03-22 14:46:44 - [TEST_STEP][PASSED] - openBrowser(""): Browser is opened with url: ''

2019-03-22 14:46:44 - [MESSAGE][WARNING] - A browser is already opened. Closing browser and opening a new one

2019-03-22 14:46:44 - [MESSAGE][INFO] - Starting 'Chrome' driver

2019-03-22 14:46:45 - [MESSAGE][PASSED] - Browser is opened with url: ''

2019-03-22 14:46:45 - [TEST_STEP][PASSED] - maximizeWindow(): Current window maximized

2019-03-22 14:46:45 - [MESSAGE][PASSED] - Current window maximized

2019-03-22 14:46:45 - [TEST_STEP][PASSED] - navigateToUrl("https://kiboengage.cloudkibo.com/"): Navigate to 'https://kiboengage.cloudkibo.com/' successfully

2019-03-22 14:46:54 - [MESSAGE][PASSED] - Navigate to 'https://kiboengage.cloudkibo.com/' successfully

2019-03-22 14:46:54 - [TEST_STEP][PASSED] - navigateToUrl("https://accounts.cloudkibo.com/?continue=https://kiboengage.cloudkibo.com"): Navigate to 'https://accounts.cloudkibo.com/?continue=https://kiboengage.cloudkibo.com' successfully

2019-03-22 14:46:54 - [MESSAGE][PASSED] - Navigate to 'https://accounts.cloudkibo.com/?continue=https://kiboengage.cloudkibo.com' successfully

2019-03-22 14:46:54 - [TEST_STEP][PASSED] - click(findTestObject("Page_KiboPush/a_Login (9) (1)")): Object: 'Object Repository/Page_KiboPush/a_Login (9) (1)' is clicked on

2019-03-22 14:46:55 - [MESSAGE][PASSED] - Object: 'Object Repository/Page_KiboPush/a_Login (9) (1)' is clicked on

2019-03-22 14:46:55 - [TEST_STEP][PASSED] - setText(findTestObject("Page_KiboPush/input_email (10) (1)"), "individual@cloudkibo.com"): Text 'individual@cloudkibo.com' is set on object 'Object Repository/Page_KiboPush/input_email (10) (1)'

2019-03-22 14:46:55 - [MESSAGE][PASSED] - Text 'individual@cloudkibo.com' is set on object 'Object Repository/Page_KiboPush/input_email (10) (1)'

2019-03-22 14:46:55 - [TEST_STEP][PASSED] - setEncryptedText(findTestObject("Page_KiboPush/input_password (9) (1)"), "RigbBhfdqOBGNlJIWM1ClA=="): Text ****** has been set on object 'Object Repository/Page_KiboPush/input_password (9) (1)'

2019-03-22 14:46:55 - [MESSAGE][PASSED] - Text ****** has been set on object 'Object Repository/Page_KiboPush/input_password (9) (1)'

2019-03-22 14:46:55 - [TEST_STEP][PASSED] - click(findTestObject("Page_KiboPush/button_Sign In (10) (1)")): Object: 'Object Repository/Page_KiboPush/button_Sign In (10) (1)' is clicked on

2019-03-22 14:46:55 - [MESSAGE][PASSED] - Object: 'Object Repository/Page_KiboPush/button_Sign In (10) (1)' is clicked on

2019-03-22 14:46:55 - [TEST_STEP][PASSED] - navigateToUrl("https://kiboengage.cloudkibo.com/dashboard"): Navigate to 'https://kiboengage.cloudkibo.com/dashboard' successfully

2019-03-22 14:47:12 - [MESSAGE][PASSED] - Navigate to 'https://kiboengage.cloudkibo.com/dashboard' successfully

2019-03-22 14:47:12 - [TEST_STEP][PASSED] - click(findTestObject("Object Repository/Page_KiboPush  Dashboard/h3_Dashboard (57)")): Object: 'Object Repository/Page_KiboPush  Dashboard/h3_Dashboard (57)' is clicked on

2019-03-22 14:47:12 - [MESSAGE][PASSED] - Object: 'Object Repository/Page_KiboPush  Dashboard/h3_Dashboard (57)' is clicked on

2019-03-22 14:47:12 - [TEST_STEP][PASSED] - delay(3): Delayed 3 second(s)

2019-03-22 14:47:15 - [MESSAGE][PASSED] - Delayed 3 second(s)

2019-03-22 14:47:15 - [MESSAGE][PASSED] - Call Test Case 'Test Cases/s-sidebar_navigation/individualAccount/Login-KiboEngage' successfully

2019-03-22 14:47:15 - [TEST_STEP][PASSED] - click(findTestObject("Page_KiboPush  Dashboard/span_Growth Tools")): Object: 'Object Repository/Page_KiboPush  Dashboard/span_Growth Tools' is clicked on

2019-03-22 14:47:15 - [MESSAGE][PASSED] - Object: 'Object Repository/Page_KiboPush  Dashboard/span_Growth Tools' is clicked on

2019-03-22 14:47:15 - [TEST_STEP][PASSED] - delay(1): Delayed 1 second(s)

2019-03-22 14:47:16 - [MESSAGE][PASSED] - Delayed 1 second(s)

2019-03-22 14:47:16 - [TEST_STEP][PASSED] - click(findTestObject("Page_KiboPush  Dashboard/span_Invite Using Phone Number")): Object: 'Object Repository/Page_KiboPush  Dashboard/span_Invite Using Phone Number' is clicked on

2019-03-22 14:47:16 - [MESSAGE][PASSED] - Object: 'Object Repository/Page_KiboPush  Dashboard/span_Invite Using Phone Number' is clicked on

2019-03-22 14:47:16 - [MESSAGE][PASSED] - Call Test Case 'Test Cases/s-sidebar_navigation/individualAccount/Invite using Phone Number' successfully

2019-03-22 14:47:16 - [TEST_STEP][PASSED] - delay(1): Delayed 1 second(s)

2019-03-22 14:47:17 - [MESSAGE][PASSED] - Delayed 1 second(s)

2019-03-22 14:47:17 - [TEST_STEP][PASSED] - click(findTestObject("Page_KiboPush  Dashboard/a_View Customers Lists")): Object: 'Object Repository/Page_KiboPush  Dashboard/a_View Customers Lists' is clicked on

2019-03-22 14:47:18 - [MESSAGE][PASSED] - Object: 'Object Repository/Page_KiboPush  Dashboard/a_View Customers Lists' is clicked on

2019-03-22 14:47:18 - [TEST_STEP][PASSED] - delay(2): Delayed 2 second(s)

2019-03-22 14:47:20 - [MESSAGE][PASSED] - Delayed 2 second(s)

2019-03-22 14:47:20 - [TEST_STEP][PASSED] - scrollToPosition(0, 0): Browser is scrolled to position x = 0, y = 0

2019-03-22 14:47:20 - [MESSAGE][PASSED] - Browser is scrolled to position x = 0, y = 0

2019-03-22 14:47:20 - [TEST_STEP][PASSED] - click(findTestObject("Object Repository/Page_KiboEngage  Customer Lists/h3_Customer Lists")): Object: 'Object Repository/Page_KiboEngage  Customer Lists/h3_Customer Lists' is clicked on

2019-03-22 14:47:20 - [MESSAGE][PASSED] - Object: 'Object Repository/Page_KiboEngage  Customer Lists/h3_Customer Lists' is clicked on

2019-03-22 14:47:20 - [MESSAGE][PASSED] - Call Test Case 'Test Cases/Invite Using Phone Number/TC0928-viewCustomers' successfully

2019-03-22 14:47:20 - [TEST_STEP][PASSED] - driver = getWebDriver(): null

2019-03-22 14:47:20 - [TEST_STEP][PASSED] - Table = driver.findElements(By.xpath("//table/tbody/tr")): null

2019-03-22 14:47:20 - [TEST_STEP][PASSED] - verifyGreaterThanOrEqual(Table.size(), 5): Actual number '10' is greater than or equal to expected number '5'

2019-03-22 14:47:20 - [MESSAGE][PASSED] - Actual number '10' is greater than or equal to expected number '5']]></system-out>
         <system-err><![CDATA[]]></system-err>
      </testcase>
      <testcase name="Test Cases/Invite Using Phone Number/TC0938" classname="Test Cases/Invite Using Phone Number/TC0938" status="PASSED">
         <system-out><![CDATA[2019-03-22 14:47:20 - [TEST_CASE][PASSED] - Test Cases/Invite Using Phone Number/TC0938: Test Cases/Invite Using Phone Number/TC0938

2019-03-22 14:47:20 - [TEST_STEP][PASSED] - callTestCase(findTestCase("Invite Using Phone Number/TC0930"), [:], STOP_ON_FAILURE): Call Test Case 'Test Cases/Invite Using Phone Number/TC0930' successfully

2019-03-22 14:47:20 - [TEST_CASE][PASSED] - Test Cases/Invite Using Phone Number/TC0930: Test Cases/Invite Using Phone Number/TC0930

2019-03-22 14:47:20 - [TEST_STEP][PASSED] - callTestCase(findTestCase("Invite Using Phone Number/TC0928-viewCustomers"), [:], STOP_ON_FAILURE): Call Test Case 'Test Cases/Invite Using Phone Number/TC0928-viewCustomers' successfully

2019-03-22 14:47:20 - [TEST_CASE][PASSED] - Test Cases/Invite Using Phone Number/TC0928-viewCustomers: Test Cases/Invite Using Phone Number/TC0928-viewCustomers

2019-03-22 14:47:20 - [TEST_STEP][PASSED] - callTestCase(findTestCase("s-sidebar_navigation/individualAccount/Invite using Phone Number"), [:], STOP_ON_FAILURE): Call Test Case 'Test Cases/s-sidebar_navigation/individualAccount/Invite using Phone Number' successfully

2019-03-22 14:47:20 - [TEST_CASE][PASSED] - Test Cases/s-sidebar_navigation/individualAccount/Invite using Phone Number: Test Cases/s-sidebar_navigation/individualAccount/Invite using Phone Number

2019-03-22 14:47:20 - [TEST_STEP][PASSED] - callTestCase(findTestCase("s-sidebar_navigation/individualAccount/Login-KiboEngage"), [:], STOP_ON_FAILURE): Call Test Case 'Test Cases/s-sidebar_navigation/individualAccount/Login-KiboEngage' successfully

2019-03-22 14:47:20 - [TEST_CASE][PASSED] - Test Cases/s-sidebar_navigation/individualAccount/Login-KiboEngage: Test Cases/s-sidebar_navigation/individualAccount/Login-KiboEngage

2019-03-22 14:47:20 - [TEST_STEP][PASSED] - openBrowser(""): Browser is opened with url: ''

2019-03-22 14:47:20 - [MESSAGE][WARNING] - A browser is already opened. Closing browser and opening a new one

2019-03-22 14:47:20 - [MESSAGE][INFO] - Starting 'Chrome' driver

2019-03-22 14:47:20 - [MESSAGE][PASSED] - Browser is opened with url: ''

2019-03-22 14:47:20 - [TEST_STEP][PASSED] - maximizeWindow(): Current window maximized

2019-03-22 14:47:21 - [MESSAGE][PASSED] - Current window maximized

2019-03-22 14:47:21 - [TEST_STEP][PASSED] - navigateToUrl("https://kiboengage.cloudkibo.com/"): Navigate to 'https://kiboengage.cloudkibo.com/' successfully

2019-03-22 14:47:29 - [MESSAGE][PASSED] - Navigate to 'https://kiboengage.cloudkibo.com/' successfully

2019-03-22 14:47:29 - [TEST_STEP][PASSED] - navigateToUrl("https://accounts.cloudkibo.com/?continue=https://kiboengage.cloudkibo.com"): Navigate to 'https://accounts.cloudkibo.com/?continue=https://kiboengage.cloudkibo.com' successfully

2019-03-22 14:47:30 - [MESSAGE][PASSED] - Navigate to 'https://accounts.cloudkibo.com/?continue=https://kiboengage.cloudkibo.com' successfully

2019-03-22 14:47:30 - [TEST_STEP][PASSED] - click(findTestObject("Page_KiboPush/a_Login (9) (1)")): Object: 'Object Repository/Page_KiboPush/a_Login (9) (1)' is clicked on

2019-03-22 14:47:30 - [MESSAGE][PASSED] - Object: 'Object Repository/Page_KiboPush/a_Login (9) (1)' is clicked on

2019-03-22 14:47:30 - [TEST_STEP][PASSED] - setText(findTestObject("Page_KiboPush/input_email (10) (1)"), "individual@cloudkibo.com"): Text 'individual@cloudkibo.com' is set on object 'Object Repository/Page_KiboPush/input_email (10) (1)'

2019-03-22 14:47:31 - [MESSAGE][PASSED] - Text 'individual@cloudkibo.com' is set on object 'Object Repository/Page_KiboPush/input_email (10) (1)'

2019-03-22 14:47:31 - [TEST_STEP][PASSED] - setEncryptedText(findTestObject("Page_KiboPush/input_password (9) (1)"), "RigbBhfdqOBGNlJIWM1ClA=="): Text ****** has been set on object 'Object Repository/Page_KiboPush/input_password (9) (1)'

2019-03-22 14:47:31 - [MESSAGE][PASSED] - Text ****** has been set on object 'Object Repository/Page_KiboPush/input_password (9) (1)'

2019-03-22 14:47:31 - [TEST_STEP][PASSED] - click(findTestObject("Page_KiboPush/button_Sign In (10) (1)")): Object: 'Object Repository/Page_KiboPush/button_Sign In (10) (1)' is clicked on

2019-03-22 14:47:31 - [MESSAGE][PASSED] - Object: 'Object Repository/Page_KiboPush/button_Sign In (10) (1)' is clicked on

2019-03-22 14:47:31 - [TEST_STEP][PASSED] - navigateToUrl("https://kiboengage.cloudkibo.com/dashboard"): Navigate to 'https://kiboengage.cloudkibo.com/dashboard' successfully

2019-03-22 14:47:46 - [MESSAGE][PASSED] - Navigate to 'https://kiboengage.cloudkibo.com/dashboard' successfully

2019-03-22 14:47:46 - [TEST_STEP][PASSED] - click(findTestObject("Object Repository/Page_KiboPush  Dashboard/h3_Dashboard (57)")): Object: 'Object Repository/Page_KiboPush  Dashboard/h3_Dashboard (57)' is clicked on

2019-03-22 14:47:46 - [MESSAGE][PASSED] - Object: 'Object Repository/Page_KiboPush  Dashboard/h3_Dashboard (57)' is clicked on

2019-03-22 14:47:46 - [TEST_STEP][PASSED] - delay(3): Delayed 3 second(s)

2019-03-22 14:47:49 - [MESSAGE][PASSED] - Delayed 3 second(s)

2019-03-22 14:47:49 - [MESSAGE][PASSED] - Call Test Case 'Test Cases/s-sidebar_navigation/individualAccount/Login-KiboEngage' successfully

2019-03-22 14:47:49 - [TEST_STEP][PASSED] - click(findTestObject("Page_KiboPush  Dashboard/span_Growth Tools")): Object: 'Object Repository/Page_KiboPush  Dashboard/span_Growth Tools' is clicked on

2019-03-22 14:47:49 - [MESSAGE][PASSED] - Object: 'Object Repository/Page_KiboPush  Dashboard/span_Growth Tools' is clicked on

2019-03-22 14:47:49 - [TEST_STEP][PASSED] - delay(1): Delayed 1 second(s)

2019-03-22 14:47:50 - [MESSAGE][PASSED] - Delayed 1 second(s)

2019-03-22 14:47:50 - [TEST_STEP][PASSED] - click(findTestObject("Page_KiboPush  Dashboard/span_Invite Using Phone Number")): Object: 'Object Repository/Page_KiboPush  Dashboard/span_Invite Using Phone Number' is clicked on

2019-03-22 14:47:50 - [MESSAGE][PASSED] - Object: 'Object Repository/Page_KiboPush  Dashboard/span_Invite Using Phone Number' is clicked on

2019-03-22 14:47:50 - [MESSAGE][PASSED] - Call Test Case 'Test Cases/s-sidebar_navigation/individualAccount/Invite using Phone Number' successfully

2019-03-22 14:47:50 - [TEST_STEP][PASSED] - delay(1): Delayed 1 second(s)

2019-03-22 14:47:51 - [MESSAGE][PASSED] - Delayed 1 second(s)

2019-03-22 14:47:51 - [TEST_STEP][PASSED] - click(findTestObject("Page_KiboPush  Dashboard/a_View Customers Lists")): Object: 'Object Repository/Page_KiboPush  Dashboard/a_View Customers Lists' is clicked on

2019-03-22 14:47:51 - [MESSAGE][PASSED] - Object: 'Object Repository/Page_KiboPush  Dashboard/a_View Customers Lists' is clicked on

2019-03-22 14:47:51 - [TEST_STEP][PASSED] - delay(2): Delayed 2 second(s)

2019-03-22 14:47:53 - [MESSAGE][PASSED] - Delayed 2 second(s)

2019-03-22 14:47:53 - [TEST_STEP][PASSED] - scrollToPosition(0, 0): Browser is scrolled to position x = 0, y = 0

2019-03-22 14:47:53 - [MESSAGE][PASSED] - Browser is scrolled to position x = 0, y = 0

2019-03-22 14:47:53 - [TEST_STEP][PASSED] - click(findTestObject("Object Repository/Page_KiboEngage  Customer Lists/h3_Customer Lists")): Object: 'Object Repository/Page_KiboEngage  Customer Lists/h3_Customer Lists' is clicked on

2019-03-22 14:47:53 - [MESSAGE][PASSED] - Object: 'Object Repository/Page_KiboEngage  Customer Lists/h3_Customer Lists' is clicked on

2019-03-22 14:47:53 - [MESSAGE][PASSED] - Call Test Case 'Test Cases/Invite Using Phone Number/TC0928-viewCustomers' successfully

2019-03-22 14:47:53 - [TEST_STEP][PASSED] - driver = getWebDriver(): null

2019-03-22 14:47:53 - [TEST_STEP][PASSED] - Table = driver.findElements(By.xpath("//table/tbody/tr")): null

2019-03-22 14:47:53 - [TEST_STEP][PASSED] - verifyGreaterThanOrEqual(Table.size(), 5): Actual number '10' is greater than or equal to expected number '5'

2019-03-22 14:47:53 - [MESSAGE][PASSED] - Actual number '10' is greater than or equal to expected number '5'

2019-03-22 14:47:53 - [MESSAGE][PASSED] - Call Test Case 'Test Cases/Invite Using Phone Number/TC0930' successfully

2019-03-22 14:47:53 - [TEST_STEP][PASSED] - click(findTestObject("Page_KiboPush  Dashboard/a_Back (3)")): Object: 'Object Repository/Page_KiboPush  Dashboard/a_Back (3)' is clicked on

2019-03-22 14:47:53 - [MESSAGE][PASSED] - Object: 'Object Repository/Page_KiboPush  Dashboard/a_Back (3)' is clicked on

2019-03-22 14:47:53 - [TEST_STEP][PASSED] - delay(1): Delayed 1 second(s)

2019-03-22 14:47:54 - [MESSAGE][PASSED] - Delayed 1 second(s)

2019-03-22 14:47:54 - [TEST_STEP][PASSED] - scrollToPosition(0, 0): Browser is scrolled to position x = 0, y = 0

2019-03-22 14:47:54 - [MESSAGE][PASSED] - Browser is scrolled to position x = 0, y = 0

2019-03-22 14:47:54 - [TEST_STEP][PASSED] - click(findTestObject("Page_KiboPush  Dashboard/h3_Invite using Phone Number ( (2)")): Object: 'Object Repository/Page_KiboPush  Dashboard/h3_Invite using Phone Number ( (2)' is clicked on

2019-03-22 14:47:54 - [MESSAGE][PASSED] - Object: 'Object Repository/Page_KiboPush  Dashboard/h3_Invite using Phone Number ( (2)' is clicked on]]></system-out>
         <system-err><![CDATA[]]></system-err>
      </testcase>
      <system-out><![CDATA[2019-03-22 14:41:44 - [TEST_SUITE][FAILED] - inviteUsingPhoneNumber: Test Cases/Invite Using Phone Number/TC0929 FAILED.
Reason:
com.kms.katalon.core.exception.StepFailedException: Unable to click on object 'Object Repository/Page_KiboPush  Dashboard/h3_Customer Lists (1)'
	at com.kms.katalon.core.webui.keyword.internal.WebUIKeywordMain.stepFailed(WebUIKeywordMain.groovy:64)
	at com.kms.katalon.core.webui.keyword.internal.WebUIKeywordMain.runKeyword(WebUIKeywordMain.groovy:26)
	at com.kms.katalon.core.webui.keyword.builtin.ClickKeyword.click(ClickKeyword.groovy:86)
	at com.kms.katalon.core.webui.keyword.builtin.ClickKeyword.execute(ClickKeyword.groovy:67)
	at com.kms.katalon.core.keyword.internal.KeywordExecutor.executeKeywordForPlatform(KeywordExecutor.groovy:56)
	at com.kms.katalon.core.webui.keyword.WebUiBuiltInKeywords.click(WebUiBuiltInKeywords.groovy:616)
	at com.kms.katalon.core.webui.keyword.WebUiBuiltInKeywords$click$2.call(Unknown Source)
	at TC0929.run(TC0929:26)
	at com.kms.katalon.core.main.ScriptEngine.run(ScriptEngine.java:194)
	at com.kms.katalon.core.main.ScriptEngine.runScriptAsRawText(ScriptEngine.java:119)
	at com.kms.katalon.core.main.TestCaseExecutor.runScript(TestCaseExecutor.java:331)
	at com.kms.katalon.core.main.TestCaseExecutor.doExecute(TestCaseExecutor.java:322)
	at com.kms.katalon.core.main.TestCaseExecutor.processExecutionPhase(TestCaseExecutor.java:301)
	at com.kms.katalon.core.main.TestCaseExecutor.accessMainPhase(TestCaseExecutor.java:293)
	at com.kms.katalon.core.main.TestCaseExecutor.execute(TestCaseExecutor.java:227)
	at com.kms.katalon.core.main.TestSuiteExecutor.accessTestCaseMainPhase(TestSuiteExecutor.java:129)
	at com.kms.katalon.core.main.TestSuiteExecutor.accessTestSuiteMainPhase(TestSuiteExecutor.java:112)
	at com.kms.katalon.core.main.TestSuiteExecutor.execute(TestSuiteExecutor.java:81)
	at com.kms.katalon.core.main.TestCaseMain.startTestSuite(TestCaseMain.java:157)
	at com.kms.katalon.core.main.TestCaseMain$startTestSuite$0.call(Unknown Source)
	at TempTestSuite1553247702988.run(TempTestSuite1553247702988.groovy:35)
Caused by: org.openqa.selenium.WebDriverException: unknown error: Element <h3 class="m-portlet__head-text">...</h3> is not clickable at point (377, 65). Other element would receive the click: <li class="m-menu__item  m-menu__item--submenu m-menu__item--relm-portlet__nav-item m-dropdown m-dropdown--inline m-dropdown--arrow m-dropdown--align-right m-dropdown--align-push" data-dropdown-toggle="click">...</li>
  (Session info: chrome=73.0.3683.75)
  (Driver info: chromedriver=2.43.600233 (523efee95e3d68b8719b3a1c83051aa63aa6b10d),platform=Linux 4.18.0-16-generic x86_64) (WARNING: The server did not provide any stacktrace information)
Command duration or timeout: 0 milliseconds
Build info: version: '3.7.1', revision: '8a0099a', time: '2017-11-06T21:07:36.161Z'
System info: host: 'cloudkibo-faizan', ip: '127.0.1.1', os.name: 'Linux', os.arch: 'amd64', os.version: '4.18.0-16-generic', java.version: '1.8.0_191'
Driver info: com.kms.katalon.selenium.driver.CChromeDriver
Capabilities {acceptInsecureCerts: false, acceptSslCerts: false, applicationCacheEnabled: false, browserConnectionEnabled: false, browserName: chrome, chrome: {chromedriverVersion: 2.43.600233 (523efee95e3d68..., userDataDir: /tmp/.org.chromium.Chromium...}, cssSelectorsEnabled: true, databaseEnabled: false, goog:chromeOptions: {debuggerAddress: localhost:33745}, handlesAlerts: true, hasTouchScreen: false, javascriptEnabled: true, locationContextEnabled: true, mobileEmulationEnabled: false, nativeEvents: true, networkConnectionEnabled: false, pageLoadStrategy: normal, platform: LINUX, platformName: LINUX, rotatable: false, setWindowRect: true, takesHeapSnapshot: true, takesScreenshot: true, unexpectedAlertBehaviour: , unhandledPromptBehavior: , version: 73.0.3683.75, webStorageEnabled: true}
Session ID: 305045541548fc8415c28dec6bfa4e08
	at org.openqa.selenium.remote.ErrorHandler.createThrowable(ErrorHandler.java:214)
	at org.openqa.selenium.remote.ErrorHandler.throwIfResponseFailed(ErrorHandler.java:166)
	at org.openqa.selenium.remote.http.JsonHttpResponseCodec.reconstructValue(JsonHttpResponseCodec.java:40)
	at org.openqa.selenium.remote.http.AbstractHttpResponseCodec.decode(AbstractHttpResponseCodec.java:80)
	at org.openqa.selenium.remote.http.AbstractHttpResponseCodec.decode(AbstractHttpResponseCodec.java:44)
	at org.openqa.selenium.remote.HttpCommandExecutor.execute(HttpCommandExecutor.java:164)
	at org.openqa.selenium.remote.service.DriverCommandExecutor.execute(DriverCommandExecutor.java:83)
	at org.openqa.selenium.remote.RemoteWebDriver.execute(RemoteWebDriver.java:600)
	at com.kms.katalon.selenium.driver.CChromeDriver.execute(CChromeDriver.java:20)
	at org.openqa.selenium.remote.RemoteWebElement.execute(RemoteWebElement.java:279)
	at org.openqa.selenium.remote.RemoteWebElement.click(RemoteWebElement.java:83)
	at com.kms.katalon.core.webui.keyword.builtin.ClickKeyword$_click_closure1.doCall(ClickKeyword.groovy:79)
	at com.kms.katalon.core.webui.keyword.builtin.ClickKeyword$_click_closure1.call(ClickKeyword.groovy)
	at com.kms.katalon.core.webui.keyword.internal.WebUIKeywordMain.runKeyword(WebUIKeywordMain.groovy:20)
	at com.kms.katalon.core.webui.keyword.builtin.ClickKeyword.click(ClickKeyword.groovy:86)
	at com.kms.katalon.core.webui.keyword.builtin.ClickKeyword.execute(ClickKeyword.groovy:67)
	at com.kms.katalon.core.keyword.internal.KeywordExecutor.executeKeywordForPlatform(KeywordExecutor.groovy:56)
	at com.kms.katalon.core.webui.keyword.WebUiBuiltInKeywords.click(WebUiBuiltInKeywords.groovy:616)
	at com.kms.katalon.core.webui.keyword.WebUiBuiltInKeywords$click$2.call(Unknown Source)
	at Script1537269123534.run(Script1537269123534.groovy:26)
	... 13 more]]></system-out>
      <system-err><![CDATA[2019-03-22 14:41:44 - [TEST_SUITE][FAILED] - inviteUsingPhoneNumber: Test Cases/Invite Using Phone Number/TC0929 FAILED.
Reason:
com.kms.katalon.core.exception.StepFailedException: Unable to click on object 'Object Repository/Page_KiboPush  Dashboard/h3_Customer Lists (1)'
	at com.kms.katalon.core.webui.keyword.internal.WebUIKeywordMain.stepFailed(WebUIKeywordMain.groovy:64)
	at com.kms.katalon.core.webui.keyword.internal.WebUIKeywordMain.runKeyword(WebUIKeywordMain.groovy:26)
	at com.kms.katalon.core.webui.keyword.builtin.ClickKeyword.click(ClickKeyword.groovy:86)
	at com.kms.katalon.core.webui.keyword.builtin.ClickKeyword.execute(ClickKeyword.groovy:67)
	at com.kms.katalon.core.keyword.internal.KeywordExecutor.executeKeywordForPlatform(KeywordExecutor.groovy:56)
	at com.kms.katalon.core.webui.keyword.WebUiBuiltInKeywords.click(WebUiBuiltInKeywords.groovy:616)
	at com.kms.katalon.core.webui.keyword.WebUiBuiltInKeywords$click$2.call(Unknown Source)
	at TC0929.run(TC0929:26)
	at com.kms.katalon.core.main.ScriptEngine.run(ScriptEngine.java:194)
	at com.kms.katalon.core.main.ScriptEngine.runScriptAsRawText(ScriptEngine.java:119)
	at com.kms.katalon.core.main.TestCaseExecutor.runScript(TestCaseExecutor.java:331)
	at com.kms.katalon.core.main.TestCaseExecutor.doExecute(TestCaseExecutor.java:322)
	at com.kms.katalon.core.main.TestCaseExecutor.processExecutionPhase(TestCaseExecutor.java:301)
	at com.kms.katalon.core.main.TestCaseExecutor.accessMainPhase(TestCaseExecutor.java:293)
	at com.kms.katalon.core.main.TestCaseExecutor.execute(TestCaseExecutor.java:227)
	at com.kms.katalon.core.main.TestSuiteExecutor.accessTestCaseMainPhase(TestSuiteExecutor.java:129)
	at com.kms.katalon.core.main.TestSuiteExecutor.accessTestSuiteMainPhase(TestSuiteExecutor.java:112)
	at com.kms.katalon.core.main.TestSuiteExecutor.execute(TestSuiteExecutor.java:81)
	at com.kms.katalon.core.main.TestCaseMain.startTestSuite(TestCaseMain.java:157)
	at com.kms.katalon.core.main.TestCaseMain$startTestSuite$0.call(Unknown Source)
	at TempTestSuite1553247702988.run(TempTestSuite1553247702988.groovy:35)
Caused by: org.openqa.selenium.WebDriverException: unknown error: Element <h3 class="m-portlet__head-text">...</h3> is not clickable at point (377, 65). Other element would receive the click: <li class="m-menu__item  m-menu__item--submenu m-menu__item--relm-portlet__nav-item m-dropdown m-dropdown--inline m-dropdown--arrow m-dropdown--align-right m-dropdown--align-push" data-dropdown-toggle="click">...</li>
  (Session info: chrome=73.0.3683.75)
  (Driver info: chromedriver=2.43.600233 (523efee95e3d68b8719b3a1c83051aa63aa6b10d),platform=Linux 4.18.0-16-generic x86_64) (WARNING: The server did not provide any stacktrace information)
Command duration or timeout: 0 milliseconds
Build info: version: '3.7.1', revision: '8a0099a', time: '2017-11-06T21:07:36.161Z'
System info: host: 'cloudkibo-faizan', ip: '127.0.1.1', os.name: 'Linux', os.arch: 'amd64', os.version: '4.18.0-16-generic', java.version: '1.8.0_191'
Driver info: com.kms.katalon.selenium.driver.CChromeDriver
Capabilities {acceptInsecureCerts: false, acceptSslCerts: false, applicationCacheEnabled: false, browserConnectionEnabled: false, browserName: chrome, chrome: {chromedriverVersion: 2.43.600233 (523efee95e3d68..., userDataDir: /tmp/.org.chromium.Chromium...}, cssSelectorsEnabled: true, databaseEnabled: false, goog:chromeOptions: {debuggerAddress: localhost:33745}, handlesAlerts: true, hasTouchScreen: false, javascriptEnabled: true, locationContextEnabled: true, mobileEmulationEnabled: false, nativeEvents: true, networkConnectionEnabled: false, pageLoadStrategy: normal, platform: LINUX, platformName: LINUX, rotatable: false, setWindowRect: true, takesHeapSnapshot: true, takesScreenshot: true, unexpectedAlertBehaviour: , unhandledPromptBehavior: , version: 73.0.3683.75, webStorageEnabled: true}
Session ID: 305045541548fc8415c28dec6bfa4e08
	at org.openqa.selenium.remote.ErrorHandler.createThrowable(ErrorHandler.java:214)
	at org.openqa.selenium.remote.ErrorHandler.throwIfResponseFailed(ErrorHandler.java:166)
	at org.openqa.selenium.remote.http.JsonHttpResponseCodec.reconstructValue(JsonHttpResponseCodec.java:40)
	at org.openqa.selenium.remote.http.AbstractHttpResponseCodec.decode(AbstractHttpResponseCodec.java:80)
	at org.openqa.selenium.remote.http.AbstractHttpResponseCodec.decode(AbstractHttpResponseCodec.java:44)
	at org.openqa.selenium.remote.HttpCommandExecutor.execute(HttpCommandExecutor.java:164)
	at org.openqa.selenium.remote.service.DriverCommandExecutor.execute(DriverCommandExecutor.java:83)
	at org.openqa.selenium.remote.RemoteWebDriver.execute(RemoteWebDriver.java:600)
	at com.kms.katalon.selenium.driver.CChromeDriver.execute(CChromeDriver.java:20)
	at org.openqa.selenium.remote.RemoteWebElement.execute(RemoteWebElement.java:279)
	at org.openqa.selenium.remote.RemoteWebElement.click(RemoteWebElement.java:83)
	at com.kms.katalon.core.webui.keyword.builtin.ClickKeyword$_click_closure1.doCall(ClickKeyword.groovy:79)
	at com.kms.katalon.core.webui.keyword.builtin.ClickKeyword$_click_closure1.call(ClickKeyword.groovy)
	at com.kms.katalon.core.webui.keyword.internal.WebUIKeywordMain.runKeyword(WebUIKeywordMain.groovy:20)
	at com.kms.katalon.core.webui.keyword.builtin.ClickKeyword.click(ClickKeyword.groovy:86)
	at com.kms.katalon.core.webui.keyword.builtin.ClickKeyword.execute(ClickKeyword.groovy:67)
	at com.kms.katalon.core.keyword.internal.KeywordExecutor.executeKeywordForPlatform(KeywordExecutor.groovy:56)
	at com.kms.katalon.core.webui.keyword.WebUiBuiltInKeywords.click(WebUiBuiltInKeywords.groovy:616)
	at com.kms.katalon.core.webui.keyword.WebUiBuiltInKeywords$click$2.call(Unknown Source)
	at Script1537269123534.run(Script1537269123534.groovy:26)
	... 13 more]]></system-err>
   </testsuite>
</testsuites>
