<?xml version="1.0" encoding="UTF-8"?>
<testsuites name="subscriber" time="361" tests="18" failures="7" errors="0">
   <testsuite name="subscriber" tests="18" failures="7" errors="0" time="361" timestamp="2019-04-24 13:25:54" hostname="cloudkibo - 10.0.2.15" id="Test Suites/subscriber">
      <properties>
         <property name="deviceName" value=""/>
         <property name="devicePlatform" value=""/>
         <property name="logFolder" value="C:\\Users\\cloudkibo\\Desktop\\KiboPush_Automated_Testing\\KiboPush Katalon\\Reports\\subscriber\\20190424_124149"/>
         <property name="logFiles" value="C:\\Users\\cloudkibo\\Desktop\\KiboPush_Automated_Testing\\KiboPush Katalon\\Reports\\subscriber\\20190424_124149\\execution0.log"/>
         <property name="attachments" value="C:\\Users\\cloudkibo\\Desktop\\KiboPush_Automated_Testing\\KiboPush Katalon\\Reports\\subscriber\\20190424_124149\\1556094448034.png, C:\\Users\\cloudkibo\\Desktop\\KiboPush_Automated_Testing\\KiboPush Katalon\\Reports\\subscriber\\20190424_124149\\1556094455845.png, C:\\Users\\cloudkibo\\Desktop\\KiboPush_Automated_Testing\\KiboPush Katalon\\Reports\\subscriber\\20190424_124149\\1556094463466.png, C:\\Users\\cloudkibo\\Desktop\\KiboPush_Automated_Testing\\KiboPush Katalon\\Reports\\subscriber\\20190424_124149\\1556094600276.png, C:\\Users\\cloudkibo\\Desktop\\KiboPush_Automated_Testing\\KiboPush Katalon\\Reports\\subscriber\\20190424_124149\\1556094601198.png, C:\\Users\\cloudkibo\\Desktop\\KiboPush_Automated_Testing\\KiboPush Katalon\\Reports\\subscriber\\20190424_124149\\1556094601986.png, C:\\Users\\cloudkibo\\Desktop\\KiboPush_Automated_Testing\\KiboPush Katalon\\Reports\\subscriber\\20190424_124149\\1556094602845.png"/>
         <property name="hostName" value="cloudkibo - 10.0.2.15"/>
         <property name="os" value="Windows 10 64bit"/>
         <property name="katalonVersion" value="5.6.0.1"/>
         <property name="browser" value="Chrome 73.0.3683.103"/>
         <property name="hostAddress" value="10.0.2.15"/>
         <property name="sessionId" value="bad517f04e3d5f5ae8dd2b0153a17703"/>
         <property name="seleniumVersion" value="3.7.1"/>
         <property name="proxyInformation" value="ProxyInformation{proxyOption=NO_PROXY, proxyServerType=HTTP, password=, proxyServerAddress=, proxyServerPort=0}"/>
         <property name="platform" value="Windows 10"/>
      </properties>
      <testcase name="Test Cases/s-sidebar_navigation/individualAccount/arveen_production_login_kiboengage" classname="Test Cases/s-sidebar_navigation/individualAccount/arveen_production_login_kiboengage" status="PASSED">
         <system-out><![CDATA[2019-04-24 13:25:56 - [TEST_CASE][PASSED] - Test Cases/s-sidebar_navigation/individualAccount/arveen_production_login_kiboengage: Test Cases/s-sidebar_navigation/individualAccount/arveen_production_login_kiboengage

2019-04-24 13:25:58 - [TEST_STEP][PASSED] - openBrowser: Browser is opened with url: ''

2019-04-24 13:26:05 - [MESSAGE][PASSED] - Browser is opened with url: ''

2019-04-24 13:26:05 - [TEST_STEP][PASSED] - maximizeWindow: Current window maximized

2019-04-24 13:26:06 - [MESSAGE][PASSED] - Current window maximized

2019-04-24 13:26:06 - [TEST_STEP][PASSED] - navigateToUrl: Navigate to 'https://kiboengage.cloudkibo.com/' successfully

2019-04-24 13:26:22 - [MESSAGE][PASSED] - Navigate to 'https://kiboengage.cloudkibo.com/' successfully

2019-04-24 13:26:22 - [TEST_STEP][PASSED] - navigateToUrl: Navigate to 'https://accounts.cloudkibo.com/?continue=https://kiboengage.cloudkibo.com' successfully

2019-04-24 13:26:23 - [MESSAGE][PASSED] - Navigate to 'https://accounts.cloudkibo.com/?continue=https://kiboengage.cloudkibo.com' successfully

2019-04-24 13:26:23 - [TEST_STEP][PASSED] - click: Object: 'Object Repository/Page_CloudKibo/a_Login (2) (1) (1)' is clicked on

2019-04-24 13:26:24 - [MESSAGE][PASSED] - Object: 'Object Repository/Page_CloudKibo/a_Login (2) (1) (1)' is clicked on

2019-04-24 13:26:24 - [TEST_STEP][PASSED] - setText: Text 'individual@cloudkibo.com' is set on object 'Object Repository/Page_KiboPush/input_email (10) (1) (1)'

2019-04-24 13:26:24 - [MESSAGE][PASSED] - Text 'individual@cloudkibo.com' is set on object 'Object Repository/Page_KiboPush/input_email (10) (1) (1)'

2019-04-24 13:26:24 - [TEST_STEP][PASSED] - setEncryptedText: Text ****** has been set on object 'Object Repository/Page_CloudKibo/input_Sign In_password (7)'

2019-04-24 13:26:25 - [MESSAGE][PASSED] - Text ****** has been set on object 'Object Repository/Page_CloudKibo/input_Sign In_password (7)'

2019-04-24 13:26:25 - [TEST_STEP][PASSED] - click: Object: 'Object Repository/Page_KiboPush/button_Sign In (10) (1) (2)' is clicked on

2019-04-24 13:26:25 - [MESSAGE][PASSED] - Object: 'Object Repository/Page_KiboPush/button_Sign In (10) (1) (2)' is clicked on

2019-04-24 13:26:25 - [TEST_STEP][PASSED] - click: Object: 'Object Repository/Page_KiboPush  Dashboard/h3_Dashboard (57)' is clicked on

2019-04-24 13:26:52 - [MESSAGE][PASSED] - Object: 'Object Repository/Page_KiboPush  Dashboard/h3_Dashboard (57)' is clicked on

2019-04-24 13:26:52 - [TEST_STEP][PASSED] - delay: Delayed 3 second(s)

2019-04-24 13:26:55 - [MESSAGE][PASSED] - Delayed 3 second(s)

2019-04-24 13:26:55 - [TEST_STEP][PASSED] - click: Object: 'Object Repository/Page_KiboEngage  Dashboard/a_SMS (2) (1) (1) (1) (3)' is clicked on

2019-04-24 13:26:56 - [MESSAGE][PASSED] - Object: 'Object Repository/Page_KiboEngage  Dashboard/a_SMS (2) (1) (1) (1) (3)' is clicked on

2019-04-24 13:26:56 - [TEST_STEP][PASSED] - delay: Delayed 2 second(s)

2019-04-24 13:26:58 - [MESSAGE][PASSED] - Delayed 2 second(s)

2019-04-24 13:26:58 - [TEST_STEP][PASSED] - click: Object: 'Object Repository/Page_KiboEngage  Dashboard/span_Messenger (1) (1) (1) (3)' is clicked on

2019-04-24 13:26:58 - [MESSAGE][PASSED] - Object: 'Object Repository/Page_KiboEngage  Dashboard/span_Messenger (1) (1) (1) (3)' is clicked on

2019-04-24 13:26:58 - [TEST_STEP][PASSED] - delay: Delayed 2 second(s)

2019-04-24 13:27:00 - [MESSAGE][PASSED] - Delayed 2 second(s)]]></system-out>
         <system-err><![CDATA[]]></system-err>
      </testcase>
      <testcase name="Test Cases/Subscriber TestCases/TC0649" classname="Test Cases/Subscriber TestCases/TC0649" status="PASSED">
         <system-out><![CDATA[2019-04-24 13:27:00 - [TEST_CASE][PASSED] - Test Cases/Subscriber TestCases/TC0649: Test Cases/Subscriber TestCases/TC0649

2019-04-24 13:27:00 - [TEST_STEP][PASSED] - callTestCase: Call Test Case 'Test Cases/s-sidebar_navigation/individualAccount/Subscriber' successfully

2019-04-24 13:27:00 - [TEST_CASE][PASSED] - Test Cases/s-sidebar_navigation/individualAccount/Subscriber: Test Cases/s-sidebar_navigation/individualAccount/Subscriber

2019-04-24 13:27:01 - [TEST_STEP][PASSED] - click: Object: 'Object Repository/Page_KiboPush  Dashboard/span_Dashboard' is clicked on

2019-04-24 13:27:01 - [MESSAGE][PASSED] - Object: 'Object Repository/Page_KiboPush  Dashboard/span_Dashboard' is clicked on

2019-04-24 13:27:01 - [TEST_STEP][PASSED] - delay: Delayed 2 second(s)

2019-04-24 13:27:03 - [MESSAGE][PASSED] - Delayed 2 second(s)

2019-04-24 13:27:03 - [TEST_STEP][PASSED] - click: Object: 'Object Repository/Page_KiboPush  Subscribers/span_Subscribers (5)' is clicked on

2019-04-24 13:27:03 - [MESSAGE][PASSED] - Object: 'Object Repository/Page_KiboPush  Subscribers/span_Subscribers (5)' is clicked on

2019-04-24 13:27:03 - [TEST_STEP][PASSED] - scrollToPosition: Browser is scrolled to position x = 0, y = 0

2019-04-24 13:27:03 - [MESSAGE][PASSED] - Browser is scrolled to position x = 0, y = 0

2019-04-24 13:27:03 - [TEST_STEP][PASSED] - click: Object: 'Object Repository/Page_KiboPush  Subscribers/h3_Manage Subscribers (1)' is clicked on

2019-04-24 13:27:03 - [MESSAGE][PASSED] - Object: 'Object Repository/Page_KiboPush  Subscribers/h3_Manage Subscribers (1)' is clicked on

2019-04-24 13:27:03 - [MESSAGE][PASSED] - Call Test Case 'Test Cases/s-sidebar_navigation/individualAccount/Subscriber' successfully

2019-04-24 13:27:03 - [TEST_STEP][PASSED] - delay: Delayed 2 second(s)

2019-04-24 13:27:05 - [MESSAGE][PASSED] - Delayed 2 second(s)

2019-04-24 13:27:05 - [TEST_STEP][PASSED] - click: Object: 'Object Repository/Page_KiboEngage  Subscribers/a_documentation' is clicked on

2019-04-24 13:27:06 - [MESSAGE][PASSED] - Object: 'Object Repository/Page_KiboEngage  Subscribers/a_documentation' is clicked on]]></system-out>
         <system-err><![CDATA[]]></system-err>
      </testcase>
      <testcase name="Test Cases/Subscriber TestCases/TC0650" classname="Test Cases/Subscriber TestCases/TC0650" status="PASSED">
         <system-out><![CDATA[2019-04-24 13:27:06 - [TEST_CASE][PASSED] - Test Cases/Subscriber TestCases/TC0650: Test Cases/Subscriber TestCases/TC0650

2019-04-24 13:27:06 - [TEST_STEP][PASSED] - callTestCase: Call Test Case 'Test Cases/s-sidebar_navigation/individualAccount/Subscriber' successfully

2019-04-24 13:27:06 - [TEST_CASE][PASSED] - Test Cases/s-sidebar_navigation/individualAccount/Subscriber: Test Cases/s-sidebar_navigation/individualAccount/Subscriber

2019-04-24 13:27:06 - [TEST_STEP][PASSED] - click: Object: 'Object Repository/Page_KiboPush  Dashboard/span_Dashboard' is clicked on

2019-04-24 13:27:06 - [MESSAGE][PASSED] - Object: 'Object Repository/Page_KiboPush  Dashboard/span_Dashboard' is clicked on

2019-04-24 13:27:06 - [TEST_STEP][PASSED] - delay: Delayed 2 second(s)

2019-04-24 13:27:08 - [MESSAGE][PASSED] - Delayed 2 second(s)

2019-04-24 13:27:08 - [TEST_STEP][PASSED] - click: Object: 'Object Repository/Page_KiboPush  Subscribers/span_Subscribers (5)' is clicked on

2019-04-24 13:27:14 - [MESSAGE][PASSED] - Object: 'Object Repository/Page_KiboPush  Subscribers/span_Subscribers (5)' is clicked on

2019-04-24 13:27:14 - [TEST_STEP][PASSED] - scrollToPosition: Browser is scrolled to position x = 0, y = 0

2019-04-24 13:27:15 - [MESSAGE][PASSED] - Browser is scrolled to position x = 0, y = 0

2019-04-24 13:27:15 - [TEST_STEP][PASSED] - click: Object: 'Object Repository/Page_KiboPush  Subscribers/h3_Manage Subscribers (1)' is clicked on

2019-04-24 13:27:15 - [MESSAGE][PASSED] - Object: 'Object Repository/Page_KiboPush  Subscribers/h3_Manage Subscribers (1)' is clicked on

2019-04-24 13:27:15 - [MESSAGE][PASSED] - Call Test Case 'Test Cases/s-sidebar_navigation/individualAccount/Subscriber' successfully

2019-04-24 13:27:15 - [TEST_STEP][PASSED] - delay: Delayed 5 second(s)

2019-04-24 13:27:20 - [MESSAGE][PASSED] - Delayed 5 second(s)

2019-04-24 13:27:20 - [TEST_STEP][PASSED] - Statement - driver = com.kms.katalon.core.webui.driver.DriverFactory.getWebDriver(): null

2019-04-24 13:27:20 - [TEST_STEP][PASSED] - Statement - Table = driver.findElement(org.openqa.selenium.By.xpath("//table/tbody")): null

2019-04-24 13:27:20 - [TEST_STEP][PASSED] - Statement - rows_table = Table.findElements(org.openqa.selenium.By.tagName("tr")): null

2019-04-24 13:27:20 - [TEST_STEP][PASSED] - Statement - size = rows_table.size(): null

2019-04-24 13:27:20 - [TEST_STEP][PASSED] - verifyGreaterThanOrEqual: Actual number '2' is greater than or equal to expected number '1'

2019-04-24 13:27:20 - [MESSAGE][PASSED] - Actual number '2' is greater than or equal to expected number '1']]></system-out>
         <system-err><![CDATA[]]></system-err>
      </testcase>
      <testcase name="Test Cases/Subscriber TestCases/TC0651" classname="Test Cases/Subscriber TestCases/TC0651" status="FAILED">
         <failure type="FAILED" message="Unable to click on object (Root cause: java.lang.IllegalArgumentException: Object is null)"/>
         <system-out><![CDATA[2019-04-24 13:27:20 - [TEST_CASE][FAILED] - Test Cases/Subscriber TestCases/TC0651: Test Cases/Subscriber TestCases/TC0651 FAILED because (of) Unable to click on object (Root cause: java.lang.IllegalArgumentException: Object is null)

2019-04-24 13:27:21 - [TEST_STEP][PASSED] - callTestCase: Call Test Case 'Test Cases/s-sidebar_navigation/individualAccount/Subscriber' successfully

2019-04-24 13:27:21 - [TEST_CASE][PASSED] - Test Cases/s-sidebar_navigation/individualAccount/Subscriber: Test Cases/s-sidebar_navigation/individualAccount/Subscriber

2019-04-24 13:27:21 - [TEST_STEP][PASSED] - click: Object: 'Object Repository/Page_KiboPush  Dashboard/span_Dashboard' is clicked on

2019-04-24 13:27:22 - [MESSAGE][PASSED] - Object: 'Object Repository/Page_KiboPush  Dashboard/span_Dashboard' is clicked on

2019-04-24 13:27:22 - [TEST_STEP][PASSED] - delay: Delayed 2 second(s)

2019-04-24 13:27:24 - [MESSAGE][PASSED] - Delayed 2 second(s)

2019-04-24 13:27:24 - [TEST_STEP][PASSED] - click: Object: 'Object Repository/Page_KiboPush  Subscribers/span_Subscribers (5)' is clicked on

2019-04-24 13:27:24 - [MESSAGE][PASSED] - Object: 'Object Repository/Page_KiboPush  Subscribers/span_Subscribers (5)' is clicked on

2019-04-24 13:27:24 - [TEST_STEP][PASSED] - scrollToPosition: Browser is scrolled to position x = 0, y = 0

2019-04-24 13:27:24 - [MESSAGE][PASSED] - Browser is scrolled to position x = 0, y = 0

2019-04-24 13:27:24 - [TEST_STEP][PASSED] - click: Object: 'Object Repository/Page_KiboPush  Subscribers/h3_Manage Subscribers (1)' is clicked on

2019-04-24 13:27:25 - [MESSAGE][PASSED] - Object: 'Object Repository/Page_KiboPush  Subscribers/h3_Manage Subscribers (1)' is clicked on

2019-04-24 13:27:25 - [MESSAGE][PASSED] - Call Test Case 'Test Cases/s-sidebar_navigation/individualAccount/Subscriber' successfully

2019-04-24 13:27:25 - [TEST_STEP][PASSED] - delay: Delayed 3 second(s)

2019-04-24 13:27:28 - [MESSAGE][PASSED] - Delayed 3 second(s)

2019-04-24 13:27:28 - [TEST_STEP][FAILED] - click: Unable to click on object (Root cause: java.lang.IllegalArgumentException: Object is null)

2019-04-24 13:27:28 - [MESSAGE][WARNING] - Test object with id 'Object Repository/Page_KiboPush  Subscribers/a_next' does not exist

2019-04-24 13:27:28 - [MESSAGE][WARNING] - Test object with id 'Object Repository/' does not exist

2019-04-24 13:27:29 - [MESSAGE][FAILED] - Unable to click on object (Root cause: java.lang.IllegalArgumentException: Object is null)
[[ATTACHMENT|C:\\Users\\cloudkibo\\Desktop\\KiboPush_Automated_Testing\\KiboPush Katalon\\Reports\\subscriber\\20190424_124149\\1556094448034.png]]]]></system-out>
         <system-err><![CDATA[2019-04-24 13:27:20 - [TEST_CASE][FAILED] - Test Cases/Subscriber TestCases/TC0651: Test Cases/Subscriber TestCases/TC0651 FAILED because (of) Unable to click on object (Root cause: java.lang.IllegalArgumentException: Object is null)]]></system-err>
      </testcase>
      <testcase name="Test Cases/Subscriber TestCases/TC0652" classname="Test Cases/Subscriber TestCases/TC0652" status="FAILED">
         <failure type="FAILED" message="Unable to click on object (Root cause: java.lang.IllegalArgumentException: Object is null)"/>
         <system-out><![CDATA[2019-04-24 13:27:29 - [TEST_CASE][FAILED] - Test Cases/Subscriber TestCases/TC0652: Test Cases/Subscriber TestCases/TC0652 FAILED because (of) Unable to click on object (Root cause: java.lang.IllegalArgumentException: Object is null)

2019-04-24 13:27:29 - [TEST_STEP][PASSED] - callTestCase: Call Test Case 'Test Cases/s-sidebar_navigation/individualAccount/Subscriber' successfully

2019-04-24 13:27:29 - [TEST_CASE][PASSED] - Test Cases/s-sidebar_navigation/individualAccount/Subscriber: Test Cases/s-sidebar_navigation/individualAccount/Subscriber

2019-04-24 13:27:29 - [TEST_STEP][PASSED] - click: Object: 'Object Repository/Page_KiboPush  Dashboard/span_Dashboard' is clicked on

2019-04-24 13:27:30 - [MESSAGE][PASSED] - Object: 'Object Repository/Page_KiboPush  Dashboard/span_Dashboard' is clicked on

2019-04-24 13:27:30 - [TEST_STEP][PASSED] - delay: Delayed 2 second(s)

2019-04-24 13:27:32 - [MESSAGE][PASSED] - Delayed 2 second(s)

2019-04-24 13:27:32 - [TEST_STEP][PASSED] - click: Object: 'Object Repository/Page_KiboPush  Subscribers/span_Subscribers (5)' is clicked on

2019-04-24 13:27:32 - [MESSAGE][PASSED] - Object: 'Object Repository/Page_KiboPush  Subscribers/span_Subscribers (5)' is clicked on

2019-04-24 13:27:32 - [TEST_STEP][PASSED] - scrollToPosition: Browser is scrolled to position x = 0, y = 0

2019-04-24 13:27:32 - [MESSAGE][PASSED] - Browser is scrolled to position x = 0, y = 0

2019-04-24 13:27:32 - [TEST_STEP][PASSED] - click: Object: 'Object Repository/Page_KiboPush  Subscribers/h3_Manage Subscribers (1)' is clicked on

2019-04-24 13:27:32 - [MESSAGE][PASSED] - Object: 'Object Repository/Page_KiboPush  Subscribers/h3_Manage Subscribers (1)' is clicked on

2019-04-24 13:27:32 - [MESSAGE][PASSED] - Call Test Case 'Test Cases/s-sidebar_navigation/individualAccount/Subscriber' successfully

2019-04-24 13:27:32 - [TEST_STEP][PASSED] - delay: Delayed 3 second(s)

2019-04-24 13:27:35 - [MESSAGE][PASSED] - Delayed 3 second(s)

2019-04-24 13:27:35 - [TEST_STEP][FAILED] - click: Unable to click on object (Root cause: java.lang.IllegalArgumentException: Object is null)

2019-04-24 13:27:35 - [MESSAGE][WARNING] - Test object with id 'Object Repository/Page_KiboPush  Subscribers/a_next' does not exist

2019-04-24 13:27:35 - [MESSAGE][WARNING] - Test object with id 'Object Repository/' does not exist

2019-04-24 13:27:36 - [MESSAGE][FAILED] - Unable to click on object (Root cause: java.lang.IllegalArgumentException: Object is null)
[[ATTACHMENT|C:\\Users\\cloudkibo\\Desktop\\KiboPush_Automated_Testing\\KiboPush Katalon\\Reports\\subscriber\\20190424_124149\\1556094455845.png]]]]></system-out>
         <system-err><![CDATA[2019-04-24 13:27:29 - [TEST_CASE][FAILED] - Test Cases/Subscriber TestCases/TC0652: Test Cases/Subscriber TestCases/TC0652 FAILED because (of) Unable to click on object (Root cause: java.lang.IllegalArgumentException: Object is null)]]></system-err>
      </testcase>
      <testcase name="Test Cases/Subscriber TestCases/TC0653" classname="Test Cases/Subscriber TestCases/TC0653" status="FAILED">
         <failure type="FAILED" message="Unable to click on object (Root cause: java.lang.IllegalArgumentException: Object is null)"/>
         <system-out><![CDATA[2019-04-24 13:27:36 - [TEST_CASE][FAILED] - Test Cases/Subscriber TestCases/TC0653: Test Cases/Subscriber TestCases/TC0653 FAILED because (of) Unable to click on object (Root cause: java.lang.IllegalArgumentException: Object is null)

2019-04-24 13:27:37 - [TEST_STEP][PASSED] - callTestCase: Call Test Case 'Test Cases/s-sidebar_navigation/individualAccount/Subscriber' successfully

2019-04-24 13:27:37 - [TEST_CASE][PASSED] - Test Cases/s-sidebar_navigation/individualAccount/Subscriber: Test Cases/s-sidebar_navigation/individualAccount/Subscriber

2019-04-24 13:27:37 - [TEST_STEP][PASSED] - click: Object: 'Object Repository/Page_KiboPush  Dashboard/span_Dashboard' is clicked on

2019-04-24 13:27:37 - [MESSAGE][PASSED] - Object: 'Object Repository/Page_KiboPush  Dashboard/span_Dashboard' is clicked on

2019-04-24 13:27:37 - [TEST_STEP][PASSED] - delay: Delayed 2 second(s)

2019-04-24 13:27:39 - [MESSAGE][PASSED] - Delayed 2 second(s)

2019-04-24 13:27:39 - [TEST_STEP][PASSED] - click: Object: 'Object Repository/Page_KiboPush  Subscribers/span_Subscribers (5)' is clicked on

2019-04-24 13:27:40 - [MESSAGE][PASSED] - Object: 'Object Repository/Page_KiboPush  Subscribers/span_Subscribers (5)' is clicked on

2019-04-24 13:27:40 - [TEST_STEP][PASSED] - scrollToPosition: Browser is scrolled to position x = 0, y = 0

2019-04-24 13:27:40 - [MESSAGE][PASSED] - Browser is scrolled to position x = 0, y = 0

2019-04-24 13:27:40 - [TEST_STEP][PASSED] - click: Object: 'Object Repository/Page_KiboPush  Subscribers/h3_Manage Subscribers (1)' is clicked on

2019-04-24 13:27:40 - [MESSAGE][PASSED] - Object: 'Object Repository/Page_KiboPush  Subscribers/h3_Manage Subscribers (1)' is clicked on

2019-04-24 13:27:40 - [MESSAGE][PASSED] - Call Test Case 'Test Cases/s-sidebar_navigation/individualAccount/Subscriber' successfully

2019-04-24 13:27:40 - [TEST_STEP][PASSED] - delay: Delayed 3 second(s)

2019-04-24 13:27:43 - [MESSAGE][PASSED] - Delayed 3 second(s)

2019-04-24 13:27:43 - [TEST_STEP][FAILED] - click: Unable to click on object (Root cause: java.lang.IllegalArgumentException: Object is null)

2019-04-24 13:27:43 - [MESSAGE][WARNING] - Test object with id 'Object Repository/Page_KiboPush  Subscribers/a_2' does not exist

2019-04-24 13:27:43 - [MESSAGE][WARNING] - Test object with id 'Object Repository/' does not exist

2019-04-24 13:27:43 - [MESSAGE][FAILED] - Unable to click on object (Root cause: java.lang.IllegalArgumentException: Object is null)
[[ATTACHMENT|C:\\Users\\cloudkibo\\Desktop\\KiboPush_Automated_Testing\\KiboPush Katalon\\Reports\\subscriber\\20190424_124149\\1556094463466.png]]]]></system-out>
         <system-err><![CDATA[2019-04-24 13:27:36 - [TEST_CASE][FAILED] - Test Cases/Subscriber TestCases/TC0653: Test Cases/Subscriber TestCases/TC0653 FAILED because (of) Unable to click on object (Root cause: java.lang.IllegalArgumentException: Object is null)]]></system-err>
      </testcase>
      <testcase name="Test Cases/Subscriber TestCases/TC0654" classname="Test Cases/Subscriber TestCases/TC0654" status="PASSED">
         <system-out><![CDATA[2019-04-24 13:27:43 - [TEST_CASE][PASSED] - Test Cases/Subscriber TestCases/TC0654: Test Cases/Subscriber TestCases/TC0654

2019-04-24 13:27:43 - [TEST_STEP][PASSED] - callTestCase: Call Test Case 'Test Cases/s-sidebar_navigation/individualAccount/Subscriber' successfully

2019-04-24 13:27:44 - [TEST_CASE][PASSED] - Test Cases/s-sidebar_navigation/individualAccount/Subscriber: Test Cases/s-sidebar_navigation/individualAccount/Subscriber

2019-04-24 13:27:44 - [TEST_STEP][PASSED] - click: Object: 'Object Repository/Page_KiboPush  Dashboard/span_Dashboard' is clicked on

2019-04-24 13:27:44 - [MESSAGE][PASSED] - Object: 'Object Repository/Page_KiboPush  Dashboard/span_Dashboard' is clicked on

2019-04-24 13:27:44 - [TEST_STEP][PASSED] - delay: Delayed 2 second(s)

2019-04-24 13:27:46 - [MESSAGE][PASSED] - Delayed 2 second(s)

2019-04-24 13:27:46 - [TEST_STEP][PASSED] - click: Object: 'Object Repository/Page_KiboPush  Subscribers/span_Subscribers (5)' is clicked on

2019-04-24 13:27:46 - [MESSAGE][PASSED] - Object: 'Object Repository/Page_KiboPush  Subscribers/span_Subscribers (5)' is clicked on

2019-04-24 13:27:46 - [TEST_STEP][PASSED] - scrollToPosition: Browser is scrolled to position x = 0, y = 0

2019-04-24 13:27:46 - [MESSAGE][PASSED] - Browser is scrolled to position x = 0, y = 0

2019-04-24 13:27:46 - [TEST_STEP][PASSED] - click: Object: 'Object Repository/Page_KiboPush  Subscribers/h3_Manage Subscribers (1)' is clicked on

2019-04-24 13:27:46 - [MESSAGE][PASSED] - Object: 'Object Repository/Page_KiboPush  Subscribers/h3_Manage Subscribers (1)' is clicked on

2019-04-24 13:27:46 - [MESSAGE][PASSED] - Call Test Case 'Test Cases/s-sidebar_navigation/individualAccount/Subscriber' successfully

2019-04-24 13:27:46 - [TEST_STEP][PASSED] - selectOptionByValue: All options with value 'male' are selected in object 'Object Repository/Page_KiboPush  Subscribers/select_Filter by Gender...AllM'  using regular expression

2019-04-24 13:27:48 - [MESSAGE][PASSED] - All options with value 'male' are selected in object 'Object Repository/Page_KiboPush  Subscribers/select_Filter by Gender...AllM'  using regular expression

2019-04-24 13:27:48 - [TEST_STEP][PASSED] - delay: Delayed 5 second(s)

2019-04-24 13:27:53 - [MESSAGE][PASSED] - Delayed 5 second(s)

2019-04-24 13:27:53 - [TEST_STEP][PASSED] - Statement - driver = com.kms.katalon.core.webui.driver.DriverFactory.getWebDriver(): null

2019-04-24 13:27:53 - [TEST_STEP][PASSED] - Statement - Table = driver.findElement(org.openqa.selenium.By.xpath("//table/tbody")): null

2019-04-24 13:27:53 - [TEST_STEP][PASSED] - Statement - rows_table = Table.findElements(org.openqa.selenium.By.tagName("tr")): null

2019-04-24 13:27:53 - [TEST_STEP][PASSED] - Statement - size = rows_table.size(): null

2019-04-24 13:27:53 - [TEST_STEP][PASSED] - verifyGreaterThanOrEqual: Actual number '2' is greater than or equal to expected number '1'

2019-04-24 13:27:53 - [MESSAGE][PASSED] - Actual number '2' is greater than or equal to expected number '1']]></system-out>
         <system-err><![CDATA[]]></system-err>
      </testcase>
      <testcase name="Test Cases/Subscriber TestCases/TC0655" classname="Test Cases/Subscriber TestCases/TC0655" status="PASSED">
         <system-out><![CDATA[2019-04-24 13:27:53 - [TEST_CASE][PASSED] - Test Cases/Subscriber TestCases/TC0655: Test Cases/Subscriber TestCases/TC0655

2019-04-24 13:27:53 - [TEST_STEP][PASSED] - callTestCase: Call Test Case 'Test Cases/s-sidebar_navigation/individualAccount/Subscriber' successfully

2019-04-24 13:27:53 - [TEST_CASE][PASSED] - Test Cases/s-sidebar_navigation/individualAccount/Subscriber: Test Cases/s-sidebar_navigation/individualAccount/Subscriber

2019-04-24 13:27:53 - [TEST_STEP][PASSED] - click: Object: 'Object Repository/Page_KiboPush  Dashboard/span_Dashboard' is clicked on

2019-04-24 13:27:54 - [MESSAGE][PASSED] - Object: 'Object Repository/Page_KiboPush  Dashboard/span_Dashboard' is clicked on

2019-04-24 13:27:54 - [TEST_STEP][PASSED] - delay: Delayed 2 second(s)

2019-04-24 13:27:56 - [MESSAGE][PASSED] - Delayed 2 second(s)

2019-04-24 13:27:56 - [TEST_STEP][PASSED] - click: Object: 'Object Repository/Page_KiboPush  Subscribers/span_Subscribers (5)' is clicked on

2019-04-24 13:27:56 - [MESSAGE][PASSED] - Object: 'Object Repository/Page_KiboPush  Subscribers/span_Subscribers (5)' is clicked on

2019-04-24 13:27:56 - [TEST_STEP][PASSED] - scrollToPosition: Browser is scrolled to position x = 0, y = 0

2019-04-24 13:27:56 - [MESSAGE][PASSED] - Browser is scrolled to position x = 0, y = 0

2019-04-24 13:27:56 - [TEST_STEP][PASSED] - click: Object: 'Object Repository/Page_KiboPush  Subscribers/h3_Manage Subscribers (1)' is clicked on

2019-04-24 13:27:56 - [MESSAGE][PASSED] - Object: 'Object Repository/Page_KiboPush  Subscribers/h3_Manage Subscribers (1)' is clicked on

2019-04-24 13:27:56 - [MESSAGE][PASSED] - Call Test Case 'Test Cases/s-sidebar_navigation/individualAccount/Subscriber' successfully

2019-04-24 13:27:56 - [TEST_STEP][PASSED] - click: Object: 'Object Repository/Page_KiboEngage  Subscribers/h3_Manage Subscribers (3) (1)' is clicked on

2019-04-24 13:27:57 - [MESSAGE][PASSED] - Object: 'Object Repository/Page_KiboEngage  Subscribers/h3_Manage Subscribers (3) (1)' is clicked on

2019-04-24 13:27:57 - [TEST_STEP][PASSED] - delay: Delayed 3 second(s)

2019-04-24 13:28:00 - [MESSAGE][PASSED] - Delayed 3 second(s)

2019-04-24 13:28:00 - [TEST_STEP][PASSED] - Statement - driver = com.kms.katalon.core.webui.driver.DriverFactory.getWebDriver(): null

2019-04-24 13:28:00 - [TEST_STEP][PASSED] - Statement - rows_table1 = driver.findElements(org.openqa.selenium.By.xpath("//*[@id="content"]/div/div/div/div[2]/div[3]/div[3]/div[2]/div/div/div[2]/div/div[1]/div/div/div[1]/div[2]/div/div[2]/select/option")): null

2019-04-24 13:28:00 - [TEST_STEP][PASSED] - Statement - println(rows_table1.size()): null

2019-04-24 13:28:00 - [TEST_STEP][PASSED] - Statement - rows_table1[1].click(): null

2019-04-24 13:28:00 - [TEST_STEP][PASSED] - delay: Delayed 3 second(s)

2019-04-24 13:28:03 - [MESSAGE][PASSED] - Delayed 3 second(s)

2019-04-24 13:28:03 - [TEST_STEP][PASSED] - Statement - Table = driver.findElement(org.openqa.selenium.By.xpath("//table/tbody")): null

2019-04-24 13:28:03 - [TEST_STEP][PASSED] - Statement - rows_table = Table.findElements(org.openqa.selenium.By.tagName("tr")): null

2019-04-24 13:28:03 - [TEST_STEP][PASSED] - Statement - size = rows_table.size(): null

2019-04-24 13:28:03 - [TEST_STEP][PASSED] - verifyGreaterThanOrEqual: Actual number '2' is greater than or equal to expected number '1'

2019-04-24 13:28:03 - [MESSAGE][PASSED] - Actual number '2' is greater than or equal to expected number '1']]></system-out>
         <system-err><![CDATA[]]></system-err>
      </testcase>
      <testcase name="Test Cases/Subscriber TestCases/TC0656" classname="Test Cases/Subscriber TestCases/TC0656" status="PASSED">
         <system-out><![CDATA[2019-04-24 13:28:03 - [TEST_CASE][PASSED] - Test Cases/Subscriber TestCases/TC0656: Test Cases/Subscriber TestCases/TC0656

2019-04-24 13:28:03 - [TEST_STEP][PASSED] - click: Object: 'Object Repository/Page_KiboEngage  Subscribers/h3_Manage Subscribers (3) (1)' is clicked on

2019-04-24 13:28:03 - [MESSAGE][PASSED] - Object: 'Object Repository/Page_KiboEngage  Subscribers/h3_Manage Subscribers (3) (1)' is clicked on

2019-04-24 13:28:03 - [TEST_STEP][PASSED] - delay: Delayed 3 second(s)

2019-04-24 13:28:06 - [MESSAGE][PASSED] - Delayed 3 second(s)

2019-04-24 13:28:06 - [TEST_STEP][PASSED] - Statement - driver = com.kms.katalon.core.webui.driver.DriverFactory.getWebDriver(): null

2019-04-24 13:28:06 - [TEST_STEP][PASSED] - Statement - rows_table1 = driver.findElements(org.openqa.selenium.By.xpath("//*[@id="content"]/div/div/div/div[2]/div[3]/div[3]/div[2]/div/div/div[2]/div/div[1]/div/div/div[1]/div[2]/div/div[2]/select/option")): null

2019-04-24 13:28:06 - [TEST_STEP][PASSED] - Statement - println(rows_table1.size()): null

2019-04-24 13:28:06 - [TEST_STEP][PASSED] - Statement - rows_table1[2].click(): null

2019-04-24 13:28:06 - [TEST_STEP][PASSED] - delay: Delayed 3 second(s)

2019-04-24 13:28:09 - [MESSAGE][PASSED] - Delayed 3 second(s)

2019-04-24 13:28:09 - [TEST_STEP][PASSED] - Statement - Table = driver.findElement(org.openqa.selenium.By.xpath("//table/tbody")): null

2019-04-24 13:28:09 - [TEST_STEP][PASSED] - Statement - rows_table = Table.findElements(org.openqa.selenium.By.tagName("tr")): null

2019-04-24 13:28:09 - [TEST_STEP][PASSED] - Statement - size = rows_table.size(): null

2019-04-24 13:28:09 - [TEST_STEP][PASSED] - verifyGreaterThanOrEqual: Actual number '2' is greater than or equal to expected number '1'

2019-04-24 13:28:09 - [MESSAGE][PASSED] - Actual number '2' is greater than or equal to expected number '1']]></system-out>
         <system-err><![CDATA[]]></system-err>
      </testcase>
      <testcase name="Test Cases/Subscriber TestCases/TC0657" classname="Test Cases/Subscriber TestCases/TC0657" status="PASSED">
         <system-out><![CDATA[2019-04-24 13:28:09 - [TEST_CASE][PASSED] - Test Cases/Subscriber TestCases/TC0657: Test Cases/Subscriber TestCases/TC0657

2019-04-24 13:28:09 - [TEST_STEP][PASSED] - callTestCase: Call Test Case 'Test Cases/s-sidebar_navigation/individualAccount/Subscriber' successfully

2019-04-24 13:28:10 - [TEST_CASE][PASSED] - Test Cases/s-sidebar_navigation/individualAccount/Subscriber: Test Cases/s-sidebar_navigation/individualAccount/Subscriber

2019-04-24 13:28:10 - [TEST_STEP][PASSED] - click: Object: 'Object Repository/Page_KiboPush  Dashboard/span_Dashboard' is clicked on

2019-04-24 13:28:10 - [MESSAGE][PASSED] - Object: 'Object Repository/Page_KiboPush  Dashboard/span_Dashboard' is clicked on

2019-04-24 13:28:10 - [TEST_STEP][PASSED] - delay: Delayed 2 second(s)

2019-04-24 13:28:12 - [MESSAGE][PASSED] - Delayed 2 second(s)

2019-04-24 13:28:12 - [TEST_STEP][PASSED] - click: Object: 'Object Repository/Page_KiboPush  Subscribers/span_Subscribers (5)' is clicked on

2019-04-24 13:28:13 - [MESSAGE][PASSED] - Object: 'Object Repository/Page_KiboPush  Subscribers/span_Subscribers (5)' is clicked on

2019-04-24 13:28:13 - [TEST_STEP][PASSED] - scrollToPosition: Browser is scrolled to position x = 0, y = 0

2019-04-24 13:28:13 - [MESSAGE][PASSED] - Browser is scrolled to position x = 0, y = 0

2019-04-24 13:28:13 - [TEST_STEP][PASSED] - click: Object: 'Object Repository/Page_KiboPush  Subscribers/h3_Manage Subscribers (1)' is clicked on

2019-04-24 13:28:13 - [MESSAGE][PASSED] - Object: 'Object Repository/Page_KiboPush  Subscribers/h3_Manage Subscribers (1)' is clicked on

2019-04-24 13:28:13 - [MESSAGE][PASSED] - Call Test Case 'Test Cases/s-sidebar_navigation/individualAccount/Subscriber' successfully

2019-04-24 13:28:13 - [TEST_STEP][PASSED] - delay: Delayed 2 second(s)

2019-04-24 13:28:15 - [MESSAGE][PASSED] - Delayed 2 second(s)

2019-04-24 13:28:15 - [TEST_STEP][PASSED] - selectOptionByValue: All options with value 'all' are selected in object 'Object Repository/Page_KiboPush  Subscribers/select_Filter by Tags...ALLhel'  using regular expression

2019-04-24 13:28:15 - [MESSAGE][PASSED] - All options with value 'all' are selected in object 'Object Repository/Page_KiboPush  Subscribers/select_Filter by Tags...ALLhel'  using regular expression

2019-04-24 13:28:15 - [TEST_STEP][PASSED] - delay: Delayed 2 second(s)

2019-04-24 13:28:17 - [MESSAGE][PASSED] - Delayed 2 second(s)

2019-04-24 13:28:17 - [TEST_STEP][PASSED] - Statement - driver = com.kms.katalon.core.webui.driver.DriverFactory.getWebDriver(): null

2019-04-24 13:28:17 - [TEST_STEP][PASSED] - Statement - Table = driver.findElement(org.openqa.selenium.By.xpath("//table/tbody")): null

2019-04-24 13:28:17 - [TEST_STEP][PASSED] - Statement - rows_table = Table.findElements(org.openqa.selenium.By.tagName("tr")): null

2019-04-24 13:28:17 - [TEST_STEP][PASSED] - Statement - size = rows_table.size(): null

2019-04-24 13:28:17 - [TEST_STEP][PASSED] - verifyGreaterThanOrEqual: Actual number '2' is greater than or equal to expected number '1'

2019-04-24 13:28:17 - [MESSAGE][PASSED] - Actual number '2' is greater than or equal to expected number '1']]></system-out>
         <system-err><![CDATA[]]></system-err>
      </testcase>
      <testcase name="Test Cases/Subscriber TestCases/TC0658" classname="Test Cases/Subscriber TestCases/TC0658" status="PASSED">
         <system-out><![CDATA[2019-04-24 13:28:17 - [TEST_CASE][PASSED] - Test Cases/Subscriber TestCases/TC0658: Test Cases/Subscriber TestCases/TC0658

2019-04-24 13:28:17 - [TEST_STEP][PASSED] - callTestCase: Call Test Case 'Test Cases/s-sidebar_navigation/individualAccount/Subscriber' successfully

2019-04-24 13:28:18 - [TEST_CASE][PASSED] - Test Cases/s-sidebar_navigation/individualAccount/Subscriber: Test Cases/s-sidebar_navigation/individualAccount/Subscriber

2019-04-24 13:28:18 - [TEST_STEP][PASSED] - click: Object: 'Object Repository/Page_KiboPush  Dashboard/span_Dashboard' is clicked on

2019-04-24 13:28:18 - [MESSAGE][PASSED] - Object: 'Object Repository/Page_KiboPush  Dashboard/span_Dashboard' is clicked on

2019-04-24 13:28:18 - [TEST_STEP][PASSED] - delay: Delayed 2 second(s)

2019-04-24 13:28:20 - [MESSAGE][PASSED] - Delayed 2 second(s)

2019-04-24 13:28:20 - [TEST_STEP][PASSED] - click: Object: 'Object Repository/Page_KiboPush  Subscribers/span_Subscribers (5)' is clicked on

2019-04-24 13:28:20 - [MESSAGE][PASSED] - Object: 'Object Repository/Page_KiboPush  Subscribers/span_Subscribers (5)' is clicked on

2019-04-24 13:28:20 - [TEST_STEP][PASSED] - scrollToPosition: Browser is scrolled to position x = 0, y = 0

2019-04-24 13:28:21 - [MESSAGE][PASSED] - Browser is scrolled to position x = 0, y = 0

2019-04-24 13:28:21 - [TEST_STEP][PASSED] - click: Object: 'Object Repository/Page_KiboPush  Subscribers/h3_Manage Subscribers (1)' is clicked on

2019-04-24 13:28:21 - [MESSAGE][PASSED] - Object: 'Object Repository/Page_KiboPush  Subscribers/h3_Manage Subscribers (1)' is clicked on

2019-04-24 13:28:21 - [MESSAGE][PASSED] - Call Test Case 'Test Cases/s-sidebar_navigation/individualAccount/Subscriber' successfully

2019-04-24 13:28:21 - [TEST_STEP][PASSED] - selectOptionByValue: All options with value 'subscribed' are selected in object 'Object Repository/Page_KiboPush  Subscribers/select_Filter by Status...ALLS'  using regular expression

2019-04-24 13:28:22 - [MESSAGE][PASSED] - All options with value 'subscribed' are selected in object 'Object Repository/Page_KiboPush  Subscribers/select_Filter by Status...ALLS'  using regular expression

2019-04-24 13:28:22 - [TEST_STEP][PASSED] - delay: Delayed 2 second(s)

2019-04-24 13:28:24 - [MESSAGE][PASSED] - Delayed 2 second(s)

2019-04-24 13:28:24 - [TEST_STEP][PASSED] - Statement - driver = com.kms.katalon.core.webui.driver.DriverFactory.getWebDriver(): null

2019-04-24 13:28:24 - [TEST_STEP][PASSED] - Statement - Table = driver.findElement(org.openqa.selenium.By.xpath("//table/tbody")): null

2019-04-24 13:28:24 - [TEST_STEP][PASSED] - Statement - rows_table = Table.findElements(org.openqa.selenium.By.tagName("tr")): null

2019-04-24 13:28:24 - [TEST_STEP][PASSED] - Statement - size = rows_table.size(): null

2019-04-24 13:28:24 - [TEST_STEP][PASSED] - verifyGreaterThanOrEqual: Actual number '2' is greater than or equal to expected number '1'

2019-04-24 13:28:24 - [MESSAGE][PASSED] - Actual number '2' is greater than or equal to expected number '1']]></system-out>
         <system-err><![CDATA[]]></system-err>
      </testcase>
      <testcase name="Test Cases/Subscriber TestCases/TC0659" classname="Test Cases/Subscriber TestCases/TC0659" status="PASSED">
         <system-out><![CDATA[2019-04-24 13:28:24 - [TEST_CASE][PASSED] - Test Cases/Subscriber TestCases/TC0659: Test Cases/Subscriber TestCases/TC0659

2019-04-24 13:28:24 - [TEST_STEP][PASSED] - callTestCase: Call Test Case 'Test Cases/s-sidebar_navigation/individualAccount/Subscriber' successfully

2019-04-24 13:28:24 - [TEST_CASE][PASSED] - Test Cases/s-sidebar_navigation/individualAccount/Subscriber: Test Cases/s-sidebar_navigation/individualAccount/Subscriber

2019-04-24 13:28:24 - [TEST_STEP][PASSED] - click: Object: 'Object Repository/Page_KiboPush  Dashboard/span_Dashboard' is clicked on

2019-04-24 13:28:25 - [MESSAGE][PASSED] - Object: 'Object Repository/Page_KiboPush  Dashboard/span_Dashboard' is clicked on

2019-04-24 13:28:25 - [TEST_STEP][PASSED] - delay: Delayed 2 second(s)

2019-04-24 13:28:27 - [MESSAGE][PASSED] - Delayed 2 second(s)

2019-04-24 13:28:27 - [TEST_STEP][PASSED] - click: Object: 'Object Repository/Page_KiboPush  Subscribers/span_Subscribers (5)' is clicked on

2019-04-24 13:28:28 - [MESSAGE][PASSED] - Object: 'Object Repository/Page_KiboPush  Subscribers/span_Subscribers (5)' is clicked on

2019-04-24 13:28:28 - [TEST_STEP][PASSED] - scrollToPosition: Browser is scrolled to position x = 0, y = 0

2019-04-24 13:28:28 - [MESSAGE][PASSED] - Browser is scrolled to position x = 0, y = 0

2019-04-24 13:28:28 - [TEST_STEP][PASSED] - click: Object: 'Object Repository/Page_KiboPush  Subscribers/h3_Manage Subscribers (1)' is clicked on

2019-04-24 13:28:28 - [MESSAGE][PASSED] - Object: 'Object Repository/Page_KiboPush  Subscribers/h3_Manage Subscribers (1)' is clicked on

2019-04-24 13:28:28 - [MESSAGE][PASSED] - Call Test Case 'Test Cases/s-sidebar_navigation/individualAccount/Subscriber' successfully

2019-04-24 13:28:28 - [TEST_STEP][PASSED] - selectOptionByValue: All options with value 'male' are selected in object 'Object Repository/Page_KiboPush  Subscribers/select_Filter by Gender...AllM'  using regular expression

2019-04-24 13:28:28 - [MESSAGE][PASSED] - All options with value 'male' are selected in object 'Object Repository/Page_KiboPush  Subscribers/select_Filter by Gender...AllM'  using regular expression

2019-04-24 13:28:28 - [TEST_STEP][PASSED] - selectOptionByValue: All options with value 'subscribed' are selected in object 'Object Repository/Page_KiboPush  Subscribers/select_Filter by Status...ALLS'  using regular expression

2019-04-24 13:28:29 - [MESSAGE][PASSED] - All options with value 'subscribed' are selected in object 'Object Repository/Page_KiboPush  Subscribers/select_Filter by Status...ALLS'  using regular expression

2019-04-24 13:28:29 - [TEST_STEP][PASSED] - delay: Delayed 5 second(s)

2019-04-24 13:28:34 - [MESSAGE][PASSED] - Delayed 5 second(s)

2019-04-24 13:28:34 - [TEST_STEP][PASSED] - Statement - driver = com.kms.katalon.core.webui.driver.DriverFactory.getWebDriver(): null

2019-04-24 13:28:34 - [TEST_STEP][PASSED] - Statement - Table = driver.findElement(org.openqa.selenium.By.xpath("//table/tbody")): null

2019-04-24 13:28:34 - [TEST_STEP][PASSED] - Statement - rows_table = Table.findElements(org.openqa.selenium.By.tagName("tr")): null

2019-04-24 13:28:34 - [TEST_STEP][PASSED] - Statement - size = rows_table.size(): null

2019-04-24 13:28:34 - [TEST_STEP][PASSED] - verifyGreaterThanOrEqual: Actual number '2' is greater than or equal to expected number '1'

2019-04-24 13:28:34 - [MESSAGE][PASSED] - Actual number '2' is greater than or equal to expected number '1']]></system-out>
         <system-err><![CDATA[]]></system-err>
      </testcase>
      <testcase name="Test Cases/Subscriber TestCases/TC0660" classname="Test Cases/Subscriber TestCases/TC0660" status="PASSED">
         <system-out><![CDATA[2019-04-24 13:28:34 - [TEST_CASE][PASSED] - Test Cases/Subscriber TestCases/TC0660: Test Cases/Subscriber TestCases/TC0660

2019-04-24 13:28:34 - [TEST_STEP][PASSED] - callTestCase: Call Test Case 'Test Cases/s-sidebar_navigation/individualAccount/Subscriber' successfully

2019-04-24 13:28:34 - [TEST_CASE][PASSED] - Test Cases/s-sidebar_navigation/individualAccount/Subscriber: Test Cases/s-sidebar_navigation/individualAccount/Subscriber

2019-04-24 13:28:34 - [TEST_STEP][PASSED] - click: Object: 'Object Repository/Page_KiboPush  Dashboard/span_Dashboard' is clicked on

2019-04-24 13:28:35 - [MESSAGE][PASSED] - Object: 'Object Repository/Page_KiboPush  Dashboard/span_Dashboard' is clicked on

2019-04-24 13:28:35 - [TEST_STEP][PASSED] - delay: Delayed 2 second(s)

2019-04-24 13:28:37 - [MESSAGE][PASSED] - Delayed 2 second(s)

2019-04-24 13:28:37 - [TEST_STEP][PASSED] - click: Object: 'Object Repository/Page_KiboPush  Subscribers/span_Subscribers (5)' is clicked on

2019-04-24 13:28:37 - [MESSAGE][PASSED] - Object: 'Object Repository/Page_KiboPush  Subscribers/span_Subscribers (5)' is clicked on

2019-04-24 13:28:37 - [TEST_STEP][PASSED] - scrollToPosition: Browser is scrolled to position x = 0, y = 0

2019-04-24 13:28:37 - [MESSAGE][PASSED] - Browser is scrolled to position x = 0, y = 0

2019-04-24 13:28:37 - [TEST_STEP][PASSED] - click: Object: 'Object Repository/Page_KiboPush  Subscribers/h3_Manage Subscribers (1)' is clicked on

2019-04-24 13:28:37 - [MESSAGE][PASSED] - Object: 'Object Repository/Page_KiboPush  Subscribers/h3_Manage Subscribers (1)' is clicked on

2019-04-24 13:28:37 - [MESSAGE][PASSED] - Call Test Case 'Test Cases/s-sidebar_navigation/individualAccount/Subscriber' successfully

2019-04-24 13:28:37 - [TEST_STEP][PASSED] - delay: Delayed 3 second(s)

2019-04-24 13:28:40 - [MESSAGE][PASSED] - Delayed 3 second(s)

2019-04-24 13:28:40 - [TEST_STEP][PASSED] - Statement - driver = com.kms.katalon.core.webui.driver.DriverFactory.getWebDriver(): null

2019-04-24 13:28:40 - [TEST_STEP][PASSED] - Statement - rows_table1 = driver.findElements(org.openqa.selenium.By.xpath("//*[@id="content"]/div/div/div/div[2]/div[3]/div[3]/div[2]/div/div/div[2]/div/div[1]/div/div/div[1]/div[2]/div/div[2]/select/option")): null

2019-04-24 13:28:40 - [TEST_STEP][PASSED] - Statement - println(rows_table1.size()): null

2019-04-24 13:28:40 - [TEST_STEP][PASSED] - Statement - rows_table1[2].click(): null

2019-04-24 13:28:40 - [TEST_STEP][PASSED] - setText: Text 'Arveen' is set on object 'Object Repository/Page_KiboPush  Subscribers/input_generalSearch'

2019-04-24 13:28:41 - [MESSAGE][PASSED] - Text 'Arveen' is set on object 'Object Repository/Page_KiboPush  Subscribers/input_generalSearch'

2019-04-24 13:28:41 - [TEST_STEP][PASSED] - delay: Delayed 15 second(s)

2019-04-24 13:28:56 - [MESSAGE][PASSED] - Delayed 15 second(s)

2019-04-24 13:28:56 - [TEST_STEP][PASSED] - Statement - Table = driver.findElement(org.openqa.selenium.By.xpath("//table/tbody")): null

2019-04-24 13:28:56 - [TEST_STEP][PASSED] - Statement - rows_table = Table.findElements(org.openqa.selenium.By.tagName("tr")): null

2019-04-24 13:28:56 - [TEST_STEP][PASSED] - Statement - size = rows_table.size(): null

2019-04-24 13:28:56 - [TEST_STEP][PASSED] - verifyGreaterThanOrEqual: Actual number '2' is greater than or equal to expected number '1'

2019-04-24 13:28:56 - [MESSAGE][PASSED] - Actual number '2' is greater than or equal to expected number '1']]></system-out>
         <system-err><![CDATA[]]></system-err>
      </testcase>
      <testcase name="Test Cases/Subscriber TestCases/TC0666" classname="Test Cases/Subscriber TestCases/TC0666" status="PASSED">
         <system-out><![CDATA[2019-04-24 13:28:56 - [TEST_CASE][PASSED] - Test Cases/Subscriber TestCases/TC0666: Test Cases/Subscriber TestCases/TC0666

2019-04-24 13:28:56 - [TEST_STEP][PASSED] - callTestCase: Call Test Case 'Test Cases/s-sidebar_navigation/individualAccount/Subscriber' successfully

2019-04-24 13:28:57 - [TEST_CASE][PASSED] - Test Cases/s-sidebar_navigation/individualAccount/Subscriber: Test Cases/s-sidebar_navigation/individualAccount/Subscriber

2019-04-24 13:28:57 - [TEST_STEP][PASSED] - click: Object: 'Object Repository/Page_KiboPush  Dashboard/span_Dashboard' is clicked on

2019-04-24 13:28:57 - [MESSAGE][PASSED] - Object: 'Object Repository/Page_KiboPush  Dashboard/span_Dashboard' is clicked on

2019-04-24 13:28:57 - [TEST_STEP][PASSED] - delay: Delayed 2 second(s)

2019-04-24 13:28:59 - [MESSAGE][PASSED] - Delayed 2 second(s)

2019-04-24 13:28:59 - [TEST_STEP][PASSED] - click: Object: 'Object Repository/Page_KiboPush  Subscribers/span_Subscribers (5)' is clicked on

2019-04-24 13:28:59 - [MESSAGE][PASSED] - Object: 'Object Repository/Page_KiboPush  Subscribers/span_Subscribers (5)' is clicked on

2019-04-24 13:28:59 - [TEST_STEP][PASSED] - scrollToPosition: Browser is scrolled to position x = 0, y = 0

2019-04-24 13:28:59 - [MESSAGE][PASSED] - Browser is scrolled to position x = 0, y = 0

2019-04-24 13:28:59 - [TEST_STEP][PASSED] - click: Object: 'Object Repository/Page_KiboPush  Subscribers/h3_Manage Subscribers (1)' is clicked on

2019-04-24 13:28:59 - [MESSAGE][PASSED] - Object: 'Object Repository/Page_KiboPush  Subscribers/h3_Manage Subscribers (1)' is clicked on

2019-04-24 13:28:59 - [MESSAGE][PASSED] - Call Test Case 'Test Cases/s-sidebar_navigation/individualAccount/Subscriber' successfully

2019-04-24 13:28:59 - [TEST_STEP][PASSED] - delay: Delayed 2 second(s)

2019-04-24 13:29:01 - [MESSAGE][PASSED] - Delayed 2 second(s)

2019-04-24 13:29:01 - [TEST_STEP][PASSED] - click: Object: 'Object Repository/Page_KiboPush  Subscribers/a_Edit Tags (1)' is clicked on

2019-04-24 13:29:02 - [MESSAGE][PASSED] - Object: 'Object Repository/Page_KiboPush  Subscribers/a_Edit Tags (1)' is clicked on

2019-04-24 13:29:02 - [TEST_STEP][PASSED] - delay: Delayed 1 second(s)

2019-04-24 13:29:03 - [MESSAGE][PASSED] - Delayed 1 second(s)

2019-04-24 13:29:03 - [TEST_STEP][PASSED] - click: Object: 'Object Repository/Page_KiboPush  Subscribers/button_Edit' is clicked on

2019-04-24 13:29:03 - [MESSAGE][PASSED] - Object: 'Object Repository/Page_KiboPush  Subscribers/button_Edit' is clicked on

2019-04-24 13:29:03 - [TEST_STEP][PASSED] - delay: Delayed 2 second(s)

2019-04-24 13:29:05 - [MESSAGE][PASSED] - Delayed 2 second(s)

2019-04-24 13:29:05 - [TEST_STEP][PASSED] - Statement - driver = com.kms.katalon.core.webui.driver.DriverFactory.getWebDriver(): null

2019-04-24 13:29:05 - [TEST_STEP][PASSED] - Statement - tag = driver.findElement(org.openqa.selenium.By.xpath("//*[@id="tagName"]")): null

2019-04-24 13:29:05 - [TEST_STEP][PASSED] - Statement - tag.clear(): null

2019-04-24 13:29:05 - [TEST_STEP][PASSED] - Statement - tag.sendKeys("hello"): null

2019-04-24 13:29:05 - [TEST_STEP][PASSED] - click: Object: 'Object Repository/Page_KiboPush  Subscribers/button_Save (1)' is clicked on

2019-04-24 13:29:05 - [MESSAGE][PASSED] - Object: 'Object Repository/Page_KiboPush  Subscribers/button_Save (1)' is clicked on]]></system-out>
         <system-err><![CDATA[]]></system-err>
      </testcase>
      <testcase name="Test Cases/Subscriber TestCases/TC0667" classname="Test Cases/Subscriber TestCases/TC0667" status="PASSED">
         <system-out><![CDATA[2019-04-24 13:29:05 - [TEST_CASE][PASSED] - Test Cases/Subscriber TestCases/TC0667: Test Cases/Subscriber TestCases/TC0667

2019-04-24 13:29:06 - [TEST_STEP][PASSED] - callTestCase: Call Test Case 'Test Cases/s-sidebar_navigation/individualAccount/Subscriber' successfully

2019-04-24 13:29:06 - [TEST_CASE][PASSED] - Test Cases/s-sidebar_navigation/individualAccount/Subscriber: Test Cases/s-sidebar_navigation/individualAccount/Subscriber

2019-04-24 13:29:06 - [TEST_STEP][PASSED] - click: Object: 'Object Repository/Page_KiboPush  Dashboard/span_Dashboard' is clicked on

2019-04-24 13:29:06 - [MESSAGE][PASSED] - Object: 'Object Repository/Page_KiboPush  Dashboard/span_Dashboard' is clicked on

2019-04-24 13:29:06 - [TEST_STEP][PASSED] - delay: Delayed 2 second(s)

2019-04-24 13:29:08 - [MESSAGE][PASSED] - Delayed 2 second(s)

2019-04-24 13:29:08 - [TEST_STEP][PASSED] - click: Object: 'Object Repository/Page_KiboPush  Subscribers/span_Subscribers (5)' is clicked on

2019-04-24 13:29:09 - [MESSAGE][PASSED] - Object: 'Object Repository/Page_KiboPush  Subscribers/span_Subscribers (5)' is clicked on

2019-04-24 13:29:09 - [TEST_STEP][PASSED] - scrollToPosition: Browser is scrolled to position x = 0, y = 0

2019-04-24 13:29:09 - [MESSAGE][PASSED] - Browser is scrolled to position x = 0, y = 0

2019-04-24 13:29:09 - [TEST_STEP][PASSED] - click: Object: 'Object Repository/Page_KiboPush  Subscribers/h3_Manage Subscribers (1)' is clicked on

2019-04-24 13:29:09 - [MESSAGE][PASSED] - Object: 'Object Repository/Page_KiboPush  Subscribers/h3_Manage Subscribers (1)' is clicked on

2019-04-24 13:29:09 - [MESSAGE][PASSED] - Call Test Case 'Test Cases/s-sidebar_navigation/individualAccount/Subscriber' successfully

2019-04-24 13:29:09 - [TEST_STEP][PASSED] - click: Object: 'Object Repository/Page_KiboPush  Subscribers/a_Edit Tags (4)' is clicked on

2019-04-24 13:29:09 - [MESSAGE][PASSED] - Object: 'Object Repository/Page_KiboPush  Subscribers/a_Edit Tags (4)' is clicked on

2019-04-24 13:29:09 - [TEST_STEP][PASSED] - click: Object: 'Object Repository/Page_KiboPush  Subscribers/span_hello (2)' is clicked on

2019-04-24 13:29:10 - [MESSAGE][PASSED] - Object: 'Object Repository/Page_KiboPush  Subscribers/span_hello (2)' is clicked on

2019-04-24 13:29:10 - [TEST_STEP][PASSED] - click: Object: 'Object Repository/Page_KiboPush  Subscribers/button_Edit (1)' is clicked on

2019-04-24 13:29:10 - [MESSAGE][PASSED] - Object: 'Object Repository/Page_KiboPush  Subscribers/button_Edit (1)' is clicked on

2019-04-24 13:29:10 - [TEST_STEP][PASSED] - click: Object: 'Object Repository/Page_KiboEngage  Subscribers/button_Cancel' is clicked on

2019-04-24 13:29:10 - [MESSAGE][PASSED] - Object: 'Object Repository/Page_KiboEngage  Subscribers/button_Cancel' is clicked on

2019-04-24 13:29:10 - [TEST_STEP][PASSED] - click: Object: 'Object Repository/Page_KiboEngage  Subscribers/span_hello (1)' is clicked on

2019-04-24 13:29:10 - [MESSAGE][PASSED] - Object: 'Object Repository/Page_KiboEngage  Subscribers/span_hello (1)' is clicked on]]></system-out>
         <system-err><![CDATA[]]></system-err>
      </testcase>
      <testcase name="Test Cases/Subscriber TestCases/TC0668" classname="Test Cases/Subscriber TestCases/TC0668" status="PASSED">
         <system-out><![CDATA[2019-04-24 13:29:10 - [TEST_CASE][PASSED] - Test Cases/Subscriber TestCases/TC0668: Test Cases/Subscriber TestCases/TC0668

2019-04-24 13:29:11 - [TEST_STEP][PASSED] - callTestCase: Call Test Case 'Test Cases/s-sidebar_navigation/individualAccount/Subscriber' successfully

2019-04-24 13:29:11 - [TEST_CASE][PASSED] - Test Cases/s-sidebar_navigation/individualAccount/Subscriber: Test Cases/s-sidebar_navigation/individualAccount/Subscriber

2019-04-24 13:29:11 - [TEST_STEP][PASSED] - click: Object: 'Object Repository/Page_KiboPush  Dashboard/span_Dashboard' is clicked on

2019-04-24 13:29:12 - [MESSAGE][PASSED] - Object: 'Object Repository/Page_KiboPush  Dashboard/span_Dashboard' is clicked on

2019-04-24 13:29:12 - [TEST_STEP][PASSED] - delay: Delayed 2 second(s)

2019-04-24 13:29:14 - [MESSAGE][PASSED] - Delayed 2 second(s)

2019-04-24 13:29:14 - [TEST_STEP][PASSED] - click: Object: 'Object Repository/Page_KiboPush  Subscribers/span_Subscribers (5)' is clicked on

2019-04-24 13:29:14 - [MESSAGE][PASSED] - Object: 'Object Repository/Page_KiboPush  Subscribers/span_Subscribers (5)' is clicked on

2019-04-24 13:29:14 - [TEST_STEP][PASSED] - scrollToPosition: Browser is scrolled to position x = 0, y = 0

2019-04-24 13:29:14 - [MESSAGE][PASSED] - Browser is scrolled to position x = 0, y = 0

2019-04-24 13:29:14 - [TEST_STEP][PASSED] - click: Object: 'Object Repository/Page_KiboPush  Subscribers/h3_Manage Subscribers (1)' is clicked on

2019-04-24 13:29:14 - [MESSAGE][PASSED] - Object: 'Object Repository/Page_KiboPush  Subscribers/h3_Manage Subscribers (1)' is clicked on

2019-04-24 13:29:14 - [MESSAGE][PASSED] - Call Test Case 'Test Cases/s-sidebar_navigation/individualAccount/Subscriber' successfully

2019-04-24 13:29:14 - [TEST_STEP][PASSED] - click: Object: 'Object Repository/Page_KiboPush  Subscribers/a_Edit Tags (2)' is clicked on

2019-04-24 13:29:14 - [MESSAGE][PASSED] - Object: 'Object Repository/Page_KiboPush  Subscribers/a_Edit Tags (2)' is clicked on

2019-04-24 13:29:14 - [TEST_STEP][PASSED] - click: Object: 'Object Repository/Page_KiboPush  Subscribers/button_Delete (1)' is clicked on

2019-04-24 13:29:15 - [MESSAGE][PASSED] - Object: 'Object Repository/Page_KiboPush  Subscribers/button_Delete (1)' is clicked on]]></system-out>
         <system-err><![CDATA[]]></system-err>
      </testcase>
      <testcase name="Test Cases/Subscriber TestCases/TC0669" classname="Test Cases/Subscriber TestCases/TC0669" status="PASSED">
         <system-out><![CDATA[2019-04-24 13:29:15 - [TEST_CASE][PASSED] - Test Cases/Subscriber TestCases/TC0669: Test Cases/Subscriber TestCases/TC0669

2019-04-24 13:29:15 - [TEST_STEP][PASSED] - callTestCase: Call Test Case 'Test Cases/s-sidebar_navigation/individualAccount/Subscriber' successfully

2019-04-24 13:29:15 - [TEST_CASE][PASSED] - Test Cases/s-sidebar_navigation/individualAccount/Subscriber: Test Cases/s-sidebar_navigation/individualAccount/Subscriber

2019-04-24 13:29:15 - [TEST_STEP][PASSED] - click: Object: 'Object Repository/Page_KiboPush  Dashboard/span_Dashboard' is clicked on

2019-04-24 13:29:15 - [MESSAGE][PASSED] - Object: 'Object Repository/Page_KiboPush  Dashboard/span_Dashboard' is clicked on

2019-04-24 13:29:15 - [TEST_STEP][PASSED] - delay: Delayed 2 second(s)

2019-04-24 13:29:17 - [MESSAGE][PASSED] - Delayed 2 second(s)

2019-04-24 13:29:17 - [TEST_STEP][PASSED] - click: Object: 'Object Repository/Page_KiboPush  Subscribers/span_Subscribers (5)' is clicked on

2019-04-24 13:29:18 - [MESSAGE][PASSED] - Object: 'Object Repository/Page_KiboPush  Subscribers/span_Subscribers (5)' is clicked on

2019-04-24 13:29:18 - [TEST_STEP][PASSED] - scrollToPosition: Browser is scrolled to position x = 0, y = 0

2019-04-24 13:29:18 - [MESSAGE][PASSED] - Browser is scrolled to position x = 0, y = 0

2019-04-24 13:29:18 - [TEST_STEP][PASSED] - click: Object: 'Object Repository/Page_KiboPush  Subscribers/h3_Manage Subscribers (1)' is clicked on

2019-04-24 13:29:18 - [MESSAGE][PASSED] - Object: 'Object Repository/Page_KiboPush  Subscribers/h3_Manage Subscribers (1)' is clicked on

2019-04-24 13:29:18 - [MESSAGE][PASSED] - Call Test Case 'Test Cases/s-sidebar_navigation/individualAccount/Subscriber' successfully

2019-04-24 13:29:18 - [TEST_STEP][PASSED] - delay: Delayed 2 second(s)

2019-04-24 13:29:20 - [MESSAGE][PASSED] - Delayed 2 second(s)

2019-04-24 13:29:20 - [TEST_STEP][PASSED] - click: Object: 'Object Repository/Page_KiboPush  Subscribers/a_Edit Tags (3) (1)' is clicked on

2019-04-24 13:29:20 - [MESSAGE][PASSED] - Object: 'Object Repository/Page_KiboPush  Subscribers/a_Edit Tags (3) (1)' is clicked on

2019-04-24 13:29:20 - [TEST_STEP][PASSED] - click: Object: 'Object Repository/Page_KiboPush  Subscribers/span_hello (1) (1)' is clicked on

2019-04-24 13:29:20 - [MESSAGE][PASSED] - Object: 'Object Repository/Page_KiboPush  Subscribers/span_hello (1) (1)' is clicked on

2019-04-24 13:29:20 - [TEST_STEP][PASSED] - click: Object: 'Object Repository/Page_KiboPush  Subscribers/button_Delete (2) (1)' is clicked on

2019-04-24 13:29:21 - [MESSAGE][PASSED] - Object: 'Object Repository/Page_KiboPush  Subscribers/button_Delete (2) (1)' is clicked on

2019-04-24 13:29:21 - [TEST_STEP][PASSED] - delay: Delayed 3 second(s)

2019-04-24 13:29:24 - [MESSAGE][PASSED] - Delayed 3 second(s)

2019-04-24 13:29:24 - [TEST_STEP][PASSED] - click: Object: 'Object Repository/Page_KiboEngage  Subscribers/button_Cancel (1)' is clicked on

2019-04-24 13:29:24 - [MESSAGE][PASSED] - Object: 'Object Repository/Page_KiboEngage  Subscribers/button_Cancel (1)' is clicked on

2019-04-24 13:29:24 - [TEST_STEP][PASSED] - delay: Delayed 2 second(s)

2019-04-24 13:29:26 - [MESSAGE][PASSED] - Delayed 2 second(s)

2019-04-24 13:29:26 - [TEST_STEP][PASSED] - click: Object: 'Object Repository/Page_KiboEngage  Subscribers/span_hello' is clicked on

2019-04-24 13:29:26 - [MESSAGE][PASSED] - Object: 'Object Repository/Page_KiboEngage  Subscribers/span_hello' is clicked on]]></system-out>
         <system-err><![CDATA[]]></system-err>
      </testcase>
      <testcase name="Test Cases/Subscriber TestCases/TC0670" classname="Test Cases/Subscriber TestCases/TC0670" status="PASSED">
         <system-out><![CDATA[2019-04-24 13:29:26 - [TEST_CASE][PASSED] - Test Cases/Subscriber TestCases/TC0670: Test Cases/Subscriber TestCases/TC0670

2019-04-24 13:29:26 - [TEST_STEP][PASSED] - callTestCase: Call Test Case 'Test Cases/s-sidebar_navigation/individualAccount/Subscriber' successfully

2019-04-24 13:29:26 - [TEST_CASE][PASSED] - Test Cases/s-sidebar_navigation/individualAccount/Subscriber: Test Cases/s-sidebar_navigation/individualAccount/Subscriber

2019-04-24 13:29:26 - [TEST_STEP][PASSED] - click: Object: 'Object Repository/Page_KiboPush  Dashboard/span_Dashboard' is clicked on

2019-04-24 13:29:27 - [MESSAGE][PASSED] - Object: 'Object Repository/Page_KiboPush  Dashboard/span_Dashboard' is clicked on

2019-04-24 13:29:27 - [TEST_STEP][PASSED] - delay: Delayed 2 second(s)

2019-04-24 13:29:29 - [MESSAGE][PASSED] - Delayed 2 second(s)

2019-04-24 13:29:29 - [TEST_STEP][PASSED] - click: Object: 'Object Repository/Page_KiboPush  Subscribers/span_Subscribers (5)' is clicked on

2019-04-24 13:29:29 - [MESSAGE][PASSED] - Object: 'Object Repository/Page_KiboPush  Subscribers/span_Subscribers (5)' is clicked on

2019-04-24 13:29:29 - [TEST_STEP][PASSED] - scrollToPosition: Browser is scrolled to position x = 0, y = 0

2019-04-24 13:29:29 - [MESSAGE][PASSED] - Browser is scrolled to position x = 0, y = 0

2019-04-24 13:29:29 - [TEST_STEP][PASSED] - click: Object: 'Object Repository/Page_KiboPush  Subscribers/h3_Manage Subscribers (1)' is clicked on

2019-04-24 13:29:29 - [MESSAGE][PASSED] - Object: 'Object Repository/Page_KiboPush  Subscribers/h3_Manage Subscribers (1)' is clicked on

2019-04-24 13:29:29 - [MESSAGE][PASSED] - Call Test Case 'Test Cases/s-sidebar_navigation/individualAccount/Subscriber' successfully

2019-04-24 13:29:29 - [TEST_STEP][PASSED] - setText: Text 'Arveen' is set on object 'Object Repository/Page_KiboPush  Subscribers/input_generalSearch'

2019-04-24 13:29:30 - [MESSAGE][PASSED] - Text 'Arveen' is set on object 'Object Repository/Page_KiboPush  Subscribers/input_generalSearch'

2019-04-24 13:29:30 - [TEST_STEP][PASSED] - delay: Delayed 15 second(s)

2019-04-24 13:29:45 - [MESSAGE][PASSED] - Delayed 15 second(s)

2019-04-24 13:29:45 - [TEST_STEP][PASSED] - click: Object: 'Object Repository/Page_KiboPush  Subscribers/span_Arveen Maheshwari' is clicked on

2019-04-24 13:29:56 - [MESSAGE][PASSED] - Object: 'Object Repository/Page_KiboPush  Subscribers/span_Arveen Maheshwari' is clicked on

2019-04-24 13:29:56 - [TEST_STEP][PASSED] - delay: Delayed 3 second(s)

2019-04-24 13:29:59 - [MESSAGE][PASSED] - Delayed 3 second(s)

2019-04-24 13:29:59 - [TEST_STEP][PASSED] - click: Object: 'Object Repository/Page_KiboPush  Subscribers/span_Subscribed At' is clicked on

2019-04-24 13:29:59 - [MESSAGE][PASSED] - Object: 'Object Repository/Page_KiboPush  Subscribers/span_Subscribed At' is clicked on

2019-04-24 13:29:59 - [TEST_STEP][PASSED] - click: Object: 'Object Repository/Page_KiboPush  Subscribers/span_Facebook Page' is clicked on

2019-04-24 13:29:59 - [MESSAGE][PASSED] - Object: 'Object Repository/Page_KiboPush  Subscribers/span_Facebook Page' is clicked on

2019-04-24 13:29:59 - [TEST_STEP][PASSED] - click: Object: 'Object Repository/Page_KiboPush  Subscribers/span_Source' is clicked on

2019-04-24 13:29:59 - [MESSAGE][PASSED] - Object: 'Object Repository/Page_KiboPush  Subscribers/span_Source' is clicked on]]></system-out>
         <system-err><![CDATA[]]></system-err>
      </testcase>
      <testcase name="Test Cases/Subscriber TestCases/TC0672" classname="Test Cases/Subscriber TestCases/TC0672" status="FAILED">
         <failure type="FAILED" message="Unable to click on object 'Object Repository/Page_KiboPush  Dashboard/span_Dashboard' (Root cause: org.openqa.selenium.WebDriverException: unknown error: Element &lt;span class=&quot;m-menu__link-text&quot;>...&lt;/span> is not clickable at point (145, 182). Other element would receive the click: &lt;div class=&quot;modal fade show&quot; id=&quot;m_modal_1_2&quot; role=&quot;dialog&quot; aria-labelledby=&quot;exampleModalLabel&quot; style=&quot;background: rgba(33, 37, 41, 0.6); display: block;&quot;>...&lt;/div>
  (Session info: chrome=73.0.3683.103)
  (Driver info: chromedriver=2.35.528161 (5b82f2d2aae0ca24b877009200ced9065a772e73),platform=Windows NT 10.0.17134 x86_64) (WARNING: The server did not provide any stacktrace information)
Command duration or timeout: 0 milliseconds
Build info: version: '3.7.1', revision: '8a0099a', time: '2017-11-06T21:07:36.161Z'
System info: host: 'DESKTOP-4M6R1V0', ip: '10.0.2.15', os.name: 'Windows 10', os.arch: 'amd64', os.version: '10.0', java.version: '1.8.0_181'
Driver info: com.kms.katalon.selenium.driver.CChromeDriver
Capabilities {acceptInsecureCerts: false, acceptSslCerts: false, applicationCacheEnabled: false, browserConnectionEnabled: false, browserName: chrome, chrome: {chromedriverVersion: 2.35.528161 (5b82f2d2aae0ca..., userDataDir: C:\Users\CLOUDK~1\AppData\L...}, cssSelectorsEnabled: true, databaseEnabled: false, handlesAlerts: true, hasTouchScreen: false, javascriptEnabled: true, locationContextEnabled: true, mobileEmulationEnabled: false, nativeEvents: true, networkConnectionEnabled: false, pageLoadStrategy: normal, platform: XP, platformName: XP, rotatable: false, setWindowRect: true, takesHeapSnapshot: true, takesScreenshot: true, unexpectedAlertBehaviour: , unhandledPromptBehavior: , version: 73.0.3683.103, webStorageEnabled: true}
Session ID: dc7c67ccb65e5f928fa19f8b16e4f2ce)"/>
         <system-out><![CDATA[2019-04-24 13:29:59 - [TEST_CASE][FAILED] - Test Cases/Subscriber TestCases/TC0672: Test Cases/Subscriber TestCases/TC0672 FAILED because (of) Unable to click on object 'Object Repository/Page_KiboPush  Dashboard/span_Dashboard' (Root cause: org.openqa.selenium.WebDriverException: unknown error: Element <span class="m-menu__link-text">...</span> is not clickable at point (145, 182). Other element would receive the click: <div class="modal fade show" id="m_modal_1_2" role="dialog" aria-labelledby="exampleModalLabel" style="background: rgba(33, 37, 41, 0.6); display: block;">...</div>
  (Session info: chrome=73.0.3683.103)
  (Driver info: chromedriver=2.35.528161 (5b82f2d2aae0ca24b877009200ced9065a772e73),platform=Windows NT 10.0.17134 x86_64) (WARNING: The server did not provide any stacktrace information)
Command duration or timeout: 0 milliseconds
Build info: version: '3.7.1', revision: '8a0099a', time: '2017-11-06T21:07:36.161Z'
System info: host: 'DESKTOP-4M6R1V0', ip: '10.0.2.15', os.name: 'Windows 10', os.arch: 'amd64', os.version: '10.0', java.version: '1.8.0_181'
Driver info: com.kms.katalon.selenium.driver.CChromeDriver
Capabilities {acceptInsecureCerts: false, acceptSslCerts: false, applicationCacheEnabled: false, browserConnectionEnabled: false, browserName: chrome, chrome: {chromedriverVersion: 2.35.528161 (5b82f2d2aae0ca..., userDataDir: C:\Users\CLOUDK~1\AppData\L...}, cssSelectorsEnabled: true, databaseEnabled: false, handlesAlerts: true, hasTouchScreen: false, javascriptEnabled: true, locationContextEnabled: true, mobileEmulationEnabled: false, nativeEvents: true, networkConnectionEnabled: false, pageLoadStrategy: normal, platform: XP, platformName: XP, rotatable: false, setWindowRect: true, takesHeapSnapshot: true, takesScreenshot: true, unexpectedAlertBehaviour: , unhandledPromptBehavior: , version: 73.0.3683.103, webStorageEnabled: true}
Session ID: dc7c67ccb65e5f928fa19f8b16e4f2ce)

2019-04-24 13:30:00 - [TEST_STEP][FAILED] - callTestCase: Unable to call Test Case with id 'Test Cases/s-sidebar_navigation/individualAccount/Subscriber' (Root cause: Call Test Case 'Test Cases/s-sidebar_navigation/individualAccount/Subscriber' failed)

2019-04-24 13:30:00 - [TEST_CASE][FAILED] - Test Cases/s-sidebar_navigation/individualAccount/Subscriber: Test Cases/s-sidebar_navigation/individualAccount/Subscriber FAILED because (of) Unable to click on object 'Object Repository/Page_KiboPush  Dashboard/span_Dashboard' (Root cause: org.openqa.selenium.WebDriverException: unknown error: Element <span class="m-menu__link-text">...</span> is not clickable at point (145, 182). Other element would receive the click: <div class="modal fade show" id="m_modal_1_2" role="dialog" aria-labelledby="exampleModalLabel" style="background: rgba(33, 37, 41, 0.6); display: block;">...</div>
  (Session info: chrome=73.0.3683.103)
  (Driver info: chromedriver=2.35.528161 (5b82f2d2aae0ca24b877009200ced9065a772e73),platform=Windows NT 10.0.17134 x86_64) (WARNING: The server did not provide any stacktrace information)
Command duration or timeout: 0 milliseconds
Build info: version: '3.7.1', revision: '8a0099a', time: '2017-11-06T21:07:36.161Z'
System info: host: 'DESKTOP-4M6R1V0', ip: '10.0.2.15', os.name: 'Windows 10', os.arch: 'amd64', os.version: '10.0', java.version: '1.8.0_181'
Driver info: com.kms.katalon.selenium.driver.CChromeDriver
Capabilities {acceptInsecureCerts: false, acceptSslCerts: false, applicationCacheEnabled: false, browserConnectionEnabled: false, browserName: chrome, chrome: {chromedriverVersion: 2.35.528161 (5b82f2d2aae0ca..., userDataDir: C:\Users\CLOUDK~1\AppData\L...}, cssSelectorsEnabled: true, databaseEnabled: false, handlesAlerts: true, hasTouchScreen: false, javascriptEnabled: true, locationContextEnabled: true, mobileEmulationEnabled: false, nativeEvents: true, networkConnectionEnabled: false, pageLoadStrategy: normal, platform: XP, platformName: XP, rotatable: false, setWindowRect: true, takesHeapSnapshot: true, takesScreenshot: true, unexpectedAlertBehaviour: , unhandledPromptBehavior: , version: 73.0.3683.103, webStorageEnabled: true}
Session ID: dc7c67ccb65e5f928fa19f8b16e4f2ce)

2019-04-24 13:30:00 - [TEST_STEP][FAILED] - click: Unable to click on object 'Object Repository/Page_KiboPush  Dashboard/span_Dashboard' (Root cause: org.openqa.selenium.WebDriverException: unknown error: Element <span class="m-menu__link-text">...</span> is not clickable at point (145, 182). Other element would receive the click: <div class="modal fade show" id="m_modal_1_2" role="dialog" aria-labelledby="exampleModalLabel" style="background: rgba(33, 37, 41, 0.6); display: block;">...</div>
  (Session info: chrome=73.0.3683.103)
  (Driver info: chromedriver=2.35.528161 (5b82f2d2aae0ca24b877009200ced9065a772e73),platform=Windows NT 10.0.17134 x86_64) (WARNING: The server did not provide any stacktrace information)
Command duration or timeout: 0 milliseconds
Build info: version: '3.7.1', revision: '8a0099a', time: '2017-11-06T21:07:36.161Z'
System info: host: 'DESKTOP-4M6R1V0', ip: '10.0.2.15', os.name: 'Windows 10', os.arch: 'amd64', os.version: '10.0', java.version: '1.8.0_181'
Driver info: com.kms.katalon.selenium.driver.CChromeDriver
Capabilities {acceptInsecureCerts: false, acceptSslCerts: false, applicationCacheEnabled: false, browserConnectionEnabled: false, browserName: chrome, chrome: {chromedriverVersion: 2.35.528161 (5b82f2d2aae0ca..., userDataDir: C:\Users\CLOUDK~1\AppData\L...}, cssSelectorsEnabled: true, databaseEnabled: false, handlesAlerts: true, hasTouchScreen: false, javascriptEnabled: true, locationContextEnabled: true, mobileEmulationEnabled: false, nativeEvents: true, networkConnectionEnabled: false, pageLoadStrategy: normal, platform: XP, platformName: XP, rotatable: false, setWindowRect: true, takesHeapSnapshot: true, takesScreenshot: true, unexpectedAlertBehaviour: , unhandledPromptBehavior: , version: 73.0.3683.103, webStorageEnabled: true}
Session ID: dc7c67ccb65e5f928fa19f8b16e4f2ce)

2019-04-24 13:30:00 - [MESSAGE][FAILED] - Unable to click on object 'Object Repository/Page_KiboPush  Dashboard/span_Dashboard' (Root cause: org.openqa.selenium.WebDriverException: unknown error: Element <span class="m-menu__link-text">...</span> is not clickable at point (145, 182). Other element would receive the click: <div class="modal fade show" id="m_modal_1_2" role="dialog" aria-labelledby="exampleModalLabel" style="background: rgba(33, 37, 41, 0.6); display: block;">...</div>
  (Session info: chrome=73.0.3683.103)
  (Driver info: chromedriver=2.35.528161 (5b82f2d2aae0ca24b877009200ced9065a772e73),platform=Windows NT 10.0.17134 x86_64) (WARNING: The server did not provide any stacktrace information)
Command duration or timeout: 0 milliseconds
Build info: version: '3.7.1', revision: '8a0099a', time: '2017-11-06T21:07:36.161Z'
System info: host: 'DESKTOP-4M6R1V0', ip: '10.0.2.15', os.name: 'Windows 10', os.arch: 'amd64', os.version: '10.0', java.version: '1.8.0_181'
Driver info: com.kms.katalon.selenium.driver.CChromeDriver
Capabilities {acceptInsecureCerts: false, acceptSslCerts: false, applicationCacheEnabled: false, browserConnectionEnabled: false, browserName: chrome, chrome: {chromedriverVersion: 2.35.528161 (5b82f2d2aae0ca..., userDataDir: C:\Users\CLOUDK~1\AppData\L...}, cssSelectorsEnabled: true, databaseEnabled: false, handlesAlerts: true, hasTouchScreen: false, javascriptEnabled: true, locationContextEnabled: true, mobileEmulationEnabled: false, nativeEvents: true, networkConnectionEnabled: false, pageLoadStrategy: normal, platform: XP, platformName: XP, rotatable: false, setWindowRect: true, takesHeapSnapshot: true, takesScreenshot: true, unexpectedAlertBehaviour: , unhandledPromptBehavior: , version: 73.0.3683.103, webStorageEnabled: true}
Session ID: dc7c67ccb65e5f928fa19f8b16e4f2ce)
[[ATTACHMENT|C:\\Users\\cloudkibo\\Desktop\\KiboPush_Automated_Testing\\KiboPush Katalon\\Reports\\subscriber\\20190424_124149\\1556094600276.png]]

2019-04-24 13:30:00 - [MESSAGE][FAILED] - Unable to call Test Case with id 'Test Cases/s-sidebar_navigation/individualAccount/Subscriber' (Root cause: Call Test Case 'Test Cases/s-sidebar_navigation/individualAccount/Subscriber' failed)]]></system-out>
         <system-err><![CDATA[2019-04-24 13:29:59 - [TEST_CASE][FAILED] - Test Cases/Subscriber TestCases/TC0672: Test Cases/Subscriber TestCases/TC0672 FAILED because (of) Unable to click on object 'Object Repository/Page_KiboPush  Dashboard/span_Dashboard' (Root cause: org.openqa.selenium.WebDriverException: unknown error: Element <span class="m-menu__link-text">...</span> is not clickable at point (145, 182). Other element would receive the click: <div class="modal fade show" id="m_modal_1_2" role="dialog" aria-labelledby="exampleModalLabel" style="background: rgba(33, 37, 41, 0.6); display: block;">...</div>
  (Session info: chrome=73.0.3683.103)
  (Driver info: chromedriver=2.35.528161 (5b82f2d2aae0ca24b877009200ced9065a772e73),platform=Windows NT 10.0.17134 x86_64) (WARNING: The server did not provide any stacktrace information)
Command duration or timeout: 0 milliseconds
Build info: version: '3.7.1', revision: '8a0099a', time: '2017-11-06T21:07:36.161Z'
System info: host: 'DESKTOP-4M6R1V0', ip: '10.0.2.15', os.name: 'Windows 10', os.arch: 'amd64', os.version: '10.0', java.version: '1.8.0_181'
Driver info: com.kms.katalon.selenium.driver.CChromeDriver
Capabilities {acceptInsecureCerts: false, acceptSslCerts: false, applicationCacheEnabled: false, browserConnectionEnabled: false, browserName: chrome, chrome: {chromedriverVersion: 2.35.528161 (5b82f2d2aae0ca..., userDataDir: C:\Users\CLOUDK~1\AppData\L...}, cssSelectorsEnabled: true, databaseEnabled: false, handlesAlerts: true, hasTouchScreen: false, javascriptEnabled: true, locationContextEnabled: true, mobileEmulationEnabled: false, nativeEvents: true, networkConnectionEnabled: false, pageLoadStrategy: normal, platform: XP, platformName: XP, rotatable: false, setWindowRect: true, takesHeapSnapshot: true, takesScreenshot: true, unexpectedAlertBehaviour: , unhandledPromptBehavior: , version: 73.0.3683.103, webStorageEnabled: true}
Session ID: dc7c67ccb65e5f928fa19f8b16e4f2ce)]]></system-err>
      </testcase>
      <testcase name="Test Cases/Subscriber TestCases/TC0676" classname="Test Cases/Subscriber TestCases/TC0676" status="FAILED">
         <failure type="FAILED" message="Unable to click on object 'Object Repository/Page_KiboPush  Dashboard/span_Dashboard' (Root cause: org.openqa.selenium.WebDriverException: unknown error: Element &lt;span class=&quot;m-menu__link-text&quot;>...&lt;/span> is not clickable at point (145, 182). Other element would receive the click: &lt;div class=&quot;modal fade show&quot; id=&quot;m_modal_1_2&quot; role=&quot;dialog&quot; aria-labelledby=&quot;exampleModalLabel&quot; style=&quot;background: rgba(33, 37, 41, 0.6); display: block;&quot;>...&lt;/div>
  (Session info: chrome=73.0.3683.103)
  (Driver info: chromedriver=2.35.528161 (5b82f2d2aae0ca24b877009200ced9065a772e73),platform=Windows NT 10.0.17134 x86_64) (WARNING: The server did not provide any stacktrace information)
Command duration or timeout: 0 milliseconds
Build info: version: '3.7.1', revision: '8a0099a', time: '2017-11-06T21:07:36.161Z'
System info: host: 'DESKTOP-4M6R1V0', ip: '10.0.2.15', os.name: 'Windows 10', os.arch: 'amd64', os.version: '10.0', java.version: '1.8.0_181'
Driver info: com.kms.katalon.selenium.driver.CChromeDriver
Capabilities {acceptInsecureCerts: false, acceptSslCerts: false, applicationCacheEnabled: false, browserConnectionEnabled: false, browserName: chrome, chrome: {chromedriverVersion: 2.35.528161 (5b82f2d2aae0ca..., userDataDir: C:\Users\CLOUDK~1\AppData\L...}, cssSelectorsEnabled: true, databaseEnabled: false, handlesAlerts: true, hasTouchScreen: false, javascriptEnabled: true, locationContextEnabled: true, mobileEmulationEnabled: false, nativeEvents: true, networkConnectionEnabled: false, pageLoadStrategy: normal, platform: XP, platformName: XP, rotatable: false, setWindowRect: true, takesHeapSnapshot: true, takesScreenshot: true, unexpectedAlertBehaviour: , unhandledPromptBehavior: , version: 73.0.3683.103, webStorageEnabled: true}
Session ID: dc7c67ccb65e5f928fa19f8b16e4f2ce)"/>
         <system-out><![CDATA[2019-04-24 13:30:00 - [TEST_CASE][FAILED] - Test Cases/Subscriber TestCases/TC0676: Test Cases/Subscriber TestCases/TC0676 FAILED because (of) Unable to click on object 'Object Repository/Page_KiboPush  Dashboard/span_Dashboard' (Root cause: org.openqa.selenium.WebDriverException: unknown error: Element <span class="m-menu__link-text">...</span> is not clickable at point (145, 182). Other element would receive the click: <div class="modal fade show" id="m_modal_1_2" role="dialog" aria-labelledby="exampleModalLabel" style="background: rgba(33, 37, 41, 0.6); display: block;">...</div>
  (Session info: chrome=73.0.3683.103)
  (Driver info: chromedriver=2.35.528161 (5b82f2d2aae0ca24b877009200ced9065a772e73),platform=Windows NT 10.0.17134 x86_64) (WARNING: The server did not provide any stacktrace information)
Command duration or timeout: 0 milliseconds
Build info: version: '3.7.1', revision: '8a0099a', time: '2017-11-06T21:07:36.161Z'
System info: host: 'DESKTOP-4M6R1V0', ip: '10.0.2.15', os.name: 'Windows 10', os.arch: 'amd64', os.version: '10.0', java.version: '1.8.0_181'
Driver info: com.kms.katalon.selenium.driver.CChromeDriver
Capabilities {acceptInsecureCerts: false, acceptSslCerts: false, applicationCacheEnabled: false, browserConnectionEnabled: false, browserName: chrome, chrome: {chromedriverVersion: 2.35.528161 (5b82f2d2aae0ca..., userDataDir: C:\Users\CLOUDK~1\AppData\L...}, cssSelectorsEnabled: true, databaseEnabled: false, handlesAlerts: true, hasTouchScreen: false, javascriptEnabled: true, locationContextEnabled: true, mobileEmulationEnabled: false, nativeEvents: true, networkConnectionEnabled: false, pageLoadStrategy: normal, platform: XP, platformName: XP, rotatable: false, setWindowRect: true, takesHeapSnapshot: true, takesScreenshot: true, unexpectedAlertBehaviour: , unhandledPromptBehavior: , version: 73.0.3683.103, webStorageEnabled: true}
Session ID: dc7c67ccb65e5f928fa19f8b16e4f2ce)

2019-04-24 13:30:00 - [TEST_STEP][FAILED] - callTestCase: Unable to call Test Case with id 'Test Cases/s-sidebar_navigation/individualAccount/Subscriber' (Root cause: Call Test Case 'Test Cases/s-sidebar_navigation/individualAccount/Subscriber' failed)

2019-04-24 13:30:01 - [TEST_CASE][FAILED] - Test Cases/s-sidebar_navigation/individualAccount/Subscriber: Test Cases/s-sidebar_navigation/individualAccount/Subscriber FAILED because (of) Unable to click on object 'Object Repository/Page_KiboPush  Dashboard/span_Dashboard' (Root cause: org.openqa.selenium.WebDriverException: unknown error: Element <span class="m-menu__link-text">...</span> is not clickable at point (145, 182). Other element would receive the click: <div class="modal fade show" id="m_modal_1_2" role="dialog" aria-labelledby="exampleModalLabel" style="background: rgba(33, 37, 41, 0.6); display: block;">...</div>
  (Session info: chrome=73.0.3683.103)
  (Driver info: chromedriver=2.35.528161 (5b82f2d2aae0ca24b877009200ced9065a772e73),platform=Windows NT 10.0.17134 x86_64) (WARNING: The server did not provide any stacktrace information)
Command duration or timeout: 0 milliseconds
Build info: version: '3.7.1', revision: '8a0099a', time: '2017-11-06T21:07:36.161Z'
System info: host: 'DESKTOP-4M6R1V0', ip: '10.0.2.15', os.name: 'Windows 10', os.arch: 'amd64', os.version: '10.0', java.version: '1.8.0_181'
Driver info: com.kms.katalon.selenium.driver.CChromeDriver
Capabilities {acceptInsecureCerts: false, acceptSslCerts: false, applicationCacheEnabled: false, browserConnectionEnabled: false, browserName: chrome, chrome: {chromedriverVersion: 2.35.528161 (5b82f2d2aae0ca..., userDataDir: C:\Users\CLOUDK~1\AppData\L...}, cssSelectorsEnabled: true, databaseEnabled: false, handlesAlerts: true, hasTouchScreen: false, javascriptEnabled: true, locationContextEnabled: true, mobileEmulationEnabled: false, nativeEvents: true, networkConnectionEnabled: false, pageLoadStrategy: normal, platform: XP, platformName: XP, rotatable: false, setWindowRect: true, takesHeapSnapshot: true, takesScreenshot: true, unexpectedAlertBehaviour: , unhandledPromptBehavior: , version: 73.0.3683.103, webStorageEnabled: true}
Session ID: dc7c67ccb65e5f928fa19f8b16e4f2ce)

2019-04-24 13:30:01 - [TEST_STEP][FAILED] - click: Unable to click on object 'Object Repository/Page_KiboPush  Dashboard/span_Dashboard' (Root cause: org.openqa.selenium.WebDriverException: unknown error: Element <span class="m-menu__link-text">...</span> is not clickable at point (145, 182). Other element would receive the click: <div class="modal fade show" id="m_modal_1_2" role="dialog" aria-labelledby="exampleModalLabel" style="background: rgba(33, 37, 41, 0.6); display: block;">...</div>
  (Session info: chrome=73.0.3683.103)
  (Driver info: chromedriver=2.35.528161 (5b82f2d2aae0ca24b877009200ced9065a772e73),platform=Windows NT 10.0.17134 x86_64) (WARNING: The server did not provide any stacktrace information)
Command duration or timeout: 0 milliseconds
Build info: version: '3.7.1', revision: '8a0099a', time: '2017-11-06T21:07:36.161Z'
System info: host: 'DESKTOP-4M6R1V0', ip: '10.0.2.15', os.name: 'Windows 10', os.arch: 'amd64', os.version: '10.0', java.version: '1.8.0_181'
Driver info: com.kms.katalon.selenium.driver.CChromeDriver
Capabilities {acceptInsecureCerts: false, acceptSslCerts: false, applicationCacheEnabled: false, browserConnectionEnabled: false, browserName: chrome, chrome: {chromedriverVersion: 2.35.528161 (5b82f2d2aae0ca..., userDataDir: C:\Users\CLOUDK~1\AppData\L...}, cssSelectorsEnabled: true, databaseEnabled: false, handlesAlerts: true, hasTouchScreen: false, javascriptEnabled: true, locationContextEnabled: true, mobileEmulationEnabled: false, nativeEvents: true, networkConnectionEnabled: false, pageLoadStrategy: normal, platform: XP, platformName: XP, rotatable: false, setWindowRect: true, takesHeapSnapshot: true, takesScreenshot: true, unexpectedAlertBehaviour: , unhandledPromptBehavior: , version: 73.0.3683.103, webStorageEnabled: true}
Session ID: dc7c67ccb65e5f928fa19f8b16e4f2ce)

2019-04-24 13:30:01 - [MESSAGE][FAILED] - Unable to click on object 'Object Repository/Page_KiboPush  Dashboard/span_Dashboard' (Root cause: org.openqa.selenium.WebDriverException: unknown error: Element <span class="m-menu__link-text">...</span> is not clickable at point (145, 182). Other element would receive the click: <div class="modal fade show" id="m_modal_1_2" role="dialog" aria-labelledby="exampleModalLabel" style="background: rgba(33, 37, 41, 0.6); display: block;">...</div>
  (Session info: chrome=73.0.3683.103)
  (Driver info: chromedriver=2.35.528161 (5b82f2d2aae0ca24b877009200ced9065a772e73),platform=Windows NT 10.0.17134 x86_64) (WARNING: The server did not provide any stacktrace information)
Command duration or timeout: 0 milliseconds
Build info: version: '3.7.1', revision: '8a0099a', time: '2017-11-06T21:07:36.161Z'
System info: host: 'DESKTOP-4M6R1V0', ip: '10.0.2.15', os.name: 'Windows 10', os.arch: 'amd64', os.version: '10.0', java.version: '1.8.0_181'
Driver info: com.kms.katalon.selenium.driver.CChromeDriver
Capabilities {acceptInsecureCerts: false, acceptSslCerts: false, applicationCacheEnabled: false, browserConnectionEnabled: false, browserName: chrome, chrome: {chromedriverVersion: 2.35.528161 (5b82f2d2aae0ca..., userDataDir: C:\Users\CLOUDK~1\AppData\L...}, cssSelectorsEnabled: true, databaseEnabled: false, handlesAlerts: true, hasTouchScreen: false, javascriptEnabled: true, locationContextEnabled: true, mobileEmulationEnabled: false, nativeEvents: true, networkConnectionEnabled: false, pageLoadStrategy: normal, platform: XP, platformName: XP, rotatable: false, setWindowRect: true, takesHeapSnapshot: true, takesScreenshot: true, unexpectedAlertBehaviour: , unhandledPromptBehavior: , version: 73.0.3683.103, webStorageEnabled: true}
Session ID: dc7c67ccb65e5f928fa19f8b16e4f2ce)
[[ATTACHMENT|C:\\Users\\cloudkibo\\Desktop\\KiboPush_Automated_Testing\\KiboPush Katalon\\Reports\\subscriber\\20190424_124149\\1556094601198.png]]

2019-04-24 13:30:01 - [MESSAGE][FAILED] - Unable to call Test Case with id 'Test Cases/s-sidebar_navigation/individualAccount/Subscriber' (Root cause: Call Test Case 'Test Cases/s-sidebar_navigation/individualAccount/Subscriber' failed)]]></system-out>
         <system-err><![CDATA[2019-04-24 13:30:00 - [TEST_CASE][FAILED] - Test Cases/Subscriber TestCases/TC0676: Test Cases/Subscriber TestCases/TC0676 FAILED because (of) Unable to click on object 'Object Repository/Page_KiboPush  Dashboard/span_Dashboard' (Root cause: org.openqa.selenium.WebDriverException: unknown error: Element <span class="m-menu__link-text">...</span> is not clickable at point (145, 182). Other element would receive the click: <div class="modal fade show" id="m_modal_1_2" role="dialog" aria-labelledby="exampleModalLabel" style="background: rgba(33, 37, 41, 0.6); display: block;">...</div>
  (Session info: chrome=73.0.3683.103)
  (Driver info: chromedriver=2.35.528161 (5b82f2d2aae0ca24b877009200ced9065a772e73),platform=Windows NT 10.0.17134 x86_64) (WARNING: The server did not provide any stacktrace information)
Command duration or timeout: 0 milliseconds
Build info: version: '3.7.1', revision: '8a0099a', time: '2017-11-06T21:07:36.161Z'
System info: host: 'DESKTOP-4M6R1V0', ip: '10.0.2.15', os.name: 'Windows 10', os.arch: 'amd64', os.version: '10.0', java.version: '1.8.0_181'
Driver info: com.kms.katalon.selenium.driver.CChromeDriver
Capabilities {acceptInsecureCerts: false, acceptSslCerts: false, applicationCacheEnabled: false, browserConnectionEnabled: false, browserName: chrome, chrome: {chromedriverVersion: 2.35.528161 (5b82f2d2aae0ca..., userDataDir: C:\Users\CLOUDK~1\AppData\L...}, cssSelectorsEnabled: true, databaseEnabled: false, handlesAlerts: true, hasTouchScreen: false, javascriptEnabled: true, locationContextEnabled: true, mobileEmulationEnabled: false, nativeEvents: true, networkConnectionEnabled: false, pageLoadStrategy: normal, platform: XP, platformName: XP, rotatable: false, setWindowRect: true, takesHeapSnapshot: true, takesScreenshot: true, unexpectedAlertBehaviour: , unhandledPromptBehavior: , version: 73.0.3683.103, webStorageEnabled: true}
Session ID: dc7c67ccb65e5f928fa19f8b16e4f2ce)]]></system-err>
      </testcase>
      <testcase name="Test Cases/Subscriber TestCases/TC0678" classname="Test Cases/Subscriber TestCases/TC0678" status="FAILED">
         <failure type="FAILED" message="Unable to click on object 'Object Repository/Page_KiboPush  Dashboard/span_Dashboard' (Root cause: org.openqa.selenium.WebDriverException: unknown error: Element &lt;span class=&quot;m-menu__link-text&quot;>...&lt;/span> is not clickable at point (145, 182). Other element would receive the click: &lt;div class=&quot;modal fade show&quot; id=&quot;m_modal_1_2&quot; role=&quot;dialog&quot; aria-labelledby=&quot;exampleModalLabel&quot; style=&quot;background: rgba(33, 37, 41, 0.6); display: block;&quot;>...&lt;/div>
  (Session info: chrome=73.0.3683.103)
  (Driver info: chromedriver=2.35.528161 (5b82f2d2aae0ca24b877009200ced9065a772e73),platform=Windows NT 10.0.17134 x86_64) (WARNING: The server did not provide any stacktrace information)
Command duration or timeout: 0 milliseconds
Build info: version: '3.7.1', revision: '8a0099a', time: '2017-11-06T21:07:36.161Z'
System info: host: 'DESKTOP-4M6R1V0', ip: '10.0.2.15', os.name: 'Windows 10', os.arch: 'amd64', os.version: '10.0', java.version: '1.8.0_181'
Driver info: com.kms.katalon.selenium.driver.CChromeDriver
Capabilities {acceptInsecureCerts: false, acceptSslCerts: false, applicationCacheEnabled: false, browserConnectionEnabled: false, browserName: chrome, chrome: {chromedriverVersion: 2.35.528161 (5b82f2d2aae0ca..., userDataDir: C:\Users\CLOUDK~1\AppData\L...}, cssSelectorsEnabled: true, databaseEnabled: false, handlesAlerts: true, hasTouchScreen: false, javascriptEnabled: true, locationContextEnabled: true, mobileEmulationEnabled: false, nativeEvents: true, networkConnectionEnabled: false, pageLoadStrategy: normal, platform: XP, platformName: XP, rotatable: false, setWindowRect: true, takesHeapSnapshot: true, takesScreenshot: true, unexpectedAlertBehaviour: , unhandledPromptBehavior: , version: 73.0.3683.103, webStorageEnabled: true}
Session ID: dc7c67ccb65e5f928fa19f8b16e4f2ce)"/>
         <system-out><![CDATA[2019-04-24 13:30:01 - [TEST_CASE][FAILED] - Test Cases/Subscriber TestCases/TC0678: Test Cases/Subscriber TestCases/TC0678 FAILED because (of) Unable to click on object 'Object Repository/Page_KiboPush  Dashboard/span_Dashboard' (Root cause: org.openqa.selenium.WebDriverException: unknown error: Element <span class="m-menu__link-text">...</span> is not clickable at point (145, 182). Other element would receive the click: <div class="modal fade show" id="m_modal_1_2" role="dialog" aria-labelledby="exampleModalLabel" style="background: rgba(33, 37, 41, 0.6); display: block;">...</div>
  (Session info: chrome=73.0.3683.103)
  (Driver info: chromedriver=2.35.528161 (5b82f2d2aae0ca24b877009200ced9065a772e73),platform=Windows NT 10.0.17134 x86_64) (WARNING: The server did not provide any stacktrace information)
Command duration or timeout: 0 milliseconds
Build info: version: '3.7.1', revision: '8a0099a', time: '2017-11-06T21:07:36.161Z'
System info: host: 'DESKTOP-4M6R1V0', ip: '10.0.2.15', os.name: 'Windows 10', os.arch: 'amd64', os.version: '10.0', java.version: '1.8.0_181'
Driver info: com.kms.katalon.selenium.driver.CChromeDriver
Capabilities {acceptInsecureCerts: false, acceptSslCerts: false, applicationCacheEnabled: false, browserConnectionEnabled: false, browserName: chrome, chrome: {chromedriverVersion: 2.35.528161 (5b82f2d2aae0ca..., userDataDir: C:\Users\CLOUDK~1\AppData\L...}, cssSelectorsEnabled: true, databaseEnabled: false, handlesAlerts: true, hasTouchScreen: false, javascriptEnabled: true, locationContextEnabled: true, mobileEmulationEnabled: false, nativeEvents: true, networkConnectionEnabled: false, pageLoadStrategy: normal, platform: XP, platformName: XP, rotatable: false, setWindowRect: true, takesHeapSnapshot: true, takesScreenshot: true, unexpectedAlertBehaviour: , unhandledPromptBehavior: , version: 73.0.3683.103, webStorageEnabled: true}
Session ID: dc7c67ccb65e5f928fa19f8b16e4f2ce)

2019-04-24 13:30:01 - [TEST_STEP][FAILED] - callTestCase: Unable to call Test Case with id 'Test Cases/s-sidebar_navigation/individualAccount/Subscriber' (Root cause: Call Test Case 'Test Cases/s-sidebar_navigation/individualAccount/Subscriber' failed)

2019-04-24 13:30:01 - [TEST_CASE][FAILED] - Test Cases/s-sidebar_navigation/individualAccount/Subscriber: Test Cases/s-sidebar_navigation/individualAccount/Subscriber FAILED because (of) Unable to click on object 'Object Repository/Page_KiboPush  Dashboard/span_Dashboard' (Root cause: org.openqa.selenium.WebDriverException: unknown error: Element <span class="m-menu__link-text">...</span> is not clickable at point (145, 182). Other element would receive the click: <div class="modal fade show" id="m_modal_1_2" role="dialog" aria-labelledby="exampleModalLabel" style="background: rgba(33, 37, 41, 0.6); display: block;">...</div>
  (Session info: chrome=73.0.3683.103)
  (Driver info: chromedriver=2.35.528161 (5b82f2d2aae0ca24b877009200ced9065a772e73),platform=Windows NT 10.0.17134 x86_64) (WARNING: The server did not provide any stacktrace information)
Command duration or timeout: 0 milliseconds
Build info: version: '3.7.1', revision: '8a0099a', time: '2017-11-06T21:07:36.161Z'
System info: host: 'DESKTOP-4M6R1V0', ip: '10.0.2.15', os.name: 'Windows 10', os.arch: 'amd64', os.version: '10.0', java.version: '1.8.0_181'
Driver info: com.kms.katalon.selenium.driver.CChromeDriver
Capabilities {acceptInsecureCerts: false, acceptSslCerts: false, applicationCacheEnabled: false, browserConnectionEnabled: false, browserName: chrome, chrome: {chromedriverVersion: 2.35.528161 (5b82f2d2aae0ca..., userDataDir: C:\Users\CLOUDK~1\AppData\L...}, cssSelectorsEnabled: true, databaseEnabled: false, handlesAlerts: true, hasTouchScreen: false, javascriptEnabled: true, locationContextEnabled: true, mobileEmulationEnabled: false, nativeEvents: true, networkConnectionEnabled: false, pageLoadStrategy: normal, platform: XP, platformName: XP, rotatable: false, setWindowRect: true, takesHeapSnapshot: true, takesScreenshot: true, unexpectedAlertBehaviour: , unhandledPromptBehavior: , version: 73.0.3683.103, webStorageEnabled: true}
Session ID: dc7c67ccb65e5f928fa19f8b16e4f2ce)

2019-04-24 13:30:01 - [TEST_STEP][FAILED] - click: Unable to click on object 'Object Repository/Page_KiboPush  Dashboard/span_Dashboard' (Root cause: org.openqa.selenium.WebDriverException: unknown error: Element <span class="m-menu__link-text">...</span> is not clickable at point (145, 182). Other element would receive the click: <div class="modal fade show" id="m_modal_1_2" role="dialog" aria-labelledby="exampleModalLabel" style="background: rgba(33, 37, 41, 0.6); display: block;">...</div>
  (Session info: chrome=73.0.3683.103)
  (Driver info: chromedriver=2.35.528161 (5b82f2d2aae0ca24b877009200ced9065a772e73),platform=Windows NT 10.0.17134 x86_64) (WARNING: The server did not provide any stacktrace information)
Command duration or timeout: 0 milliseconds
Build info: version: '3.7.1', revision: '8a0099a', time: '2017-11-06T21:07:36.161Z'
System info: host: 'DESKTOP-4M6R1V0', ip: '10.0.2.15', os.name: 'Windows 10', os.arch: 'amd64', os.version: '10.0', java.version: '1.8.0_181'
Driver info: com.kms.katalon.selenium.driver.CChromeDriver
Capabilities {acceptInsecureCerts: false, acceptSslCerts: false, applicationCacheEnabled: false, browserConnectionEnabled: false, browserName: chrome, chrome: {chromedriverVersion: 2.35.528161 (5b82f2d2aae0ca..., userDataDir: C:\Users\CLOUDK~1\AppData\L...}, cssSelectorsEnabled: true, databaseEnabled: false, handlesAlerts: true, hasTouchScreen: false, javascriptEnabled: true, locationContextEnabled: true, mobileEmulationEnabled: false, nativeEvents: true, networkConnectionEnabled: false, pageLoadStrategy: normal, platform: XP, platformName: XP, rotatable: false, setWindowRect: true, takesHeapSnapshot: true, takesScreenshot: true, unexpectedAlertBehaviour: , unhandledPromptBehavior: , version: 73.0.3683.103, webStorageEnabled: true}
Session ID: dc7c67ccb65e5f928fa19f8b16e4f2ce)

2019-04-24 13:30:02 - [MESSAGE][FAILED] - Unable to click on object 'Object Repository/Page_KiboPush  Dashboard/span_Dashboard' (Root cause: org.openqa.selenium.WebDriverException: unknown error: Element <span class="m-menu__link-text">...</span> is not clickable at point (145, 182). Other element would receive the click: <div class="modal fade show" id="m_modal_1_2" role="dialog" aria-labelledby="exampleModalLabel" style="background: rgba(33, 37, 41, 0.6); display: block;">...</div>
  (Session info: chrome=73.0.3683.103)
  (Driver info: chromedriver=2.35.528161 (5b82f2d2aae0ca24b877009200ced9065a772e73),platform=Windows NT 10.0.17134 x86_64) (WARNING: The server did not provide any stacktrace information)
Command duration or timeout: 0 milliseconds
Build info: version: '3.7.1', revision: '8a0099a', time: '2017-11-06T21:07:36.161Z'
System info: host: 'DESKTOP-4M6R1V0', ip: '10.0.2.15', os.name: 'Windows 10', os.arch: 'amd64', os.version: '10.0', java.version: '1.8.0_181'
Driver info: com.kms.katalon.selenium.driver.CChromeDriver
Capabilities {acceptInsecureCerts: false, acceptSslCerts: false, applicationCacheEnabled: false, browserConnectionEnabled: false, browserName: chrome, chrome: {chromedriverVersion: 2.35.528161 (5b82f2d2aae0ca..., userDataDir: C:\Users\CLOUDK~1\AppData\L...}, cssSelectorsEnabled: true, databaseEnabled: false, handlesAlerts: true, hasTouchScreen: false, javascriptEnabled: true, locationContextEnabled: true, mobileEmulationEnabled: false, nativeEvents: true, networkConnectionEnabled: false, pageLoadStrategy: normal, platform: XP, platformName: XP, rotatable: false, setWindowRect: true, takesHeapSnapshot: true, takesScreenshot: true, unexpectedAlertBehaviour: , unhandledPromptBehavior: , version: 73.0.3683.103, webStorageEnabled: true}
Session ID: dc7c67ccb65e5f928fa19f8b16e4f2ce)
[[ATTACHMENT|C:\\Users\\cloudkibo\\Desktop\\KiboPush_Automated_Testing\\KiboPush Katalon\\Reports\\subscriber\\20190424_124149\\1556094601986.png]]

2019-04-24 13:30:02 - [MESSAGE][FAILED] - Unable to call Test Case with id 'Test Cases/s-sidebar_navigation/individualAccount/Subscriber' (Root cause: Call Test Case 'Test Cases/s-sidebar_navigation/individualAccount/Subscriber' failed)]]></system-out>
         <system-err><![CDATA[2019-04-24 13:30:01 - [TEST_CASE][FAILED] - Test Cases/Subscriber TestCases/TC0678: Test Cases/Subscriber TestCases/TC0678 FAILED because (of) Unable to click on object 'Object Repository/Page_KiboPush  Dashboard/span_Dashboard' (Root cause: org.openqa.selenium.WebDriverException: unknown error: Element <span class="m-menu__link-text">...</span> is not clickable at point (145, 182). Other element would receive the click: <div class="modal fade show" id="m_modal_1_2" role="dialog" aria-labelledby="exampleModalLabel" style="background: rgba(33, 37, 41, 0.6); display: block;">...</div>
  (Session info: chrome=73.0.3683.103)
  (Driver info: chromedriver=2.35.528161 (5b82f2d2aae0ca24b877009200ced9065a772e73),platform=Windows NT 10.0.17134 x86_64) (WARNING: The server did not provide any stacktrace information)
Command duration or timeout: 0 milliseconds
Build info: version: '3.7.1', revision: '8a0099a', time: '2017-11-06T21:07:36.161Z'
System info: host: 'DESKTOP-4M6R1V0', ip: '10.0.2.15', os.name: 'Windows 10', os.arch: 'amd64', os.version: '10.0', java.version: '1.8.0_181'
Driver info: com.kms.katalon.selenium.driver.CChromeDriver
Capabilities {acceptInsecureCerts: false, acceptSslCerts: false, applicationCacheEnabled: false, browserConnectionEnabled: false, browserName: chrome, chrome: {chromedriverVersion: 2.35.528161 (5b82f2d2aae0ca..., userDataDir: C:\Users\CLOUDK~1\AppData\L...}, cssSelectorsEnabled: true, databaseEnabled: false, handlesAlerts: true, hasTouchScreen: false, javascriptEnabled: true, locationContextEnabled: true, mobileEmulationEnabled: false, nativeEvents: true, networkConnectionEnabled: false, pageLoadStrategy: normal, platform: XP, platformName: XP, rotatable: false, setWindowRect: true, takesHeapSnapshot: true, takesScreenshot: true, unexpectedAlertBehaviour: , unhandledPromptBehavior: , version: 73.0.3683.103, webStorageEnabled: true}
Session ID: dc7c67ccb65e5f928fa19f8b16e4f2ce)]]></system-err>
      </testcase>
      <testcase name="Test Cases/Subscriber TestCases/TC0679" classname="Test Cases/Subscriber TestCases/TC0679" status="FAILED">
         <failure type="FAILED" message="Unable to click on object 'Object Repository/Page_KiboPush  Dashboard/span_Dashboard' (Root cause: org.openqa.selenium.WebDriverException: unknown error: Element &lt;span class=&quot;m-menu__link-text&quot;>...&lt;/span> is not clickable at point (145, 182). Other element would receive the click: &lt;div class=&quot;modal fade show&quot; id=&quot;m_modal_1_2&quot; role=&quot;dialog&quot; aria-labelledby=&quot;exampleModalLabel&quot; style=&quot;background: rgba(33, 37, 41, 0.6); display: block;&quot;>...&lt;/div>
  (Session info: chrome=73.0.3683.103)
  (Driver info: chromedriver=2.35.528161 (5b82f2d2aae0ca24b877009200ced9065a772e73),platform=Windows NT 10.0.17134 x86_64) (WARNING: The server did not provide any stacktrace information)
Command duration or timeout: 0 milliseconds
Build info: version: '3.7.1', revision: '8a0099a', time: '2017-11-06T21:07:36.161Z'
System info: host: 'DESKTOP-4M6R1V0', ip: '10.0.2.15', os.name: 'Windows 10', os.arch: 'amd64', os.version: '10.0', java.version: '1.8.0_181'
Driver info: com.kms.katalon.selenium.driver.CChromeDriver
Capabilities {acceptInsecureCerts: false, acceptSslCerts: false, applicationCacheEnabled: false, browserConnectionEnabled: false, browserName: chrome, chrome: {chromedriverVersion: 2.35.528161 (5b82f2d2aae0ca..., userDataDir: C:\Users\CLOUDK~1\AppData\L...}, cssSelectorsEnabled: true, databaseEnabled: false, handlesAlerts: true, hasTouchScreen: false, javascriptEnabled: true, locationContextEnabled: true, mobileEmulationEnabled: false, nativeEvents: true, networkConnectionEnabled: false, pageLoadStrategy: normal, platform: XP, platformName: XP, rotatable: false, setWindowRect: true, takesHeapSnapshot: true, takesScreenshot: true, unexpectedAlertBehaviour: , unhandledPromptBehavior: , version: 73.0.3683.103, webStorageEnabled: true}
Session ID: dc7c67ccb65e5f928fa19f8b16e4f2ce)"/>
         <system-out><![CDATA[2019-04-24 13:30:02 - [TEST_CASE][FAILED] - Test Cases/Subscriber TestCases/TC0679: Test Cases/Subscriber TestCases/TC0679 FAILED because (of) Unable to click on object 'Object Repository/Page_KiboPush  Dashboard/span_Dashboard' (Root cause: org.openqa.selenium.WebDriverException: unknown error: Element <span class="m-menu__link-text">...</span> is not clickable at point (145, 182). Other element would receive the click: <div class="modal fade show" id="m_modal_1_2" role="dialog" aria-labelledby="exampleModalLabel" style="background: rgba(33, 37, 41, 0.6); display: block;">...</div>
  (Session info: chrome=73.0.3683.103)
  (Driver info: chromedriver=2.35.528161 (5b82f2d2aae0ca24b877009200ced9065a772e73),platform=Windows NT 10.0.17134 x86_64) (WARNING: The server did not provide any stacktrace information)
Command duration or timeout: 0 milliseconds
Build info: version: '3.7.1', revision: '8a0099a', time: '2017-11-06T21:07:36.161Z'
System info: host: 'DESKTOP-4M6R1V0', ip: '10.0.2.15', os.name: 'Windows 10', os.arch: 'amd64', os.version: '10.0', java.version: '1.8.0_181'
Driver info: com.kms.katalon.selenium.driver.CChromeDriver
Capabilities {acceptInsecureCerts: false, acceptSslCerts: false, applicationCacheEnabled: false, browserConnectionEnabled: false, browserName: chrome, chrome: {chromedriverVersion: 2.35.528161 (5b82f2d2aae0ca..., userDataDir: C:\Users\CLOUDK~1\AppData\L...}, cssSelectorsEnabled: true, databaseEnabled: false, handlesAlerts: true, hasTouchScreen: false, javascriptEnabled: true, locationContextEnabled: true, mobileEmulationEnabled: false, nativeEvents: true, networkConnectionEnabled: false, pageLoadStrategy: normal, platform: XP, platformName: XP, rotatable: false, setWindowRect: true, takesHeapSnapshot: true, takesScreenshot: true, unexpectedAlertBehaviour: , unhandledPromptBehavior: , version: 73.0.3683.103, webStorageEnabled: true}
Session ID: dc7c67ccb65e5f928fa19f8b16e4f2ce)

2019-04-24 13:30:02 - [TEST_STEP][FAILED] - callTestCase: Unable to call Test Case with id 'Test Cases/Subscriber TestCases/TC0678' (Root cause: Call Test Case 'Test Cases/Subscriber TestCases/TC0678' failed)

2019-04-24 13:30:02 - [TEST_CASE][FAILED] - Test Cases/Subscriber TestCases/TC0678: Test Cases/Subscriber TestCases/TC0678 FAILED because (of) Unable to click on object 'Object Repository/Page_KiboPush  Dashboard/span_Dashboard' (Root cause: org.openqa.selenium.WebDriverException: unknown error: Element <span class="m-menu__link-text">...</span> is not clickable at point (145, 182). Other element would receive the click: <div class="modal fade show" id="m_modal_1_2" role="dialog" aria-labelledby="exampleModalLabel" style="background: rgba(33, 37, 41, 0.6); display: block;">...</div>
  (Session info: chrome=73.0.3683.103)
  (Driver info: chromedriver=2.35.528161 (5b82f2d2aae0ca24b877009200ced9065a772e73),platform=Windows NT 10.0.17134 x86_64) (WARNING: The server did not provide any stacktrace information)
Command duration or timeout: 0 milliseconds
Build info: version: '3.7.1', revision: '8a0099a', time: '2017-11-06T21:07:36.161Z'
System info: host: 'DESKTOP-4M6R1V0', ip: '10.0.2.15', os.name: 'Windows 10', os.arch: 'amd64', os.version: '10.0', java.version: '1.8.0_181'
Driver info: com.kms.katalon.selenium.driver.CChromeDriver
Capabilities {acceptInsecureCerts: false, acceptSslCerts: false, applicationCacheEnabled: false, browserConnectionEnabled: false, browserName: chrome, chrome: {chromedriverVersion: 2.35.528161 (5b82f2d2aae0ca..., userDataDir: C:\Users\CLOUDK~1\AppData\L...}, cssSelectorsEnabled: true, databaseEnabled: false, handlesAlerts: true, hasTouchScreen: false, javascriptEnabled: true, locationContextEnabled: true, mobileEmulationEnabled: false, nativeEvents: true, networkConnectionEnabled: false, pageLoadStrategy: normal, platform: XP, platformName: XP, rotatable: false, setWindowRect: true, takesHeapSnapshot: true, takesScreenshot: true, unexpectedAlertBehaviour: , unhandledPromptBehavior: , version: 73.0.3683.103, webStorageEnabled: true}
Session ID: dc7c67ccb65e5f928fa19f8b16e4f2ce)

2019-04-24 13:30:02 - [TEST_STEP][FAILED] - callTestCase: Unable to call Test Case with id 'Test Cases/s-sidebar_navigation/individualAccount/Subscriber' (Root cause: Call Test Case 'Test Cases/s-sidebar_navigation/individualAccount/Subscriber' failed)

2019-04-24 13:30:02 - [TEST_CASE][FAILED] - Test Cases/s-sidebar_navigation/individualAccount/Subscriber: Test Cases/s-sidebar_navigation/individualAccount/Subscriber FAILED because (of) Unable to click on object 'Object Repository/Page_KiboPush  Dashboard/span_Dashboard' (Root cause: org.openqa.selenium.WebDriverException: unknown error: Element <span class="m-menu__link-text">...</span> is not clickable at point (145, 182). Other element would receive the click: <div class="modal fade show" id="m_modal_1_2" role="dialog" aria-labelledby="exampleModalLabel" style="background: rgba(33, 37, 41, 0.6); display: block;">...</div>
  (Session info: chrome=73.0.3683.103)
  (Driver info: chromedriver=2.35.528161 (5b82f2d2aae0ca24b877009200ced9065a772e73),platform=Windows NT 10.0.17134 x86_64) (WARNING: The server did not provide any stacktrace information)
Command duration or timeout: 0 milliseconds
Build info: version: '3.7.1', revision: '8a0099a', time: '2017-11-06T21:07:36.161Z'
System info: host: 'DESKTOP-4M6R1V0', ip: '10.0.2.15', os.name: 'Windows 10', os.arch: 'amd64', os.version: '10.0', java.version: '1.8.0_181'
Driver info: com.kms.katalon.selenium.driver.CChromeDriver
Capabilities {acceptInsecureCerts: false, acceptSslCerts: false, applicationCacheEnabled: false, browserConnectionEnabled: false, browserName: chrome, chrome: {chromedriverVersion: 2.35.528161 (5b82f2d2aae0ca..., userDataDir: C:\Users\CLOUDK~1\AppData\L...}, cssSelectorsEnabled: true, databaseEnabled: false, handlesAlerts: true, hasTouchScreen: false, javascriptEnabled: true, locationContextEnabled: true, mobileEmulationEnabled: false, nativeEvents: true, networkConnectionEnabled: false, pageLoadStrategy: normal, platform: XP, platformName: XP, rotatable: false, setWindowRect: true, takesHeapSnapshot: true, takesScreenshot: true, unexpectedAlertBehaviour: , unhandledPromptBehavior: , version: 73.0.3683.103, webStorageEnabled: true}
Session ID: dc7c67ccb65e5f928fa19f8b16e4f2ce)

2019-04-24 13:30:02 - [TEST_STEP][FAILED] - click: Unable to click on object 'Object Repository/Page_KiboPush  Dashboard/span_Dashboard' (Root cause: org.openqa.selenium.WebDriverException: unknown error: Element <span class="m-menu__link-text">...</span> is not clickable at point (145, 182). Other element would receive the click: <div class="modal fade show" id="m_modal_1_2" role="dialog" aria-labelledby="exampleModalLabel" style="background: rgba(33, 37, 41, 0.6); display: block;">...</div>
  (Session info: chrome=73.0.3683.103)
  (Driver info: chromedriver=2.35.528161 (5b82f2d2aae0ca24b877009200ced9065a772e73),platform=Windows NT 10.0.17134 x86_64) (WARNING: The server did not provide any stacktrace information)
Command duration or timeout: 0 milliseconds
Build info: version: '3.7.1', revision: '8a0099a', time: '2017-11-06T21:07:36.161Z'
System info: host: 'DESKTOP-4M6R1V0', ip: '10.0.2.15', os.name: 'Windows 10', os.arch: 'amd64', os.version: '10.0', java.version: '1.8.0_181'
Driver info: com.kms.katalon.selenium.driver.CChromeDriver
Capabilities {acceptInsecureCerts: false, acceptSslCerts: false, applicationCacheEnabled: false, browserConnectionEnabled: false, browserName: chrome, chrome: {chromedriverVersion: 2.35.528161 (5b82f2d2aae0ca..., userDataDir: C:\Users\CLOUDK~1\AppData\L...}, cssSelectorsEnabled: true, databaseEnabled: false, handlesAlerts: true, hasTouchScreen: false, javascriptEnabled: true, locationContextEnabled: true, mobileEmulationEnabled: false, nativeEvents: true, networkConnectionEnabled: false, pageLoadStrategy: normal, platform: XP, platformName: XP, rotatable: false, setWindowRect: true, takesHeapSnapshot: true, takesScreenshot: true, unexpectedAlertBehaviour: , unhandledPromptBehavior: , version: 73.0.3683.103, webStorageEnabled: true}
Session ID: dc7c67ccb65e5f928fa19f8b16e4f2ce)

2019-04-24 13:30:03 - [MESSAGE][FAILED] - Unable to click on object 'Object Repository/Page_KiboPush  Dashboard/span_Dashboard' (Root cause: org.openqa.selenium.WebDriverException: unknown error: Element <span class="m-menu__link-text">...</span> is not clickable at point (145, 182). Other element would receive the click: <div class="modal fade show" id="m_modal_1_2" role="dialog" aria-labelledby="exampleModalLabel" style="background: rgba(33, 37, 41, 0.6); display: block;">...</div>
  (Session info: chrome=73.0.3683.103)
  (Driver info: chromedriver=2.35.528161 (5b82f2d2aae0ca24b877009200ced9065a772e73),platform=Windows NT 10.0.17134 x86_64) (WARNING: The server did not provide any stacktrace information)
Command duration or timeout: 0 milliseconds
Build info: version: '3.7.1', revision: '8a0099a', time: '2017-11-06T21:07:36.161Z'
System info: host: 'DESKTOP-4M6R1V0', ip: '10.0.2.15', os.name: 'Windows 10', os.arch: 'amd64', os.version: '10.0', java.version: '1.8.0_181'
Driver info: com.kms.katalon.selenium.driver.CChromeDriver
Capabilities {acceptInsecureCerts: false, acceptSslCerts: false, applicationCacheEnabled: false, browserConnectionEnabled: false, browserName: chrome, chrome: {chromedriverVersion: 2.35.528161 (5b82f2d2aae0ca..., userDataDir: C:\Users\CLOUDK~1\AppData\L...}, cssSelectorsEnabled: true, databaseEnabled: false, handlesAlerts: true, hasTouchScreen: false, javascriptEnabled: true, locationContextEnabled: true, mobileEmulationEnabled: false, nativeEvents: true, networkConnectionEnabled: false, pageLoadStrategy: normal, platform: XP, platformName: XP, rotatable: false, setWindowRect: true, takesHeapSnapshot: true, takesScreenshot: true, unexpectedAlertBehaviour: , unhandledPromptBehavior: , version: 73.0.3683.103, webStorageEnabled: true}
Session ID: dc7c67ccb65e5f928fa19f8b16e4f2ce)
[[ATTACHMENT|C:\\Users\\cloudkibo\\Desktop\\KiboPush_Automated_Testing\\KiboPush Katalon\\Reports\\subscriber\\20190424_124149\\1556094602845.png]]

2019-04-24 13:30:03 - [MESSAGE][FAILED] - Unable to call Test Case with id 'Test Cases/s-sidebar_navigation/individualAccount/Subscriber' (Root cause: Call Test Case 'Test Cases/s-sidebar_navigation/individualAccount/Subscriber' failed)

2019-04-24 13:30:03 - [MESSAGE][FAILED] - Unable to call Test Case with id 'Test Cases/Subscriber TestCases/TC0678' (Root cause: Call Test Case 'Test Cases/Subscriber TestCases/TC0678' failed)]]></system-out>
         <system-err><![CDATA[2019-04-24 13:30:02 - [TEST_CASE][FAILED] - Test Cases/Subscriber TestCases/TC0679: Test Cases/Subscriber TestCases/TC0679 FAILED because (of) Unable to click on object 'Object Repository/Page_KiboPush  Dashboard/span_Dashboard' (Root cause: org.openqa.selenium.WebDriverException: unknown error: Element <span class="m-menu__link-text">...</span> is not clickable at point (145, 182). Other element would receive the click: <div class="modal fade show" id="m_modal_1_2" role="dialog" aria-labelledby="exampleModalLabel" style="background: rgba(33, 37, 41, 0.6); display: block;">...</div>
  (Session info: chrome=73.0.3683.103)
  (Driver info: chromedriver=2.35.528161 (5b82f2d2aae0ca24b877009200ced9065a772e73),platform=Windows NT 10.0.17134 x86_64) (WARNING: The server did not provide any stacktrace information)
Command duration or timeout: 0 milliseconds
Build info: version: '3.7.1', revision: '8a0099a', time: '2017-11-06T21:07:36.161Z'
System info: host: 'DESKTOP-4M6R1V0', ip: '10.0.2.15', os.name: 'Windows 10', os.arch: 'amd64', os.version: '10.0', java.version: '1.8.0_181'
Driver info: com.kms.katalon.selenium.driver.CChromeDriver
Capabilities {acceptInsecureCerts: false, acceptSslCerts: false, applicationCacheEnabled: false, browserConnectionEnabled: false, browserName: chrome, chrome: {chromedriverVersion: 2.35.528161 (5b82f2d2aae0ca..., userDataDir: C:\Users\CLOUDK~1\AppData\L...}, cssSelectorsEnabled: true, databaseEnabled: false, handlesAlerts: true, hasTouchScreen: false, javascriptEnabled: true, locationContextEnabled: true, mobileEmulationEnabled: false, nativeEvents: true, networkConnectionEnabled: false, pageLoadStrategy: normal, platform: XP, platformName: XP, rotatable: false, setWindowRect: true, takesHeapSnapshot: true, takesScreenshot: true, unexpectedAlertBehaviour: , unhandledPromptBehavior: , version: 73.0.3683.103, webStorageEnabled: true}
Session ID: dc7c67ccb65e5f928fa19f8b16e4f2ce)]]></system-err>
      </testcase>
      <testcase name="Test Cases/Subscriber TestCases/TC0680" classname="Test Cases/Subscriber TestCases/TC0680" status="PASSED">
         <system-out><![CDATA[2019-04-24 13:30:03 - [TEST_CASE][PASSED] - Test Cases/Subscriber TestCases/TC0680: Test Cases/Subscriber TestCases/TC0680

2019-04-24 13:30:03 - [TEST_STEP][PASSED] - callTestCase: Call Test Case 'Test Cases/s-sidebar_navigation/individualAccount/arveen_production_login_kiboengage' successfully

2019-04-24 13:30:03 - [TEST_CASE][PASSED] - Test Cases/s-sidebar_navigation/individualAccount/arveen_production_login_kiboengage: Test Cases/s-sidebar_navigation/individualAccount/arveen_production_login_kiboengage

2019-04-24 13:30:03 - [TEST_STEP][PASSED] - openBrowser: Browser is opened with url: ''

2019-04-24 13:30:03 - [MESSAGE][WARNING] - A browser is already opened. Closing browser and opening a new one

2019-04-24 13:30:08 - [MESSAGE][PASSED] - Browser is opened with url: ''

2019-04-24 13:30:08 - [TEST_STEP][PASSED] - maximizeWindow: Current window maximized

2019-04-24 13:30:10 - [MESSAGE][PASSED] - Current window maximized

2019-04-24 13:30:10 - [TEST_STEP][PASSED] - navigateToUrl: Navigate to 'https://kiboengage.cloudkibo.com/' successfully

2019-04-24 13:30:25 - [MESSAGE][PASSED] - Navigate to 'https://kiboengage.cloudkibo.com/' successfully

2019-04-24 13:30:25 - [TEST_STEP][PASSED] - navigateToUrl: Navigate to 'https://accounts.cloudkibo.com/?continue=https://kiboengage.cloudkibo.com' successfully

2019-04-24 13:30:26 - [MESSAGE][PASSED] - Navigate to 'https://accounts.cloudkibo.com/?continue=https://kiboengage.cloudkibo.com' successfully

2019-04-24 13:30:26 - [TEST_STEP][PASSED] - click: Object: 'Object Repository/Page_CloudKibo/a_Login (2) (1) (1)' is clicked on

2019-04-24 13:30:27 - [MESSAGE][PASSED] - Object: 'Object Repository/Page_CloudKibo/a_Login (2) (1) (1)' is clicked on

2019-04-24 13:30:27 - [TEST_STEP][PASSED] - setText: Text 'individual@cloudkibo.com' is set on object 'Object Repository/Page_KiboPush/input_email (10) (1) (1)'

2019-04-24 13:30:27 - [MESSAGE][PASSED] - Text 'individual@cloudkibo.com' is set on object 'Object Repository/Page_KiboPush/input_email (10) (1) (1)'

2019-04-24 13:30:27 - [TEST_STEP][PASSED] - setEncryptedText: Text ****** has been set on object 'Object Repository/Page_CloudKibo/input_Sign In_password (7)'

2019-04-24 13:30:27 - [MESSAGE][PASSED] - Text ****** has been set on object 'Object Repository/Page_CloudKibo/input_Sign In_password (7)'

2019-04-24 13:30:27 - [TEST_STEP][PASSED] - click: Object: 'Object Repository/Page_KiboPush/button_Sign In (10) (1) (2)' is clicked on

2019-04-24 13:30:28 - [MESSAGE][PASSED] - Object: 'Object Repository/Page_KiboPush/button_Sign In (10) (1) (2)' is clicked on

2019-04-24 13:30:28 - [TEST_STEP][PASSED] - click: Object: 'Object Repository/Page_KiboPush  Dashboard/h3_Dashboard (57)' is clicked on

2019-04-24 13:30:43 - [MESSAGE][PASSED] - Object: 'Object Repository/Page_KiboPush  Dashboard/h3_Dashboard (57)' is clicked on

2019-04-24 13:30:43 - [TEST_STEP][PASSED] - delay: Delayed 3 second(s)

2019-04-24 13:30:46 - [MESSAGE][PASSED] - Delayed 3 second(s)

2019-04-24 13:30:46 - [TEST_STEP][PASSED] - click: Object: 'Object Repository/Page_KiboEngage  Dashboard/a_SMS (2) (1) (1) (1) (3)' is clicked on

2019-04-24 13:30:46 - [MESSAGE][PASSED] - Object: 'Object Repository/Page_KiboEngage  Dashboard/a_SMS (2) (1) (1) (1) (3)' is clicked on

2019-04-24 13:30:46 - [TEST_STEP][PASSED] - delay: Delayed 2 second(s)

2019-04-24 13:30:48 - [MESSAGE][PASSED] - Delayed 2 second(s)

2019-04-24 13:30:48 - [TEST_STEP][PASSED] - click: Object: 'Object Repository/Page_KiboEngage  Dashboard/span_Messenger (1) (1) (1) (3)' is clicked on

2019-04-24 13:30:48 - [MESSAGE][PASSED] - Object: 'Object Repository/Page_KiboEngage  Dashboard/span_Messenger (1) (1) (1) (3)' is clicked on

2019-04-24 13:30:48 - [TEST_STEP][PASSED] - delay: Delayed 2 second(s)

2019-04-24 13:30:50 - [MESSAGE][PASSED] - Delayed 2 second(s)

2019-04-24 13:30:50 - [MESSAGE][PASSED] - Call Test Case 'Test Cases/s-sidebar_navigation/individualAccount/arveen_production_login_kiboengage' successfully

2019-04-24 13:30:50 - [TEST_STEP][PASSED] - callTestCase: Call Test Case 'Test Cases/Subscriber TestCases/TC0678' successfully

2019-04-24 13:30:50 - [TEST_CASE][PASSED] - Test Cases/Subscriber TestCases/TC0678: Test Cases/Subscriber TestCases/TC0678

2019-04-24 13:30:50 - [TEST_STEP][PASSED] - callTestCase: Call Test Case 'Test Cases/s-sidebar_navigation/individualAccount/Subscriber' successfully

2019-04-24 13:30:50 - [TEST_CASE][PASSED] - Test Cases/s-sidebar_navigation/individualAccount/Subscriber: Test Cases/s-sidebar_navigation/individualAccount/Subscriber

2019-04-24 13:30:50 - [TEST_STEP][PASSED] - click: Object: 'Object Repository/Page_KiboPush  Dashboard/span_Dashboard' is clicked on

2019-04-24 13:30:50 - [MESSAGE][PASSED] - Object: 'Object Repository/Page_KiboPush  Dashboard/span_Dashboard' is clicked on

2019-04-24 13:30:50 - [TEST_STEP][PASSED] - delay: Delayed 2 second(s)

2019-04-24 13:30:52 - [MESSAGE][PASSED] - Delayed 2 second(s)

2019-04-24 13:30:52 - [TEST_STEP][PASSED] - click: Object: 'Object Repository/Page_KiboPush  Subscribers/span_Subscribers (5)' is clicked on

2019-04-24 13:30:53 - [MESSAGE][PASSED] - Object: 'Object Repository/Page_KiboPush  Subscribers/span_Subscribers (5)' is clicked on

2019-04-24 13:30:53 - [TEST_STEP][PASSED] - scrollToPosition: Browser is scrolled to position x = 0, y = 0

2019-04-24 13:30:53 - [MESSAGE][PASSED] - Browser is scrolled to position x = 0, y = 0

2019-04-24 13:30:53 - [TEST_STEP][PASSED] - click: Object: 'Object Repository/Page_KiboPush  Subscribers/h3_Manage Subscribers (1)' is clicked on

2019-04-24 13:30:53 - [MESSAGE][PASSED] - Object: 'Object Repository/Page_KiboPush  Subscribers/h3_Manage Subscribers (1)' is clicked on

2019-04-24 13:30:53 - [MESSAGE][PASSED] - Call Test Case 'Test Cases/s-sidebar_navigation/individualAccount/Subscriber' successfully

2019-04-24 13:30:53 - [TEST_STEP][PASSED] - click: Object: 'Object Repository/Page_KiboPush  Subscribers/button_Invite Subscribers' is clicked on

2019-04-24 13:30:53 - [MESSAGE][PASSED] - Object: 'Object Repository/Page_KiboPush  Subscribers/button_Invite Subscribers' is clicked on

2019-04-24 13:30:53 - [TEST_STEP][PASSED] - scrollToPosition: Browser is scrolled to position x = 0, y = 0

2019-04-24 13:30:53 - [MESSAGE][PASSED] - Browser is scrolled to position x = 0, y = 0

2019-04-24 13:30:53 - [TEST_STEP][PASSED] - click: Object: 'Object Repository/Page_KiboPush  Invite Subscribers/h3_Invite Subscribers' is clicked on

2019-04-24 13:30:53 - [MESSAGE][PASSED] - Object: 'Object Repository/Page_KiboPush  Invite Subscribers/h3_Invite Subscribers' is clicked on

2019-04-24 13:30:53 - [MESSAGE][PASSED] - Call Test Case 'Test Cases/Subscriber TestCases/TC0678' successfully

2019-04-24 13:30:53 - [TEST_STEP][PASSED] - click: Object: 'Object Repository/Page_KiboPush  Invite Subscribers/a_video tutorial' is clicked on

2019-04-24 13:30:54 - [MESSAGE][PASSED] - Object: 'Object Repository/Page_KiboPush  Invite Subscribers/a_video tutorial' is clicked on]]></system-out>
         <system-err><![CDATA[]]></system-err>
      </testcase>
      <testcase name="Test Cases/Subscriber TestCases/TC0681" classname="Test Cases/Subscriber TestCases/TC0681" status="PASSED">
         <system-out><![CDATA[2019-04-24 13:30:54 - [TEST_CASE][PASSED] - Test Cases/Subscriber TestCases/TC0681: Test Cases/Subscriber TestCases/TC0681

2019-04-24 13:30:54 - [TEST_STEP][PASSED] - callTestCase: Call Test Case 'Test Cases/Subscriber TestCases/TC0678' successfully

2019-04-24 13:30:54 - [TEST_CASE][PASSED] - Test Cases/Subscriber TestCases/TC0678: Test Cases/Subscriber TestCases/TC0678

2019-04-24 13:30:54 - [TEST_STEP][PASSED] - callTestCase: Call Test Case 'Test Cases/s-sidebar_navigation/individualAccount/Subscriber' successfully

2019-04-24 13:30:54 - [TEST_CASE][PASSED] - Test Cases/s-sidebar_navigation/individualAccount/Subscriber: Test Cases/s-sidebar_navigation/individualAccount/Subscriber

2019-04-24 13:30:54 - [TEST_STEP][PASSED] - click: Object: 'Object Repository/Page_KiboPush  Dashboard/span_Dashboard' is clicked on

2019-04-24 13:30:55 - [MESSAGE][PASSED] - Object: 'Object Repository/Page_KiboPush  Dashboard/span_Dashboard' is clicked on

2019-04-24 13:30:55 - [TEST_STEP][PASSED] - delay: Delayed 2 second(s)

2019-04-24 13:30:57 - [MESSAGE][PASSED] - Delayed 2 second(s)

2019-04-24 13:30:57 - [TEST_STEP][PASSED] - click: Object: 'Object Repository/Page_KiboPush  Subscribers/span_Subscribers (5)' is clicked on

2019-04-24 13:30:57 - [MESSAGE][PASSED] - Object: 'Object Repository/Page_KiboPush  Subscribers/span_Subscribers (5)' is clicked on

2019-04-24 13:30:57 - [TEST_STEP][PASSED] - scrollToPosition: Browser is scrolled to position x = 0, y = 0

2019-04-24 13:30:57 - [MESSAGE][PASSED] - Browser is scrolled to position x = 0, y = 0

2019-04-24 13:30:57 - [TEST_STEP][PASSED] - click: Object: 'Object Repository/Page_KiboPush  Subscribers/h3_Manage Subscribers (1)' is clicked on

2019-04-24 13:30:57 - [MESSAGE][PASSED] - Object: 'Object Repository/Page_KiboPush  Subscribers/h3_Manage Subscribers (1)' is clicked on

2019-04-24 13:30:57 - [MESSAGE][PASSED] - Call Test Case 'Test Cases/s-sidebar_navigation/individualAccount/Subscriber' successfully

2019-04-24 13:30:57 - [TEST_STEP][PASSED] - click: Object: 'Object Repository/Page_KiboPush  Subscribers/button_Invite Subscribers' is clicked on

2019-04-24 13:30:57 - [MESSAGE][PASSED] - Object: 'Object Repository/Page_KiboPush  Subscribers/button_Invite Subscribers' is clicked on

2019-04-24 13:30:57 - [TEST_STEP][PASSED] - scrollToPosition: Browser is scrolled to position x = 0, y = 0

2019-04-24 13:30:57 - [MESSAGE][PASSED] - Browser is scrolled to position x = 0, y = 0

2019-04-24 13:30:57 - [TEST_STEP][PASSED] - click: Object: 'Object Repository/Page_KiboPush  Invite Subscribers/h3_Invite Subscribers' is clicked on

2019-04-24 13:30:58 - [MESSAGE][PASSED] - Object: 'Object Repository/Page_KiboPush  Invite Subscribers/h3_Invite Subscribers' is clicked on

2019-04-24 13:30:58 - [MESSAGE][PASSED] - Call Test Case 'Test Cases/Subscriber TestCases/TC0678' successfully

2019-04-24 13:30:58 - [TEST_STEP][PASSED] - click: Object: 'Object Repository/Page_KiboPush  Invite Subscribers/h3_Invite Subscribers' is clicked on

2019-04-24 13:30:58 - [MESSAGE][PASSED] - Object: 'Object Repository/Page_KiboPush  Invite Subscribers/h3_Invite Subscribers' is clicked on

2019-04-24 13:30:58 - [TEST_STEP][PASSED] - click: Object: 'Object Repository/Page_KiboPush  Invite Subscribers/span_Share Page' is clicked on

2019-04-24 13:30:58 - [MESSAGE][PASSED] - Object: 'Object Repository/Page_KiboPush  Invite Subscribers/span_Share Page' is clicked on]]></system-out>
         <system-err><![CDATA[]]></system-err>
      </testcase>
      <testcase name="Test Cases/Subscriber TestCases/TC0682" classname="Test Cases/Subscriber TestCases/TC0682" status="PASSED">
         <system-out><![CDATA[2019-04-24 13:30:58 - [TEST_CASE][PASSED] - Test Cases/Subscriber TestCases/TC0682: Test Cases/Subscriber TestCases/TC0682

2019-04-24 13:30:58 - [TEST_STEP][PASSED] - callTestCase: Call Test Case 'Test Cases/s-sidebar_navigation/individualAccount/arveen_production_login_kiboengage' successfully

2019-04-24 13:30:58 - [TEST_CASE][PASSED] - Test Cases/s-sidebar_navigation/individualAccount/arveen_production_login_kiboengage: Test Cases/s-sidebar_navigation/individualAccount/arveen_production_login_kiboengage

2019-04-24 13:30:58 - [TEST_STEP][PASSED] - openBrowser: Browser is opened with url: ''

2019-04-24 13:30:58 - [MESSAGE][WARNING] - A browser is already opened. Closing browser and opening a new one

2019-04-24 13:31:02 - [MESSAGE][PASSED] - Browser is opened with url: ''

2019-04-24 13:31:02 - [TEST_STEP][PASSED] - maximizeWindow: Current window maximized

2019-04-24 13:31:04 - [MESSAGE][PASSED] - Current window maximized

2019-04-24 13:31:04 - [TEST_STEP][PASSED] - navigateToUrl: Navigate to 'https://kiboengage.cloudkibo.com/' successfully

2019-04-24 13:31:21 - [MESSAGE][PASSED] - Navigate to 'https://kiboengage.cloudkibo.com/' successfully

2019-04-24 13:31:21 - [TEST_STEP][PASSED] - navigateToUrl: Navigate to 'https://accounts.cloudkibo.com/?continue=https://kiboengage.cloudkibo.com' successfully

2019-04-24 13:31:22 - [MESSAGE][PASSED] - Navigate to 'https://accounts.cloudkibo.com/?continue=https://kiboengage.cloudkibo.com' successfully

2019-04-24 13:31:22 - [TEST_STEP][PASSED] - click: Object: 'Object Repository/Page_CloudKibo/a_Login (2) (1) (1)' is clicked on

2019-04-24 13:31:23 - [MESSAGE][PASSED] - Object: 'Object Repository/Page_CloudKibo/a_Login (2) (1) (1)' is clicked on

2019-04-24 13:31:23 - [TEST_STEP][PASSED] - setText: Text 'individual@cloudkibo.com' is set on object 'Object Repository/Page_KiboPush/input_email (10) (1) (1)'

2019-04-24 13:31:23 - [MESSAGE][PASSED] - Text 'individual@cloudkibo.com' is set on object 'Object Repository/Page_KiboPush/input_email (10) (1) (1)'

2019-04-24 13:31:23 - [TEST_STEP][PASSED] - setEncryptedText: Text ****** has been set on object 'Object Repository/Page_CloudKibo/input_Sign In_password (7)'

2019-04-24 13:31:24 - [MESSAGE][PASSED] - Text ****** has been set on object 'Object Repository/Page_CloudKibo/input_Sign In_password (7)'

2019-04-24 13:31:24 - [TEST_STEP][PASSED] - click: Object: 'Object Repository/Page_KiboPush/button_Sign In (10) (1) (2)' is clicked on

2019-04-24 13:31:24 - [MESSAGE][PASSED] - Object: 'Object Repository/Page_KiboPush/button_Sign In (10) (1) (2)' is clicked on

2019-04-24 13:31:24 - [TEST_STEP][PASSED] - click: Object: 'Object Repository/Page_KiboPush  Dashboard/h3_Dashboard (57)' is clicked on

2019-04-24 13:31:43 - [MESSAGE][PASSED] - Object: 'Object Repository/Page_KiboPush  Dashboard/h3_Dashboard (57)' is clicked on

2019-04-24 13:31:43 - [TEST_STEP][PASSED] - delay: Delayed 3 second(s)

2019-04-24 13:31:46 - [MESSAGE][PASSED] - Delayed 3 second(s)

2019-04-24 13:31:46 - [TEST_STEP][PASSED] - click: Object: 'Object Repository/Page_KiboEngage  Dashboard/a_SMS (2) (1) (1) (1) (3)' is clicked on

2019-04-24 13:31:46 - [MESSAGE][PASSED] - Object: 'Object Repository/Page_KiboEngage  Dashboard/a_SMS (2) (1) (1) (1) (3)' is clicked on

2019-04-24 13:31:46 - [TEST_STEP][PASSED] - delay: Delayed 2 second(s)

2019-04-24 13:31:48 - [MESSAGE][PASSED] - Delayed 2 second(s)

2019-04-24 13:31:48 - [TEST_STEP][PASSED] - click: Object: 'Object Repository/Page_KiboEngage  Dashboard/span_Messenger (1) (1) (1) (3)' is clicked on

2019-04-24 13:31:48 - [MESSAGE][PASSED] - Object: 'Object Repository/Page_KiboEngage  Dashboard/span_Messenger (1) (1) (1) (3)' is clicked on

2019-04-24 13:31:48 - [TEST_STEP][PASSED] - delay: Delayed 2 second(s)

2019-04-24 13:31:50 - [MESSAGE][PASSED] - Delayed 2 second(s)

2019-04-24 13:31:50 - [MESSAGE][PASSED] - Call Test Case 'Test Cases/s-sidebar_navigation/individualAccount/arveen_production_login_kiboengage' successfully

2019-04-24 13:31:50 - [TEST_STEP][PASSED] - callTestCase: Call Test Case 'Test Cases/Subscriber TestCases/TC0678' successfully

2019-04-24 13:31:50 - [TEST_CASE][PASSED] - Test Cases/Subscriber TestCases/TC0678: Test Cases/Subscriber TestCases/TC0678

2019-04-24 13:31:50 - [TEST_STEP][PASSED] - callTestCase: Call Test Case 'Test Cases/s-sidebar_navigation/individualAccount/Subscriber' successfully

2019-04-24 13:31:50 - [TEST_CASE][PASSED] - Test Cases/s-sidebar_navigation/individualAccount/Subscriber: Test Cases/s-sidebar_navigation/individualAccount/Subscriber

2019-04-24 13:31:50 - [TEST_STEP][PASSED] - click: Object: 'Object Repository/Page_KiboPush  Dashboard/span_Dashboard' is clicked on

2019-04-24 13:31:51 - [MESSAGE][PASSED] - Object: 'Object Repository/Page_KiboPush  Dashboard/span_Dashboard' is clicked on

2019-04-24 13:31:51 - [TEST_STEP][PASSED] - delay: Delayed 2 second(s)

2019-04-24 13:31:53 - [MESSAGE][PASSED] - Delayed 2 second(s)

2019-04-24 13:31:53 - [TEST_STEP][PASSED] - click: Object: 'Object Repository/Page_KiboPush  Subscribers/span_Subscribers (5)' is clicked on

2019-04-24 13:31:53 - [MESSAGE][PASSED] - Object: 'Object Repository/Page_KiboPush  Subscribers/span_Subscribers (5)' is clicked on

2019-04-24 13:31:53 - [TEST_STEP][PASSED] - scrollToPosition: Browser is scrolled to position x = 0, y = 0

2019-04-24 13:31:53 - [MESSAGE][PASSED] - Browser is scrolled to position x = 0, y = 0

2019-04-24 13:31:53 - [TEST_STEP][PASSED] - click: Object: 'Object Repository/Page_KiboPush  Subscribers/h3_Manage Subscribers (1)' is clicked on

2019-04-24 13:31:53 - [MESSAGE][PASSED] - Object: 'Object Repository/Page_KiboPush  Subscribers/h3_Manage Subscribers (1)' is clicked on

2019-04-24 13:31:53 - [MESSAGE][PASSED] - Call Test Case 'Test Cases/s-sidebar_navigation/individualAccount/Subscriber' successfully

2019-04-24 13:31:53 - [TEST_STEP][PASSED] - click: Object: 'Object Repository/Page_KiboPush  Subscribers/button_Invite Subscribers' is clicked on

2019-04-24 13:31:54 - [MESSAGE][PASSED] - Object: 'Object Repository/Page_KiboPush  Subscribers/button_Invite Subscribers' is clicked on

2019-04-24 13:31:54 - [TEST_STEP][PASSED] - scrollToPosition: Browser is scrolled to position x = 0, y = 0

2019-04-24 13:31:54 - [MESSAGE][PASSED] - Browser is scrolled to position x = 0, y = 0

2019-04-24 13:31:54 - [TEST_STEP][PASSED] - click: Object: 'Object Repository/Page_KiboPush  Invite Subscribers/h3_Invite Subscribers' is clicked on

2019-04-24 13:31:54 - [MESSAGE][PASSED] - Object: 'Object Repository/Page_KiboPush  Invite Subscribers/h3_Invite Subscribers' is clicked on

2019-04-24 13:31:54 - [MESSAGE][PASSED] - Call Test Case 'Test Cases/Subscriber TestCases/TC0678' successfully

2019-04-24 13:31:54 - [TEST_STEP][PASSED] - click: Object: 'Object Repository/Page_KiboPush  Invite Subscribers/h3_Invite Subscribers (2)' is clicked on

2019-04-24 13:31:54 - [MESSAGE][PASSED] - Object: 'Object Repository/Page_KiboPush  Invite Subscribers/h3_Invite Subscribers (2)' is clicked on

2019-04-24 13:31:54 - [TEST_STEP][PASSED] - click: Object: 'Object Repository/Page_KiboPush  Invite Subscribers/button_Copy Link (1)' is clicked on

2019-04-24 13:31:54 - [MESSAGE][PASSED] - Object: 'Object Repository/Page_KiboPush  Invite Subscribers/button_Copy Link (1)' is clicked on

2019-04-24 13:31:54 - [TEST_STEP][PASSED] - click: Object: 'Object Repository/Page_KiboPush  Invite Subscribers/div_Link Copied Successfully' is clicked on

2019-04-24 13:31:55 - [MESSAGE][PASSED] - Object: 'Object Repository/Page_KiboPush  Invite Subscribers/div_Link Copied Successfully' is clicked on]]></system-out>
         <system-err><![CDATA[]]></system-err>
      </testcase>
      <system-out><![CDATA[2019-04-24 13:25:54 - [TEST_SUITE][FAILED] - subscriber: Test Cases/Subscriber TestCases/TC0651 FAILED because (of) Unable to click on object (Root cause: java.lang.IllegalArgumentException: Object is null)]]></system-out>
      <system-err><![CDATA[2019-04-24 13:25:54 - [TEST_SUITE][FAILED] - subscriber: Test Cases/Subscriber TestCases/TC0651 FAILED because (of) Unable to click on object (Root cause: java.lang.IllegalArgumentException: Object is null)]]></system-err>
   </testsuite>
</testsuites>
