<?xml version="1.0" encoding="UTF-8"?>
<testsuites name="ManagePages" time="138" tests="14" failures="2" errors="0">
   <testsuite name="ManagePages" tests="14" failures="2" errors="0" time="138" timestamp="2019-04-21 02:09:54" hostname="faizan - faizan-HP-EliteBook-850-G2" id="Test Suites/Faizan Suits/ManagePages">
      <properties>
         <property name="deviceName" value=""/>
         <property name="devicePlatform" value=""/>
         <property name="logFolder" value="/home/faizan/Drive/KiboPush_Automated_Testing/KiboPush Katalon/Reports/Faizan Suits/ManagePages/20190421_020946"/>
         <property name="logFiles" value="/home/faizan/Drive/KiboPush_Automated_Testing/KiboPush Katalon/Reports/Faizan Suits/ManagePages/20190421_020946/execution0.log"/>
         <property name="attachments" value=""/>
         <property name="hostName" value="faizan - faizan-HP-EliteBook-850-G2"/>
         <property name="os" value="Linux 64bit"/>
         <property name="katalonVersion" value="6.1.2.2"/>
         <property name="browser" value="Chrome 73.0.3683.103"/>
         <property name="hostAddress" value="127.0.1.1"/>
         <property name="sessionId" value="46c78888ac415f8dfe5680067cac39f1"/>
         <property name="seleniumVersion" value="3.7.1"/>
         <property name="proxyInformation" value="ProxyInformation{proxyOption=NO_PROXY, proxyServerType=HTTP, password=, proxyServerAddress=, proxyServerPort=0}"/>
         <property name="platform" value="Linux"/>
      </properties>
      <testcase name="Test Cases/s-sidebar_navigation/individualAccount/Faizan_production_login_kiboengage" classname="Test Cases/s-sidebar_navigation/individualAccount/Faizan_production_login_kiboengage" status="PASSED">
         <system-out><![CDATA[2019-04-21 02:09:54 - [TEST_CASE][PASSED] - Test Cases/s-sidebar_navigation/individualAccount/Faizan_production_login_kiboengage: Test Cases/s-sidebar_navigation/individualAccount/Faizan_production_login_kiboengage

2019-04-21 02:09:55 - [TEST_STEP][PASSED] - openBrowser(""): Browser is opened with url: ''

2019-04-21 02:09:55 - [MESSAGE][INFO] - Starting 'Chrome' driver

2019-04-21 02:09:55 - [MESSAGE][INFO] - User set preference: ['args', '[--no-sandbox]']

2019-04-21 02:09:55 - [MESSAGE][INFO] - Action delay is set to 0 seconds

2019-04-21 02:10:07 - [MESSAGE][PASSED] - Browser is opened with url: ''

2019-04-21 02:10:07 - [TEST_STEP][PASSED] - maximizeWindow(): Current window maximized

2019-04-21 02:10:08 - [MESSAGE][PASSED] - Current window maximized

2019-04-21 02:10:08 - [TEST_STEP][PASSED] - navigateToUrl("https://kiboengage.cloudkibo.com/"): Navigate to 'https://kiboengage.cloudkibo.com/' successfully

2019-04-21 02:10:18 - [MESSAGE][PASSED] - Navigate to 'https://kiboengage.cloudkibo.com/' successfully

2019-04-21 02:10:18 - [TEST_STEP][PASSED] - navigateToUrl("https://accounts.cloudkibo.com/?continue=https://kiboengage.cloudkibo.com"): Navigate to 'https://accounts.cloudkibo.com/?continue=https://kiboengage.cloudkibo.com' successfully

2019-04-21 02:10:19 - [MESSAGE][PASSED] - Navigate to 'https://accounts.cloudkibo.com/?continue=https://kiboengage.cloudkibo.com' successfully

2019-04-21 02:10:19 - [TEST_STEP][PASSED] - click(findTestObject("Page_CloudKibo/a_Login (2) (1) (1)")): Object: 'Object Repository/Page_CloudKibo/a_Login (2) (1) (1)' is clicked on

2019-04-21 02:10:20 - [MESSAGE][PASSED] - Object: 'Object Repository/Page_CloudKibo/a_Login (2) (1) (1)' is clicked on

2019-04-21 02:10:20 - [TEST_STEP][PASSED] - setText(findTestObject("Page_KiboPush/input_email (10) (1) (1)"), "faizan@cloudkibo.com"): Text 'faizan@cloudkibo.com' is set on object 'Object Repository/Page_KiboPush/input_email (10) (1) (1)'

2019-04-21 02:10:20 - [MESSAGE][PASSED] - Text 'faizan@cloudkibo.com' is set on object 'Object Repository/Page_KiboPush/input_email (10) (1) (1)'

2019-04-21 02:10:20 - [TEST_STEP][PASSED] - setEncryptedText(findTestObject("Page_CloudKibo/input_Sign In_password (7)"), "qeJ0sjJnwEs="): Text ****** has been set on object 'Object Repository/Page_CloudKibo/input_Sign In_password (7)'

2019-04-21 02:10:20 - [MESSAGE][PASSED] - Text ****** has been set on object 'Object Repository/Page_CloudKibo/input_Sign In_password (7)'

2019-04-21 02:10:20 - [TEST_STEP][PASSED] - click(findTestObject("Page_KiboPush/button_Sign In (10) (1) (2)")): Object: 'Object Repository/Page_KiboPush/button_Sign In (10) (1) (2)' is clicked on

2019-04-21 02:10:21 - [MESSAGE][PASSED] - Object: 'Object Repository/Page_KiboPush/button_Sign In (10) (1) (2)' is clicked on

2019-04-21 02:10:21 - [TEST_STEP][PASSED] - navigateToUrl("https://kiboengage.cloudkibo.com/dashboard"): Navigate to 'https://kiboengage.cloudkibo.com/dashboard' successfully

2019-04-21 02:10:49 - [MESSAGE][PASSED] - Navigate to 'https://kiboengage.cloudkibo.com/dashboard' successfully

2019-04-21 02:10:49 - [TEST_STEP][PASSED] - click(findTestObject("Page_KiboPush  Dashboard/h3_Dashboard (57)")): Object: 'Object Repository/Page_KiboPush  Dashboard/h3_Dashboard (57)' is clicked on

2019-04-21 02:10:49 - [MESSAGE][PASSED] - Object: 'Object Repository/Page_KiboPush  Dashboard/h3_Dashboard (57)' is clicked on

2019-04-21 02:10:49 - [TEST_STEP][PASSED] - delay(3): Delayed 3 second(s)

2019-04-21 02:10:52 - [MESSAGE][PASSED] - Delayed 3 second(s)

2019-04-21 02:10:52 - [TEST_STEP][PASSED] - click(findTestObject("Page_KiboEngage  Dashboard/a_SMS (2) (1) (1) (1) (3)")): Object: 'Object Repository/Page_KiboEngage  Dashboard/a_SMS (2) (1) (1) (1) (3)' is clicked on

2019-04-21 02:10:52 - [MESSAGE][PASSED] - Object: 'Object Repository/Page_KiboEngage  Dashboard/a_SMS (2) (1) (1) (1) (3)' is clicked on

2019-04-21 02:10:52 - [TEST_STEP][PASSED] - click(findTestObject("Page_KiboEngage  Dashboard/span_Messenger (1) (1) (1) (3)")): Object: 'Object Repository/Page_KiboEngage  Dashboard/span_Messenger (1) (1) (1) (3)' is clicked on

2019-04-21 02:10:52 - [MESSAGE][PASSED] - Object: 'Object Repository/Page_KiboEngage  Dashboard/span_Messenger (1) (1) (1) (3)' is clicked on]]></system-out>
         <system-err><![CDATA[]]></system-err>
      </testcase>
      <testcase name="Test Cases/Welcome messages/open Manage Pages" classname="Test Cases/Welcome messages/open Manage Pages" status="PASSED">
         <system-out><![CDATA[2019-04-21 02:10:52 - [TEST_CASE][PASSED] - Test Cases/Welcome messages/open Manage Pages: Test Cases/Welcome messages/open Manage Pages

2019-04-21 02:10:53 - [TEST_STEP][PASSED] - click(findTestObject("Page_KiboPush  Dashboard/span_Manage Pages")): Object: 'Object Repository/Page_KiboPush  Dashboard/span_Manage Pages' is clicked on

2019-04-21 02:10:53 - [MESSAGE][PASSED] - Object: 'Object Repository/Page_KiboPush  Dashboard/span_Manage Pages' is clicked on

2019-04-21 02:10:53 - [TEST_STEP][PASSED] - delay(1): Delayed 1 second(s)

2019-04-21 02:10:54 - [MESSAGE][PASSED] - Delayed 1 second(s)]]></system-out>
         <system-err><![CDATA[]]></system-err>
      </testcase>
      <testcase name="Test Cases/Manage Pages TestCases/TC0402" classname="Test Cases/Manage Pages TestCases/TC0402" status="PASSED">
         <system-out><![CDATA[2019-04-21 02:10:54 - [TEST_CASE][PASSED] - Test Cases/Manage Pages TestCases/TC0402: Test Cases/Manage Pages TestCases/TC0402

2019-04-21 02:10:54 - [TEST_STEP][PASSED] - callTestCase(findTestCase("s-sidebar_navigation/individualAccount/Pages"), [:], STOP_ON_FAILURE): Call Test Case 'Test Cases/s-sidebar_navigation/individualAccount/Pages' successfully

2019-04-21 02:10:54 - [TEST_CASE][PASSED] - Test Cases/s-sidebar_navigation/individualAccount/Pages: Test Cases/s-sidebar_navigation/individualAccount/Pages

2019-04-21 02:10:54 - [TEST_STEP][PASSED] - click(findTestObject("Object Repository/Page_KiboEngage  Welcome Message/span_Persistent Menu")): Object: 'Object Repository/Page_KiboEngage  Welcome Message/span_Persistent Menu' is clicked on

2019-04-21 02:10:54 - [MESSAGE][PASSED] - Object: 'Object Repository/Page_KiboEngage  Welcome Message/span_Persistent Menu' is clicked on

2019-04-21 02:10:54 - [TEST_STEP][PASSED] - delay(1): Delayed 1 second(s)

2019-04-21 02:10:55 - [MESSAGE][PASSED] - Delayed 1 second(s)

2019-04-21 02:10:55 - [TEST_STEP][PASSED] - click(findTestObject("Page_KiboPush  Dashboard/span_Pages")): Object: 'Object Repository/Page_KiboPush  Dashboard/span_Pages' is clicked on

2019-04-21 02:10:56 - [MESSAGE][PASSED] - Object: 'Object Repository/Page_KiboPush  Dashboard/span_Pages' is clicked on

2019-04-21 02:10:56 - [TEST_STEP][PASSED] - delay(1): Delayed 1 second(s)

2019-04-21 02:10:57 - [MESSAGE][PASSED] - Delayed 1 second(s)

2019-04-21 02:10:57 - [MESSAGE][PASSED] - Call Test Case 'Test Cases/s-sidebar_navigation/individualAccount/Pages' successfully

2019-04-21 02:10:57 - [TEST_STEP][PASSED] - click(findTestObject("Page_KiboPush  Dashboard/a_documentation (1)")): Object: 'Object Repository/Page_KiboPush  Dashboard/a_documentation (1)' is clicked on

2019-04-21 02:10:57 - [MESSAGE][PASSED] - Object: 'Object Repository/Page_KiboPush  Dashboard/a_documentation (1)' is clicked on]]></system-out>
         <system-err><![CDATA[]]></system-err>
      </testcase>
      <testcase name="Test Cases/Manage Pages TestCases/TC0403" classname="Test Cases/Manage Pages TestCases/TC0403" status="PASSED">
         <system-out><![CDATA[2019-04-21 02:10:57 - [TEST_CASE][PASSED] - Test Cases/Manage Pages TestCases/TC0403: Test Cases/Manage Pages TestCases/TC0403

2019-04-21 02:10:57 - [TEST_STEP][PASSED] - callTestCase(findTestCase("s-sidebar_navigation/individualAccount/Pages"), [:], STOP_ON_FAILURE): Call Test Case 'Test Cases/s-sidebar_navigation/individualAccount/Pages' successfully

2019-04-21 02:10:57 - [TEST_CASE][PASSED] - Test Cases/s-sidebar_navigation/individualAccount/Pages: Test Cases/s-sidebar_navigation/individualAccount/Pages

2019-04-21 02:10:57 - [TEST_STEP][PASSED] - click(findTestObject("Object Repository/Page_KiboEngage  Welcome Message/span_Persistent Menu")): Object: 'Object Repository/Page_KiboEngage  Welcome Message/span_Persistent Menu' is clicked on

2019-04-21 02:10:57 - [MESSAGE][PASSED] - Object: 'Object Repository/Page_KiboEngage  Welcome Message/span_Persistent Menu' is clicked on

2019-04-21 02:10:57 - [TEST_STEP][PASSED] - delay(1): Delayed 1 second(s)

2019-04-21 02:10:58 - [MESSAGE][PASSED] - Delayed 1 second(s)

2019-04-21 02:10:58 - [TEST_STEP][PASSED] - click(findTestObject("Page_KiboPush  Dashboard/span_Pages")): Object: 'Object Repository/Page_KiboPush  Dashboard/span_Pages' is clicked on

2019-04-21 02:10:58 - [MESSAGE][PASSED] - Object: 'Object Repository/Page_KiboPush  Dashboard/span_Pages' is clicked on

2019-04-21 02:10:58 - [TEST_STEP][PASSED] - delay(1): Delayed 1 second(s)

2019-04-21 02:10:59 - [MESSAGE][PASSED] - Delayed 1 second(s)

2019-04-21 02:10:59 - [MESSAGE][PASSED] - Call Test Case 'Test Cases/s-sidebar_navigation/individualAccount/Pages' successfully

2019-04-21 02:10:59 - [TEST_STEP][PASSED] - click(findTestObject("Page_KiboPush  Dashboard/a_video tutorial (1) (1)")): Object: 'Object Repository/Page_KiboPush  Dashboard/a_video tutorial (1) (1)' is clicked on

2019-04-21 02:11:00 - [MESSAGE][PASSED] - Object: 'Object Repository/Page_KiboPush  Dashboard/a_video tutorial (1) (1)' is clicked on]]></system-out>
         <system-err><![CDATA[]]></system-err>
      </testcase>
      <testcase name="Test Cases/Manage Pages TestCases/TC0404" classname="Test Cases/Manage Pages TestCases/TC0404" status="PASSED">
         <system-out><![CDATA[2019-04-21 02:11:00 - [TEST_CASE][PASSED] - Test Cases/Manage Pages TestCases/TC0404: Test Cases/Manage Pages TestCases/TC0404

2019-04-21 02:11:00 - [TEST_STEP][PASSED] - callTestCase(findTestCase("s-sidebar_navigation/individualAccount/Pages"), [:], STOP_ON_FAILURE): Call Test Case 'Test Cases/s-sidebar_navigation/individualAccount/Pages' successfully

2019-04-21 02:11:00 - [TEST_CASE][PASSED] - Test Cases/s-sidebar_navigation/individualAccount/Pages: Test Cases/s-sidebar_navigation/individualAccount/Pages

2019-04-21 02:11:00 - [TEST_STEP][PASSED] - click(findTestObject("Object Repository/Page_KiboEngage  Welcome Message/span_Persistent Menu")): Object: 'Object Repository/Page_KiboEngage  Welcome Message/span_Persistent Menu' is clicked on

2019-04-21 02:11:01 - [MESSAGE][PASSED] - Object: 'Object Repository/Page_KiboEngage  Welcome Message/span_Persistent Menu' is clicked on

2019-04-21 02:11:01 - [TEST_STEP][PASSED] - delay(1): Delayed 1 second(s)

2019-04-21 02:11:02 - [MESSAGE][PASSED] - Delayed 1 second(s)

2019-04-21 02:11:02 - [TEST_STEP][PASSED] - click(findTestObject("Page_KiboPush  Dashboard/span_Pages")): Object: 'Object Repository/Page_KiboPush  Dashboard/span_Pages' is clicked on

2019-04-21 02:11:02 - [MESSAGE][PASSED] - Object: 'Object Repository/Page_KiboPush  Dashboard/span_Pages' is clicked on

2019-04-21 02:11:02 - [TEST_STEP][PASSED] - delay(1): Delayed 1 second(s)

2019-04-21 02:11:03 - [MESSAGE][PASSED] - Delayed 1 second(s)

2019-04-21 02:11:03 - [MESSAGE][PASSED] - Call Test Case 'Test Cases/s-sidebar_navigation/individualAccount/Pages' successfully

2019-04-21 02:11:03 - [TEST_STEP][PASSED] - delay(2): Delayed 2 second(s)

2019-04-21 02:11:05 - [MESSAGE][PASSED] - Delayed 2 second(s)

2019-04-21 02:11:05 - [TEST_STEP][PASSED] - driver = getWebDriver(): null

2019-04-21 02:11:05 - [TEST_STEP][PASSED] - Table = driver.findElements(By.xpath("//table/tbody/tr")): null

2019-04-21 02:11:05 - [TEST_STEP][PASSED] - verifyGreaterThanOrEqual(Table.size(), 1): Actual number '3' is greater than or equal to expected number '1'

2019-04-21 02:11:05 - [MESSAGE][PASSED] - Actual number '3' is greater than or equal to expected number '1'

2019-04-21 02:11:05 - [TEST_STEP][PASSED] - println(Table.size()): null]]></system-out>
         <system-err><![CDATA[]]></system-err>
      </testcase>
      <testcase name="Test Cases/Manage Pages TestCases/TC0405" classname="Test Cases/Manage Pages TestCases/TC0405" status="FAILED">
         <failure type="FAILED" message="Test Cases/Manage Pages TestCases/TC0405 FAILED.
Reason:
com.kms.katalon.core.exception.StepFailedException: Actual number '0' is NOT greater than or equal to expected number '1'
	at com.kms.katalon.core.keyword.builtin.VerifyGreaterThanOrEqualKeyword$_verifyGreaterThanOrEqual_closure1.doCall(VerifyGreaterThanOrEqualKeyword.groovy:54)
	at com.kms.katalon.core.keyword.builtin.VerifyGreaterThanOrEqualKeyword$_verifyGreaterThanOrEqual_closure1.call(VerifyGreaterThanOrEqualKeyword.groovy)
	at com.kms.katalon.core.keyword.internal.KeywordMain.runKeyword(KeywordMain.groovy:66)
	at com.kms.katalon.core.keyword.builtin.VerifyGreaterThanOrEqualKeyword.verifyGreaterThanOrEqual(VerifyGreaterThanOrEqualKeyword.groovy:57)
	at com.kms.katalon.core.keyword.builtin.VerifyGreaterThanOrEqualKeyword.execute(VerifyGreaterThanOrEqualKeyword.groovy:44)
	at com.kms.katalon.core.keyword.internal.KeywordExecutor.executeKeywordForPlatform(KeywordExecutor.groovy:56)
	at com.kms.katalon.core.keyword.BuiltinKeywords.verifyGreaterThanOrEqual(BuiltinKeywords.groovy:230)
	at TC0405.run(TC0405:38)
	at com.kms.katalon.core.main.ScriptEngine.run(ScriptEngine.java:194)
	at com.kms.katalon.core.main.ScriptEngine.runScriptAsRawText(ScriptEngine.java:119)
	at com.kms.katalon.core.main.TestCaseExecutor.runScript(TestCaseExecutor.java:336)
	at com.kms.katalon.core.main.TestCaseExecutor.doExecute(TestCaseExecutor.java:327)
	at com.kms.katalon.core.main.TestCaseExecutor.processExecutionPhase(TestCaseExecutor.java:306)
	at com.kms.katalon.core.main.TestCaseExecutor.accessMainPhase(TestCaseExecutor.java:298)
	at com.kms.katalon.core.main.TestCaseExecutor.execute(TestCaseExecutor.java:232)
	at com.kms.katalon.core.main.TestSuiteExecutor.accessTestCaseMainPhase(TestSuiteExecutor.java:129)
	at com.kms.katalon.core.main.TestSuiteExecutor.accessTestSuiteMainPhase(TestSuiteExecutor.java:112)
	at com.kms.katalon.core.main.TestSuiteExecutor.execute(TestSuiteExecutor.java:81)
	at com.kms.katalon.core.main.TestCaseMain.startTestSuite(TestCaseMain.java:157)
	at com.kms.katalon.core.main.TestCaseMain$startTestSuite$0.call(Unknown Source)
	at TempTestSuite1555794587004.run(TempTestSuite1555794587004.groovy:35)
"/>
         <system-out><![CDATA[2019-04-21 02:11:05 - [TEST_CASE][FAILED] - Test Cases/Manage Pages TestCases/TC0405: Test Cases/Manage Pages TestCases/TC0405 FAILED.
Reason:
com.kms.katalon.core.exception.StepFailedException: Actual number '0' is NOT greater than or equal to expected number '1'
	at com.kms.katalon.core.keyword.builtin.VerifyGreaterThanOrEqualKeyword$_verifyGreaterThanOrEqual_closure1.doCall(VerifyGreaterThanOrEqualKeyword.groovy:54)
	at com.kms.katalon.core.keyword.builtin.VerifyGreaterThanOrEqualKeyword$_verifyGreaterThanOrEqual_closure1.call(VerifyGreaterThanOrEqualKeyword.groovy)
	at com.kms.katalon.core.keyword.internal.KeywordMain.runKeyword(KeywordMain.groovy:66)
	at com.kms.katalon.core.keyword.builtin.VerifyGreaterThanOrEqualKeyword.verifyGreaterThanOrEqual(VerifyGreaterThanOrEqualKeyword.groovy:57)
	at com.kms.katalon.core.keyword.builtin.VerifyGreaterThanOrEqualKeyword.execute(VerifyGreaterThanOrEqualKeyword.groovy:44)
	at com.kms.katalon.core.keyword.internal.KeywordExecutor.executeKeywordForPlatform(KeywordExecutor.groovy:56)
	at com.kms.katalon.core.keyword.BuiltinKeywords.verifyGreaterThanOrEqual(BuiltinKeywords.groovy:230)
	at TC0405.run(TC0405:38)
	at com.kms.katalon.core.main.ScriptEngine.run(ScriptEngine.java:194)
	at com.kms.katalon.core.main.ScriptEngine.runScriptAsRawText(ScriptEngine.java:119)
	at com.kms.katalon.core.main.TestCaseExecutor.runScript(TestCaseExecutor.java:336)
	at com.kms.katalon.core.main.TestCaseExecutor.doExecute(TestCaseExecutor.java:327)
	at com.kms.katalon.core.main.TestCaseExecutor.processExecutionPhase(TestCaseExecutor.java:306)
	at com.kms.katalon.core.main.TestCaseExecutor.accessMainPhase(TestCaseExecutor.java:298)
	at com.kms.katalon.core.main.TestCaseExecutor.execute(TestCaseExecutor.java:232)
	at com.kms.katalon.core.main.TestSuiteExecutor.accessTestCaseMainPhase(TestSuiteExecutor.java:129)
	at com.kms.katalon.core.main.TestSuiteExecutor.accessTestSuiteMainPhase(TestSuiteExecutor.java:112)
	at com.kms.katalon.core.main.TestSuiteExecutor.execute(TestSuiteExecutor.java:81)
	at com.kms.katalon.core.main.TestCaseMain.startTestSuite(TestCaseMain.java:157)
	at com.kms.katalon.core.main.TestCaseMain$startTestSuite$0.call(Unknown Source)
	at TempTestSuite1555794587004.run(TempTestSuite1555794587004.groovy:35)


2019-04-21 02:11:05 - [TEST_STEP][PASSED] - callTestCase(findTestCase("s-sidebar_navigation/individualAccount/Pages"), [:], STOP_ON_FAILURE): Call Test Case 'Test Cases/s-sidebar_navigation/individualAccount/Pages' successfully

2019-04-21 02:11:05 - [TEST_CASE][PASSED] - Test Cases/s-sidebar_navigation/individualAccount/Pages: Test Cases/s-sidebar_navigation/individualAccount/Pages

2019-04-21 02:11:05 - [TEST_STEP][PASSED] - click(findTestObject("Object Repository/Page_KiboEngage  Welcome Message/span_Persistent Menu")): Object: 'Object Repository/Page_KiboEngage  Welcome Message/span_Persistent Menu' is clicked on

2019-04-21 02:11:06 - [MESSAGE][PASSED] - Object: 'Object Repository/Page_KiboEngage  Welcome Message/span_Persistent Menu' is clicked on

2019-04-21 02:11:06 - [TEST_STEP][PASSED] - delay(1): Delayed 1 second(s)

2019-04-21 02:11:07 - [MESSAGE][PASSED] - Delayed 1 second(s)

2019-04-21 02:11:07 - [TEST_STEP][PASSED] - click(findTestObject("Page_KiboPush  Dashboard/span_Pages")): Object: 'Object Repository/Page_KiboPush  Dashboard/span_Pages' is clicked on

2019-04-21 02:11:07 - [MESSAGE][PASSED] - Object: 'Object Repository/Page_KiboPush  Dashboard/span_Pages' is clicked on

2019-04-21 02:11:07 - [TEST_STEP][PASSED] - delay(1): Delayed 1 second(s)

2019-04-21 02:11:08 - [MESSAGE][PASSED] - Delayed 1 second(s)

2019-04-21 02:11:08 - [MESSAGE][PASSED] - Call Test Case 'Test Cases/s-sidebar_navigation/individualAccount/Pages' successfully

2019-04-21 02:11:08 - [TEST_STEP][PASSED] - setText(findTestObject("Object Repository/Page_KiboEngage  Page/input_generalSearch"), "production new"): Text 'production new' is set on object 'Object Repository/Page_KiboEngage  Page/input_generalSearch'

2019-04-21 02:11:09 - [MESSAGE][PASSED] - Text 'production new' is set on object 'Object Repository/Page_KiboEngage  Page/input_generalSearch'

2019-04-21 02:11:09 - [TEST_STEP][PASSED] - delay(2): Delayed 2 second(s)

2019-04-21 02:11:11 - [MESSAGE][PASSED] - Delayed 2 second(s)

2019-04-21 02:11:11 - [TEST_STEP][PASSED] - driver = getWebDriver(): null

2019-04-21 02:11:11 - [TEST_STEP][PASSED] - Table = driver.findElements(By.xpath("//table/tbody/tr")): null

2019-04-21 02:11:11 - [TEST_STEP][FAILED] - verifyGreaterThanOrEqual(Table.size(), 1): Unable to verify actual number '0' greater than or equal with expected number '1' (Root cause: com.kms.katalon.core.exception.StepFailedException: Actual number '0' is NOT greater than or equal to expected number '1'
	at com.kms.katalon.core.keyword.builtin.VerifyGreaterThanOrEqualKeyword$_verifyGreaterThanOrEqual_closure1.doCall(VerifyGreaterThanOrEqualKeyword.groovy:54)
	at com.kms.katalon.core.keyword.builtin.VerifyGreaterThanOrEqualKeyword$_verifyGreaterThanOrEqual_closure1.call(VerifyGreaterThanOrEqualKeyword.groovy)
	at com.kms.katalon.core.keyword.internal.KeywordMain.runKeyword(KeywordMain.groovy:66)
	at com.kms.katalon.core.keyword.builtin.VerifyGreaterThanOrEqualKeyword.verifyGreaterThanOrEqual(VerifyGreaterThanOrEqualKeyword.groovy:57)
	at com.kms.katalon.core.keyword.builtin.VerifyGreaterThanOrEqualKeyword.execute(VerifyGreaterThanOrEqualKeyword.groovy:44)
	at com.kms.katalon.core.keyword.internal.KeywordExecutor.executeKeywordForPlatform(KeywordExecutor.groovy:56)
	at com.kms.katalon.core.keyword.BuiltinKeywords.verifyGreaterThanOrEqual(BuiltinKeywords.groovy:230)
	at TC0405.run(TC0405:38)
	at com.kms.katalon.core.main.ScriptEngine.run(ScriptEngine.java:194)
	at com.kms.katalon.core.main.ScriptEngine.runScriptAsRawText(ScriptEngine.java:119)
	at com.kms.katalon.core.main.TestCaseExecutor.runScript(TestCaseExecutor.java:336)
	at com.kms.katalon.core.main.TestCaseExecutor.doExecute(TestCaseExecutor.java:327)
	at com.kms.katalon.core.main.TestCaseExecutor.processExecutionPhase(TestCaseExecutor.java:306)
	at com.kms.katalon.core.main.TestCaseExecutor.accessMainPhase(TestCaseExecutor.java:298)
	at com.kms.katalon.core.main.TestCaseExecutor.execute(TestCaseExecutor.java:232)
	at com.kms.katalon.core.main.TestSuiteExecutor.accessTestCaseMainPhase(TestSuiteExecutor.java:129)
	at com.kms.katalon.core.main.TestSuiteExecutor.accessTestSuiteMainPhase(TestSuiteExecutor.java:112)
	at com.kms.katalon.core.main.TestSuiteExecutor.execute(TestSuiteExecutor.java:81)
	at com.kms.katalon.core.main.TestCaseMain.startTestSuite(TestCaseMain.java:157)
	at com.kms.katalon.core.main.TestCaseMain$startTestSuite$0.call(Unknown Source)
	at TempTestSuite1555794587004.run(TempTestSuite1555794587004.groovy:35)
)

2019-04-21 02:11:11 - [MESSAGE][FAILED] - Unable to verify actual number '0' greater than or equal with expected number '1' (Root cause: com.kms.katalon.core.exception.StepFailedException: Actual number '0' is NOT greater than or equal to expected number '1'
	at com.kms.katalon.core.keyword.builtin.VerifyGreaterThanOrEqualKeyword$_verifyGreaterThanOrEqual_closure1.doCall(VerifyGreaterThanOrEqualKeyword.groovy:54)
	at com.kms.katalon.core.keyword.builtin.VerifyGreaterThanOrEqualKeyword$_verifyGreaterThanOrEqual_closure1.call(VerifyGreaterThanOrEqualKeyword.groovy)
	at com.kms.katalon.core.keyword.internal.KeywordMain.runKeyword(KeywordMain.groovy:66)
	at com.kms.katalon.core.keyword.builtin.VerifyGreaterThanOrEqualKeyword.verifyGreaterThanOrEqual(VerifyGreaterThanOrEqualKeyword.groovy:57)
	at com.kms.katalon.core.keyword.builtin.VerifyGreaterThanOrEqualKeyword.execute(VerifyGreaterThanOrEqualKeyword.groovy:44)
	at com.kms.katalon.core.keyword.internal.KeywordExecutor.executeKeywordForPlatform(KeywordExecutor.groovy:56)
	at com.kms.katalon.core.keyword.BuiltinKeywords.verifyGreaterThanOrEqual(BuiltinKeywords.groovy:230)
	at TC0405.run(TC0405:38)
	at com.kms.katalon.core.main.ScriptEngine.run(ScriptEngine.java:194)
	at com.kms.katalon.core.main.ScriptEngine.runScriptAsRawText(ScriptEngine.java:119)
	at com.kms.katalon.core.main.TestCaseExecutor.runScript(TestCaseExecutor.java:336)
	at com.kms.katalon.core.main.TestCaseExecutor.doExecute(TestCaseExecutor.java:327)
	at com.kms.katalon.core.main.TestCaseExecutor.processExecutionPhase(TestCaseExecutor.java:306)
	at com.kms.katalon.core.main.TestCaseExecutor.accessMainPhase(TestCaseExecutor.java:298)
	at com.kms.katalon.core.main.TestCaseExecutor.execute(TestCaseExecutor.java:232)
	at com.kms.katalon.core.main.TestSuiteExecutor.accessTestCaseMainPhase(TestSuiteExecutor.java:129)
	at com.kms.katalon.core.main.TestSuiteExecutor.accessTestSuiteMainPhase(TestSuiteExecutor.java:112)
	at com.kms.katalon.core.main.TestSuiteExecutor.execute(TestSuiteExecutor.java:81)
	at com.kms.katalon.core.main.TestCaseMain.startTestSuite(TestCaseMain.java:157)
	at com.kms.katalon.core.main.TestCaseMain$startTestSuite$0.call(Unknown Source)
	at TempTestSuite1555794587004.run(TempTestSuite1555794587004.groovy:35)
)]]></system-out>
         <system-err><![CDATA[2019-04-21 02:11:05 - [TEST_CASE][FAILED] - Test Cases/Manage Pages TestCases/TC0405: Test Cases/Manage Pages TestCases/TC0405 FAILED.
Reason:
com.kms.katalon.core.exception.StepFailedException: Actual number '0' is NOT greater than or equal to expected number '1'
	at com.kms.katalon.core.keyword.builtin.VerifyGreaterThanOrEqualKeyword$_verifyGreaterThanOrEqual_closure1.doCall(VerifyGreaterThanOrEqualKeyword.groovy:54)
	at com.kms.katalon.core.keyword.builtin.VerifyGreaterThanOrEqualKeyword$_verifyGreaterThanOrEqual_closure1.call(VerifyGreaterThanOrEqualKeyword.groovy)
	at com.kms.katalon.core.keyword.internal.KeywordMain.runKeyword(KeywordMain.groovy:66)
	at com.kms.katalon.core.keyword.builtin.VerifyGreaterThanOrEqualKeyword.verifyGreaterThanOrEqual(VerifyGreaterThanOrEqualKeyword.groovy:57)
	at com.kms.katalon.core.keyword.builtin.VerifyGreaterThanOrEqualKeyword.execute(VerifyGreaterThanOrEqualKeyword.groovy:44)
	at com.kms.katalon.core.keyword.internal.KeywordExecutor.executeKeywordForPlatform(KeywordExecutor.groovy:56)
	at com.kms.katalon.core.keyword.BuiltinKeywords.verifyGreaterThanOrEqual(BuiltinKeywords.groovy:230)
	at TC0405.run(TC0405:38)
	at com.kms.katalon.core.main.ScriptEngine.run(ScriptEngine.java:194)
	at com.kms.katalon.core.main.ScriptEngine.runScriptAsRawText(ScriptEngine.java:119)
	at com.kms.katalon.core.main.TestCaseExecutor.runScript(TestCaseExecutor.java:336)
	at com.kms.katalon.core.main.TestCaseExecutor.doExecute(TestCaseExecutor.java:327)
	at com.kms.katalon.core.main.TestCaseExecutor.processExecutionPhase(TestCaseExecutor.java:306)
	at com.kms.katalon.core.main.TestCaseExecutor.accessMainPhase(TestCaseExecutor.java:298)
	at com.kms.katalon.core.main.TestCaseExecutor.execute(TestCaseExecutor.java:232)
	at com.kms.katalon.core.main.TestSuiteExecutor.accessTestCaseMainPhase(TestSuiteExecutor.java:129)
	at com.kms.katalon.core.main.TestSuiteExecutor.accessTestSuiteMainPhase(TestSuiteExecutor.java:112)
	at com.kms.katalon.core.main.TestSuiteExecutor.execute(TestSuiteExecutor.java:81)
	at com.kms.katalon.core.main.TestCaseMain.startTestSuite(TestCaseMain.java:157)
	at com.kms.katalon.core.main.TestCaseMain$startTestSuite$0.call(Unknown Source)
	at TempTestSuite1555794587004.run(TempTestSuite1555794587004.groovy:35)]]></system-err>
      </testcase>
      <testcase name="Test Cases/Manage Pages TestCases/TC0406" classname="Test Cases/Manage Pages TestCases/TC0406" status="PASSED">
         <system-out><![CDATA[2019-04-21 02:11:11 - [TEST_CASE][PASSED] - Test Cases/Manage Pages TestCases/TC0406: Test Cases/Manage Pages TestCases/TC0406

2019-04-21 02:11:11 - [TEST_STEP][PASSED] - callTestCase(findTestCase("s-sidebar_navigation/individualAccount/Pages"), [:], STOP_ON_FAILURE): Call Test Case 'Test Cases/s-sidebar_navigation/individualAccount/Pages' successfully

2019-04-21 02:11:11 - [TEST_CASE][PASSED] - Test Cases/s-sidebar_navigation/individualAccount/Pages: Test Cases/s-sidebar_navigation/individualAccount/Pages

2019-04-21 02:11:11 - [TEST_STEP][PASSED] - click(findTestObject("Object Repository/Page_KiboEngage  Welcome Message/span_Persistent Menu")): Object: 'Object Repository/Page_KiboEngage  Welcome Message/span_Persistent Menu' is clicked on

2019-04-21 02:11:11 - [MESSAGE][PASSED] - Object: 'Object Repository/Page_KiboEngage  Welcome Message/span_Persistent Menu' is clicked on

2019-04-21 02:11:11 - [TEST_STEP][PASSED] - delay(1): Delayed 1 second(s)

2019-04-21 02:11:12 - [MESSAGE][PASSED] - Delayed 1 second(s)

2019-04-21 02:11:12 - [TEST_STEP][PASSED] - click(findTestObject("Page_KiboPush  Dashboard/span_Pages")): Object: 'Object Repository/Page_KiboPush  Dashboard/span_Pages' is clicked on

2019-04-21 02:11:12 - [MESSAGE][PASSED] - Object: 'Object Repository/Page_KiboPush  Dashboard/span_Pages' is clicked on

2019-04-21 02:11:12 - [TEST_STEP][PASSED] - delay(1): Delayed 1 second(s)

2019-04-21 02:11:13 - [MESSAGE][PASSED] - Delayed 1 second(s)

2019-04-21 02:11:13 - [MESSAGE][PASSED] - Call Test Case 'Test Cases/s-sidebar_navigation/individualAccount/Pages' successfully

2019-04-21 02:11:13 - [TEST_STEP][PASSED] - delay(2): Delayed 2 second(s)

2019-04-21 02:11:15 - [MESSAGE][PASSED] - Delayed 2 second(s)

2019-04-21 02:11:15 - [TEST_STEP][PASSED] - click(findTestObject("Page_KiboPush  Dashboard/a_next")): Object: 'Object Repository/Page_KiboPush  Dashboard/a_next' is clicked on

2019-04-21 02:11:15 - [MESSAGE][PASSED] - Object: 'Object Repository/Page_KiboPush  Dashboard/a_next' is clicked on

2019-04-21 02:11:15 - [TEST_STEP][PASSED] - delay(2): Delayed 2 second(s)

2019-04-21 02:11:17 - [MESSAGE][PASSED] - Delayed 2 second(s)

2019-04-21 02:11:17 - [TEST_STEP][PASSED] - driver = getWebDriver(): null

2019-04-21 02:11:17 - [TEST_STEP][PASSED] - rows_table = driver.findElements(By.xpath("//table/tbody/tr")): null

2019-04-21 02:11:17 - [TEST_STEP][PASSED] - println(rows_table.size()): null

2019-04-21 02:11:17 - [TEST_STEP][PASSED] - verifyGreaterThanOrEqual(rows_table.size(), 1): Actual number '3' is greater than or equal to expected number '1'

2019-04-21 02:11:17 - [MESSAGE][PASSED] - Actual number '3' is greater than or equal to expected number '1']]></system-out>
         <system-err><![CDATA[]]></system-err>
      </testcase>
      <testcase name="Test Cases/Manage Pages TestCases/TC0407" classname="Test Cases/Manage Pages TestCases/TC0407" status="FAILED">
         <failure type="FAILED" message="Test Cases/Manage Pages TestCases/TC0407 FAILED.
Reason:
com.kms.katalon.core.exception.StepFailedException: Actual object '3' and expected object '6' are not equal
	at com.kms.katalon.core.keyword.builtin.VerifyEqualKeyword$_verifyEqual_closure1.doCall(VerifyEqualKeyword.groovy:58)
	at com.kms.katalon.core.keyword.builtin.VerifyEqualKeyword$_verifyEqual_closure1.call(VerifyEqualKeyword.groovy)
	at com.kms.katalon.core.keyword.internal.KeywordMain.runKeyword(KeywordMain.groovy:66)
	at com.kms.katalon.core.keyword.builtin.VerifyEqualKeyword.verifyEqual(VerifyEqualKeyword.groovy:63)
	at com.kms.katalon.core.keyword.builtin.VerifyEqualKeyword.execute(VerifyEqualKeyword.groovy:44)
	at com.kms.katalon.core.keyword.internal.KeywordExecutor.executeKeywordForPlatform(KeywordExecutor.groovy:56)
	at com.kms.katalon.core.keyword.BuiltinKeywords.verifyEqual(BuiltinKeywords.groovy:141)
	at TC0407.run(TC0407:44)
	at com.kms.katalon.core.main.ScriptEngine.run(ScriptEngine.java:194)
	at com.kms.katalon.core.main.ScriptEngine.runScriptAsRawText(ScriptEngine.java:119)
	at com.kms.katalon.core.main.TestCaseExecutor.runScript(TestCaseExecutor.java:336)
	at com.kms.katalon.core.main.TestCaseExecutor.doExecute(TestCaseExecutor.java:327)
	at com.kms.katalon.core.main.TestCaseExecutor.processExecutionPhase(TestCaseExecutor.java:306)
	at com.kms.katalon.core.main.TestCaseExecutor.accessMainPhase(TestCaseExecutor.java:298)
	at com.kms.katalon.core.main.TestCaseExecutor.execute(TestCaseExecutor.java:232)
	at com.kms.katalon.core.main.TestSuiteExecutor.accessTestCaseMainPhase(TestSuiteExecutor.java:129)
	at com.kms.katalon.core.main.TestSuiteExecutor.accessTestSuiteMainPhase(TestSuiteExecutor.java:112)
	at com.kms.katalon.core.main.TestSuiteExecutor.execute(TestSuiteExecutor.java:81)
	at com.kms.katalon.core.main.TestCaseMain.startTestSuite(TestCaseMain.java:157)
	at com.kms.katalon.core.main.TestCaseMain$startTestSuite$0.call(Unknown Source)
	at TempTestSuite1555794587004.run(TempTestSuite1555794587004.groovy:35)
"/>
         <system-out><![CDATA[2019-04-21 02:11:17 - [TEST_CASE][FAILED] - Test Cases/Manage Pages TestCases/TC0407: Test Cases/Manage Pages TestCases/TC0407 FAILED.
Reason:
com.kms.katalon.core.exception.StepFailedException: Actual object '3' and expected object '6' are not equal
	at com.kms.katalon.core.keyword.builtin.VerifyEqualKeyword$_verifyEqual_closure1.doCall(VerifyEqualKeyword.groovy:58)
	at com.kms.katalon.core.keyword.builtin.VerifyEqualKeyword$_verifyEqual_closure1.call(VerifyEqualKeyword.groovy)
	at com.kms.katalon.core.keyword.internal.KeywordMain.runKeyword(KeywordMain.groovy:66)
	at com.kms.katalon.core.keyword.builtin.VerifyEqualKeyword.verifyEqual(VerifyEqualKeyword.groovy:63)
	at com.kms.katalon.core.keyword.builtin.VerifyEqualKeyword.execute(VerifyEqualKeyword.groovy:44)
	at com.kms.katalon.core.keyword.internal.KeywordExecutor.executeKeywordForPlatform(KeywordExecutor.groovy:56)
	at com.kms.katalon.core.keyword.BuiltinKeywords.verifyEqual(BuiltinKeywords.groovy:141)
	at TC0407.run(TC0407:44)
	at com.kms.katalon.core.main.ScriptEngine.run(ScriptEngine.java:194)
	at com.kms.katalon.core.main.ScriptEngine.runScriptAsRawText(ScriptEngine.java:119)
	at com.kms.katalon.core.main.TestCaseExecutor.runScript(TestCaseExecutor.java:336)
	at com.kms.katalon.core.main.TestCaseExecutor.doExecute(TestCaseExecutor.java:327)
	at com.kms.katalon.core.main.TestCaseExecutor.processExecutionPhase(TestCaseExecutor.java:306)
	at com.kms.katalon.core.main.TestCaseExecutor.accessMainPhase(TestCaseExecutor.java:298)
	at com.kms.katalon.core.main.TestCaseExecutor.execute(TestCaseExecutor.java:232)
	at com.kms.katalon.core.main.TestSuiteExecutor.accessTestCaseMainPhase(TestSuiteExecutor.java:129)
	at com.kms.katalon.core.main.TestSuiteExecutor.accessTestSuiteMainPhase(TestSuiteExecutor.java:112)
	at com.kms.katalon.core.main.TestSuiteExecutor.execute(TestSuiteExecutor.java:81)
	at com.kms.katalon.core.main.TestCaseMain.startTestSuite(TestCaseMain.java:157)
	at com.kms.katalon.core.main.TestCaseMain$startTestSuite$0.call(Unknown Source)
	at TempTestSuite1555794587004.run(TempTestSuite1555794587004.groovy:35)


2019-04-21 02:11:18 - [TEST_STEP][PASSED] - callTestCase(findTestCase("s-sidebar_navigation/individualAccount/Pages"), [:], STOP_ON_FAILURE): Call Test Case 'Test Cases/s-sidebar_navigation/individualAccount/Pages' successfully

2019-04-21 02:11:18 - [TEST_CASE][PASSED] - Test Cases/s-sidebar_navigation/individualAccount/Pages: Test Cases/s-sidebar_navigation/individualAccount/Pages

2019-04-21 02:11:18 - [TEST_STEP][PASSED] - click(findTestObject("Object Repository/Page_KiboEngage  Welcome Message/span_Persistent Menu")): Object: 'Object Repository/Page_KiboEngage  Welcome Message/span_Persistent Menu' is clicked on

2019-04-21 02:11:18 - [MESSAGE][PASSED] - Object: 'Object Repository/Page_KiboEngage  Welcome Message/span_Persistent Menu' is clicked on

2019-04-21 02:11:18 - [TEST_STEP][PASSED] - delay(1): Delayed 1 second(s)

2019-04-21 02:11:19 - [MESSAGE][PASSED] - Delayed 1 second(s)

2019-04-21 02:11:19 - [TEST_STEP][PASSED] - click(findTestObject("Page_KiboPush  Dashboard/span_Pages")): Object: 'Object Repository/Page_KiboPush  Dashboard/span_Pages' is clicked on

2019-04-21 02:11:19 - [MESSAGE][PASSED] - Object: 'Object Repository/Page_KiboPush  Dashboard/span_Pages' is clicked on

2019-04-21 02:11:19 - [TEST_STEP][PASSED] - delay(1): Delayed 1 second(s)

2019-04-21 02:11:20 - [MESSAGE][PASSED] - Delayed 1 second(s)

2019-04-21 02:11:20 - [MESSAGE][PASSED] - Call Test Case 'Test Cases/s-sidebar_navigation/individualAccount/Pages' successfully

2019-04-21 02:11:20 - [TEST_STEP][PASSED] - click(findTestObject("Page_KiboPush  Dashboard/a_next")): Object: 'Object Repository/Page_KiboPush  Dashboard/a_next' is clicked on

2019-04-21 02:11:20 - [MESSAGE][PASSED] - Object: 'Object Repository/Page_KiboPush  Dashboard/a_next' is clicked on

2019-04-21 02:11:20 - [TEST_STEP][PASSED] - click(findTestObject("Page_KiboPush  Dashboard/a_previous")): Object: 'Object Repository/Page_KiboPush  Dashboard/a_previous' is clicked on

2019-04-21 02:11:20 - [MESSAGE][PASSED] - Object: 'Object Repository/Page_KiboPush  Dashboard/a_previous' is clicked on

2019-04-21 02:11:20 - [TEST_STEP][PASSED] - delay(2): Delayed 2 second(s)

2019-04-21 02:11:22 - [MESSAGE][PASSED] - Delayed 2 second(s)

2019-04-21 02:11:22 - [TEST_STEP][PASSED] - driver = getWebDriver(): null

2019-04-21 02:11:22 - [TEST_STEP][PASSED] - rows_table = driver.findElements(By.xpath("//table/tbody/tr")): null

2019-04-21 02:11:23 - [TEST_STEP][PASSED] - println(rows_table.size()): null

2019-04-21 02:11:23 - [TEST_STEP][FAILED] - verifyEqual(rows_table.size(), 6): Unable to verify equal between actual object '3' and expected object '6' (Root cause: com.kms.katalon.core.exception.StepFailedException: Actual object '3' and expected object '6' are not equal
	at com.kms.katalon.core.keyword.builtin.VerifyEqualKeyword$_verifyEqual_closure1.doCall(VerifyEqualKeyword.groovy:58)
	at com.kms.katalon.core.keyword.builtin.VerifyEqualKeyword$_verifyEqual_closure1.call(VerifyEqualKeyword.groovy)
	at com.kms.katalon.core.keyword.internal.KeywordMain.runKeyword(KeywordMain.groovy:66)
	at com.kms.katalon.core.keyword.builtin.VerifyEqualKeyword.verifyEqual(VerifyEqualKeyword.groovy:63)
	at com.kms.katalon.core.keyword.builtin.VerifyEqualKeyword.execute(VerifyEqualKeyword.groovy:44)
	at com.kms.katalon.core.keyword.internal.KeywordExecutor.executeKeywordForPlatform(KeywordExecutor.groovy:56)
	at com.kms.katalon.core.keyword.BuiltinKeywords.verifyEqual(BuiltinKeywords.groovy:141)
	at TC0407.run(TC0407:44)
	at com.kms.katalon.core.main.ScriptEngine.run(ScriptEngine.java:194)
	at com.kms.katalon.core.main.ScriptEngine.runScriptAsRawText(ScriptEngine.java:119)
	at com.kms.katalon.core.main.TestCaseExecutor.runScript(TestCaseExecutor.java:336)
	at com.kms.katalon.core.main.TestCaseExecutor.doExecute(TestCaseExecutor.java:327)
	at com.kms.katalon.core.main.TestCaseExecutor.processExecutionPhase(TestCaseExecutor.java:306)
	at com.kms.katalon.core.main.TestCaseExecutor.accessMainPhase(TestCaseExecutor.java:298)
	at com.kms.katalon.core.main.TestCaseExecutor.execute(TestCaseExecutor.java:232)
	at com.kms.katalon.core.main.TestSuiteExecutor.accessTestCaseMainPhase(TestSuiteExecutor.java:129)
	at com.kms.katalon.core.main.TestSuiteExecutor.accessTestSuiteMainPhase(TestSuiteExecutor.java:112)
	at com.kms.katalon.core.main.TestSuiteExecutor.execute(TestSuiteExecutor.java:81)
	at com.kms.katalon.core.main.TestCaseMain.startTestSuite(TestCaseMain.java:157)
	at com.kms.katalon.core.main.TestCaseMain$startTestSuite$0.call(Unknown Source)
	at TempTestSuite1555794587004.run(TempTestSuite1555794587004.groovy:35)
)

2019-04-21 02:11:23 - [MESSAGE][FAILED] - Unable to verify equal between actual object '3' and expected object '6' (Root cause: com.kms.katalon.core.exception.StepFailedException: Actual object '3' and expected object '6' are not equal
	at com.kms.katalon.core.keyword.builtin.VerifyEqualKeyword$_verifyEqual_closure1.doCall(VerifyEqualKeyword.groovy:58)
	at com.kms.katalon.core.keyword.builtin.VerifyEqualKeyword$_verifyEqual_closure1.call(VerifyEqualKeyword.groovy)
	at com.kms.katalon.core.keyword.internal.KeywordMain.runKeyword(KeywordMain.groovy:66)
	at com.kms.katalon.core.keyword.builtin.VerifyEqualKeyword.verifyEqual(VerifyEqualKeyword.groovy:63)
	at com.kms.katalon.core.keyword.builtin.VerifyEqualKeyword.execute(VerifyEqualKeyword.groovy:44)
	at com.kms.katalon.core.keyword.internal.KeywordExecutor.executeKeywordForPlatform(KeywordExecutor.groovy:56)
	at com.kms.katalon.core.keyword.BuiltinKeywords.verifyEqual(BuiltinKeywords.groovy:141)
	at TC0407.run(TC0407:44)
	at com.kms.katalon.core.main.ScriptEngine.run(ScriptEngine.java:194)
	at com.kms.katalon.core.main.ScriptEngine.runScriptAsRawText(ScriptEngine.java:119)
	at com.kms.katalon.core.main.TestCaseExecutor.runScript(TestCaseExecutor.java:336)
	at com.kms.katalon.core.main.TestCaseExecutor.doExecute(TestCaseExecutor.java:327)
	at com.kms.katalon.core.main.TestCaseExecutor.processExecutionPhase(TestCaseExecutor.java:306)
	at com.kms.katalon.core.main.TestCaseExecutor.accessMainPhase(TestCaseExecutor.java:298)
	at com.kms.katalon.core.main.TestCaseExecutor.execute(TestCaseExecutor.java:232)
	at com.kms.katalon.core.main.TestSuiteExecutor.accessTestCaseMainPhase(TestSuiteExecutor.java:129)
	at com.kms.katalon.core.main.TestSuiteExecutor.accessTestSuiteMainPhase(TestSuiteExecutor.java:112)
	at com.kms.katalon.core.main.TestSuiteExecutor.execute(TestSuiteExecutor.java:81)
	at com.kms.katalon.core.main.TestCaseMain.startTestSuite(TestCaseMain.java:157)
	at com.kms.katalon.core.main.TestCaseMain$startTestSuite$0.call(Unknown Source)
	at TempTestSuite1555794587004.run(TempTestSuite1555794587004.groovy:35)
)]]></system-out>
         <system-err><![CDATA[2019-04-21 02:11:17 - [TEST_CASE][FAILED] - Test Cases/Manage Pages TestCases/TC0407: Test Cases/Manage Pages TestCases/TC0407 FAILED.
Reason:
com.kms.katalon.core.exception.StepFailedException: Actual object '3' and expected object '6' are not equal
	at com.kms.katalon.core.keyword.builtin.VerifyEqualKeyword$_verifyEqual_closure1.doCall(VerifyEqualKeyword.groovy:58)
	at com.kms.katalon.core.keyword.builtin.VerifyEqualKeyword$_verifyEqual_closure1.call(VerifyEqualKeyword.groovy)
	at com.kms.katalon.core.keyword.internal.KeywordMain.runKeyword(KeywordMain.groovy:66)
	at com.kms.katalon.core.keyword.builtin.VerifyEqualKeyword.verifyEqual(VerifyEqualKeyword.groovy:63)
	at com.kms.katalon.core.keyword.builtin.VerifyEqualKeyword.execute(VerifyEqualKeyword.groovy:44)
	at com.kms.katalon.core.keyword.internal.KeywordExecutor.executeKeywordForPlatform(KeywordExecutor.groovy:56)
	at com.kms.katalon.core.keyword.BuiltinKeywords.verifyEqual(BuiltinKeywords.groovy:141)
	at TC0407.run(TC0407:44)
	at com.kms.katalon.core.main.ScriptEngine.run(ScriptEngine.java:194)
	at com.kms.katalon.core.main.ScriptEngine.runScriptAsRawText(ScriptEngine.java:119)
	at com.kms.katalon.core.main.TestCaseExecutor.runScript(TestCaseExecutor.java:336)
	at com.kms.katalon.core.main.TestCaseExecutor.doExecute(TestCaseExecutor.java:327)
	at com.kms.katalon.core.main.TestCaseExecutor.processExecutionPhase(TestCaseExecutor.java:306)
	at com.kms.katalon.core.main.TestCaseExecutor.accessMainPhase(TestCaseExecutor.java:298)
	at com.kms.katalon.core.main.TestCaseExecutor.execute(TestCaseExecutor.java:232)
	at com.kms.katalon.core.main.TestSuiteExecutor.accessTestCaseMainPhase(TestSuiteExecutor.java:129)
	at com.kms.katalon.core.main.TestSuiteExecutor.accessTestSuiteMainPhase(TestSuiteExecutor.java:112)
	at com.kms.katalon.core.main.TestSuiteExecutor.execute(TestSuiteExecutor.java:81)
	at com.kms.katalon.core.main.TestCaseMain.startTestSuite(TestCaseMain.java:157)
	at com.kms.katalon.core.main.TestCaseMain$startTestSuite$0.call(Unknown Source)
	at TempTestSuite1555794587004.run(TempTestSuite1555794587004.groovy:35)]]></system-err>
      </testcase>
      <testcase name="Test Cases/Manage Pages TestCases/TC0408" classname="Test Cases/Manage Pages TestCases/TC0408" status="PASSED">
         <system-out><![CDATA[2019-04-21 02:11:23 - [TEST_CASE][PASSED] - Test Cases/Manage Pages TestCases/TC0408: Test Cases/Manage Pages TestCases/TC0408

2019-04-21 02:11:23 - [TEST_STEP][PASSED] - callTestCase(findTestCase("s-sidebar_navigation/individualAccount/Pages"), [:], STOP_ON_FAILURE): Call Test Case 'Test Cases/s-sidebar_navigation/individualAccount/Pages' successfully

2019-04-21 02:11:23 - [TEST_CASE][PASSED] - Test Cases/s-sidebar_navigation/individualAccount/Pages: Test Cases/s-sidebar_navigation/individualAccount/Pages

2019-04-21 02:11:23 - [TEST_STEP][PASSED] - click(findTestObject("Object Repository/Page_KiboEngage  Welcome Message/span_Persistent Menu")): Object: 'Object Repository/Page_KiboEngage  Welcome Message/span_Persistent Menu' is clicked on

2019-04-21 02:11:23 - [MESSAGE][PASSED] - Object: 'Object Repository/Page_KiboEngage  Welcome Message/span_Persistent Menu' is clicked on

2019-04-21 02:11:23 - [TEST_STEP][PASSED] - delay(1): Delayed 1 second(s)

2019-04-21 02:11:24 - [MESSAGE][PASSED] - Delayed 1 second(s)

2019-04-21 02:11:24 - [TEST_STEP][PASSED] - click(findTestObject("Page_KiboPush  Dashboard/span_Pages")): Object: 'Object Repository/Page_KiboPush  Dashboard/span_Pages' is clicked on

2019-04-21 02:11:24 - [MESSAGE][PASSED] - Object: 'Object Repository/Page_KiboPush  Dashboard/span_Pages' is clicked on

2019-04-21 02:11:24 - [TEST_STEP][PASSED] - delay(1): Delayed 1 second(s)

2019-04-21 02:11:25 - [MESSAGE][PASSED] - Delayed 1 second(s)

2019-04-21 02:11:25 - [MESSAGE][PASSED] - Call Test Case 'Test Cases/s-sidebar_navigation/individualAccount/Pages' successfully

2019-04-21 02:11:25 - [TEST_STEP][PASSED] - delay(2): Delayed 2 second(s)

2019-04-21 02:11:27 - [MESSAGE][PASSED] - Delayed 2 second(s)

2019-04-21 02:11:27 - [TEST_STEP][PASSED] - click(findTestObject("Page_KiboPush  Dashboard/a_next")): Object: 'Object Repository/Page_KiboPush  Dashboard/a_next' is clicked on

2019-04-21 02:11:27 - [MESSAGE][PASSED] - Object: 'Object Repository/Page_KiboPush  Dashboard/a_next' is clicked on

2019-04-21 02:11:27 - [TEST_STEP][PASSED] - delay(2): Delayed 2 second(s)

2019-04-21 02:11:29 - [MESSAGE][PASSED] - Delayed 2 second(s)

2019-04-21 02:11:29 - [TEST_STEP][PASSED] - driver = getWebDriver(): null

2019-04-21 02:11:29 - [TEST_STEP][PASSED] - rows_table = driver.findElements(By.xpath("//table/tbody/tr")): null

2019-04-21 02:11:29 - [TEST_STEP][PASSED] - println(rows_table.size()): null

2019-04-21 02:11:29 - [TEST_STEP][PASSED] - verifyGreaterThanOrEqual(rows_table.size(), 1): Actual number '3' is greater than or equal to expected number '1'

2019-04-21 02:11:29 - [MESSAGE][PASSED] - Actual number '3' is greater than or equal to expected number '1']]></system-out>
         <system-err><![CDATA[]]></system-err>
      </testcase>
      <testcase name="Test Cases/Manage Pages TestCases/TC0409" classname="Test Cases/Manage Pages TestCases/TC0409" status="PASSED">
         <system-out><![CDATA[2019-04-21 02:11:29 - [TEST_CASE][PASSED] - Test Cases/Manage Pages TestCases/TC0409: Test Cases/Manage Pages TestCases/TC0409

2019-04-21 02:11:30 - [TEST_STEP][PASSED] - callTestCase(findTestCase("s-sidebar_navigation/individualAccount/Pages"), [:], STOP_ON_FAILURE): Call Test Case 'Test Cases/s-sidebar_navigation/individualAccount/Pages' successfully

2019-04-21 02:11:30 - [TEST_CASE][PASSED] - Test Cases/s-sidebar_navigation/individualAccount/Pages: Test Cases/s-sidebar_navigation/individualAccount/Pages

2019-04-21 02:11:30 - [TEST_STEP][PASSED] - click(findTestObject("Object Repository/Page_KiboEngage  Welcome Message/span_Persistent Menu")): Object: 'Object Repository/Page_KiboEngage  Welcome Message/span_Persistent Menu' is clicked on

2019-04-21 02:11:30 - [MESSAGE][PASSED] - Object: 'Object Repository/Page_KiboEngage  Welcome Message/span_Persistent Menu' is clicked on

2019-04-21 02:11:30 - [TEST_STEP][PASSED] - delay(1): Delayed 1 second(s)

2019-04-21 02:11:31 - [MESSAGE][PASSED] - Delayed 1 second(s)

2019-04-21 02:11:31 - [TEST_STEP][PASSED] - click(findTestObject("Page_KiboPush  Dashboard/span_Pages")): Object: 'Object Repository/Page_KiboPush  Dashboard/span_Pages' is clicked on

2019-04-21 02:11:31 - [MESSAGE][PASSED] - Object: 'Object Repository/Page_KiboPush  Dashboard/span_Pages' is clicked on

2019-04-21 02:11:31 - [TEST_STEP][PASSED] - delay(1): Delayed 1 second(s)

2019-04-21 02:11:32 - [MESSAGE][PASSED] - Delayed 1 second(s)

2019-04-21 02:11:32 - [MESSAGE][PASSED] - Call Test Case 'Test Cases/s-sidebar_navigation/individualAccount/Pages' successfully

2019-04-21 02:11:32 - [TEST_STEP][PASSED] - scrollToPosition(0, 0): Browser is scrolled to position x = 0, y = 0

2019-04-21 02:11:32 - [MESSAGE][PASSED] - Browser is scrolled to position x = 0, y = 0

2019-04-21 02:11:32 - [TEST_STEP][PASSED] - delay(2): Delayed 2 second(s)

2019-04-21 02:11:34 - [MESSAGE][PASSED] - Delayed 2 second(s)

2019-04-21 02:11:34 - [TEST_STEP][PASSED] - click(findTestObject("Page_KiboPush  Dashboard/button_Invite Subscribers (1)")): Object: 'Object Repository/Page_KiboPush  Dashboard/button_Invite Subscribers (1)' is clicked on

2019-04-21 02:11:34 - [MESSAGE][PASSED] - Object: 'Object Repository/Page_KiboPush  Dashboard/button_Invite Subscribers (1)' is clicked on

2019-04-21 02:11:34 - [TEST_STEP][PASSED] - delay(2): Delayed 2 second(s)

2019-04-21 02:11:36 - [MESSAGE][PASSED] - Delayed 2 second(s)

2019-04-21 02:11:36 - [TEST_STEP][PASSED] - scrollToPosition(0, 0): Browser is scrolled to position x = 0, y = 0

2019-04-21 02:11:36 - [MESSAGE][PASSED] - Browser is scrolled to position x = 0, y = 0

2019-04-21 02:11:36 - [TEST_STEP][PASSED] - click(findTestObject("Page_KiboPush  Invite Subscribers/h3_Invite Subscribers (5)")): Object: 'Object Repository/Page_KiboPush  Invite Subscribers/h3_Invite Subscribers (5)' is clicked on

2019-04-21 02:11:36 - [MESSAGE][PASSED] - Object: 'Object Repository/Page_KiboPush  Invite Subscribers/h3_Invite Subscribers (5)' is clicked on]]></system-out>
         <system-err><![CDATA[]]></system-err>
      </testcase>
      <testcase name="Test Cases/Manage Pages TestCases/TC0410" classname="Test Cases/Manage Pages TestCases/TC0410" status="PASSED">
         <system-out><![CDATA[2019-04-21 02:11:36 - [TEST_CASE][PASSED] - Test Cases/Manage Pages TestCases/TC0410: Test Cases/Manage Pages TestCases/TC0410

2019-04-21 02:11:36 - [TEST_STEP][PASSED] - callTestCase(findTestCase("s-sidebar_navigation/individualAccount/Pages"), [:], STOP_ON_FAILURE): Call Test Case 'Test Cases/s-sidebar_navigation/individualAccount/Pages' successfully

2019-04-21 02:11:36 - [TEST_CASE][PASSED] - Test Cases/s-sidebar_navigation/individualAccount/Pages: Test Cases/s-sidebar_navigation/individualAccount/Pages

2019-04-21 02:11:36 - [TEST_STEP][PASSED] - click(findTestObject("Object Repository/Page_KiboEngage  Welcome Message/span_Persistent Menu")): Object: 'Object Repository/Page_KiboEngage  Welcome Message/span_Persistent Menu' is clicked on

2019-04-21 02:11:37 - [MESSAGE][PASSED] - Object: 'Object Repository/Page_KiboEngage  Welcome Message/span_Persistent Menu' is clicked on

2019-04-21 02:11:37 - [TEST_STEP][PASSED] - delay(1): Delayed 1 second(s)

2019-04-21 02:11:38 - [MESSAGE][PASSED] - Delayed 1 second(s)

2019-04-21 02:11:38 - [TEST_STEP][PASSED] - click(findTestObject("Page_KiboPush  Dashboard/span_Pages")): Object: 'Object Repository/Page_KiboPush  Dashboard/span_Pages' is clicked on

2019-04-21 02:11:38 - [MESSAGE][PASSED] - Object: 'Object Repository/Page_KiboPush  Dashboard/span_Pages' is clicked on

2019-04-21 02:11:38 - [TEST_STEP][PASSED] - delay(1): Delayed 1 second(s)

2019-04-21 02:11:39 - [MESSAGE][PASSED] - Delayed 1 second(s)

2019-04-21 02:11:39 - [MESSAGE][PASSED] - Call Test Case 'Test Cases/s-sidebar_navigation/individualAccount/Pages' successfully

2019-04-21 02:11:39 - [TEST_STEP][PASSED] - click(findTestObject("Page_KiboPush  Dashboard/button_Remove")): Object: 'Object Repository/Page_KiboPush  Dashboard/button_Remove' is clicked on

2019-04-21 02:11:39 - [MESSAGE][PASSED] - Object: 'Object Repository/Page_KiboPush  Dashboard/button_Remove' is clicked on

2019-04-21 02:11:39 - [TEST_STEP][PASSED] - click(findTestObject("Page_KiboPush  Dashboard/remove_button_pages")): Object: 'Object Repository/Page_KiboPush  Dashboard/remove_button_pages' is clicked on

2019-04-21 02:11:40 - [MESSAGE][PASSED] - Object: 'Object Repository/Page_KiboPush  Dashboard/remove_button_pages' is clicked on]]></system-out>
         <system-err><![CDATA[]]></system-err>
      </testcase>
      <testcase name="Test Cases/Manage Pages TestCases/TC0411" classname="Test Cases/Manage Pages TestCases/TC0411" status="PASSED">
         <system-out><![CDATA[2019-04-21 02:11:40 - [TEST_CASE][PASSED] - Test Cases/Manage Pages TestCases/TC0411: Test Cases/Manage Pages TestCases/TC0411

2019-04-21 02:11:40 - [TEST_STEP][PASSED] - callTestCase(findTestCase("s-sidebar_navigation/individualAccount/Pages"), [:], STOP_ON_FAILURE): Call Test Case 'Test Cases/s-sidebar_navigation/individualAccount/Pages' successfully

2019-04-21 02:11:40 - [TEST_CASE][PASSED] - Test Cases/s-sidebar_navigation/individualAccount/Pages: Test Cases/s-sidebar_navigation/individualAccount/Pages

2019-04-21 02:11:40 - [TEST_STEP][PASSED] - click(findTestObject("Object Repository/Page_KiboEngage  Welcome Message/span_Persistent Menu")): Object: 'Object Repository/Page_KiboEngage  Welcome Message/span_Persistent Menu' is clicked on

2019-04-21 02:11:40 - [MESSAGE][PASSED] - Object: 'Object Repository/Page_KiboEngage  Welcome Message/span_Persistent Menu' is clicked on

2019-04-21 02:11:40 - [TEST_STEP][PASSED] - delay(1): Delayed 1 second(s)

2019-04-21 02:11:41 - [MESSAGE][PASSED] - Delayed 1 second(s)

2019-04-21 02:11:41 - [TEST_STEP][PASSED] - click(findTestObject("Page_KiboPush  Dashboard/span_Pages")): Object: 'Object Repository/Page_KiboPush  Dashboard/span_Pages' is clicked on

2019-04-21 02:11:42 - [MESSAGE][PASSED] - Object: 'Object Repository/Page_KiboPush  Dashboard/span_Pages' is clicked on

2019-04-21 02:11:42 - [TEST_STEP][PASSED] - delay(1): Delayed 1 second(s)

2019-04-21 02:11:43 - [MESSAGE][PASSED] - Delayed 1 second(s)

2019-04-21 02:11:43 - [MESSAGE][PASSED] - Call Test Case 'Test Cases/s-sidebar_navigation/individualAccount/Pages' successfully

2019-04-21 02:11:43 - [TEST_STEP][PASSED] - scrollToPosition(0, 0): Browser is scrolled to position x = 0, y = 0

2019-04-21 02:11:43 - [MESSAGE][PASSED] - Browser is scrolled to position x = 0, y = 0

2019-04-21 02:11:43 - [TEST_STEP][PASSED] - click(findTestObject("Object Repository/Page_KiboPush  Dashboard/button_Connect New")): Object: 'Object Repository/Page_KiboPush  Dashboard/button_Connect New' is clicked on

2019-04-21 02:11:43 - [MESSAGE][PASSED] - Object: 'Object Repository/Page_KiboPush  Dashboard/button_Connect New' is clicked on

2019-04-21 02:11:43 - [TEST_STEP][PASSED] - click(findTestObject("Page_KiboPush  Add Pages/h3_Manage Pages (1)")): Object: 'Object Repository/Page_KiboPush  Add Pages/h3_Manage Pages (1)' is clicked on

2019-04-21 02:11:43 - [MESSAGE][PASSED] - Object: 'Object Repository/Page_KiboPush  Add Pages/h3_Manage Pages (1)' is clicked on

2019-04-21 02:11:43 - [TEST_STEP][PASSED] - delay(2): Delayed 2 second(s)

2019-04-21 02:11:45 - [MESSAGE][PASSED] - Delayed 2 second(s)

2019-04-21 02:11:45 - [TEST_STEP][PASSED] - driver = getWebDriver(): null

2019-04-21 02:11:45 - [TEST_STEP][PASSED] - Table = driver.findElements(By.xpath("//*[@id="content"]/div/div/div/div[2]/div[2]/div[2]/div/div/div[2]/div")): null

2019-04-21 02:11:45 - [TEST_STEP][PASSED] - verifyEqual(Table.size(), 1): Actual object '1' and expected object '1' are equal

2019-04-21 02:11:45 - [MESSAGE][PASSED] - Actual object '1' and expected object '1' are equal

2019-04-21 02:11:45 - [TEST_STEP][PASSED] - println(Table.size()): null]]></system-out>
         <system-err><![CDATA[]]></system-err>
      </testcase>
      <testcase name="Test Cases/Manage Pages TestCases/TC0412" classname="Test Cases/Manage Pages TestCases/TC0412" status="PASSED">
         <system-out><![CDATA[2019-04-21 02:11:45 - [TEST_CASE][PASSED] - Test Cases/Manage Pages TestCases/TC0412: Test Cases/Manage Pages TestCases/TC0412

2019-04-21 02:11:45 - [TEST_STEP][PASSED] - callTestCase(findTestCase("s-sidebar_navigation/individualAccount/Pages"), [:], STOP_ON_FAILURE): Call Test Case 'Test Cases/s-sidebar_navigation/individualAccount/Pages' successfully

2019-04-21 02:11:45 - [TEST_CASE][PASSED] - Test Cases/s-sidebar_navigation/individualAccount/Pages: Test Cases/s-sidebar_navigation/individualAccount/Pages

2019-04-21 02:11:45 - [TEST_STEP][PASSED] - click(findTestObject("Object Repository/Page_KiboEngage  Welcome Message/span_Persistent Menu")): Object: 'Object Repository/Page_KiboEngage  Welcome Message/span_Persistent Menu' is clicked on

2019-04-21 02:11:46 - [MESSAGE][PASSED] - Object: 'Object Repository/Page_KiboEngage  Welcome Message/span_Persistent Menu' is clicked on

2019-04-21 02:11:46 - [TEST_STEP][PASSED] - delay(1): Delayed 1 second(s)

2019-04-21 02:11:47 - [MESSAGE][PASSED] - Delayed 1 second(s)

2019-04-21 02:11:47 - [TEST_STEP][PASSED] - click(findTestObject("Page_KiboPush  Dashboard/span_Pages")): Object: 'Object Repository/Page_KiboPush  Dashboard/span_Pages' is clicked on

2019-04-21 02:11:47 - [MESSAGE][PASSED] - Object: 'Object Repository/Page_KiboPush  Dashboard/span_Pages' is clicked on

2019-04-21 02:11:47 - [TEST_STEP][PASSED] - delay(1): Delayed 1 second(s)

2019-04-21 02:11:48 - [MESSAGE][PASSED] - Delayed 1 second(s)

2019-04-21 02:11:48 - [MESSAGE][PASSED] - Call Test Case 'Test Cases/s-sidebar_navigation/individualAccount/Pages' successfully

2019-04-21 02:11:48 - [TEST_STEP][PASSED] - scrollToPosition(0, 0): Browser is scrolled to position x = 0, y = 0

2019-04-21 02:11:48 - [MESSAGE][PASSED] - Browser is scrolled to position x = 0, y = 0

2019-04-21 02:11:48 - [TEST_STEP][PASSED] - click(findTestObject("Object Repository/Page_KiboPush  Dashboard/button_Connect New")): Object: 'Object Repository/Page_KiboPush  Dashboard/button_Connect New' is clicked on

2019-04-21 02:11:48 - [MESSAGE][PASSED] - Object: 'Object Repository/Page_KiboPush  Dashboard/button_Connect New' is clicked on

2019-04-21 02:11:48 - [TEST_STEP][PASSED] - click(findTestObject("Page_KiboPush  Add Pages/h3_Manage Pages (1)")): Object: 'Object Repository/Page_KiboPush  Add Pages/h3_Manage Pages (1)' is clicked on

2019-04-21 02:11:48 - [MESSAGE][PASSED] - Object: 'Object Repository/Page_KiboPush  Add Pages/h3_Manage Pages (1)' is clicked on

2019-04-21 02:11:48 - [TEST_STEP][PASSED] - delay(3): Delayed 3 second(s)

2019-04-21 02:11:51 - [MESSAGE][PASSED] - Delayed 3 second(s)

2019-04-21 02:11:51 - [TEST_STEP][PASSED] - click(findTestObject("Page_KiboPush  Add Pages/button_Disconnect")): Object: 'Object Repository/Page_KiboPush  Add Pages/button_Disconnect' is clicked on

2019-04-21 02:11:52 - [MESSAGE][PASSED] - Object: 'Object Repository/Page_KiboPush  Add Pages/button_Disconnect' is clicked on]]></system-out>
         <system-err><![CDATA[]]></system-err>
      </testcase>
      <testcase name="Test Cases/Manage Pages TestCases/TC0413" classname="Test Cases/Manage Pages TestCases/TC0413" status="PASSED">
         <system-out><![CDATA[2019-04-21 02:11:52 - [TEST_CASE][PASSED] - Test Cases/Manage Pages TestCases/TC0413: Test Cases/Manage Pages TestCases/TC0413

2019-04-21 02:11:52 - [TEST_STEP][PASSED] - callTestCase(findTestCase("s-sidebar_navigation/individualAccount/Pages"), [:], STOP_ON_FAILURE): Call Test Case 'Test Cases/s-sidebar_navigation/individualAccount/Pages' successfully

2019-04-21 02:11:52 - [TEST_CASE][PASSED] - Test Cases/s-sidebar_navigation/individualAccount/Pages: Test Cases/s-sidebar_navigation/individualAccount/Pages

2019-04-21 02:11:52 - [TEST_STEP][PASSED] - click(findTestObject("Object Repository/Page_KiboEngage  Welcome Message/span_Persistent Menu")): Object: 'Object Repository/Page_KiboEngage  Welcome Message/span_Persistent Menu' is clicked on

2019-04-21 02:11:52 - [MESSAGE][PASSED] - Object: 'Object Repository/Page_KiboEngage  Welcome Message/span_Persistent Menu' is clicked on

2019-04-21 02:11:52 - [TEST_STEP][PASSED] - delay(1): Delayed 1 second(s)

2019-04-21 02:11:53 - [MESSAGE][PASSED] - Delayed 1 second(s)

2019-04-21 02:11:53 - [TEST_STEP][PASSED] - click(findTestObject("Page_KiboPush  Dashboard/span_Pages")): Object: 'Object Repository/Page_KiboPush  Dashboard/span_Pages' is clicked on

2019-04-21 02:11:53 - [MESSAGE][PASSED] - Object: 'Object Repository/Page_KiboPush  Dashboard/span_Pages' is clicked on

2019-04-21 02:11:53 - [TEST_STEP][PASSED] - delay(1): Delayed 1 second(s)

2019-04-21 02:11:54 - [MESSAGE][PASSED] - Delayed 1 second(s)

2019-04-21 02:11:54 - [MESSAGE][PASSED] - Call Test Case 'Test Cases/s-sidebar_navigation/individualAccount/Pages' successfully

2019-04-21 02:11:54 - [TEST_STEP][PASSED] - delay(2): Delayed 2 second(s)

2019-04-21 02:11:56 - [MESSAGE][PASSED] - Delayed 2 second(s)

2019-04-21 02:11:56 - [TEST_STEP][PASSED] - scrollToPosition(0, 0): Browser is scrolled to position x = 0, y = 0

2019-04-21 02:11:56 - [MESSAGE][PASSED] - Browser is scrolled to position x = 0, y = 0

2019-04-21 02:11:56 - [TEST_STEP][PASSED] - click(findTestObject("Object Repository/Page_KiboPush  Dashboard/button_Connect New")): Object: 'Object Repository/Page_KiboPush  Dashboard/button_Connect New' is clicked on

2019-04-21 02:11:57 - [MESSAGE][PASSED] - Object: 'Object Repository/Page_KiboPush  Dashboard/button_Connect New' is clicked on

2019-04-21 02:11:57 - [TEST_STEP][PASSED] - scrollToPosition(0, 0): Browser is scrolled to position x = 0, y = 0

2019-04-21 02:11:57 - [MESSAGE][PASSED] - Browser is scrolled to position x = 0, y = 0

2019-04-21 02:11:57 - [TEST_STEP][PASSED] - click(findTestObject("Page_KiboPush  Add Pages/h3_Manage Pages (1)")): Object: 'Object Repository/Page_KiboPush  Add Pages/h3_Manage Pages (1)' is clicked on

2019-04-21 02:11:57 - [MESSAGE][PASSED] - Object: 'Object Repository/Page_KiboPush  Add Pages/h3_Manage Pages (1)' is clicked on

2019-04-21 02:11:57 - [TEST_STEP][PASSED] - delay(3): Delayed 3 second(s)

2019-04-21 02:12:00 - [MESSAGE][PASSED] - Delayed 3 second(s)

2019-04-21 02:12:00 - [TEST_STEP][PASSED] - click(findTestObject("Page_KiboPush  Add Pages/button_Connect")): Object: 'Object Repository/Page_KiboPush  Add Pages/button_Connect' is clicked on

2019-04-21 02:12:00 - [MESSAGE][PASSED] - Object: 'Object Repository/Page_KiboPush  Add Pages/button_Connect' is clicked on]]></system-out>
         <system-err><![CDATA[]]></system-err>
      </testcase>
      <testcase name="Test Cases/Manage Pages TestCases/TC0414" classname="Test Cases/Manage Pages TestCases/TC0414" status="PASSED">
         <system-out><![CDATA[2019-04-21 02:12:00 - [TEST_CASE][PASSED] - Test Cases/Manage Pages TestCases/TC0414: Test Cases/Manage Pages TestCases/TC0414

2019-04-21 02:12:00 - [TEST_STEP][PASSED] - callTestCase(findTestCase("s-sidebar_navigation/individualAccount/Pages"), [:], STOP_ON_FAILURE): Call Test Case 'Test Cases/s-sidebar_navigation/individualAccount/Pages' successfully

2019-04-21 02:12:00 - [TEST_CASE][PASSED] - Test Cases/s-sidebar_navigation/individualAccount/Pages: Test Cases/s-sidebar_navigation/individualAccount/Pages

2019-04-21 02:12:00 - [TEST_STEP][PASSED] - click(findTestObject("Object Repository/Page_KiboEngage  Welcome Message/span_Persistent Menu")): Object: 'Object Repository/Page_KiboEngage  Welcome Message/span_Persistent Menu' is clicked on

2019-04-21 02:12:01 - [MESSAGE][PASSED] - Object: 'Object Repository/Page_KiboEngage  Welcome Message/span_Persistent Menu' is clicked on

2019-04-21 02:12:01 - [TEST_STEP][PASSED] - delay(1): Delayed 1 second(s)

2019-04-21 02:12:02 - [MESSAGE][PASSED] - Delayed 1 second(s)

2019-04-21 02:12:02 - [TEST_STEP][PASSED] - click(findTestObject("Page_KiboPush  Dashboard/span_Pages")): Object: 'Object Repository/Page_KiboPush  Dashboard/span_Pages' is clicked on

2019-04-21 02:12:02 - [MESSAGE][PASSED] - Object: 'Object Repository/Page_KiboPush  Dashboard/span_Pages' is clicked on

2019-04-21 02:12:02 - [TEST_STEP][PASSED] - delay(1): Delayed 1 second(s)

2019-04-21 02:12:03 - [MESSAGE][PASSED] - Delayed 1 second(s)

2019-04-21 02:12:03 - [MESSAGE][PASSED] - Call Test Case 'Test Cases/s-sidebar_navigation/individualAccount/Pages' successfully

2019-04-21 02:12:03 - [TEST_STEP][PASSED] - delay(2): Delayed 2 second(s)

2019-04-21 02:12:05 - [MESSAGE][PASSED] - Delayed 2 second(s)

2019-04-21 02:12:05 - [TEST_STEP][PASSED] - scrollToPosition(0, 0): Browser is scrolled to position x = 0, y = 0

2019-04-21 02:12:05 - [MESSAGE][PASSED] - Browser is scrolled to position x = 0, y = 0

2019-04-21 02:12:05 - [TEST_STEP][PASSED] - click(findTestObject("Object Repository/Page_KiboPush  Dashboard/button_Connect New")): Object: 'Object Repository/Page_KiboPush  Dashboard/button_Connect New' is clicked on

2019-04-21 02:12:05 - [MESSAGE][PASSED] - Object: 'Object Repository/Page_KiboPush  Dashboard/button_Connect New' is clicked on

2019-04-21 02:12:05 - [TEST_STEP][PASSED] - scrollToPosition(0, 0): Browser is scrolled to position x = 0, y = 0

2019-04-21 02:12:05 - [MESSAGE][PASSED] - Browser is scrolled to position x = 0, y = 0

2019-04-21 02:12:05 - [TEST_STEP][PASSED] - click(findTestObject("Page_KiboPush  Add Pages/h3_Manage Pages (1)")): Object: 'Object Repository/Page_KiboPush  Add Pages/h3_Manage Pages (1)' is clicked on

2019-04-21 02:12:05 - [MESSAGE][PASSED] - Object: 'Object Repository/Page_KiboPush  Add Pages/h3_Manage Pages (1)' is clicked on

2019-04-21 02:12:05 - [TEST_STEP][PASSED] - click(findTestObject("Page_KiboPush  Add Pages/button_Connect")): Object: 'Object Repository/Page_KiboPush  Add Pages/button_Connect' is clicked on

2019-04-21 02:12:06 - [MESSAGE][PASSED] - Object: 'Object Repository/Page_KiboPush  Add Pages/button_Connect' is clicked on

2019-04-21 02:12:06 - [TEST_STEP][PASSED] - click(findTestObject("Page_KiboPush  Add Pages/button_Disconnect")): Object: 'Object Repository/Page_KiboPush  Add Pages/button_Disconnect' is clicked on

2019-04-21 02:12:06 - [MESSAGE][PASSED] - Object: 'Object Repository/Page_KiboPush  Add Pages/button_Disconnect' is clicked on]]></system-out>
         <system-err><![CDATA[]]></system-err>
      </testcase>
      <testcase name="Test Cases/Manage Pages TestCases/TC0415" classname="Test Cases/Manage Pages TestCases/TC0415" status="PASSED">
         <system-out><![CDATA[2019-04-21 02:12:06 - [TEST_CASE][PASSED] - Test Cases/Manage Pages TestCases/TC0415: Test Cases/Manage Pages TestCases/TC0415

2019-04-21 02:12:06 - [TEST_STEP][PASSED] - callTestCase(findTestCase("s-sidebar_navigation/individualAccount/Pages"), [:], STOP_ON_FAILURE): Call Test Case 'Test Cases/s-sidebar_navigation/individualAccount/Pages' successfully

2019-04-21 02:12:06 - [TEST_CASE][PASSED] - Test Cases/s-sidebar_navigation/individualAccount/Pages: Test Cases/s-sidebar_navigation/individualAccount/Pages

2019-04-21 02:12:06 - [TEST_STEP][PASSED] - click(findTestObject("Object Repository/Page_KiboEngage  Welcome Message/span_Persistent Menu")): Object: 'Object Repository/Page_KiboEngage  Welcome Message/span_Persistent Menu' is clicked on

2019-04-21 02:12:06 - [MESSAGE][PASSED] - Object: 'Object Repository/Page_KiboEngage  Welcome Message/span_Persistent Menu' is clicked on

2019-04-21 02:12:06 - [TEST_STEP][PASSED] - delay(1): Delayed 1 second(s)

2019-04-21 02:12:07 - [MESSAGE][PASSED] - Delayed 1 second(s)

2019-04-21 02:12:07 - [TEST_STEP][PASSED] - click(findTestObject("Page_KiboPush  Dashboard/span_Pages")): Object: 'Object Repository/Page_KiboPush  Dashboard/span_Pages' is clicked on

2019-04-21 02:12:07 - [MESSAGE][PASSED] - Object: 'Object Repository/Page_KiboPush  Dashboard/span_Pages' is clicked on

2019-04-21 02:12:07 - [TEST_STEP][PASSED] - delay(1): Delayed 1 second(s)

2019-04-21 02:12:08 - [MESSAGE][PASSED] - Delayed 1 second(s)

2019-04-21 02:12:08 - [MESSAGE][PASSED] - Call Test Case 'Test Cases/s-sidebar_navigation/individualAccount/Pages' successfully

2019-04-21 02:12:08 - [TEST_STEP][PASSED] - delay(2): Delayed 2 second(s)

2019-04-21 02:12:10 - [MESSAGE][PASSED] - Delayed 2 second(s)

2019-04-21 02:12:10 - [TEST_STEP][PASSED] - scrollToPosition(0, 0): Browser is scrolled to position x = 0, y = 0

2019-04-21 02:12:10 - [MESSAGE][PASSED] - Browser is scrolled to position x = 0, y = 0

2019-04-21 02:12:10 - [TEST_STEP][PASSED] - click(findTestObject("Object Repository/Page_KiboPush  Dashboard/button_Connect New")): Object: 'Object Repository/Page_KiboPush  Dashboard/button_Connect New' is clicked on

2019-04-21 02:12:11 - [MESSAGE][PASSED] - Object: 'Object Repository/Page_KiboPush  Dashboard/button_Connect New' is clicked on

2019-04-21 02:12:11 - [TEST_STEP][PASSED] - click(findTestObject("Page_KiboPush  Add Pages/button_Connect")): Object: 'Object Repository/Page_KiboPush  Add Pages/button_Connect' is clicked on

2019-04-21 02:12:11 - [MESSAGE][PASSED] - Object: 'Object Repository/Page_KiboPush  Add Pages/button_Connect' is clicked on

2019-04-21 02:12:11 - [TEST_STEP][PASSED] - click(findTestObject("Page_KiboPush  Add Pages/a_Done")): Object: 'Object Repository/Page_KiboPush  Add Pages/a_Done' is clicked on

2019-04-21 02:12:11 - [MESSAGE][PASSED] - Object: 'Object Repository/Page_KiboPush  Add Pages/a_Done' is clicked on

2019-04-21 02:12:11 - [TEST_STEP][PASSED] - scrollToPosition(0, 0): Browser is scrolled to position x = 0, y = 0

2019-04-21 02:12:11 - [MESSAGE][PASSED] - Browser is scrolled to position x = 0, y = 0

2019-04-21 02:12:11 - [TEST_STEP][PASSED] - click(findTestObject("Page_KiboPush  Add Pages/h3_Manage Pages")): Object: 'Object Repository/Page_KiboPush  Add Pages/h3_Manage Pages' is clicked on

2019-04-21 02:12:12 - [MESSAGE][PASSED] - Object: 'Object Repository/Page_KiboPush  Add Pages/h3_Manage Pages' is clicked on]]></system-out>
         <system-err><![CDATA[]]></system-err>
      </testcase>
      <system-out><![CDATA[2019-04-21 02:09:54 - [TEST_SUITE][FAILED] - ManagePages: Test Cases/Manage Pages TestCases/TC0405 FAILED.
Reason:
com.kms.katalon.core.exception.StepFailedException: Actual number '0' is NOT greater than or equal to expected number '1'
	at com.kms.katalon.core.keyword.builtin.VerifyGreaterThanOrEqualKeyword$_verifyGreaterThanOrEqual_closure1.doCall(VerifyGreaterThanOrEqualKeyword.groovy:54)
	at com.kms.katalon.core.keyword.builtin.VerifyGreaterThanOrEqualKeyword$_verifyGreaterThanOrEqual_closure1.call(VerifyGreaterThanOrEqualKeyword.groovy)
	at com.kms.katalon.core.keyword.internal.KeywordMain.runKeyword(KeywordMain.groovy:66)
	at com.kms.katalon.core.keyword.builtin.VerifyGreaterThanOrEqualKeyword.verifyGreaterThanOrEqual(VerifyGreaterThanOrEqualKeyword.groovy:57)
	at com.kms.katalon.core.keyword.builtin.VerifyGreaterThanOrEqualKeyword.execute(VerifyGreaterThanOrEqualKeyword.groovy:44)
	at com.kms.katalon.core.keyword.internal.KeywordExecutor.executeKeywordForPlatform(KeywordExecutor.groovy:56)
	at com.kms.katalon.core.keyword.BuiltinKeywords.verifyGreaterThanOrEqual(BuiltinKeywords.groovy:230)
	at TC0405.run(TC0405:38)
	at com.kms.katalon.core.main.ScriptEngine.run(ScriptEngine.java:194)
	at com.kms.katalon.core.main.ScriptEngine.runScriptAsRawText(ScriptEngine.java:119)
	at com.kms.katalon.core.main.TestCaseExecutor.runScript(TestCaseExecutor.java:336)
	at com.kms.katalon.core.main.TestCaseExecutor.doExecute(TestCaseExecutor.java:327)
	at com.kms.katalon.core.main.TestCaseExecutor.processExecutionPhase(TestCaseExecutor.java:306)
	at com.kms.katalon.core.main.TestCaseExecutor.accessMainPhase(TestCaseExecutor.java:298)
	at com.kms.katalon.core.main.TestCaseExecutor.execute(TestCaseExecutor.java:232)
	at com.kms.katalon.core.main.TestSuiteExecutor.accessTestCaseMainPhase(TestSuiteExecutor.java:129)
	at com.kms.katalon.core.main.TestSuiteExecutor.accessTestSuiteMainPhase(TestSuiteExecutor.java:112)
	at com.kms.katalon.core.main.TestSuiteExecutor.execute(TestSuiteExecutor.java:81)
	at com.kms.katalon.core.main.TestCaseMain.startTestSuite(TestCaseMain.java:157)
	at com.kms.katalon.core.main.TestCaseMain$startTestSuite$0.call(Unknown Source)
	at TempTestSuite1555794587004.run(TempTestSuite1555794587004.groovy:35)]]></system-out>
      <system-err><![CDATA[2019-04-21 02:09:54 - [TEST_SUITE][FAILED] - ManagePages: Test Cases/Manage Pages TestCases/TC0405 FAILED.
Reason:
com.kms.katalon.core.exception.StepFailedException: Actual number '0' is NOT greater than or equal to expected number '1'
	at com.kms.katalon.core.keyword.builtin.VerifyGreaterThanOrEqualKeyword$_verifyGreaterThanOrEqual_closure1.doCall(VerifyGreaterThanOrEqualKeyword.groovy:54)
	at com.kms.katalon.core.keyword.builtin.VerifyGreaterThanOrEqualKeyword$_verifyGreaterThanOrEqual_closure1.call(VerifyGreaterThanOrEqualKeyword.groovy)
	at com.kms.katalon.core.keyword.internal.KeywordMain.runKeyword(KeywordMain.groovy:66)
	at com.kms.katalon.core.keyword.builtin.VerifyGreaterThanOrEqualKeyword.verifyGreaterThanOrEqual(VerifyGreaterThanOrEqualKeyword.groovy:57)
	at com.kms.katalon.core.keyword.builtin.VerifyGreaterThanOrEqualKeyword.execute(VerifyGreaterThanOrEqualKeyword.groovy:44)
	at com.kms.katalon.core.keyword.internal.KeywordExecutor.executeKeywordForPlatform(KeywordExecutor.groovy:56)
	at com.kms.katalon.core.keyword.BuiltinKeywords.verifyGreaterThanOrEqual(BuiltinKeywords.groovy:230)
	at TC0405.run(TC0405:38)
	at com.kms.katalon.core.main.ScriptEngine.run(ScriptEngine.java:194)
	at com.kms.katalon.core.main.ScriptEngine.runScriptAsRawText(ScriptEngine.java:119)
	at com.kms.katalon.core.main.TestCaseExecutor.runScript(TestCaseExecutor.java:336)
	at com.kms.katalon.core.main.TestCaseExecutor.doExecute(TestCaseExecutor.java:327)
	at com.kms.katalon.core.main.TestCaseExecutor.processExecutionPhase(TestCaseExecutor.java:306)
	at com.kms.katalon.core.main.TestCaseExecutor.accessMainPhase(TestCaseExecutor.java:298)
	at com.kms.katalon.core.main.TestCaseExecutor.execute(TestCaseExecutor.java:232)
	at com.kms.katalon.core.main.TestSuiteExecutor.accessTestCaseMainPhase(TestSuiteExecutor.java:129)
	at com.kms.katalon.core.main.TestSuiteExecutor.accessTestSuiteMainPhase(TestSuiteExecutor.java:112)
	at com.kms.katalon.core.main.TestSuiteExecutor.execute(TestSuiteExecutor.java:81)
	at com.kms.katalon.core.main.TestCaseMain.startTestSuite(TestCaseMain.java:157)
	at com.kms.katalon.core.main.TestCaseMain$startTestSuite$0.call(Unknown Source)
	at TempTestSuite1555794587004.run(TempTestSuite1555794587004.groovy:35)]]></system-err>
   </testsuite>
</testsuites>
